#
# A fatal error has been detected by the Java Runtime Environment:
#
#  EXCEPTION_ACCESS_VIOLATION (0xc0000005) at pc=0x00007ff85225c506, pid=21200, tid=19804
#
# JRE version: OpenJDK Runtime Environment Temurin-21.0.7+6 (21.0.7+6) (build 21.0.7+6-LTS)
# Java VM: OpenJDK 64-Bit Server VM Temurin-21.0.7+6 (21.0.7+6-LTS, mixed mode, emulated-client, sharing, tiered, compressed oops, compressed class ptrs, g1 gc, windows-amd64)
# Problematic frame:
# V  [jvm.dll+0xc506]
#
# No core dump will be written. Minidumps are not enabled by default on client versions of Windows
#
# If you would like to submit a bug report, please visit:
#   https://github.com/adoptium/adoptium-support/issues
#

---------------  S U M M A R Y ------------

Command Line: -XX:+ShowCodeDetailsInExceptionMessages -agentlib:jdwp=transport=dt_socket,suspend=y,address=localhost:8446 -Dcom.sun.management.jmxremote -Dcom.sun.management.jmxremote.port=8445 -Dcom.sun.management.jmxremote.authenticate=false -Dcom.sun.management.jmxremote.ssl=false -Djava.rmi.server.hostname=localhost -Dspring.jmx.enabled=true -Dmanagement.endpoints.jmx.exposure.include=* -Dspring.application.admin.enabled=true -Dspring.output.ansi.enabled=always -XX:TieredStopAtLevel=1 -Dspring.boot.project.name=E-Commerce -javaagent:D:\Sateesha\eclipse\configuration\org.eclipse.osgi\442\0\.cp\lib\javaagent-shaded.jar -Dfile.encoding=UTF-8 -Dstdout.encoding=UTF-8 -Dstderr.encoding=UTF-8 com.ecommerce.ECommerceApplication

Host: 11th Gen Intel(R) Core(TM) i5-1135G7 @ 2.40GHz, 8 cores, 7G,  Windows 11 , 64 bit Build 26100 (10.0.26100.4484)
Time: Fri Aug  1 17:43:03 2025 India Standard Time elapsed time: 4201.848018 seconds (0d 1h 10m 1s)

---------------  T H R E A D  ---------------

Current thread (0x0000024ed829ed00):  WorkerThread "GC Thread#0"    [id=19804, stack(0x000000f344c00000,0x000000f344d00000) (1024K)]

Stack: [0x000000f344c00000,0x000000f344d00000],  sp=0x000000f344cfde78,  free space=1015k
Native frames: (J=compiled Java code, j=interpreted, Vv=VM code, C=native code)
V  [jvm.dll+0xc506]

JavaThread 0x0000024ee8fe72a0 (nid = 27976) was being processed
Java frames: (J=compiled Java code, j=interpreted, Vv=VM code)
j  java.lang.invoke.DirectMethodHandle$Holder.newInvokeSpecial(Ljava/lang/Object;)Ljava/lang/Object;+15 java.base@21.0.7
J 886 c1 jdk.internal.reflect.DirectConstructorHandleAccessor.newInstance([Ljava/lang/Object;)Ljava/lang/Object; java.base@21.0.7 (130 bytes) @ 0x0000024edbf9acb4 [0x0000024edbf9aae0+0x00000000000001d4]
J 885 c1 java.lang.reflect.Constructor.newInstanceWithCaller([Ljava/lang/Object;ZLjava/lang/Class;)Ljava/lang/Object; java.base@21.0.7 (51 bytes) @ 0x0000024edbf0cc3c [0x0000024edbf0cb60+0x00000000000000dc]
J 3531 c1 org.springframework.beans.BeanUtils.instantiateClass(Ljava/lang/reflect/Constructor;[Ljava/lang/Object;)Ljava/lang/Object; (208 bytes) @ 0x0000024edc4c81ec [0x0000024edc4c7c80+0x000000000000056c]
J 8067 c1 org.springframework.beans.factory.support.SimpleInstantiationStrategy.instantiate(Lorg/springframework/beans/factory/support/RootBeanDefinition;Ljava/lang/String;Lorg/springframework/beans/factory/BeanFactory;)Ljava/lang/Object; (123 bytes) @ 0x0000024edc95f544 [0x0000024edc95f0a0+0x00000000000004a4]
J 8066 c1 org.springframework.beans.factory.support.AbstractAutowireCapableBeanFactory.instantiateBean(Ljava/lang/String;Lorg/springframework/beans/factory/support/RootBeanDefinition;)Lorg/springframework/beans/BeanWrapper; (51 bytes) @ 0x0000024edc9608ec [0x0000024edc960840+0x00000000000000ac]
J 6064 c1 org.springframework.beans.factory.support.AbstractAutowireCapableBeanFactory.createBeanInstance(Ljava/lang/String;Lorg/springframework/beans/factory/support/RootBeanDefinition;[Ljava/lang/Object;)Lorg/springframework/beans/BeanWrapper; (245 bytes) @ 0x0000024edc90634c [0x0000024edc905d40+0x000000000000060c]
J 6063 c1 org.springframework.beans.factory.support.AbstractAutowireCapableBeanFactory.doCreateBean(Ljava/lang/String;Lorg/springframework/beans/factory/support/RootBeanDefinition;[Ljava/lang/Object;)Ljava/lang/Object; (465 bytes) @ 0x0000024edc9084a4 [0x0000024edc908300+0x00000000000001a4]
J 6062 c1 org.springframework.beans.factory.support.AbstractAutowireCapableBeanFactory.createBean(Ljava/lang/String;Lorg/springframework/beans/factory/support/RootBeanDefinition;[Ljava/lang/Object;)Ljava/lang/Object; (214 bytes) @ 0x0000024edc90410c [0x0000024edc903c40+0x00000000000004cc]
J 7431 c1 org.springframework.beans.factory.support.AbstractBeanFactory$$Lambda+0x0000024e8128b130.getObject()Ljava/lang/Object; (20 bytes) @ 0x0000024edca1aaac [0x0000024edca1aa20+0x000000000000008c]
J 6061 c1 org.springframework.beans.factory.support.DefaultSingletonBeanRegistry.getSingleton(Ljava/lang/String;Lorg/springframework/beans/factory/ObjectFactory;)Ljava/lang/Object; (1299 bytes) @ 0x0000024edc91152c [0x0000024edc910380+0x00000000000011ac]
J 3246 c1 org.springframework.beans.factory.support.AbstractBeanFactory.doGetBean(Ljava/lang/String;Ljava/lang/Class;[Ljava/lang/Object;Z)Ljava/lang/Object; (787 bytes) @ 0x0000024edc447bf4 [0x0000024edc4475a0+0x0000000000000654]
J 7438 c1 org.springframework.beans.factory.support.DefaultListableBeanFactory.doResolveDependency(Lorg/springframework/beans/factory/config/DependencyDescriptor;Ljava/lang/String;Ljava/util/Set;Lorg/springframework/beans/TypeConverter;)Ljava/lang/Object; (703 bytes) @ 0x0000024edca21384 [0x0000024edca1f860+0x0000000000001b24]
J 7422 c1 org.springframework.beans.factory.support.DefaultListableBeanFactory.resolveDependency(Lorg/springframework/beans/factory/config/DependencyDescriptor;Ljava/lang/String;Ljava/util/Set;Lorg/springframework/beans/TypeConverter;)Ljava/lang/Object; (121 bytes) @ 0x0000024edca16ec4 [0x0000024edca16d00+0x00000000000001c4]
j  org.springframework.beans.factory.annotation.AutowiredAnnotationBeanPostProcessor$AutowiredFieldElement.resolveFieldValue(Ljava/lang/reflect/Field;Ljava/lang/Object;Ljava/lang/String;)Ljava/lang/Object;+81
j  org.springframework.beans.factory.annotation.AutowiredAnnotationBeanPostProcessor$AutowiredFieldElement.inject(Ljava/lang/Object;Ljava/lang/String;Lorg/springframework/beans/PropertyValues;)V+74
J 5773 c1 org.springframework.beans.factory.annotation.InjectionMetadata.inject(Ljava/lang/Object;Ljava/lang/String;Lorg/springframework/beans/PropertyValues;)V (75 bytes) @ 0x0000024edc88183c [0x0000024edc881700+0x000000000000013c]
J 6857 c1 org.springframework.beans.factory.annotation.AutowiredAnnotationBeanPostProcessor.postProcessProperties(Lorg/springframework/beans/PropertyValues;Ljava/lang/Object;Ljava/lang/String;)Lorg/springframework/beans/PropertyValues; (46 bytes) @ 0x0000024edc22fe14 [0x0000024edc22fd60+0x00000000000000b4]
J 5977 c1 org.springframework.beans.factory.support.AbstractAutowireCapableBeanFactory.populateBean(Ljava/lang/String;Lorg/springframework/beans/factory/support/RootBeanDefinition;Lorg/springframework/beans/BeanWrapper;)V (355 bytes) @ 0x0000024edc8e2a1c [0x0000024edc8e1f00+0x0000000000000b1c]
J 6063 c1 org.springframework.beans.factory.support.AbstractAutowireCapableBeanFactory.doCreateBean(Ljava/lang/String;Lorg/springframework/beans/factory/support/RootBeanDefinition;[Ljava/lang/Object;)Ljava/lang/Object; (465 bytes) @ 0x0000024edc9088f4 [0x0000024edc908300+0x00000000000005f4]
J 6062 c1 org.springframework.beans.factory.support.AbstractAutowireCapableBeanFactory.createBean(Ljava/lang/String;Lorg/springframework/beans/factory/support/RootBeanDefinition;[Ljava/lang/Object;)Ljava/lang/Object; (214 bytes) @ 0x0000024edc90410c [0x0000024edc903c40+0x00000000000004cc]
J 7431 c1 org.springframework.beans.factory.support.AbstractBeanFactory$$Lambda+0x0000024e8128b130.getObject()Ljava/lang/Object; (20 bytes) @ 0x0000024edca1aaac [0x0000024edca1aa20+0x000000000000008c]
J 6061 c1 org.springframework.beans.factory.support.DefaultSingletonBeanRegistry.getSingleton(Ljava/lang/String;Lorg/springframework/beans/factory/ObjectFactory;)Ljava/lang/Object; (1299 bytes) @ 0x0000024edc91152c [0x0000024edc910380+0x00000000000011ac]
J 3246 c1 org.springframework.beans.factory.support.AbstractBeanFactory.doGetBean(Ljava/lang/String;Ljava/lang/Class;[Ljava/lang/Object;Z)Ljava/lang/Object; (787 bytes) @ 0x0000024edc447bf4 [0x0000024edc4475a0+0x0000000000000654]
J 6085 c1 org.springframework.beans.factory.support.DefaultListableBeanFactory.instantiateSingleton(Ljava/lang/String;)V (56 bytes) @ 0x0000024edc91d2f4 [0x0000024edc91cea0+0x0000000000000454]
J 6058 c1 org.springframework.beans.factory.support.DefaultListableBeanFactory.preInstantiateSingleton(Ljava/lang/String;Lorg/springframework/beans/factory/support/RootBeanDefinition;)Ljava/util/concurrent/CompletableFuture; (165 bytes) @ 0x0000024edc90311c [0x0000024edc902e80+0x000000000000029c]
j  org.springframework.beans.factory.support.DefaultListableBeanFactory.preInstantiateSingletons()V+123
j  org.springframework.context.support.AbstractApplicationContext.finishBeanFactoryInitialization(Lorg/springframework/beans/factory/config/ConfigurableListableBeanFactory;)V+284
j  org.springframework.context.support.AbstractApplicationContext.refresh()V+94
j  org.springframework.boot.web.servlet.context.ServletWebServerApplicationContext.refresh()V+1
j  org.springframework.boot.SpringApplication.refresh(Lorg/springframework/context/ConfigurableApplicationContext;)V+1
j  org.springframework.boot.SpringApplication.refreshContext(Lorg/springframework/context/ConfigurableApplicationContext;)V+19
j  org.springframework.boot.SpringApplication.run([Ljava/lang/String;)Lorg/springframework/context/ConfigurableApplicationContext;+113
j  org.springframework.boot.SpringApplication.run([Ljava/lang/Class;[Ljava/lang/String;)Lorg/springframework/context/ConfigurableApplicationContext;+9
j  org.springframework.boot.SpringApplication.run(Ljava/lang/Class;[Ljava/lang/String;)Lorg/springframework/context/ConfigurableApplicationContext;+9
j  com.ecommerce.ECommerceApplication.main([Ljava/lang/String;)V+3
j  java.lang.invoke.LambdaForm$DMH+0x0000024e81004c00.invokeStatic(Ljava/lang/Object;Ljava/lang/Object;)V+10 java.base@21.0.7
j  java.lang.invoke.LambdaForm$MH+0x0000024e819d0800.invoke(Ljava/lang/Object;Ljava/lang/Object;Ljava/lang/Object;)Ljava/lang/Object;+33 java.base@21.0.7
J 3870 c1 jdk.internal.reflect.DirectMethodHandleAccessor.invoke(Ljava/lang/Object;[Ljava/lang/Object;)Ljava/lang/Object; java.base@21.0.7 (92 bytes) @ 0x0000024edc55c434 [0x0000024edc55c120+0x0000000000000314]
J 3874 c1 java.lang.reflect.Method.invoke(Ljava/lang/Object;[Ljava/lang/Object;)Ljava/lang/Object; java.base@21.0.7 (108 bytes) @ 0x0000024edc55ab74 [0x0000024edc55a980+0x00000000000001f4]
j  org.springframework.boot.devtools.restart.RestartLauncher.run()V+47
v  ~StubRoutines::call_stub 0x0000024edbbe10e7

siginfo: EXCEPTION_ACCESS_VIOLATION (0xc0000005), reading address 0x0000024f0072b5ef


Registers:
RAX=0x0000000000000000, RBX=0x0000000000006e2e, RCX=0x000000f3449fc590, RDX=0x000000f3449fc590
RSP=0x000000f344cfde78, RBP=0x000000f344cfe050, RSI=0x000000f344cfe220, RDI=0x000000f3449fc590
R8 =0x0000024f0072b5e7, R9 =0x000000f3449fc590, R10=0x0000024edbbe0000, R11=0x000000f344cfe0c8
R12=0x0000024e805427e8, R13=0x000000f3449fc590, R14=0x0000024ee981cab0, R15=0x0000024f0072b5e7
RIP=0x00007ff85225c506, EFLAGS=0x0000000000010206

XMM[0]=0x3b3b3b3b3b3b3b3b 0x3b3b3b3b3b3b3b3b
XMM[1]=0x0000000000000000 0x00000000000000ff
XMM[2]=0x0000000000000000 0x0000000000000000
XMM[3]=0x0000000000000000 0x40b069cbc4ced18a
XMM[4]=0x0000000000000000 0x0000000000000000
XMM[5]=0x0000000084d3cf30 0x0000000000000000
XMM[6]=0x0000000000000000 0x0000000000000000
XMM[7]=0x0000000000000000 0x0000000000000000
XMM[8]=0x0000000000000000 0x0000000000000000
XMM[9]=0x0000000000000000 0x0000000000000000
XMM[10]=0x0000000000000000 0x0000000000000000
XMM[11]=0x0000000000000000 0x0000000000000000
XMM[12]=0x0000000000000000 0x0000000000000000
XMM[13]=0x0000000000000000 0x0000000000000000
XMM[14]=0x0000000000000000 0x0000000000000000
XMM[15]=0x0000000000000000 0x0000000000000000
  MXCSR=0x00001fa0


Register to memory mapping:

RAX=0x0 is null
RBX=0x0000000000006e2e is an unknown value
RCX=0x000000f3449fc590 is pointing into the stack for thread: 0x0000024ee8fe72a0
RDX=0x000000f3449fc590 is pointing into the stack for thread: 0x0000024ee8fe72a0
RSP=0x000000f344cfde78 points into unknown readable memory: 0x00007ff8525a7f3b | 3b 7f 5a 52 f8 7f 00 00
RBP=0x000000f344cfe050 points into unknown readable memory: 0x000000f300000000 | 00 00 00 00 f3 00 00 00
RSI=0x000000f344cfe220 points into unknown readable memory: 0x000000f3449fc588 | 88 c5 9f 44 f3 00 00 00
RDI=0x000000f3449fc590 is pointing into the stack for thread: 0x0000024ee8fe72a0
R8 =0x0000024f0072b5e7 is an unknown value
R9 =0x000000f3449fc590 is pointing into the stack for thread: 0x0000024ee8fe72a0
R10=0x0000024edbbe0000 points into unknown readable memory: 0x0000000000000006 | 06 00 00 00 00 00 00 00
R11=0x000000f344cfe0c8 points into unknown readable memory: 0x00007ff8525647cd | cd 47 56 52 f8 7f 00 00
R12=0x0000024e805427e8 is pointing into metadata
R13=0x000000f3449fc590 is pointing into the stack for thread: 0x0000024ee8fe72a0
R14=0x0000024ee981cab0 points into unknown readable memory: 0x00007ff852c7bca8 | a8 bc c7 52 f8 7f 00 00
R15=0x0000024f0072b5e7 is an unknown value

Top of Stack: (sp=0x000000f344cfde78)
0x000000f344cfde78:   00007ff8525a7f3b 0000000000000000
0x000000f344cfde88:   0000000000000004 0000024ee981b430
0x000000f344cfde98:   0000000000000008 000000f344cfdfc0
0x000000f344cfdea8:   000000f344cfe040 0000024ed82591e8
0x000000f344cfdeb8:   00007ff8529e7411 000000000000012f
0x000000f344cfdec8:   00007ff85290c362 0000024eeb3843b8
0x000000f344cfded8:   0000000000000000 0000024ed8259380
0x000000f344cfdee8:   0000024ed8258e00 0000024e805427e8
0x000000f344cfdef8:   000000f3449fc590 000000f344cfe220
0x000000f344cfdf08:   000000f344cfe050 0000024eeb3843b8
0x000000f344cfdf18:   00007ff8525b6504 000000f344cfdfe0
0x000000f344cfdf28:   000000f344cfe220 0000024e80480090
0x000000f344cfdf38:   0000000000000000 0000024eeb3843b8
0x000000f344cfdf48:   00007ff852564d7b 0000000000000001
0x000000f344cfdf58:   0000024e800b5bd0 0000024eeb3843b8
0x000000f344cfdf68:   000000f344cfe220 0000000fdc290801
0x000000f344cfdf78:   0000024e800b5bd0 0000024ed829ed00
0x000000f344cfdf88:   0000024e00000003 00000000000003d8
0x000000f344cfdf98:   0000024ed8258e10 0000024ed82591e8
0x000000f344cfdfa8:   0000024e8072b5e7 0000024e000000b8
0x000000f344cfdfb8:   0000024e800b5bd0 00007ff852c73210
0x000000f344cfdfc8:   000000f344cfe220 0000024eeb3843b8
0x000000f344cfdfd8:   0000000400000003 0000024e805427e8
0x000000f344cfdfe8:   0000001300000001 0000000000000032
0x000000f344cfdff8:   000000010000000c 0000024e80480090
0x000000f344cfe008:   0000000000000000 0000024ee9b7f7a4
0x000000f344cfe018:   0000024e00000006 0000000500000003
0x000000f344cfe028:   0000ffff09784e00 00007ff852aab100
0x000000f344cfe038:   000000f3452ff0d8 0000024e80017358
0x000000f344cfe048:   0000000600000013 000000f300000000
0x000000f344cfe058:   0000000000000015 0000024eeb3843b8
0x000000f344cfe068:   00007ff8525b655e 0000000000000000 

Instructions: (pc=0x00007ff85225c506)
0x00007ff85225c406:   48 8b 05 e3 f5 cc 00 48 8b 48 60 48 8b 04 d1 48
0x00007ff85225c416:   85 c0 75 08 48 8b 05 d7 f5 cc 00 c3 48 8b 05 c7
0x00007ff85225c426:   f5 cc 00 c3 cc cc cc cc cc cc 8b 05 82 cb c1 00
0x00007ff85225c436:   c3 cc cc cc cc cc cc cc cc cc 0f b6 05 db e1 c1
0x00007ff85225c446:   00 48 8b d1 84 c0 74 16 44 8b 41 08 8b 0d 60 cb
0x00007ff85225c456:   c1 00 49 d3 e0 4c 03 05 4e cb c1 00 eb 04 4c 8b
0x00007ff85225c466:   41 08 45 8b 48 08 45 85 c9 7e 0e 41 f6 c1 01 75
0x00007ff85225c476:   53 41 c1 f9 03 49 63 c1 c3 79 49 84 c0 41 b8 0c
0x00007ff85225c486:   00 00 00 8b 05 99 dc c1 00 b9 10 00 00 00 41 0f
0x00007ff85225c496:   45 c8 ff c8 4c 63 c0 41 8b c1 48 c1 f8 10 0f b6
0x00007ff85225c4a6:   c0 48 63 14 11 41 8b c9 83 e1 3f 48 d3 e2 49 8d
0x00007ff85225c4b6:   0c 10 49 f7 d0 48 03 c1 49 c1 e8 03 48 c1 e8 03
0x00007ff85225c4c6:   49 23 c0 c3 49 8b 00 49 8b c8 48 ff a0 00 01 00
0x00007ff85225c4d6:   00 cc cc cc cc cc cc cc cc cc 8b 44 24 30 45 03
0x00007ff85225c4e6:   c9 44 2b 4c 24 28 83 c0 0b 44 03 ca 45 03 c8 41
0x00007ff85225c4f6:   03 c1 c3 cc cc cc cc cc cc cc 4c 8b c2 48 8b d1
0x00007ff85225c506:   45 8b 48 08 45 85 c9 7e 0e 41 f6 c1 01 75 56 41
0x00007ff85225c516:   c1 f9 03 49 63 c1 c3 79 4c 80 3d fc e0 c1 00 00
0x00007ff85225c526:   b8 0c 00 00 00 b9 10 00 00 00 0f 45 c8 8b 05 ef
0x00007ff85225c536:   db c1 00 ff c8 4c 63 c0 41 8b c1 48 c1 f8 10 48
0x00007ff85225c546:   63 14 11 41 8b c9 83 e1 3f 0f b6 c0 48 d3 e2 49
0x00007ff85225c556:   8d 0c 10 49 f7 d0 48 03 c1 49 c1 e8 03 48 c1 e8
0x00007ff85225c566:   03 49 23 c0 c3 49 8b 00 49 8b c8 48 ff a0 00 01
0x00007ff85225c576:   00 00 cc cc cc cc cc cc cc cc 48 8b 41 08 0f b7
0x00007ff85225c586:   48 2c 0f b7 40 2a 83 c0 48 03 c1 c3 cc cc cc cc
0x00007ff85225c596:   cc cc cc cc cc cc cc cc cc cc 48 89 5c 24 08 57
0x00007ff85225c5a6:   48 83 ec 20 0f b6 05 8f dd cc 00 48 8b fa 48 8b
0x00007ff85225c5b6:   d9 84 c0 74 4f 48 85 15 26 d5 cc 00 74 38 48 8b
0x00007ff85225c5c6:   ca e8 54 d5 8c 00 48 8b d0 48 85 db 74 25 48 85
0x00007ff85225c5d6:   c0 74 20 48 8b c7 f0 48 0f b1 13 74 16 48 85 05
0x00007ff85225c5e6:   fe d4 cc 00 74 0d 48 8b c8 f0 48 0f b1 13 48 3b
0x00007ff85225c5f6:   c1 75 ea 48 8b fa 48 8b c7 48 8b 5c 24 30 48 83 


Stack slot to memory mapping:

stack at sp + 0 slots: 0x00007ff8525a7f3b jvm.dll
stack at sp + 1 slots: 0x0 is null
stack at sp + 2 slots: 0x0000000000000004 is an unknown value
stack at sp + 3 slots: 0x0000024ee981b430 points into unknown readable memory: 0x00007ff852c7bca8 | a8 bc c7 52 f8 7f 00 00
stack at sp + 4 slots: 0x0000000000000008 is an unknown value
stack at sp + 5 slots: 0x000000f344cfdfc0 points into unknown readable memory: 0x00007ff852c73210 | 10 32 c7 52 f8 7f 00 00
stack at sp + 6 slots: 0x000000f344cfe040 points into unknown readable memory: 0x0000024e80017358 | 58 73 01 80 4e 02 00 00
stack at sp + 7 slots: 0x0000024ed82591e8 points into unknown readable memory: 0x1006819d8d1cd1f2 | f2 d1 1c 8d 9d 81 06 10


---------------  P R O C E S S  ---------------

Threads class SMR info:
_java_thread_list=0x0000024eeb38d310, length=27, elements={
0x0000024ee381b950, 0x0000024ee381ef20, 0x0000024ee3821ae0, 0x0000024ee38228e0,
0x0000024ee3823ea0, 0x0000024ee3825590, 0x0000024ee80210a0, 0x0000024ee8105020,
0x0000024ee818f140, 0x0000024ee81939f0, 0x0000024ee8194070, 0x0000024ee88c4cc0,
0x0000024ee8a54120, 0x0000024ee8a62a50, 0x0000024ee8a9cd50, 0x0000024ee8df9b70,
0x0000024ee8df8f40, 0x0000024ee8e0eda0, 0x0000024ee8fe7fc0, 0x0000024eeaba80b0,
0x0000024eeabadc90, 0x0000024ee8fea090, 0x0000024ee8fe72a0, 0x0000024ee8fe9a00,
0x0000024ee8fe7930, 0x0000024ee8fe8650, 0x0000024ee8fe9370
}

Java Threads: ( => current thread )
  0x0000024ee381b950 JavaThread "Reference Handler"          daemon [_thread_blocked, id=30988, stack(0x000000f345300000,0x000000f345400000) (1024K)]
  0x0000024ee381ef20 JavaThread "Finalizer"                  daemon [_thread_blocked, id=12128, stack(0x000000f345400000,0x000000f345500000) (1024K)]
  0x0000024ee3821ae0 JavaThread "Signal Dispatcher"          daemon [_thread_blocked, id=22404, stack(0x000000f345500000,0x000000f345600000) (1024K)]
  0x0000024ee38228e0 JavaThread "Attach Listener"            daemon [_thread_blocked, id=30920, stack(0x000000f345600000,0x000000f345700000) (1024K)]
  0x0000024ee3823ea0 JavaThread "Service Thread"             daemon [_thread_blocked, id=19176, stack(0x000000f345700000,0x000000f345800000) (1024K)]
  0x0000024ee3825590 JavaThread "Monitor Deflation Thread"   daemon [_thread_blocked, id=22940, stack(0x000000f345800000,0x000000f345900000) (1024K)]
  0x0000024ee80210a0 JavaThread "C1 CompilerThread0"         daemon [_thread_blocked, id=12856, stack(0x000000f345900000,0x000000f345a00000) (1024K)]
  0x0000024ee8105020 JavaThread "Common-Cleaner"             daemon [_thread_blocked, id=12460, stack(0x000000f345a00000,0x000000f345b00000) (1024K)]
  0x0000024ee818f140 JavaThread "JDWP Transport Listener: dt_socket" daemon [_thread_blocked, id=9848, stack(0x000000f345c00000,0x000000f345d00000) (1024K)]
  0x0000024ee81939f0 JavaThread "JDWP Event Helper Thread"   daemon [_thread_blocked, id=32560, stack(0x000000f345d00000,0x000000f345e00000) (1024K)]
  0x0000024ee8194070 JavaThread "JDWP Command Reader"        daemon [_thread_in_native, id=31308, stack(0x000000f345e00000,0x000000f345f00000) (1024K)]
  0x0000024ee88c4cc0 JavaThread "Notification Thread"        daemon [_thread_blocked, id=10832, stack(0x000000f345f00000,0x000000f346000000) (1024K)]
  0x0000024ee8a54120 JavaThread "RMI TCP Accept-0"           daemon [_thread_in_native, id=6796, stack(0x000000f346100000,0x000000f346200000) (1024K)]
  0x0000024ee8a62a50 JavaThread "RMI TCP Accept-8445"        daemon [_thread_in_native, id=21944, stack(0x000000f346200000,0x000000f346300000) (1024K)]
  0x0000024ee8a9cd50 JavaThread "RMI TCP Accept-0"           daemon [_thread_in_native, id=1336, stack(0x000000f346300000,0x000000f346400000) (1024K)]
  0x0000024ee8df9b70 JavaThread "RMI Scheduler(0)"           daemon [_thread_blocked, id=11436, stack(0x000000f346c00000,0x000000f346d00000) (1024K)]
  0x0000024ee8df8f40 JavaThread "RMI TCP Connection(73)-127.0.0.1" daemon [_thread_blocked, id=16656, stack(0x000000f346d00000,0x000000f346e00000) (1024K)]
  0x0000024ee8e0eda0 JavaThread "JMX server connection timeout 38" daemon [_thread_blocked, id=24000, stack(0x000000f346e00000,0x000000f346f00000) (1024K)]
  0x0000024ee8fe7fc0 JavaThread "mysql-cj-abandoned-connection-cleanup" daemon [_thread_blocked, id=5140, stack(0x000000f347600000,0x000000f347700000) (1024K)]
  0x0000024eeaba80b0 JavaThread "Live Reload Server"         daemon [_thread_in_native, id=6868, stack(0x000000f347c00000,0x000000f347d00000) (1024K)]
  0x0000024eeabadc90 JavaThread "DestroyJavaVM"                     [_thread_blocked, id=19480, stack(0x000000f344b00000,0x000000f344c00000) (1024K)]
  0x0000024ee8fea090 JavaThread "Thread-23"                         [_thread_blocked, id=25376, stack(0x000000f344800000,0x000000f344900000) (1024K)]
  0x0000024ee8fe72a0 JavaThread "restartedMain"                     [_thread_blocked, id=27976, stack(0x000000f344900000,0x000000f344a00000) (1024K)]
  0x0000024ee8fe9a00 JavaThread "Catalina-utility-1"                [_thread_blocked, id=23908, stack(0x000000f345b00000,0x000000f345c00000) (1024K)]
  0x0000024ee8fe7930 JavaThread "Catalina-utility-2"                [_thread_blocked, id=2420, stack(0x000000f346000000,0x000000f346100000) (1024K)]
  0x0000024ee8fe8650 JavaThread "container-0"                       [_thread_blocked, id=23904, stack(0x000000f346b00000,0x000000f346c00000) (1024K)]
  0x0000024ee8fe9370 JavaThread "HikariPool-7:housekeeper"   daemon [_thread_blocked, id=12276, stack(0x000000f346f00000,0x000000f347000000) (1024K)]
Total: 27

Other Threads:
  0x0000024ee37fa8b0 VMThread "VM Thread"                           [id=19888, stack(0x000000f345200000,0x000000f345300000) (1024K)]
  0x0000024ee37e92c0 WatcherThread "VM Periodic Task Thread"        [id=18896, stack(0x000000f345100000,0x000000f345200000) (1024K)]
=>0x0000024ed829ed00 WorkerThread "GC Thread#0"                     [id=19804, stack(0x000000f344c00000,0x000000f344d00000) (1024K)]
  0x0000024ee8a91720 WorkerThread "GC Thread#1"                     [id=20448, stack(0x000000f346400000,0x000000f346500000) (1024K)]
  0x0000024ee8a76440 WorkerThread "GC Thread#2"                     [id=2488, stack(0x000000f346500000,0x000000f346600000) (1024K)]
  0x0000024ee8a767e0 WorkerThread "GC Thread#3"                     [id=32684, stack(0x000000f346600000,0x000000f346700000) (1024K)]
  0x0000024ee8ad5ca0 WorkerThread "GC Thread#4"                     [id=856, stack(0x000000f346700000,0x000000f346800000) (1024K)]
  0x0000024ee8ad6040 WorkerThread "GC Thread#5"                     [id=28268, stack(0x000000f346800000,0x000000f346900000) (1024K)]
  0x0000024ee8ae8400 WorkerThread "GC Thread#6"                     [id=21548, stack(0x000000f346900000,0x000000f346a00000) (1024K)]
  0x0000024ee8ae87a0 WorkerThread "GC Thread#7"                     [id=12816, stack(0x000000f346a00000,0x000000f346b00000) (1024K)]
  0x0000024ed82af3f0 ConcurrentGCThread "G1 Main Marker"            [id=28136, stack(0x000000f344d00000,0x000000f344e00000) (1024K)]
  0x0000024ed82b1c30 WorkerThread "G1 Conc#0"                       [id=15336, stack(0x000000f344e00000,0x000000f344f00000) (1024K)]
  0x0000024ee92515d0 WorkerThread "G1 Conc#1"                       [id=31288, stack(0x000000f347300000,0x000000f347400000) (1024K)]
  0x0000024ed82fc720 ConcurrentGCThread "G1 Refine#0"               [id=18928, stack(0x000000f344f00000,0x000000f345000000) (1024K)]
  0x0000024ee36b8fc0 ConcurrentGCThread "G1 Service"                [id=27164, stack(0x000000f345000000,0x000000f345100000) (1024K)]
Total: 15

Threads with active compile tasks:
Total: 0

VM state: at safepoint (normal execution)

VM Mutex/Monitor currently owned by a thread:  ([mutex/lock_event])
[0x00007ff852efe308] Threads_lock - owner thread: 0x0000024ee37fa8b0
[0x00007ff852efe408] Heap_lock - owner thread: 0x0000024ee8df8f40

Heap address: 0x0000000084400000, size: 1980 MB, Compressed Oops mode: 32-bit

CDS archive(s) mapped at: [0x0000024e80000000-0x0000024e80c80000-0x0000024e80c80000), size 13107200, SharedBaseAddress: 0x0000024e80000000, ArchiveRelocationMode: 1.
Compressed class space mapped at: 0x0000024e81000000-0x0000024ec1000000, reserved size: 1073741824
Narrow klass base: 0x0000024e80000000, Narrow klass shift: 0, Narrow klass range: 0x100000000

GC Precious Log:
 CardTable entry size: 512
 Card Set container configuration: InlinePtr #cards 5 size 8 Array Of Cards #cards 12 size 40 Howl #buckets 4 coarsen threshold 1843 Howl Bitmap #cards 512 size 80 coarsen threshold 460 Card regions per heap region 1 cards per card region 2048
 CPUs: 8 total, 8 available
 Memory: 7914M
 Large Page Support: Disabled
 NUMA Support: Disabled
 Compressed Oops: Enabled (32-bit)
 Heap Region Size: 1M
 Heap Min Capacity: 8M
 Heap Initial Capacity: 124M
 Heap Max Capacity: 1980M
 Pre-touch: Disabled
 Parallel Workers: 8
 Concurrent Workers: 2
 Concurrent Refinement Workers: 8
 Periodic GC: Disabled

Heap:
 garbage-first heap   total 89088K, used 75611K [0x0000000084400000, 0x0000000100000000)
  region size 1024K, 52 young (53248K), 5 survivors (5120K)
 Metaspace       used 75705K, committed 76416K, reserved 1179648K
  class space    used 10377K, committed 10752K, reserved 1048576K

Heap Regions: E=young(eden), S=young(survivor), O=old, HS=humongous(starts), HC=humongous(continues), CS=collection set, F=free, TAMS=top-at-mark-start, PB=parsable bottom
|   0|0x0000000084400000, 0x0000000084500000, 0x0000000084500000|100%|HS|  |TAMS 0x0000000084400000| PB 0x0000000084400000| Untracked 
|   1|0x0000000084500000, 0x0000000084600000, 0x0000000084600000|100%|HS|  |TAMS 0x0000000084500000| PB 0x0000000084500000| Untracked 
|   2|0x0000000084600000, 0x0000000084700000, 0x0000000084700000|100%| O|  |TAMS 0x0000000084600000| PB 0x0000000084600000| Untracked 
|   3|0x0000000084700000, 0x0000000084800000, 0x0000000084800000|100%| O|  |TAMS 0x0000000084700000| PB 0x0000000084700000| Untracked 
|   4|0x0000000084800000, 0x00000000848fffa8, 0x0000000084900000| 99%| O|  |TAMS 0x0000000084800000| PB 0x0000000084800000| Untracked 
|   5|0x0000000084900000, 0x00000000849fffb8, 0x0000000084a00000| 99%| O|  |TAMS 0x0000000084900000| PB 0x0000000084900000| Untracked 
|   6|0x0000000084a00000, 0x0000000084b00000, 0x0000000084b00000|100%| O|  |TAMS 0x0000000084a00000| PB 0x0000000084a00000| Untracked 
|   7|0x0000000084b00000, 0x0000000084bfff60, 0x0000000084c00000| 99%| O|  |TAMS 0x0000000084b00000| PB 0x0000000084b00000| Untracked 
|   8|0x0000000084c00000, 0x0000000084d00000, 0x0000000084d00000|100%| O|  |TAMS 0x0000000084c00000| PB 0x0000000084c00000| Untracked 
|   9|0x0000000084d00000, 0x0000000084e00000, 0x0000000084e00000|100%| O|  |TAMS 0x0000000084d00000| PB 0x0000000084d00000| Untracked 
|  10|0x0000000084e00000, 0x0000000084effff0, 0x0000000084f00000| 99%| O|  |TAMS 0x0000000084e00000| PB 0x0000000084e00000| Untracked 
|  11|0x0000000084f00000, 0x0000000084fffff8, 0x0000000085000000| 99%| O|  |TAMS 0x0000000084f00000| PB 0x0000000084f00000| Untracked 
|  12|0x0000000085000000, 0x00000000850faf30, 0x0000000085100000| 98%| O|  |TAMS 0x0000000085000000| PB 0x0000000085000000| Untracked 
|  13|0x0000000085100000, 0x0000000085200000, 0x0000000085200000|100%| O|  |TAMS 0x0000000085100000| PB 0x0000000085100000| Untracked 
|  14|0x0000000085200000, 0x00000000852fffa0, 0x0000000085300000| 99%| O|  |TAMS 0x0000000085200000| PB 0x0000000085200000| Untracked 
|  15|0x0000000085300000, 0x00000000853ffff8, 0x0000000085400000| 99%| O|  |TAMS 0x0000000085300000| PB 0x0000000085300000| Untracked 
|  16|0x0000000085400000, 0x0000000085500000, 0x0000000085500000|100%| O|  |TAMS 0x0000000085400000| PB 0x0000000085400000| Untracked 
|  17|0x0000000085500000, 0x00000000855fffe0, 0x0000000085600000| 99%| O|  |TAMS 0x0000000085500000| PB 0x0000000085500000| Untracked 
|  18|0x0000000085600000, 0x0000000085700000, 0x0000000085700000|100%| O|  |TAMS 0x0000000085600000| PB 0x0000000085600000| Untracked 
|  19|0x0000000085700000, 0x0000000085800000, 0x0000000085800000|100%| O|  |TAMS 0x0000000085700000| PB 0x0000000085700000| Untracked 
|  20|0x0000000085800000, 0x0000000085900000, 0x0000000085900000|100%| O|  |TAMS 0x0000000085800000| PB 0x0000000085800000| Untracked 
|  21|0x0000000085900000, 0x00000000859fffe0, 0x0000000085a00000| 99%| O|  |TAMS 0x0000000085900000| PB 0x0000000085900000| Untracked 
|  22|0x0000000085a00000, 0x0000000085affff8, 0x0000000085b00000| 99%| O|  |TAMS 0x0000000085a00000| PB 0x0000000085a00000| Untracked 
|  23|0x0000000085b00000, 0x0000000085bbaac0, 0x0000000085c00000| 72%| O|  |TAMS 0x0000000085b00000| PB 0x0000000085b00000| Untracked 
|  24|0x0000000085c00000, 0x0000000085cd6608, 0x0000000085d00000| 83%| O|  |TAMS 0x0000000085c00000| PB 0x0000000085c00000| Untracked 
|  25|0x0000000085d00000, 0x0000000085ddd198, 0x0000000085e00000| 86%| O|  |TAMS 0x0000000085d00000| PB 0x0000000085d00000| Untracked 
|  26|0x0000000085e00000, 0x0000000085ebec20, 0x0000000085f00000| 74%| O|  |TAMS 0x0000000085e00000| PB 0x0000000085e00000| Untracked 
|  27|0x0000000085f00000, 0x0000000085faf5f8, 0x0000000086000000| 68%| O|  |TAMS 0x0000000085f00000| PB 0x0000000085f00000| Untracked 
|  28|0x0000000086000000, 0x0000000086000000, 0x0000000086100000|  0%| F|  |TAMS 0x0000000086000000| PB 0x0000000086000000| Untracked 
|  29|0x0000000086100000, 0x0000000086100000, 0x0000000086200000|  0%| F|  |TAMS 0x0000000086100000| PB 0x0000000086100000| Untracked 
|  30|0x0000000086200000, 0x0000000086200000, 0x0000000086300000|  0%| F|  |TAMS 0x0000000086200000| PB 0x0000000086200000| Untracked 
|  31|0x0000000086300000, 0x0000000086300000, 0x0000000086400000|  0%| F|  |TAMS 0x0000000086300000| PB 0x0000000086300000| Untracked 
|  32|0x0000000086400000, 0x0000000086400000, 0x0000000086500000|  0%| F|  |TAMS 0x0000000086400000| PB 0x0000000086400000| Untracked 
|  33|0x0000000086500000, 0x0000000086500000, 0x0000000086600000|  0%| F|  |TAMS 0x0000000086500000| PB 0x0000000086500000| Untracked 
|  34|0x0000000086600000, 0x0000000086600000, 0x0000000086700000|  0%| F|  |TAMS 0x0000000086600000| PB 0x0000000086600000| Untracked 
|  35|0x0000000086700000, 0x00000000867ceb80, 0x0000000086800000| 80%| S|  |TAMS 0x0000000086700000| PB 0x0000000086700000| Complete 
|  36|0x0000000086800000, 0x0000000086900000, 0x0000000086900000|100%| S|  |TAMS 0x0000000086800000| PB 0x0000000086800000| Complete 
|  37|0x0000000086900000, 0x0000000086a00000, 0x0000000086a00000|100%| S|  |TAMS 0x0000000086900000| PB 0x0000000086900000| Complete 
|  38|0x0000000086a00000, 0x0000000086b00000, 0x0000000086b00000|100%| S|  |TAMS 0x0000000086a00000| PB 0x0000000086a00000| Complete 
|  39|0x0000000086b00000, 0x0000000086c00000, 0x0000000086c00000|100%| S|  |TAMS 0x0000000086b00000| PB 0x0000000086b00000| Complete 
|  40|0x0000000086c00000, 0x0000000086d00000, 0x0000000086d00000|100%| E|CS|TAMS 0x0000000086c00000| PB 0x0000000086c00000| Complete 
|  41|0x0000000086d00000, 0x0000000086dffe00, 0x0000000086e00000| 99%| E|CS|TAMS 0x0000000086d00000| PB 0x0000000086d00000| Complete 
|  42|0x0000000086e00000, 0x0000000086f00000, 0x0000000086f00000|100%| E|CS|TAMS 0x0000000086e00000| PB 0x0000000086e00000| Complete 
|  43|0x0000000086f00000, 0x0000000087000000, 0x0000000087000000|100%| E|CS|TAMS 0x0000000086f00000| PB 0x0000000086f00000| Complete 
|  44|0x0000000087000000, 0x0000000087100000, 0x0000000087100000|100%| E|CS|TAMS 0x0000000087000000| PB 0x0000000087000000| Complete 
|  45|0x0000000087100000, 0x0000000087200000, 0x0000000087200000|100%| E|CS|TAMS 0x0000000087100000| PB 0x0000000087100000| Complete 
|  46|0x0000000087200000, 0x0000000087300000, 0x0000000087300000|100%| E|CS|TAMS 0x0000000087200000| PB 0x0000000087200000| Complete 
|  47|0x0000000087300000, 0x0000000087400000, 0x0000000087400000|100%| E|CS|TAMS 0x0000000087300000| PB 0x0000000087300000| Complete 
|  48|0x0000000087400000, 0x0000000087500000, 0x0000000087500000|100%| E|CS|TAMS 0x0000000087400000| PB 0x0000000087400000| Complete 
|  49|0x0000000087500000, 0x0000000087600000, 0x0000000087600000|100%| E|CS|TAMS 0x0000000087500000| PB 0x0000000087500000| Complete 
|  50|0x0000000087600000, 0x0000000087700000, 0x0000000087700000|100%| E|CS|TAMS 0x0000000087600000| PB 0x0000000087600000| Complete 
|  51|0x0000000087700000, 0x0000000087800000, 0x0000000087800000|100%| E|CS|TAMS 0x0000000087700000| PB 0x0000000087700000| Complete 
|  52|0x0000000087800000, 0x0000000087900000, 0x0000000087900000|100%| E|CS|TAMS 0x0000000087800000| PB 0x0000000087800000| Complete 
|  53|0x0000000087900000, 0x0000000087a00000, 0x0000000087a00000|100%| E|CS|TAMS 0x0000000087900000| PB 0x0000000087900000| Complete 
|  54|0x0000000087a00000, 0x0000000087b00000, 0x0000000087b00000|100%| E|CS|TAMS 0x0000000087a00000| PB 0x0000000087a00000| Complete 
|  55|0x0000000087b00000, 0x0000000087c00000, 0x0000000087c00000|100%| E|CS|TAMS 0x0000000087b00000| PB 0x0000000087b00000| Complete 
|  56|0x0000000087c00000, 0x0000000087d00000, 0x0000000087d00000|100%| E|CS|TAMS 0x0000000087c00000| PB 0x0000000087c00000| Complete 
|  57|0x0000000087d00000, 0x0000000087e00000, 0x0000000087e00000|100%| E|CS|TAMS 0x0000000087d00000| PB 0x0000000087d00000| Complete 
|  58|0x0000000087e00000, 0x0000000087f00000, 0x0000000087f00000|100%| E|CS|TAMS 0x0000000087e00000| PB 0x0000000087e00000| Complete 
|  59|0x0000000087f00000, 0x0000000088000000, 0x0000000088000000|100%| E|CS|TAMS 0x0000000087f00000| PB 0x0000000087f00000| Complete 
|  60|0x0000000088000000, 0x0000000088100000, 0x0000000088100000|100%| E|CS|TAMS 0x0000000088000000| PB 0x0000000088000000| Complete 
|  61|0x0000000088100000, 0x0000000088200000, 0x0000000088200000|100%| E|CS|TAMS 0x0000000088100000| PB 0x0000000088100000| Complete 
|  62|0x0000000088200000, 0x0000000088300000, 0x0000000088300000|100%| E|CS|TAMS 0x0000000088200000| PB 0x0000000088200000| Complete 
|  63|0x0000000088300000, 0x0000000088400000, 0x0000000088400000|100%| E|CS|TAMS 0x0000000088300000| PB 0x0000000088300000| Complete 
|  64|0x0000000088400000, 0x0000000088500000, 0x0000000088500000|100%| E|CS|TAMS 0x0000000088400000| PB 0x0000000088400000| Complete 
|  65|0x0000000088500000, 0x0000000088600000, 0x0000000088600000|100%| E|CS|TAMS 0x0000000088500000| PB 0x0000000088500000| Complete 
|  66|0x0000000088600000, 0x0000000088700000, 0x0000000088700000|100%| E|CS|TAMS 0x0000000088600000| PB 0x0000000088600000| Complete 
|  67|0x0000000088700000, 0x0000000088800000, 0x0000000088800000|100%| E|CS|TAMS 0x0000000088700000| PB 0x0000000088700000| Complete 
|  68|0x0000000088800000, 0x0000000088900000, 0x0000000088900000|100%| E|CS|TAMS 0x0000000088800000| PB 0x0000000088800000| Complete 
|  69|0x0000000088900000, 0x0000000088a00000, 0x0000000088a00000|100%| E|CS|TAMS 0x0000000088900000| PB 0x0000000088900000| Complete 
|  70|0x0000000088a00000, 0x0000000088b00000, 0x0000000088b00000|100%| E|CS|TAMS 0x0000000088a00000| PB 0x0000000088a00000| Complete 
|  71|0x0000000088b00000, 0x0000000088c00000, 0x0000000088c00000|100%| E|CS|TAMS 0x0000000088b00000| PB 0x0000000088b00000| Complete 
|  72|0x0000000088c00000, 0x0000000088d00000, 0x0000000088d00000|100%| E|CS|TAMS 0x0000000088c00000| PB 0x0000000088c00000| Complete 
|  73|0x0000000088d00000, 0x0000000088e00000, 0x0000000088e00000|100%| E|CS|TAMS 0x0000000088d00000| PB 0x0000000088d00000| Complete 
|  74|0x0000000088e00000, 0x0000000088f00000, 0x0000000088f00000|100%| E|CS|TAMS 0x0000000088e00000| PB 0x0000000088e00000| Complete 
|  75|0x0000000088f00000, 0x0000000089000000, 0x0000000089000000|100%| E|CS|TAMS 0x0000000088f00000| PB 0x0000000088f00000| Complete 
|  76|0x0000000089000000, 0x0000000089100000, 0x0000000089100000|100%| E|CS|TAMS 0x0000000089000000| PB 0x0000000089000000| Complete 
|  77|0x0000000089100000, 0x0000000089200000, 0x0000000089200000|100%| E|CS|TAMS 0x0000000089100000| PB 0x0000000089100000| Complete 
|  78|0x0000000089200000, 0x0000000089300000, 0x0000000089300000|100%| E|CS|TAMS 0x0000000089200000| PB 0x0000000089200000| Complete 
|  79|0x0000000089300000, 0x0000000089400000, 0x0000000089400000|100%| E|CS|TAMS 0x0000000089300000| PB 0x0000000089300000| Complete 
|  80|0x0000000089400000, 0x0000000089500000, 0x0000000089500000|100%| E|CS|TAMS 0x0000000089400000| PB 0x0000000089400000| Complete 
|  81|0x0000000089500000, 0x0000000089600000, 0x0000000089600000|100%| E|CS|TAMS 0x0000000089500000| PB 0x0000000089500000| Complete 
|  82|0x0000000089600000, 0x0000000089700000, 0x0000000089700000|100%| E|CS|TAMS 0x0000000089600000| PB 0x0000000089600000| Complete 
|  83|0x0000000089700000, 0x0000000089800000, 0x0000000089800000|100%| E|CS|TAMS 0x0000000089700000| PB 0x0000000089700000| Complete 
|  84|0x0000000089800000, 0x0000000089900000, 0x0000000089900000|100%| E|CS|TAMS 0x0000000089800000| PB 0x0000000089800000| Complete 
| 122|0x000000008be00000, 0x000000008bf00000, 0x000000008bf00000|100%| E|CS|TAMS 0x000000008be00000| PB 0x000000008be00000| Complete 
| 123|0x000000008bf00000, 0x000000008c000000, 0x000000008c000000|100%| E|CS|TAMS 0x000000008bf00000| PB 0x000000008bf00000| Complete 

Card table byte_map: [0x0000024edf0d0000,0x0000024edf4b0000] _byte_map_base: 0x0000024edecae000

Marking Bits: (CMBitMap*) 0x0000024ed829f310
 Bits: [0x0000024edf4b0000, 0x0000024ee13a0000)

Polling page: 0x0000024ed6490000

Metaspace:

Usage:
  Non-class:     63.80 MB used.
      Class:     10.13 MB used.
       Both:     73.93 MB used.

Virtual space:
  Non-class space:      128.00 MB reserved,      64.12 MB ( 50%) committed,  2 nodes.
      Class space:        1.00 GB reserved,      10.50 MB (  1%) committed,  1 nodes.
             Both:        1.12 GB reserved,      74.62 MB (  6%) committed. 

Chunk freelists:
   Non-Class:  15.75 MB
       Class:  5.43 MB
        Both:  21.18 MB

MaxMetaspaceSize: unlimited
CompressedClassSpaceSize: 1.00 GB
Initial GC threshold: 21.00 MB
Current GC threshold: 124.19 MB
CDS: on
 - commit_granule_bytes: 65536.
 - commit_granule_words: 8192.
 - virtual_space_node_default_size: 8388608.
 - enlarge_chunks_in_place: 1.
 - use_allocation_guard: 0.


Internal statistics:

num_allocs_failed_limit: 9.
num_arena_births: 1514.
num_arena_deaths: 772.
num_vsnodes_births: 3.
num_vsnodes_deaths: 0.
num_space_committed: 1194.
num_space_uncommitted: 0.
num_chunks_returned_to_freelist: 949.
num_chunks_taken_from_freelist: 4448.
num_chunk_merges: 173.
num_chunk_splits: 2843.
num_chunks_enlarged: 2160.
num_inconsistent_stats: 0.

CodeCache: size=49152Kb used=15708Kb max_used=17750Kb free=33443Kb
 bounds [0x0000024edbbe0000, 0x0000024edcdc0000, 0x0000024edebe0000]
 total_blobs=8426 nmethods=7690 adapters=658
 compilation: enabled
              stopped_count=0, restarted_count=0
 full_count=0

Compilation events (20 events):
Event: 3963.163 Thread 0x0000024ee80210a0 10273       1       java.lang.invoke.DelegatingMethodHandle$Holder::reinvoke_L (20 bytes)
Event: 3963.165 Thread 0x0000024ee80210a0 nmethod 10273 0x0000024edca71a10 code [0x0000024edca71bc0, 0x0000024edca71d40]
Event: 3963.166 Thread 0x0000024ee80210a0 10274       1       java.lang.invoke.LambdaForm$MH/0x0000024e810e1400::invoke (45 bytes)
Event: 3963.169 Thread 0x0000024ee80210a0 nmethod 10274 0x0000024edcae8090 code [0x0000024edcae8260, 0x0000024edcae8478]
Event: 4083.242 Thread 0x0000024ee80210a0 10275       1       com.sun.jmx.remote.util.ClassLogger::traceOn (13 bytes)
Event: 4083.250 Thread 0x0000024ee80210a0 nmethod 10275 0x0000024edc5d3490 code [0x0000024edc5d3640, 0x0000024edc5d3748]
Event: 4083.251 Thread 0x0000024ee80210a0 10276       1       sun.util.logging.internal.LoggingProviderImpl$JULWrapper::log (13 bytes)
Event: 4083.269 Thread 0x0000024ee80210a0 nmethod 10276 0x0000024edcae6b90 code [0x0000024edcae6d60, 0x0000024edcae6f88]
Event: 4083.269 Thread 0x0000024ee80210a0 10277       1       java.util.logging.Logger::log (25 bytes)
Event: 4083.269 Thread 0x0000024ee80210a0 nmethod 10277 0x0000024edcc8c790 code [0x0000024edcc8c960, 0x0000024edcc8cb68]
Event: 4143.272 Thread 0x0000024ee80210a0 10278       1       com.sun.jmx.remote.internal.ServerCommunicatorAdmin::logtime (16 bytes)
Event: 4143.317 Thread 0x0000024ee80210a0 nmethod 10278 0x0000024edc676e90 code [0x0000024edc6770e0, 0x0000024edc677530]
Event: 4143.317 Thread 0x0000024ee80210a0 10282       1       com.sun.jmx.remote.util.ClassLogger::trace (14 bytes)
Event: 4143.318 Thread 0x0000024ee80210a0 nmethod 10282 0x0000024edc5f9c10 code [0x0000024edc5f9dc0, 0x0000024edc5f9ed8]
Event: 4143.318 Thread 0x0000024ee80210a0 10279       1       java.lang.invoke.LambdaForm$MH/0x0000024e81103c00::linkToTargetMethod (10 bytes)
Event: 4143.319 Thread 0x0000024ee80210a0 nmethod 10279 0x0000024edcabda90 code [0x0000024edcabdc40, 0x0000024edcabdd78]
Event: 4143.319 Thread 0x0000024ee80210a0 10280       1       java.lang.invoke.LambdaForm$MH/0x0000024e81103800::invoke (101 bytes)
Event: 4143.320 Thread 0x0000024ee80210a0 nmethod 10280 0x0000024edc9fb410 code [0x0000024edc9fb620, 0x0000024edc9fb9b8]
Event: 4143.320 Thread 0x0000024ee80210a0 10281       1       java.lang.invoke.LambdaForm$MH/0x0000024e81102c00::invoke (48 bytes)
Event: 4143.321 Thread 0x0000024ee80210a0 nmethod 10281 0x0000024edcc9e710 code [0x0000024edcc9e8e0, 0x0000024edcc9eae0]

GC Heap History (20 events):
Event: 1810.056 GC heap after
{Heap after GC invocations=26 (full 1):
 garbage-first heap   total 89088K, used 33203K [0x0000000084400000, 0x0000000100000000)
  region size 1024K, 4 young (4096K), 4 survivors (4096K)
 Metaspace       used 74651K, committed 75456K, reserved 1114112K
  class space    used 10304K, committed 10688K, reserved 1048576K
}
Event: 2949.997 GC heap before
{Heap before GC invocations=26 (full 1):
 garbage-first heap   total 89088K, used 65971K [0x0000000084400000, 0x0000000100000000)
  region size 1024K, 37 young (37888K), 4 survivors (4096K)
 Metaspace       used 74655K, committed 75456K, reserved 1114112K
  class space    used 10305K, committed 10688K, reserved 1048576K
}
Event: 2950.464 GC heap after
{Heap after GC invocations=27 (full 2):
 garbage-first heap   total 89088K, used 24685K [0x0000000084400000, 0x0000000100000000)
  region size 1024K, 0 young (0K), 0 survivors (0K)
 Metaspace       used 74430K, committed 75456K, reserved 1114112K
  class space    used 10246K, committed 10688K, reserved 1048576K
}
Event: 2953.238 GC heap before
{Heap before GC invocations=27 (full 2):
 garbage-first heap   total 89088K, used 74861K [0x0000000084400000, 0x0000000100000000)
  region size 1024K, 50 young (51200K), 0 survivors (0K)
 Metaspace       used 74740K, committed 75520K, reserved 1114112K
  class space    used 10300K, committed 10688K, reserved 1048576K
}
Event: 2953.254 GC heap after
{Heap after GC invocations=28 (full 2):
 garbage-first heap   total 89088K, used 31083K [0x0000000084400000, 0x0000000100000000)
  region size 1024K, 7 young (7168K), 7 survivors (7168K)
 Metaspace       used 74740K, committed 75520K, reserved 1114112K
  class space    used 10300K, committed 10688K, reserved 1048576K
}
Event: 3174.261 GC heap before
{Heap before GC invocations=28 (full 2):
 garbage-first heap   total 89088K, used 58731K [0x0000000084400000, 0x0000000100000000)
  region size 1024K, 36 young (36864K), 7 survivors (7168K)
 Metaspace       used 74906K, committed 75648K, reserved 1114112K
  class space    used 10324K, committed 10688K, reserved 1048576K
}
Event: 3174.996 GC heap after
{Heap after GC invocations=29 (full 3):
 garbage-first heap   total 89088K, used 27810K [0x0000000084400000, 0x0000000100000000)
  region size 1024K, 0 young (0K), 0 survivors (0K)
 Metaspace       used 74843K, committed 75648K, reserved 1114112K
  class space    used 10309K, committed 10688K, reserved 1048576K
}
Event: 3176.439 GC heap before
{Heap before GC invocations=29 (full 3):
 garbage-first heap   total 89088K, used 73890K [0x0000000084400000, 0x0000000100000000)
  region size 1024K, 46 young (47104K), 0 survivors (0K)
 Metaspace       used 75030K, committed 75840K, reserved 1114112K
  class space    used 10328K, committed 10752K, reserved 1048576K
}
Event: 3176.452 GC heap after
{Heap after GC invocations=30 (full 3):
 garbage-first heap   total 89088K, used 32671K [0x0000000084400000, 0x0000000100000000)
  region size 1024K, 5 young (5120K), 5 survivors (5120K)
 Metaspace       used 75030K, committed 75840K, reserved 1114112K
  class space    used 10328K, committed 10752K, reserved 1048576K
}
Event: 3231.863 GC heap before
{Heap before GC invocations=30 (full 3):
 garbage-first heap   total 89088K, used 51103K [0x0000000084400000, 0x0000000100000000)
  region size 1024K, 24 young (24576K), 5 survivors (5120K)
 Metaspace       used 75117K, committed 75904K, reserved 1114112K
  class space    used 10334K, committed 10752K, reserved 1048576K
}
Event: 3231.937 GC heap after
{Heap after GC invocations=31 (full 4):
 garbage-first heap   total 89088K, used 27193K [0x0000000084400000, 0x0000000100000000)
  region size 1024K, 0 young (0K), 0 survivors (0K)
 Metaspace       used 75005K, committed 75904K, reserved 1114112K
  class space    used 10305K, committed 10752K, reserved 1048576K
}
Event: 3233.255 GC heap before
{Heap before GC invocations=31 (full 4):
 garbage-first heap   total 89088K, used 74297K [0x0000000084400000, 0x0000000100000000)
  region size 1024K, 47 young (48128K), 0 survivors (0K)
 Metaspace       used 75233K, committed 76032K, reserved 1114112K
  class space    used 10327K, committed 10752K, reserved 1048576K
}
Event: 3233.260 GC heap after
{Heap after GC invocations=32 (full 4):
 garbage-first heap   total 89088K, used 31949K [0x0000000084400000, 0x0000000100000000)
  region size 1024K, 5 young (5120K), 5 survivors (5120K)
 Metaspace       used 75233K, committed 76032K, reserved 1114112K
  class space    used 10327K, committed 10752K, reserved 1048576K
}
Event: 3289.643 GC heap before
{Heap before GC invocations=32 (full 4):
 garbage-first heap   total 89088K, used 49357K [0x0000000084400000, 0x0000000100000000)
  region size 1024K, 23 young (23552K), 5 survivors (5120K)
 Metaspace       used 75282K, committed 76032K, reserved 1114112K
  class space    used 10330K, committed 10752K, reserved 1048576K
}
Event: 3289.688 GC heap after
{Heap after GC invocations=33 (full 5):
 garbage-first heap   total 89088K, used 27364K [0x0000000084400000, 0x0000000100000000)
  region size 1024K, 0 young (0K), 0 survivors (0K)
 Metaspace       used 75279K, committed 76032K, reserved 1114112K
  class space    used 10330K, committed 10752K, reserved 1048576K
}
Event: 3290.188 GC heap before
{Heap before GC invocations=33 (full 5):
 garbage-first heap   total 89088K, used 73444K [0x0000000084400000, 0x0000000100000000)
  region size 1024K, 46 young (47104K), 0 survivors (0K)
 Metaspace       used 75487K, committed 76224K, reserved 1179648K
  class space    used 10352K, committed 10752K, reserved 1048576K
}
Event: 3290.192 GC heap after
{Heap after GC invocations=34 (full 5):
 garbage-first heap   total 89088K, used 31781K [0x0000000084400000, 0x0000000100000000)
  region size 1024K, 5 young (5120K), 5 survivors (5120K)
 Metaspace       used 75487K, committed 76224K, reserved 1179648K
  class space    used 10352K, committed 10752K, reserved 1048576K
}
Event: 3314.133 GC heap before
{Heap before GC invocations=34 (full 5):
 garbage-first heap   total 89088K, used 50213K [0x0000000084400000, 0x0000000100000000)
  region size 1024K, 24 young (24576K), 5 survivors (5120K)
 Metaspace       used 75562K, committed 76288K, reserved 1179648K
  class space    used 10358K, committed 10752K, reserved 1048576K
}
Event: 3314.182 GC heap after
{Heap after GC invocations=35 (full 6):
 garbage-first heap   total 89088K, used 27484K [0x0000000084400000, 0x0000000100000000)
  region size 1024K, 0 young (0K), 0 survivors (0K)
 Metaspace       used 75560K, committed 76288K, reserved 1179648K
  class space    used 10357K, committed 10752K, reserved 1048576K
}
Event: 4201.780 GC heap before
{Heap before GC invocations=35 (full 6):
 garbage-first heap   total 89088K, used 74588K [0x0000000084400000, 0x0000000100000000)
  region size 1024K, 47 young (48128K), 0 survivors (0K)
 Metaspace       used 75705K, committed 76416K, reserved 1179648K
  class space    used 10377K, committed 10752K, reserved 1048576K
}

Dll operation events (12 events):
Event: 0.041 Loaded shared library C:\Users\dell\.p2\pool\plugins\org.eclipse.justj.openjdk.hotspot.jre.full.win32.x86_64_21.0.7.v20250502-0916\jre\bin\java.dll
Event: 0.086 Loaded shared library C:\Users\dell\.p2\pool\plugins\org.eclipse.justj.openjdk.hotspot.jre.full.win32.x86_64_21.0.7.v20250502-0916\jre\bin\zip.dll
Event: 0.387 Loaded shared library C:\Users\dell\.p2\pool\plugins\org.eclipse.justj.openjdk.hotspot.jre.full.win32.x86_64_21.0.7.v20250502-0916\jre\bin\instrument.dll
Event: 0.391 Loaded shared library C:\Users\dell\.p2\pool\plugins\org.eclipse.justj.openjdk.hotspot.jre.full.win32.x86_64_21.0.7.v20250502-0916\jre\bin\net.dll
Event: 0.392 Loaded shared library C:\Users\dell\.p2\pool\plugins\org.eclipse.justj.openjdk.hotspot.jre.full.win32.x86_64_21.0.7.v20250502-0916\jre\bin\nio.dll
Event: 0.395 Loaded shared library C:\Users\dell\.p2\pool\plugins\org.eclipse.justj.openjdk.hotspot.jre.full.win32.x86_64_21.0.7.v20250502-0916\jre\bin\zip.dll
Event: 0.583 Loaded shared library C:\Users\dell\.p2\pool\plugins\org.eclipse.justj.openjdk.hotspot.jre.full.win32.x86_64_21.0.7.v20250502-0916\jre\bin\jimage.dll
Event: 0.656 Loaded shared library C:\Users\dell\.p2\pool\plugins\org.eclipse.justj.openjdk.hotspot.jre.full.win32.x86_64_21.0.7.v20250502-0916\jre\bin\management.dll
Event: 0.670 Loaded shared library C:\Users\dell\.p2\pool\plugins\org.eclipse.justj.openjdk.hotspot.jre.full.win32.x86_64_21.0.7.v20250502-0916\jre\bin\management_ext.dll
Event: 1.207 Loaded shared library C:\Users\dell\.p2\pool\plugins\org.eclipse.justj.openjdk.hotspot.jre.full.win32.x86_64_21.0.7.v20250502-0916\jre\bin\extnet.dll
Event: 1.242 Loaded shared library C:\Users\dell\.p2\pool\plugins\org.eclipse.justj.openjdk.hotspot.jre.full.win32.x86_64_21.0.7.v20250502-0916\jre\bin\verify.dll
Event: 3.054 Loaded shared library C:\Users\dell\.p2\pool\plugins\org.eclipse.justj.openjdk.hotspot.jre.full.win32.x86_64_21.0.7.v20250502-0916\jre\bin\sunmscapi.dll

Deoptimization events (20 events):
Event: 3314.657 Thread 0x0000024ee8fe72a0 DEOPT PACKING pc=0x0000024edc3db5dc sp=0x000000f3449f9680
Event: 3314.657 Thread 0x0000024ee8fe72a0 DEOPT UNPACKING pc=0x0000024edbc388e2 sp=0x000000f3449f8bb8 mode 1
Event: 3314.657 Thread 0x0000024ee8fe72a0 DEOPT PACKING pc=0x0000024edc3dc564 sp=0x000000f3449f9770
Event: 3314.657 Thread 0x0000024ee8fe72a0 DEOPT UNPACKING pc=0x0000024edbc388e2 sp=0x000000f3449f8d20 mode 1
Event: 3314.657 Thread 0x0000024ee8fe72a0 DEOPT PACKING pc=0x0000024edc3de914 sp=0x000000f3449f98e0
Event: 3314.657 Thread 0x0000024ee8fe72a0 DEOPT UNPACKING pc=0x0000024edbc388e2 sp=0x000000f3449f8ea0 mode 1
Event: 3314.667 Thread 0x0000024ee8fe72a0 DEOPT PACKING pc=0x0000024edc3db5dc sp=0x000000f3449fc9d0
Event: 3314.667 Thread 0x0000024ee8fe72a0 DEOPT UNPACKING pc=0x0000024edbc388e2 sp=0x000000f3449fbf08 mode 1
Event: 3314.667 Thread 0x0000024ee8fe72a0 DEOPT PACKING pc=0x0000024edc3dc564 sp=0x000000f3449fcac0
Event: 3314.667 Thread 0x0000024ee8fe72a0 DEOPT UNPACKING pc=0x0000024edbc388e2 sp=0x000000f3449fc070 mode 1
Event: 3314.667 Thread 0x0000024ee8fe72a0 DEOPT PACKING pc=0x0000024edc3de914 sp=0x000000f3449fcc30
Event: 3314.667 Thread 0x0000024ee8fe72a0 DEOPT UNPACKING pc=0x0000024edbc388e2 sp=0x000000f3449fc1f0 mode 1
Event: 3314.667 Thread 0x0000024ee8fe72a0 DEOPT PACKING pc=0x0000024edc3db5dc sp=0x000000f3449fc9d0
Event: 3314.667 Thread 0x0000024ee8fe72a0 DEOPT UNPACKING pc=0x0000024edbc388e2 sp=0x000000f3449fbf08 mode 1
Event: 3314.667 Thread 0x0000024ee8fe72a0 DEOPT PACKING pc=0x0000024edc3dc564 sp=0x000000f3449fcac0
Event: 3314.667 Thread 0x0000024ee8fe72a0 DEOPT UNPACKING pc=0x0000024edbc388e2 sp=0x000000f3449fc070 mode 1
Event: 3314.667 Thread 0x0000024ee8fe72a0 DEOPT PACKING pc=0x0000024edc3de914 sp=0x000000f3449fcc30
Event: 3314.667 Thread 0x0000024ee8fe72a0 DEOPT UNPACKING pc=0x0000024edbc388e2 sp=0x000000f3449fc1f0 mode 1
Event: 3376.437 Thread 0x0000024ee8fe72a0 DEOPT PACKING pc=0x0000024edbfb5034 sp=0x000000f3449fc590
Event: 3376.437 Thread 0x0000024ee8fe72a0 DEOPT UNPACKING pc=0x0000024edbc388e2 sp=0x000000f3449fba48 mode 0

Classes loaded (20 events):
Event: 819.491 Loading class java/util/concurrent/locks/AbstractQueuedSynchronizer$SharedNode
Event: 819.496 Loading class java/util/concurrent/locks/AbstractQueuedSynchronizer$SharedNode done
Event: 819.627 Loading class sun/security/ssl/Alert
Event: 819.650 Loading class sun/security/ssl/Alert done
Event: 819.657 Loading class sun/security/ssl/Alert$AlertConsumer
Event: 819.668 Loading class sun/security/ssl/Alert$AlertConsumer done
Event: 819.669 Loading class sun/security/ssl/Alert$Level
Event: 819.673 Loading class sun/security/ssl/Alert$Level done
Event: 819.679 Loading class sun/net/ConnectionResetException
Event: 819.680 Loading class sun/net/ConnectionResetException done
Event: 819.735 Loading class java/util/WeakHashMap$KeyIterator
Event: 819.738 Loading class java/util/WeakHashMap$KeyIterator done
Event: 819.860 Loading class java/lang/ref/Finalizer$2
Event: 819.861 Loading class java/lang/ref/Finalizer$2 done
Event: 819.869 Loading class java/lang/ref/Finalizer$1
Event: 819.871 Loading class java/lang/ref/Finalizer$1 done
Event: 823.136 Loading class java/time/DurationEditor
Event: 823.136 Loading class java/time/DurationEditor done
Event: 2953.473 Loading class java/time/DurationEditor
Event: 2953.490 Loading class java/time/DurationEditor done

Classes unloaded (20 events):
Event: 3231.882 Thread 0x0000024ee37fa8b0 Unloading class 0x0000024e813e7400 'java/lang/invoke/LambdaForm$MH+0x0000024e813e7400'
Event: 3231.882 Thread 0x0000024ee37fa8b0 Unloading class 0x0000024e813e5800 'java/lang/invoke/LambdaForm$MH+0x0000024e813e5800'
Event: 3231.882 Thread 0x0000024ee37fa8b0 Unloading class 0x0000024e8135d800 'java/lang/invoke/LambdaForm$MH+0x0000024e8135d800'
Event: 3231.882 Thread 0x0000024ee37fa8b0 Unloading class 0x0000024e81354000 'java/lang/invoke/LambdaForm$MH+0x0000024e81354000'
Event: 3231.882 Thread 0x0000024ee37fa8b0 Unloading class 0x0000024e8120a400 'java/lang/invoke/LambdaForm$MH+0x0000024e8120a400'
Event: 3231.882 Thread 0x0000024ee37fa8b0 Unloading class 0x0000024e811e9000 'java/lang/invoke/LambdaForm$MH+0x0000024e811e9000'
Event: 3231.882 Thread 0x0000024ee37fa8b0 Unloading class 0x0000024e811c9800 'java/lang/invoke/LambdaForm$MH+0x0000024e811c9800'
Event: 3231.882 Thread 0x0000024ee37fa8b0 Unloading class 0x0000024e811c8800 'java/lang/invoke/LambdaForm$BMH+0x0000024e811c8800'
Event: 3231.882 Thread 0x0000024ee37fa8b0 Unloading class 0x0000024e811c6c00 'java/lang/invoke/LambdaForm$MH+0x0000024e811c6c00'
Event: 3231.882 Thread 0x0000024ee37fa8b0 Unloading class 0x0000024e811c5000 'java/lang/invoke/LambdaForm$MH+0x0000024e811c5000'
Event: 3231.882 Thread 0x0000024ee37fa8b0 Unloading class 0x0000024e81131000 'java/lang/invoke/LambdaForm$MH+0x0000024e81131000'
Event: 3231.882 Thread 0x0000024ee37fa8b0 Unloading class 0x0000024e810c1800 'java/lang/invoke/LambdaForm$MH+0x0000024e810c1800'
Event: 3231.882 Thread 0x0000024ee37fa8b0 Unloading class 0x0000024e810c1000 'java/lang/invoke/LambdaForm$MH+0x0000024e810c1000'
Event: 3231.882 Thread 0x0000024ee37fa8b0 Unloading class 0x0000024e81004000 'java/lang/invoke/LambdaForm$MH+0x0000024e81004000'
Event: 3231.882 Thread 0x0000024ee37fa8b0 Unloading class 0x0000024e81948000 'java/lang/invoke/LambdaForm$MH+0x0000024e81948000'
Event: 3231.882 Thread 0x0000024ee37fa8b0 Unloading class 0x0000024e81100000 'jdk/internal/reflect/GeneratedSerializationConstructorAccessor7'
Event: 3231.882 Thread 0x0000024ee37fa8b0 Unloading class 0x0000024e810ecc00 'jdk/internal/reflect/GeneratedSerializationConstructorAccessor6'
Event: 3231.882 Thread 0x0000024ee37fa8b0 Unloading class 0x0000024e810ec800 'jdk/internal/reflect/GeneratedSerializationConstructorAccessor5'
Event: 3289.656 Thread 0x0000024ee37fa8b0 Unloading class 0x0000024e814f0800 'org/apache/catalina/loader/JdbcLeakPrevention'
Event: 3314.149 Thread 0x0000024ee37fa8b0 Unloading class 0x0000024e813e6000 'org/apache/catalina/loader/JdbcLeakPrevention'

Classes redefined (1 events):
Event: 818.505 Thread 0x0000024ee37fa8b0 redefined class name=com.ecommerce.services.ProductServiceImpl, count=1

Internal exceptions (20 events):
Event: 3289.924 Thread 0x0000024eeaba8dd0 Exception <a 'java/lang/NoClassDefFoundError'{0x0000000088273b10}: org/flywaydb/core/Flyway> (0x0000000088273b10) 
thrown [s\src\hotspot\share\oops\constantPool.cpp, line 873]
Event: 3289.926 Thread 0x0000024eeaba8dd0 Exception <a 'java/lang/NoClassDefFoundError'{0x0000000088274170}: liquibase/integration/spring/SpringLiquibase> (0x0000000088274170) 
thrown [s\src\hotspot\share\oops\constantPool.cpp, line 873]
Event: 3289.929 Thread 0x0000024eeaba8dd0 Exception <a 'java/lang/NoClassDefFoundError'{0x000000008829bfe8}: org/jooq/DSLContext> (0x000000008829bfe8) 
thrown [s\src\hotspot\share\oops\constantPool.cpp, line 873]
Event: 3289.933 Thread 0x0000024eeaba8dd0 Exception <a 'java/lang/NoClassDefFoundError'{0x00000000882e2a58}: org/springframework/batch/core/repository/JobRepository> (0x00000000882e2a58) 
thrown [s\src\hotspot\share\oops\constantPool.cpp, line 873]
Event: 3289.935 Thread 0x0000024eeaba8dd0 Exception <a 'java/lang/NoClassDefFoundError'{0x00000000882e30b0}: org/quartz/Scheduler> (0x00000000882e30b0) 
thrown [s\src\hotspot\share\oops\constantPool.cpp, line 873]
Event: 3289.936 Thread 0x0000024eeaba8dd0 Exception <a 'java/lang/NoClassDefFoundError'{0x00000000882e3730}: org/springframework/session/jdbc/JdbcIndexedSessionRepository> (0x00000000882e3730) 
thrown [s\src\hotspot\share\oops\constantPool.cpp, line 873]
Event: 3289.974 Thread 0x0000024eeaba8dd0 Exception <a 'java/io/FileNotFoundException'{0x0000000087c71c18}> (0x0000000087c71c18) 
thrown [s\src\hotspot\share\prims\jni.cpp, line 520]
Event: 3289.989 Thread 0x0000024eeaba8dd0 Exception <a 'java/io/FileNotFoundException'{0x0000000087a33438}> (0x0000000087a33438) 
thrown [s\src\hotspot\share\prims\jni.cpp, line 520]
Event: 3301.729 Thread 0x0000024ee8df8f40 Exception <a 'java/lang/NoSuchMethodError'{0x00000000889407f0}: static [B.<clinit>()V> (0x00000000889407f0) 
thrown [s\src\hotspot\share\prims\jni.cpp, line 1111]
Event: 3314.127 Thread 0x0000024ee8fe9370 Exception <a 'java/io/IOException'{0x000000008882d240}> (0x000000008882d240) 
thrown [s\src\hotspot\share\prims\jni.cpp, line 520]
Event: 3314.133 Thread 0x0000024eeabab530 Exception <a 'java/lang/InterruptedException'{0x0000000088853660}: sleep interrupted> (0x0000000088853660) 
thrown [s\src\hotspot\share\prims\jvm.cpp, line 3074]
Event: 3314.197 Thread 0x0000024ee8fe72a0 Exception <a 'sun/nio/fs/WindowsException'{0x000000008bf79940}> (0x000000008bf79940) 
thrown [s\src\hotspot\share\prims\jni.cpp, line 520]
Event: 3314.453 Thread 0x0000024ee8fe72a0 Exception <a 'java/lang/NoClassDefFoundError'{0x0000000088252698}: org/flywaydb/core/Flyway> (0x0000000088252698) 
thrown [s\src\hotspot\share\oops\constantPool.cpp, line 873]
Event: 3314.454 Thread 0x0000024ee8fe72a0 Exception <a 'java/lang/NoClassDefFoundError'{0x0000000088252cf8}: liquibase/integration/spring/SpringLiquibase> (0x0000000088252cf8) 
thrown [s\src\hotspot\share\oops\constantPool.cpp, line 873]
Event: 3314.458 Thread 0x0000024ee8fe72a0 Exception <a 'java/lang/NoClassDefFoundError'{0x000000008827aba8}: org/jooq/DSLContext> (0x000000008827aba8) 
thrown [s\src\hotspot\share\oops\constantPool.cpp, line 873]
Event: 3314.461 Thread 0x0000024ee8fe72a0 Exception <a 'java/lang/NoClassDefFoundError'{0x00000000882c1b78}: org/springframework/batch/core/repository/JobRepository> (0x00000000882c1b78) 
thrown [s\src\hotspot\share\oops\constantPool.cpp, line 873]
Event: 3314.463 Thread 0x0000024ee8fe72a0 Exception <a 'java/lang/NoClassDefFoundError'{0x00000000882c21d0}: org/quartz/Scheduler> (0x00000000882c21d0) 
thrown [s\src\hotspot\share\oops\constantPool.cpp, line 873]
Event: 3314.464 Thread 0x0000024ee8fe72a0 Exception <a 'java/lang/NoClassDefFoundError'{0x00000000882c2850}: org/springframework/session/jdbc/JdbcIndexedSessionRepository> (0x00000000882c2850) 
thrown [s\src\hotspot\share\oops\constantPool.cpp, line 873]
Event: 3314.506 Thread 0x0000024ee8fe72a0 Exception <a 'java/io/FileNotFoundException'{0x0000000087c63680}> (0x0000000087c63680) 
thrown [s\src\hotspot\share\prims\jni.cpp, line 520]
Event: 3314.532 Thread 0x0000024ee8fe72a0 Exception <a 'java/io/FileNotFoundException'{0x0000000087a252f0}> (0x0000000087a252f0) 
thrown [s\src\hotspot\share\prims\jni.cpp, line 520]

ZGC Phase Switch (0 events):
No events

VM Operations (20 events):
Event: 3813.963 Executing VM operation: get/set locals done
Event: 3813.964 Executing VM operation: get/set locals
Event: 3813.964 Executing VM operation: get/set locals done
Event: 3813.964 Executing VM operation: get/set locals
Event: 3813.965 Executing VM operation: get/set locals done
Event: 3813.966 Executing VM operation: get/set locals
Event: 3813.966 Executing VM operation: get/set locals done
Event: 3813.967 Executing VM operation: get/set locals
Event: 3813.967 Executing VM operation: get/set locals done
Event: 3813.967 Executing VM operation: get/set locals
Event: 3813.967 Executing VM operation: get/set locals done
Event: 3813.968 Executing VM operation: get/set locals
Event: 3813.968 Executing VM operation: get/set locals done
Event: 3813.968 Executing VM operation: get/set locals
Event: 3813.968 Executing VM operation: get/set locals done
Event: 3813.969 Executing VM operation: get/set locals
Event: 3813.969 Executing VM operation: get/set locals done
Event: 3813.969 Executing VM operation: get/set locals
Event: 3813.969 Executing VM operation: get/set locals done
Event: 4201.774 Executing VM operation: G1CollectForAllocation (G1 Evacuation Pause)

Memory protections (0 events):
No events

Nmethod flushes (20 events):
Event: 3314.160 Thread 0x0000024ee37fa8b0 flushing  nmethod 0x0000024edcbf4d10
Event: 3314.160 Thread 0x0000024ee37fa8b0 flushing  nmethod 0x0000024edcbf6610
Event: 3314.160 Thread 0x0000024ee37fa8b0 flushing  nmethod 0x0000024edcc85a10
Event: 3314.160 Thread 0x0000024ee37fa8b0 flushing  nmethod 0x0000024edcc85d90
Event: 3314.160 Thread 0x0000024ee37fa8b0 flushing  nmethod 0x0000024edcc86090
Event: 3314.160 Thread 0x0000024ee37fa8b0 flushing  nmethod 0x0000024edcc86e90
Event: 3314.160 Thread 0x0000024ee37fa8b0 flushing  nmethod 0x0000024edcc87e10
Event: 3314.160 Thread 0x0000024ee37fa8b0 flushing  nmethod 0x0000024edcc88410
Event: 3314.160 Thread 0x0000024ee37fa8b0 flushing  nmethod 0x0000024edcc88d10
Event: 3314.160 Thread 0x0000024ee37fa8b0 flushing  nmethod 0x0000024edcc8f490
Event: 3314.160 Thread 0x0000024ee37fa8b0 flushing  nmethod 0x0000024edcc8fc90
Event: 3314.160 Thread 0x0000024ee37fa8b0 flushing  nmethod 0x0000024edcc8ff90
Event: 3314.160 Thread 0x0000024ee37fa8b0 flushing  nmethod 0x0000024edcc90610
Event: 3314.160 Thread 0x0000024ee37fa8b0 flushing  nmethod 0x0000024edcc90990
Event: 3314.160 Thread 0x0000024ee37fa8b0 flushing  nmethod 0x0000024edcc91e10
Event: 3314.160 Thread 0x0000024ee37fa8b0 flushing  nmethod 0x0000024edcc92a90
Event: 3314.160 Thread 0x0000024ee37fa8b0 flushing  nmethod 0x0000024edcc93a90
Event: 3314.160 Thread 0x0000024ee37fa8b0 flushing  nmethod 0x0000024edcc93d90
Event: 3314.160 Thread 0x0000024ee37fa8b0 flushing  nmethod 0x0000024edcc95a10
Event: 3314.160 Thread 0x0000024ee37fa8b0 flushing  nmethod 0x0000024edcc95d10

Events (20 events):
Event: 3314.120 Thread 0x0000024eeabad600 Thread exited: 0x0000024eeabad600
Event: 3314.120 Thread 0x0000024eeabaf6d0 Thread exited: 0x0000024eeabaf6d0
Event: 3314.120 Thread 0x0000024eeabae9b0 Thread exited: 0x0000024eeabae9b0
Event: 3314.122 Thread 0x0000024ee8fea090 Thread added: 0x0000024ee8fe9370
Event: 3314.123 Thread 0x0000024eeabaa180 Thread exited: 0x0000024eeabaa180
Event: 3314.128 Thread 0x0000024ee8fe9370 Thread exited: 0x0000024ee8fe9370
Event: 3314.133 Thread 0x0000024eeabab530 Thread exited: 0x0000024eeabab530
Event: 3314.182 Thread 0x0000024eeaba9af0 Thread exited: 0x0000024eeaba9af0
Event: 3314.182 Thread 0x0000024ee8fea090 Thread added: 0x0000024ee8fe9a00
Event: 3314.184 Thread 0x0000024ee8fe9a00 Thread exited: 0x0000024ee8fe9a00
Event: 3314.184 Thread 0x0000024eeaba9460 Thread exited: 0x0000024eeaba9460
Event: 3314.184 Thread 0x0000024ee8fea090 Thread added: 0x0000024ee8fe72a0
Event: 3314.252 Thread 0x0000024ee8fe72a0 Thread added: 0x0000024ee8fe7930
Event: 3314.288 Thread 0x0000024ee8fe7930 Thread exited: 0x0000024ee8fe7930
Event: 3314.533 Thread 0x0000024ee8fe72a0 Thread added: 0x0000024ee8fe9a00
Event: 3314.533 Thread 0x0000024ee8fe72a0 Thread added: 0x0000024ee8fe7930
Event: 3314.533 Thread 0x0000024ee8fe72a0 Thread added: 0x0000024ee8fe8650
Event: 3314.590 Thread 0x0000024ee8fe72a0 Thread added: 0x0000024ee8fe9370
Event: 3314.701 Thread 0x0000024ee8fe9370 Thread added: 0x0000024eeabaaea0
Event: 3320.132 Thread 0x0000024eeabaaea0 Thread exited: 0x0000024eeabaaea0


Dynamic libraries:
0x00007ff703460000 - 0x00007ff70346e000 	C:\Users\dell\.p2\pool\plugins\org.eclipse.justj.openjdk.hotspot.jre.full.win32.x86_64_21.0.7.v20250502-0916\jre\bin\javaw.exe
0x00007ff8d1860000 - 0x00007ff8d1ac8000 	C:\WINDOWS\SYSTEM32\ntdll.dll
0x00007ff8cfad0000 - 0x00007ff8cfb99000 	C:\WINDOWS\System32\KERNEL32.DLL
0x00007ff8ceb60000 - 0x00007ff8cef4d000 	C:\WINDOWS\System32\KERNELBASE.dll
0x00007ff8cf120000 - 0x00007ff8cf26b000 	C:\WINDOWS\System32\ucrtbase.dll
0x00007ff8b7210000 - 0x00007ff8b722e000 	C:\Users\dell\.p2\pool\plugins\org.eclipse.justj.openjdk.hotspot.jre.full.win32.x86_64_21.0.7.v20250502-0916\jre\bin\VCRUNTIME140.dll
0x00007ff8b8740000 - 0x00007ff8b8758000 	C:\Users\dell\.p2\pool\plugins\org.eclipse.justj.openjdk.hotspot.jre.full.win32.x86_64_21.0.7.v20250502-0916\jre\bin\jli.dll
0x00007ff8d1070000 - 0x00007ff8d123c000 	C:\WINDOWS\System32\USER32.dll
0x00007ff8cdbe0000 - 0x00007ff8cde7a000 	C:\WINDOWS\WinSxS\amd64_microsoft.windows.common-controls_6595b64144ccf1df_6.0.26100.4484_none_3e0e6d4ce32ef3b3\COMCTL32.dll
0x00007ff8ceb30000 - 0x00007ff8ceb57000 	C:\WINDOWS\System32\win32u.dll
0x00007ff8cfd30000 - 0x00007ff8cfdd9000 	C:\WINDOWS\System32\msvcrt.dll
0x00007ff8cf600000 - 0x00007ff8cf62b000 	C:\WINDOWS\System32\GDI32.dll
0x00007ff8cefe0000 - 0x00007ff8cf117000 	C:\WINDOWS\System32\gdi32full.dll
0x00007ff8cf3d0000 - 0x00007ff8cf473000 	C:\WINDOWS\System32\msvcp_win.dll
0x00007ff8cf950000 - 0x00007ff8cf97f000 	C:\WINDOWS\System32\IMM32.DLL
0x00007ff8b88e0000 - 0x00007ff8b88ec000 	C:\Users\dell\.p2\pool\plugins\org.eclipse.justj.openjdk.hotspot.jre.full.win32.x86_64_21.0.7.v20250502-0916\jre\bin\vcruntime140_1.dll
0x00007ff8a4220000 - 0x00007ff8a42ad000 	C:\Users\dell\.p2\pool\plugins\org.eclipse.justj.openjdk.hotspot.jre.full.win32.x86_64_21.0.7.v20250502-0916\jre\bin\msvcp140.dll
0x00007ff852250000 - 0x00007ff852fe0000 	C:\Users\dell\.p2\pool\plugins\org.eclipse.justj.openjdk.hotspot.jre.full.win32.x86_64_21.0.7.v20250502-0916\jre\bin\server\jvm.dll
0x00007ff8d1760000 - 0x00007ff8d1814000 	C:\WINDOWS\System32\ADVAPI32.dll
0x00007ff8cf8a0000 - 0x00007ff8cf946000 	C:\WINDOWS\System32\sechost.dll
0x00007ff8d0d50000 - 0x00007ff8d0e68000 	C:\WINDOWS\System32\RPCRT4.dll
0x00007ff8cf6b0000 - 0x00007ff8cf724000 	C:\WINDOWS\System32\WS2_32.dll
0x00007ff8ce800000 - 0x00007ff8ce85e000 	C:\WINDOWS\SYSTEM32\POWRPROF.dll
0x00007ff8bc370000 - 0x00007ff8bc37b000 	C:\WINDOWS\SYSTEM32\VERSION.dll
0x00007ff8cb830000 - 0x00007ff8cb865000 	C:\WINDOWS\SYSTEM32\WINMM.dll
0x00007ff8ce7e0000 - 0x00007ff8ce7f4000 	C:\WINDOWS\SYSTEM32\UMPDC.dll
0x00007ff8cce10000 - 0x00007ff8cce2b000 	C:\WINDOWS\SYSTEM32\kernel.appcore.dll
0x00007ff8c7e00000 - 0x00007ff8c7e0a000 	C:\Users\dell\.p2\pool\plugins\org.eclipse.justj.openjdk.hotspot.jre.full.win32.x86_64_21.0.7.v20250502-0916\jre\bin\jimage.dll
0x00007ff8ce160000 - 0x00007ff8ce3a1000 	C:\WINDOWS\SYSTEM32\DBGHELP.DLL
0x00007ff8d0270000 - 0x00007ff8d05f6000 	C:\WINDOWS\System32\combase.dll
0x00007ff8cf730000 - 0x00007ff8cf810000 	C:\WINDOWS\System32\OLEAUT32.dll
0x00007ff8ce040000 - 0x00007ff8ce083000 	C:\WINDOWS\SYSTEM32\dbgcore.DLL
0x00007ff8cf270000 - 0x00007ff8cf309000 	C:\WINDOWS\System32\bcryptPrimitives.dll
0x00007ff88d9f0000 - 0x00007ff88da2c000 	C:\Users\dell\.p2\pool\plugins\org.eclipse.justj.openjdk.hotspot.jre.full.win32.x86_64_21.0.7.v20250502-0916\jre\bin\jdwp.dll
0x00007ff8b6fe0000 - 0x00007ff8b6fef000 	C:\Users\dell\.p2\pool\plugins\org.eclipse.justj.openjdk.hotspot.jre.full.win32.x86_64_21.0.7.v20250502-0916\jre\bin\instrument.dll
0x00007ff8b8b30000 - 0x00007ff8b8b4f000 	C:\Users\dell\.p2\pool\plugins\org.eclipse.justj.openjdk.hotspot.jre.full.win32.x86_64_21.0.7.v20250502-0916\jre\bin\java.dll
0x00007ff8d0600000 - 0x00007ff8d0d4a000 	C:\WINDOWS\System32\SHELL32.dll
0x00007ff8cf480000 - 0x00007ff8cf5f4000 	C:\WINDOWS\System32\wintypes.dll
0x00007ff8cbb50000 - 0x00007ff8cc3ab000 	C:\WINDOWS\SYSTEM32\windows.storage.dll
0x00007ff8d13f0000 - 0x00007ff8d14e5000 	C:\WINDOWS\System32\SHCORE.dll
0x00007ff8cf830000 - 0x00007ff8cf89a000 	C:\WINDOWS\System32\shlwapi.dll
0x00007ff8ce8c0000 - 0x00007ff8ce8ef000 	C:\WINDOWS\SYSTEM32\profapi.dll
0x00007ff8b8b00000 - 0x00007ff8b8b18000 	C:\Users\dell\.p2\pool\plugins\org.eclipse.justj.openjdk.hotspot.jre.full.win32.x86_64_21.0.7.v20250502-0916\jre\bin\zip.dll
0x00007ff8b6f40000 - 0x00007ff8b6f4b000 	C:\Users\dell\.p2\pool\plugins\org.eclipse.justj.openjdk.hotspot.jre.full.win32.x86_64_21.0.7.v20250502-0916\jre\bin\dt_socket.dll
0x00007ff8cc890000 - 0x00007ff8cc8c3000 	C:\WINDOWS\SYSTEM32\IPHLPAPI.DLL
0x00007ff8cd360000 - 0x00007ff8cd3ca000 	C:\WINDOWS\system32\mswsock.dll
0x00007ff8cc930000 - 0x00007ff8cca56000 	C:\WINDOWS\SYSTEM32\DNSAPI.dll
0x00007ff8cfc00000 - 0x00007ff8cfc0a000 	C:\WINDOWS\System32\NSI.dll
0x00007ff8bd360000 - 0x00007ff8bd36b000 	C:\Windows\System32\rasadhlp.dll
0x00007ff8c7a90000 - 0x00007ff8c7b16000 	C:\WINDOWS\System32\fwpuclnt.dll
0x00007ff8b8af0000 - 0x00007ff8b8b00000 	C:\Users\dell\.p2\pool\plugins\org.eclipse.justj.openjdk.hotspot.jre.full.win32.x86_64_21.0.7.v20250502-0916\jre\bin\net.dll
0x00007ff8bd420000 - 0x00007ff8bd53e000 	C:\WINDOWS\SYSTEM32\WINHTTP.dll
0x00007ff8b8a30000 - 0x00007ff8b8a46000 	C:\Users\dell\.p2\pool\plugins\org.eclipse.justj.openjdk.hotspot.jre.full.win32.x86_64_21.0.7.v20250502-0916\jre\bin\nio.dll
0x00007ff8b70c0000 - 0x00007ff8b70ca000 	C:\Users\dell\.p2\pool\plugins\org.eclipse.justj.openjdk.hotspot.jre.full.win32.x86_64_21.0.7.v20250502-0916\jre\bin\management.dll
0x00007ff8b70b0000 - 0x00007ff8b70bb000 	C:\Users\dell\.p2\pool\plugins\org.eclipse.justj.openjdk.hotspot.jre.full.win32.x86_64_21.0.7.v20250502-0916\jre\bin\management_ext.dll
0x00007ff8cf820000 - 0x00007ff8cf828000 	C:\WINDOWS\System32\PSAPI.DLL
0x00007ff8a1340000 - 0x00007ff8a1358000 	C:\WINDOWS\system32\napinsp.dll
0x00007ff8a11d0000 - 0x00007ff8a11e2000 	C:\WINDOWS\System32\winrnr.dll
0x00007ff89d530000 - 0x00007ff89d560000 	C:\WINDOWS\system32\nlansp_c.dll
0x00007ff8a11a0000 - 0x00007ff8a11c0000 	C:\WINDOWS\system32\wshbth.dll
0x00007ff8ce4d0000 - 0x00007ff8ce4eb000 	C:\WINDOWS\SYSTEM32\CRYPTSP.dll
0x00007ff8cd470000 - 0x00007ff8cd4ab000 	C:\WINDOWS\system32\rsaenh.dll
0x00007ff8cd400000 - 0x00007ff8cd42b000 	C:\WINDOWS\SYSTEM32\USERENV.dll
0x00007ff8ce890000 - 0x00007ff8ce8b6000 	C:\WINDOWS\SYSTEM32\bcrypt.dll
0x00007ff8cd650000 - 0x00007ff8cd65c000 	C:\WINDOWS\SYSTEM32\CRYPTBASE.dll
0x00007ff8b8600000 - 0x00007ff8b8609000 	C:\Users\dell\.p2\pool\plugins\org.eclipse.justj.openjdk.hotspot.jre.full.win32.x86_64_21.0.7.v20250502-0916\jre\bin\extnet.dll
0x00007ff8b8900000 - 0x00007ff8b8910000 	C:\Users\dell\.p2\pool\plugins\org.eclipse.justj.openjdk.hotspot.jre.full.win32.x86_64_21.0.7.v20250502-0916\jre\bin\verify.dll
0x00007ff8b88f0000 - 0x00007ff8b88fe000 	C:\Users\dell\.p2\pool\plugins\org.eclipse.justj.openjdk.hotspot.jre.full.win32.x86_64_21.0.7.v20250502-0916\jre\bin\sunmscapi.dll
0x00007ff8ce9b0000 - 0x00007ff8ceb27000 	C:\WINDOWS\System32\CRYPT32.dll
0x00007ff8cda60000 - 0x00007ff8cda90000 	C:\WINDOWS\SYSTEM32\ncrypt.dll
0x00007ff8cd940000 - 0x00007ff8cd97f000 	C:\WINDOWS\SYSTEM32\NTASN1.dll
0x00007ff8ce110000 - 0x00007ff8ce118000 	C:\WINDOWS\system32\wshunix.dll

dbghelp: loaded successfully - version: 4.0.5 - missing functions: none
symbol engine: initialized successfully - sym options: 0x614 - pdb path: .;C:\Users\dell\.p2\pool\plugins\org.eclipse.justj.openjdk.hotspot.jre.full.win32.x86_64_21.0.7.v20250502-0916\jre\bin;C:\WINDOWS\SYSTEM32;C:\WINDOWS\WinSxS\amd64_microsoft.windows.common-controls_6595b64144ccf1df_6.0.26100.4484_none_3e0e6d4ce32ef3b3;C:\Users\dell\.p2\pool\plugins\org.eclipse.justj.openjdk.hotspot.jre.full.win32.x86_64_21.0.7.v20250502-0916\jre\bin\server

VM Arguments:
jvm_args: -XX:+ShowCodeDetailsInExceptionMessages -agentlib:jdwp=transport=dt_socket,suspend=y,address=localhost:8446 -Dcom.sun.management.jmxremote -Dcom.sun.management.jmxremote.port=8445 -Dcom.sun.management.jmxremote.authenticate=false -Dcom.sun.management.jmxremote.ssl=false -Djava.rmi.server.hostname=localhost -Dspring.jmx.enabled=true -Dmanagement.endpoints.jmx.exposure.include=* -Dspring.application.admin.enabled=true -Dspring.output.ansi.enabled=always -XX:TieredStopAtLevel=1 -Dspring.boot.project.name=E-Commerce -javaagent:D:\Sateesha\eclipse\configuration\org.eclipse.osgi\442\0\.cp\lib\javaagent-shaded.jar -Dfile.encoding=UTF-8 -Dstdout.encoding=UTF-8 -Dstderr.encoding=UTF-8 
java_command: com.ecommerce.ECommerceApplication
java_class_path (initial): D:\Sateesha\E-Commerce\target\classes;C:\Users\dell\.m2\repository\org\springframework\boot\spring-boot-starter-data-jpa\3.5.4\spring-boot-starter-data-jpa-3.5.4.jar;C:\Users\dell\.m2\repository\org\springframework\boot\spring-boot-starter\3.5.4\spring-boot-starter-3.5.4.jar;C:\Users\dell\.m2\repository\org\springframework\boot\spring-boot-starter-logging\3.5.4\spring-boot-starter-logging-3.5.4.jar;C:\Users\dell\.m2\repository\ch\qos\logback\logback-classic\1.5.18\logback-classic-1.5.18.jar;C:\Users\dell\.m2\repository\ch\qos\logback\logback-core\1.5.18\logback-core-1.5.18.jar;C:\Users\dell\.m2\repository\org\apache\logging\log4j\log4j-to-slf4j\2.24.3\log4j-to-slf4j-2.24.3.jar;C:\Users\dell\.m2\repository\org\apache\logging\log4j\log4j-api\2.24.3\log4j-api-2.24.3.jar;C:\Users\dell\.m2\repository\org\slf4j\jul-to-slf4j\2.0.17\jul-to-slf4j-2.0.17.jar;C:\Users\dell\.m2\repository\jakarta\annotation\jakarta.annotation-api\2.1.1\jakarta.annotation-api-2.1.1.jar;C:\Users\dell\.m2\repository\org\yaml\snakeyaml\2.4\snakeyaml-2.4.jar;C:\Users\dell\.m2\repository\org\springframework\boot\spring-boot-starter-jdbc\3.5.4\spring-boot-starter-jdbc-3.5.4.jar;C:\Users\dell\.m2\repository\com\zaxxer\HikariCP\6.3.1\HikariCP-6.3.1.jar;C:\Users\dell\.m2\repository\org\springframework\spring-jdbc\6.2.9\spring-jdbc-6.2.9.jar;C:\Users\dell\.m2\repository\org\hibernate\orm\hibernate-core\6.6.22.Final\hibernate-core-6.6.22.Final.jar;C:\Users\dell\.m2\repository\jakarta\persistence\jakarta.persistence-api\3.1.0\jakarta.persistence-api-3.1.0.jar;C:\Users\dell\.m2\repository\jakarta\transaction\jakarta.transaction-api\2.0.1\jakarta.transaction-api-2.0.1.jar;C:\Users\dell\.m2\repository\org\jboss\logging\jboss-logging\3.6.1.Final\jboss-logging-3.6.1.Final.jar;C:\Users\dell\.m2\repository\org\hibernate\common\hibernate-commons-annotations\7.0.3.Final\hibernate-commons-annotations-7.0.3.Final.jar;C:\Users\dell\.m2\repository\io\smallrye\jandex\3.2.0\jandex-3.2.0.jar;C:\Users\dell\.m2\repository\com\fasterxml\classmate\1.7.0\classmate-1.7.0.jar;C:\Users\dell\.m2\repository\net\bytebuddy\byte-buddy\1.17.6\byte-buddy-1.17.6.jar;C:\Users\dell\.m2\repository\org\glassfish\jaxb\jaxb-runtime\4.0.5\jaxb-runtime-4.0.5.jar;C:\Users\dell\.m2\repository\org\glassfish\jaxb\jaxb-core\4.0.5\jaxb-core-4.0.5.jar;C:\Users\dell\.m2\repository\org\eclipse\angus\angus-activation\2.0.2\angus-activation-2.0.2.jar;C:\Users\dell\.m2\repository\org\glassfish\jaxb\txw2\4.0.5\txw2-4.0.5.jar;C:\Users\dell\.m2\repository\com\sun\istack\istack-commons-runtime\4.1.2\istack-commons-runtime-4.1.2.jar;C:\Users\dell\.m2\repository\jakarta\inject\jakarta.inject-api\2.0.1\jakarta.inject-api-2.0.1.jar;C:\Users\dell\.m2\repository\org\antlr\antlr4-runtime\4.13.0\antlr4-runtime-4.13.0.jar;C:\Users\dell\.m2\repository\org\springframework\data\spring-data-jpa\3.5.2\spring-data-jpa-3.5.2.jar;C:\Users\dell\.m2\repository\org\springframework\data\spring-data-commons\3.5.2\spring-data-commons-3.5.2.jar;C:\Users\dell\.m2\repository\org\springframework\spring-orm\6.2.9\spring-orm-6.2.9.jar;C:\Users\dell\.m2\repository\org\springframework\spring-context\6.2.9\spring-context-6.2.9.jar;C:\Users\dell\.m2\repository\org\springframework\spring-aop\6.2.9\spring-aop-6.2.9.jar;C:\Users\dell\.m2\repository\org\springframework\spring-tx\6.2.9\spring-tx-6.2.9.jar;C:\Users\dell\.m2\repository\org\springframework\spring-beans\6.2.9\spring-beans-6.2.9.jar;C:\Users\dell\.m2\repository\org\slf4j\slf4j-api\2.0.17\slf4j-api-2.0.17.jar;C:\Users\dell\.m2\repository\org\springframework\spring-aspects\6.2.9\spring-aspects-6.2.9.jar;C:\Users\dell\.m2\repository\org\aspectj\aspectjweaver\1.9.24\aspectjweaver-1.9.24.jar;C:\Users\dell\.m2\repository\org\springframework\boot\spring-boot-starter-validation\3.5.4\spring-boot-starter-validation-3.5.4.jar;C:\Users\dell\.m2\repository\org\apache\tomcat\embed\tomcat-embed-el\10.1.43\tomcat-embed-el-10.1.43.jar;C:\Users\dell\.m2\repository\org\hibernate\validator\hibernate-validator\8.0.2.Final\hibernate-validator-8.0.2.Final.jar;C:\Users\dell\.m2\repository\jakarta\validation\jakarta.validation-api\3.0.2\jakarta.validation-api-3.0.2.jar;C:\Users\dell\.m2\repository\org\springframework\boot\spring-boot-starter-web\3.5.4\spring-boot-starter-web-3.5.4.jar;C:\Users\dell\.m2\repository\org\springframework\boot\spring-boot-starter-json\3.5.4\spring-boot-starter-json-3.5.4.jar;C:\Users\dell\.m2\repository\com\fasterxml\jackson\core\jackson-databind\2.19.2\jackson-databind-2.19.2.jar;C:\Users\dell\.m2\repository\com\fasterxml\jackson\core\jackson-annotations\2.19.2\jackson-annotations-2.19.2.jar;C:\Users\dell\.m2\repository\com\fasterxml\jackson\core\jackson-core\2.19.2\jackson-core-2.19.2.jar;C:\Users\dell\.m2\repository\com\fasterxml\jackson\datatype\jackson-datatype-jdk8\2.19.2\jackson-datatype-jdk8-2.19.2.jar;C:\Users\dell\.m2\repository\com\fasterxml\jackson\datatype\jackson-datatype-jsr310\2.19.2\jackson-datatype-jsr310-2.19.2.jar;C:\Users\dell\.m2\repository\com\fasterxml\jackson\module\jackson-module-parameter-names\2.19.2\jackson-module-parameter-names-2.19.2.jar;C:\Users\dell\.m2\repository\org\springframework\boot\spring-boot-starter-tomcat\3.5.4\spring-boot-starter-tomcat-3.5.4.jar;C:\Users\dell\.m2\repository\org\apache\tomcat\embed\tomcat-embed-core\10.1.43\tomcat-embed-core-10.1.43.jar;C:\Users\dell\.m2\repository\org\apache\tomcat\embed\tomcat-embed-websocket\10.1.43\tomcat-embed-websocket-10.1.43.jar;C:\Users\dell\.m2\repository\org\springframework\spring-web\6.2.9\spring-web-6.2.9.jar;C:\Users\dell\.m2\repository\io\micrometer\micrometer-observation\1.15.2\micrometer-observation-1.15.2.jar;C:\Users\dell\.m2\repository\io\micrometer\micrometer-commons\1.15.2\micrometer-commons-1.15.2.jar;C:\Users\dell\.m2\repository\org\springframework\spring-webmvc\6.2.9\spring-webmvc-6.2.9.jar;C:\Users\dell\.m2\repository\org\springframework\spring-expression\6.2.9\spring-expression-6.2.9.jar;C:\Users\dell\.m2\repository\org\springframework\boot\spring-boot-devtools\3.5.4\spring-boot-devtools-3.5.4.jar;C:\Users\dell\.m2\repository\org\springframework\boot\spring-boot\3.5.4\spring-boot-3.5.4.jar;C:\Users\dell\.m2\repository\org\springframework\boot\spring-boot-autoconfigure\3.5.4\spring-boot-autoconfigure-3.5.4.jar;C:\Users\dell\.m2\repository\com\mysql\mysql-connector-j\9.3.0\mysql-connector-j-9.3.0.jar;C:\Users\dell\.m2\repository\org\projectlombok\lombok\1.18.38\lombok-1.18.38.jar;C:\Users\dell\.m2\repository\jakarta\xml\bind\jakarta.xml.bind-api\4.0.2\jakarta.xml.bind-api-4.0.2.jar;C:\Users\dell\.m2\repository\jakarta\activation\jakarta.activation-api\2.1.3\jakarta.activation-api-2.1.3.jar;C:\Users\dell\.m2\repository\org\springframework\spring-core\6.2.9\spring-core-6.2.9.jar;C:\Users\dell\.m2\repository\org\springframework\spring-jcl\6.2.9\spring-jcl-6.2.9.jar
Launcher Type: SUN_STANDARD

[Global flags]
     intx CICompilerCount                          = 4                                         {product} {ergonomic}
     uint ConcGCThreads                            = 2                                         {product} {ergonomic}
     uint G1ConcRefinementThreads                  = 8                                         {product} {ergonomic}
   size_t G1HeapRegionSize                         = 1048576                                   {product} {ergonomic}
    uintx GCDrainStackTargetSize                   = 64                                        {product} {ergonomic}
   size_t InitialHeapSize                          = 130023424                                 {product} {ergonomic}
     bool ManagementServer                         = true                                      {product} {command line}
   size_t MarkStackSize                            = 4194304                                   {product} {ergonomic}
   size_t MaxHeapSize                              = 2076180480                                {product} {ergonomic}
   size_t MaxNewSize                               = 1245708288                                {product} {ergonomic}
   size_t MinHeapDeltaBytes                        = 1048576                                   {product} {ergonomic}
   size_t MinHeapSize                              = 8388608                                   {product} {ergonomic}
    uintx NonNMethodCodeHeapSize                   = 4096                                   {pd product} {ergonomic}
    uintx NonProfiledCodeHeapSize                  = 0                                      {pd product} {ergonomic}
     bool ProfileInterpreter                       = false                                  {pd product} {command line}
    uintx ProfiledCodeHeapSize                     = 0                                      {pd product} {ergonomic}
     bool ShowCodeDetailsInExceptionMessages       = true                                   {manageable} {command line}
   size_t SoftMaxHeapSize                          = 2076180480                             {manageable} {ergonomic}
     intx TieredStopAtLevel                        = 1                                         {product} {command line}
     bool UseCompressedOops                        = true                           {product lp64_product} {ergonomic}
     bool UseG1GC                                  = true                                      {product} {ergonomic}
     bool UseLargePagesIndividualAllocation        = false                                  {pd product} {ergonomic}

Logging:
Log output configuration:
 #0: stdout all=warning uptime,level,tags foldmultilines=false
 #1: stderr all=off uptime,level,tags foldmultilines=false

Environment Variables:
PATH=C:\Users\dell\.p2\pool\plugins\org.eclipse.justj.openjdk.hotspot.jre.full.win32.x86_64_21.0.7.v20250502-0916\jre\bin;C:/Users/dell/.p2/pool/plugins/org.eclipse.justj.openjdk.hotspot.jre.full.win32.x86_64_21.0.7.v20250502-0916/jre/bin/server;C:/Users/dell/.p2/pool/plugins/org.eclipse.justj.openjdk.hotspot.jre.full.win32.x86_64_21.0.7.v20250502-0916/jre/bin;C:\Python313\Scripts\;C:\Python313\;C:\app\dell\product\11.2.0\dbhome_1\bin;C:\Program Files (x86)\Common Files\Oracle\Java\javapath;C:\Windows\system32;C:\Windows;C:\Windows\System32\Wbem;C:\Windows\System32\WindowsPowerShell\v1.0\;C:\Windows\System32\OpenSSH\;C:\Program Files\NVIDIA Corporation\NVIDIA NvDLISR;C:\WINDOWS\system32;C:\WINDOWS;C:\WINDOWS\System32\Wbem;C:\WINDOWS\System32\WindowsPowerShell\v1.0\;C:\WINDOWS\System32\OpenSSH\;C:\Program Files\dotnet\;C:\Program Files\Java\jdk1.8.0_202\bin;C:\Users\dell\Downloads\apache-maven-3.9.9-bin (1)\apache-maven-3.9.9\bin;C:\Program Files\Git\cmd;C:\ProgramData\chocolatey\bin;C:\Program Files\nodejs\;C:\Users\dell\AppData\Local\Programs\Python\Python311\Scripts\;C:\Users\dell\AppData\Local\Programs\Python\Python311\;C:\Users\dell\AppData\Local\Microsoft\WindowsApps;C:\Program Files\JetBrains\PyCharm Community Edition 2021.3\bin;;C:\Users\dell\AppData\Local\Programs\Microsoft VS Code\bin;C:\Users\dell\AppData\Roaming\npm;C:\WINDOWS\system32;
USERNAME=dell
OS=Windows_NT
PROCESSOR_IDENTIFIER=Intel64 Family 6 Model 140 Stepping 1, GenuineIntel
TMP=C:\Users\dell\AppData\Local\Temp
TEMP=C:\Users\dell\AppData\Local\Temp




Periodic native trim disabled

---------------  S Y S T E M  ---------------

OS:
 Windows 11 , 64 bit Build 26100 (10.0.26100.4484)
OS uptime: 2 days 23:34 hours
Hyper-V role detected

CPU: total 8 (initial active 8) (4 cores per cpu, 2 threads per core) family 6 model 140 stepping 1 microcode 0xb8, cx8, cmov, fxsr, ht, mmx, 3dnowpref, sse, sse2, sse3, ssse3, sse4.1, sse4.2, popcnt, lzcnt, tsc, tscinvbit, avx, avx2, aes, erms, clmul, bmi1, bmi2, adx, avx512f, avx512dq, avx512cd, avx512bw, avx512vl, sha, fma, vzeroupper, avx512_vpopcntdq, avx512_vpclmulqdq, avx512_vaes, avx512_vnni, clflush, clflushopt, clwb, avx512_vbmi2, avx512_vbmi, hv, rdtscp, rdpid, fsrm, gfni, avx512_bitalg, f16c, cet_ibt, cet_ss, avx512_ifma
Processor Information for the first 8 processors :
  Max Mhz: 1382, Current Mhz: 1382, Mhz Limit: 1382

Memory: 4k page, system-wide physical 7914M (1266M free)
TotalPageFile size 26353M (AvailPageFile size 1466M)
current process WorkingSet (physical memory assigned to process): 48M, peak: 264M
current process commit charge ("private bytes"): 309M, peak: 323M

vm_info: OpenJDK 64-Bit Server VM (21.0.7+6-LTS) for windows-amd64 JRE (21.0.7+6-LTS), built on 2025-04-15T00:00:00Z by "admin" with MS VC++ 17.7 (VS2022)

END.
