#
# A fatal error has been detected by the Java Runtime Environment:
#
#  EXCEPTION_ACCESS_VIOLATION (0xc0000005) at pc=0x00007ffea2b5a39e, pid=4496, tid=22860
#
# JRE version: OpenJDK Runtime Environment Temurin-21.0.7+6 (21.0.7+6) (build 21.0.7+6-LTS)
# Java VM: OpenJDK 64-Bit Server VM Temurin-21.0.7+6 (21.0.7+6-LTS, mixed mode, emulated-client, sharing, tiered, compressed oops, compressed class ptrs, g1 gc, windows-amd64)
# Problematic frame:
# V  [jvm.dll+0x31a39e]
#
# No core dump will be written. Minidumps are not enabled by default on client versions of Windows
#
# If you would like to submit a bug report, please visit:
#   https://github.com/adoptium/adoptium-support/issues
#

---------------  S U M M A R Y ------------

Command Line: -XX:+ShowCodeDetailsInExceptionMessages -agentlib:jdwp=transport=dt_socket,suspend=y,address=localhost:7248 -Dcom.sun.management.jmxremote -Dcom.sun.management.jmxremote.port=7238 -Dcom.sun.management.jmxremote.authenticate=false -Dcom.sun.management.jmxremote.ssl=false -Djava.rmi.server.hostname=localhost -Dspring.jmx.enabled=true -Dmanagement.endpoints.jmx.exposure.include=* -Dspring.application.admin.enabled=true -Dspring.output.ansi.enabled=always -XX:TieredStopAtLevel=1 -Dspring.boot.project.name=E-Commerce -javaagent:D:\Sateesha\eclipse\configuration\org.eclipse.osgi\442\0\.cp\lib\javaagent-shaded.jar -Dfile.encoding=UTF-8 -Dstdout.encoding=UTF-8 -Dstderr.encoding=UTF-8 com.ecommerce.ECommerceApplication

Host: 11th Gen Intel(R) Core(TM) i5-1135G7 @ 2.40GHz, 8 cores, 7G,  Windows 11 , 64 bit Build 26100 (10.0.26100.4768)
Time: Tue Aug 19 18:14:34 2025 India Standard Time elapsed time: 6302.233346 seconds (0d 1h 45m 2s)

---------------  T H R E A D  ---------------

Current thread (0x000002210e379b30):  WorkerThread "GC Thread#7"    [id=22860, stack(0x00000039a6100000,0x00000039a6200000) (1024K)]

Stack: [0x00000039a6100000,0x00000039a6200000],  sp=0x00000039a61fe380,  free space=1016k
Native frames: (J=compiled Java code, j=interpreted, Vv=VM code, C=native code)
V  [jvm.dll+0x31a39e]
V  [jvm.dll+0x341c99]
V  [jvm.dll+0x341c02]
V  [jvm.dll+0x314d7b]
V  [jvm.dll+0x3147cd]
V  [jvm.dll+0x3eef95]
V  [jvm.dll+0x8522b6]
V  [jvm.dll+0x85c111]
V  [jvm.dll+0x366bfa]
V  [jvm.dll+0x366cb4]
V  [jvm.dll+0x346553]
V  [jvm.dll+0x8d6377]
V  [jvm.dll+0x851f6b]
V  [jvm.dll+0x6cc7dd]
C  [ucrtbase.dll+0x37b0]
C  [KERNEL32.DLL+0x2e8d7]
C  [ntdll.dll+0x3c34c]

JavaThread 0x000002211152abf0 (nid = 16988) was being processed
Java frames: (J=compiled Java code, j=interpreted, Vv=VM code)
j  java.lang.invoke.LambdaForm$DMH+0x00000220ca350c00.invokeVirtual(Ljava/lang/Object;Ljava/lang/Object;Ljava/lang/Object;Ljava/lang/Object;)Ljava/lang/Object;+14 java.base@21.0.7
j  java.lang.invoke.LambdaForm$MH+0x00000220cabfe800.invoke(Ljava/lang/Object;Ljava/lang/Object;Ljava/lang/Object;Ljava/lang/Object;)Ljava/lang/Object;+73 java.base@21.0.7
J 3891 c1 jdk.internal.reflect.DirectMethodHandleAccessor.invoke(Ljava/lang/Object;[Ljava/lang/Object;)Ljava/lang/Object; java.base@21.0.7 (92 bytes) @ 0x00000220c09d44fc [0x00000220c09d41a0+0x000000000000035c]
J 3895 c1 java.lang.reflect.Method.invoke(Ljava/lang/Object;[Ljava/lang/Object;)Ljava/lang/Object; java.base@21.0.7 (108 bytes) @ 0x00000220c09d26f4 [0x00000220c09d2500+0x00000000000001f4]
j  org.springframework.web.method.support.InvocableHandlerMethod.doInvoke([Ljava/lang/Object;)Ljava/lang/Object;+55
j  org.springframework.web.method.support.InvocableHandlerMethod.invokeForRequest(Lorg/springframework/web/context/request/NativeWebRequest;Lorg/springframework/web/method/support/ModelAndViewContainer;[Ljava/lang/Object;)Ljava/lang/Object;+82
j  org.springframework.web.servlet.mvc.method.annotation.ServletInvocableHandlerMethod.invokeAndHandle(Lorg/springframework/web/context/request/ServletWebRequest;Lorg/springframework/web/method/support/ModelAndViewContainer;[Ljava/lang/Object;)V+4
j  org.springframework.web.servlet.mvc.method.annotation.RequestMappingHandlerAdapter.invokeHandlerMethod(Ljakarta/servlet/http/HttpServletRequest;Ljakarta/servlet/http/HttpServletResponse;Lorg/springframework/web/method/HandlerMethod;)Lorg/springframework/web/servlet/ModelAndView;+309
j  org.springframework.web.servlet.mvc.method.annotation.RequestMappingHandlerAdapter.handleInternal(Ljakarta/servlet/http/HttpServletRequest;Ljakarta/servlet/http/HttpServletResponse;Lorg/springframework/web/method/HandlerMethod;)Lorg/springframework/web/servlet/ModelAndView;+81
j  org.springframework.web.servlet.mvc.method.AbstractHandlerMethodAdapter.handle(Ljakarta/servlet/http/HttpServletRequest;Ljakarta/servlet/http/HttpServletResponse;Ljava/lang/Object;)Lorg/springframework/web/servlet/ModelAndView;+7
j  org.springframework.web.servlet.DispatcherServlet.doDispatch(Ljakarta/servlet/http/HttpServletRequest;Ljakarta/servlet/http/HttpServletResponse;)V+304
j  org.springframework.web.servlet.DispatcherServlet.doService(Ljakarta/servlet/http/HttpServletRequest;Ljakarta/servlet/http/HttpServletResponse;)V+242
j  org.springframework.web.servlet.FrameworkServlet.processRequest(Ljakarta/servlet/http/HttpServletRequest;Ljakarta/servlet/http/HttpServletResponse;)V+70
j  org.springframework.web.servlet.FrameworkServlet.doPost(Ljakarta/servlet/http/HttpServletRequest;Ljakarta/servlet/http/HttpServletResponse;)V+3
j  jakarta.servlet.http.HttpServlet.service(Ljakarta/servlet/http/HttpServletRequest;Ljakarta/servlet/http/HttpServletResponse;)V+150
j  org.springframework.web.servlet.FrameworkServlet.service(Ljakarta/servlet/http/HttpServletRequest;Ljakarta/servlet/http/HttpServletResponse;)V+20
j  jakarta.servlet.http.HttpServlet.service(Ljakarta/servlet/ServletRequest;Ljakarta/servlet/ServletResponse;)V+37
j  org.apache.catalina.core.ApplicationFilterChain.internalDoFilter(Ljakarta/servlet/ServletRequest;Ljakarta/servlet/ServletResponse;)V+300
j  org.apache.catalina.core.ApplicationFilterChain.doFilter(Ljakarta/servlet/ServletRequest;Ljakarta/servlet/ServletResponse;)V+99
j  org.apache.tomcat.websocket.server.WsFilter.doFilter(Ljakarta/servlet/ServletRequest;Ljakarta/servlet/ServletResponse;Ljakarta/servlet/FilterChain;)V+21
j  org.apache.catalina.core.ApplicationFilterChain.internalDoFilter(Ljakarta/servlet/ServletRequest;Ljakarta/servlet/ServletResponse;)V+130
j  org.apache.catalina.core.ApplicationFilterChain.doFilter(Ljakarta/servlet/ServletRequest;Ljakarta/servlet/ServletResponse;)V+99
j  org.springframework.web.filter.RequestContextFilter.doFilterInternal(Ljakarta/servlet/http/HttpServletRequest;Ljakarta/servlet/http/HttpServletResponse;Ljakarta/servlet/FilterChain;)V+21
j  org.springframework.web.filter.OncePerRequestFilter.doFilter(Ljakarta/servlet/ServletRequest;Ljakarta/servlet/ServletResponse;Ljakarta/servlet/FilterChain;)V+150
j  org.apache.catalina.core.ApplicationFilterChain.internalDoFilter(Ljakarta/servlet/ServletRequest;Ljakarta/servlet/ServletResponse;)V+130
j  org.apache.catalina.core.ApplicationFilterChain.doFilter(Ljakarta/servlet/ServletRequest;Ljakarta/servlet/ServletResponse;)V+99
j  org.springframework.web.filter.FormContentFilter.doFilterInternal(Ljakarta/servlet/http/HttpServletRequest;Ljakarta/servlet/http/HttpServletResponse;Ljakarta/servlet/FilterChain;)V+38
j  org.springframework.web.filter.OncePerRequestFilter.doFilter(Ljakarta/servlet/ServletRequest;Ljakarta/servlet/ServletResponse;Ljakarta/servlet/FilterChain;)V+150
j  org.apache.catalina.core.ApplicationFilterChain.internalDoFilter(Ljakarta/servlet/ServletRequest;Ljakarta/servlet/ServletResponse;)V+130
j  org.apache.catalina.core.ApplicationFilterChain.doFilter(Ljakarta/servlet/ServletRequest;Ljakarta/servlet/ServletResponse;)V+99
j  org.springframework.web.filter.CharacterEncodingFilter.doFilterInternal(Ljakarta/servlet/http/HttpServletRequest;Ljakarta/servlet/http/HttpServletResponse;Ljakarta/servlet/FilterChain;)V+53
j  org.springframework.web.filter.OncePerRequestFilter.doFilter(Ljakarta/servlet/ServletRequest;Ljakarta/servlet/ServletResponse;Ljakarta/servlet/FilterChain;)V+150
j  org.apache.catalina.core.ApplicationFilterChain.internalDoFilter(Ljakarta/servlet/ServletRequest;Ljakarta/servlet/ServletResponse;)V+130
j  org.apache.catalina.core.ApplicationFilterChain.doFilter(Ljakarta/servlet/ServletRequest;Ljakarta/servlet/ServletResponse;)V+99
j  org.apache.catalina.core.StandardWrapperValve.invoke(Lorg/apache/catalina/connector/Request;Lorg/apache/catalina/connector/Response;)V+511
j  org.apache.catalina.core.StandardContextValve.invoke(Lorg/apache/catalina/connector/Request;Lorg/apache/catalina/connector/Response;)V+169
j  org.apache.catalina.authenticator.AuthenticatorBase.invoke(Lorg/apache/catalina/connector/Request;Lorg/apache/catalina/connector/Response;)V+221
j  org.apache.catalina.core.StandardHostValve.invoke(Lorg/apache/catalina/connector/Request;Lorg/apache/catalina/connector/Response;)V+131
j  org.apache.catalina.valves.ErrorReportValve.invoke(Lorg/apache/catalina/connector/Request;Lorg/apache/catalina/connector/Response;)V+6
j  org.apache.catalina.core.StandardEngineValve.invoke(Lorg/apache/catalina/connector/Request;Lorg/apache/catalina/connector/Response;)V+59
j  org.apache.catalina.connector.CoyoteAdapter.service(Lorg/apache/coyote/Request;Lorg/apache/coyote/Response;)V+188
j  org.apache.coyote.http11.Http11Processor.service(Lorg/apache/tomcat/util/net/SocketWrapperBase;)Lorg/apache/tomcat/util/net/AbstractEndpoint$Handler$SocketState;+796
j  org.apache.coyote.AbstractProcessorLight.process(Lorg/apache/tomcat/util/net/SocketWrapperBase;Lorg/apache/tomcat/util/net/SocketEvent;)Lorg/apache/tomcat/util/net/AbstractEndpoint$Handler$SocketState;+155
j  org.apache.coyote.AbstractProtocol$ConnectionHandler.process(Lorg/apache/tomcat/util/net/SocketWrapperBase;Lorg/apache/tomcat/util/net/SocketEvent;)Lorg/apache/tomcat/util/net/AbstractEndpoint$Handler$SocketState;+477
j  org.apache.tomcat.util.net.NioEndpoint$SocketProcessor.doRun()V+222
j  org.apache.tomcat.util.net.SocketProcessorBase.run()V+32
j  org.apache.tomcat.util.threads.ThreadPoolExecutor.runWorker(Lorg/apache/tomcat/util/threads/ThreadPoolExecutor$Worker;)V+92
J 16805 c1 org.apache.tomcat.util.threads.ThreadPoolExecutor$Worker.run()V (9 bytes) @ 0x00000220c15a4394 [0x00000220c15a4340+0x0000000000000054]
J 16177 c1 org.apache.tomcat.util.threads.TaskThread$WrappingRunnable.run()V (31 bytes) @ 0x00000220c171005c [0x00000220c1710000+0x000000000000005c]
J 13216 c1 java.lang.Thread.run()V java.base@21.0.7 (23 bytes) @ 0x00000220c14403d4 [0x00000220c1440340+0x0000000000000094]
v  ~StubRoutines::call_stub 0x00000220c00510e7

siginfo: EXCEPTION_ACCESS_VIOLATION (0xc0000005), reading address 0x00000221a81cbf50


Registers:
RAX=0x00000220c3920000, RBX=0x00000220bc70fc60, RCX=0x0000000000000020, RDX=0x0000000000000001
RSP=0x00000039a61fe380, RBP=0x00000039a61fe510, RSI=0x0000022111524980, RDI=0x000000072455faa0
R8 =0x00000221a81cbf50, R9 =0x000002210b54c038, R10=0x00000220c0050000, R11=0x00000039a61fe588
R12=0x00000220c9541930, R13=0x00000220c8524d90, R14=0x000002210e2f61f0, R15=0x0000000000000000
RIP=0x00007ffea2b5a39e, EFLAGS=0x0000000000010202

XMM[0]=0x3b3b3b3b3b3b3b3b 0x3b3b3b3b3b3b3b3b
XMM[1]=0x00000000000000ff 0x0000000000000000
XMM[2]=0x0000000000000000 0x0000000000000000
XMM[3]=0x0000000000000000 0x0000000000000000
XMM[4]=0x0000000000000000 0x0000000000000000
XMM[5]=0x0000000000000000 0x0000000000000000
XMM[6]=0x0000000000000000 0x0000000000000000
XMM[7]=0x0000000000000000 0x0000000000000000
XMM[8]=0x0000000000000000 0x0000000000000000
XMM[9]=0x0000000000000000 0x0000000000000000
XMM[10]=0x0000000000000000 0x0000000000000000
XMM[11]=0x0000000000000000 0x0000000000000000
XMM[12]=0x0000000000000000 0x0000000000000000
XMM[13]=0x0000000000000000 0x0000000000000000
XMM[14]=0x0000000000000000 0x0000000000000000
XMM[15]=0x0000000000000000 0x0000000000000000
  MXCSR=0x00001fa0


Register to memory mapping:

RAX=0x00000220c3920000 points into unknown readable memory: 0x0000000000000001 | 01 00 00 00 00 00 00 00
RBX=0x00000220bc70fc60 points into unknown readable memory: 0x00007ffea32676d8 | d8 76 26 a3 fe 7f 00 00
RCX=0x0000000000000020 is an unknown value
RDX=0x0000000000000001 is an unknown value
RSP=0x00000039a61fe380 points into unknown readable memory: 0x00000000000000ac | ac 00 00 00 00 00 00 00
RBP=0x00000039a61fe510 points into unknown readable memory: 0x0000003900000000 | 00 00 00 00 39 00 00 00
RSI=0x0000022111524980 points into unknown readable memory: 0x00000039a49ff3a0 | a0 f3 9f a4 39 00 00 00
RDI=0x000000072455faa0 is an unknown value
R8 =0x00000221a81cbf50 is an unknown value
R9 =0x000002210b54c038 is pointing into metadata
R10=0x00000220c0050000 points into unknown readable memory: 0x0000000000000006 | 06 00 00 00 00 00 00 00
R11=0x00000039a61fe588 points into unknown readable memory: 0x00007ffea2b547cd | cd 47 b5 a2 fe 7f 00 00
R12=0x00000220c9541930 is pointing into metadata
R13=0x00000220c8524d90 points into unknown readable memory: 0x0000000000000000 | 00 00 00 00 00 00 00 00
R14=0x000002210e2f61f0 points into unknown readable memory: 0x0000000000000002 | 02 00 00 00 00 00 00 00
R15=0x0 is null

Top of Stack: (sp=0x00000039a61fe380)
0x00000039a61fe380:   00000000000000ac 00007ffea2efc362
0x00000039a61fe390:   0000022111524980 00007ffea2b81c02
0x00000039a61fe3a0:   00000039a6efd500 00007ffea2b81c99
0x00000039a61fe3b0:   00000039a6efd500 00000039a61fe6e0
0x00000039a61fe3c0:   0000000000000001 00007ffea2efc0b9
0x00000039a61fe3d0:   0000022111524980 00007ffea2b81c02
0x00000039a61fe3e0:   00000039a61fe4a0 00000039a61fe6e0
0x00000039a61fe3f0:   00000039a61fe6e0 0000000000000000
0x00000039a61fe400:   0000000000000003 00007ffea2b54d7b
0x00000039a61fe410:   0000022111524f30 000002210b54c288
0x00000039a61fe420:   0000022111524f30 00000039a61fe6e0
0x00000039a61fe430:   0000000ea61fe601 000002210b54c288
0x00000039a61fe440:   000002210e379b30 0000022100000005
0x00000039a61fe450:   00000000000003d8 00000220c8524da0
0x00000039a61fe460:   00000220c8525178 000002210b54c276
0x00000039a61fe470:   00000039000000b8 000002210b54c288
0x00000039a61fe480:   00007ffea3263210 00000039a61fe6e0
0x00000039a61fe490:   0000022111524f30 0000000300000001
0x00000039a61fe4a0:   00000220c9541930 0000001300000001
0x00000039a61fe4b0:   0000000000000067 000000010000000c
0x00000039a61fe4c0:   00000220c9480090 0000000000000000
0x00000039a61fe4d0:   0000003900000000 00007ffea29e76d8
0x00000039a61fe4e0:   0000000500000003 0000ffff09680b00
0x00000039a61fe4f0:   00000000848b1930 00007ffea2b81c99
0x00000039a61fe500:   00000000848b1930 00000002a29e0008
0x00000039a61fe510:   0000003900000000 0000000000000001
0x00000039a61fe520:   0000022111524980 00007ffea2b81c02
0x00000039a61fe530:   0000000000000000 0000000000000001
0x00000039a61fe540:   00002c2269bf0c42 00007ffea29e729e
0x00000039a61fe550:   0000022111524f30 00000000000003d8
0x00000039a61fe560:   00000220c8525178 00000039a61fe6e0
0x00000039a61fe570:   00000039a61ffbd0 00007ffea309b100 

Instructions: (pc=0x00007ffea2b5a39e)
0x00007ffea2b5a29e:   38 f0 4c 01 04 c8 48 c7 42 08 00 00 00 00 44 89
0x00007ffea2b5a2ae:   12 49 ff 41 58 4c 01 5a 08 e9 4a ff ff ff 49 ff
0x00007ffea2b5a2be:   41 50 4c 01 5a 08 e9 3d ff ff ff cc cc cc cc cc
0x00007ffea2b5a2ce:   cc cc 48 89 5c 24 08 57 48 83 ec 20 48 8b 01 48
0x00007ffea2b5a2de:   8b fa 48 8b d9 ff 50 08 4c 8b c8 48 85 c0 74 66
0x00007ffea2b5a2ee:   4c 8b 40 10 4c 2b 00 48 c7 40 28 00 00 00 00 4c
0x00007ffea2b5a2fe:   89 43 18 48 8b 50 10 48 8b 48 08 48 8b c7 48 2b
0x00007ffea2b5a30e:   ca 48 c1 e9 03 48 3b cf 48 0f 42 c1 48 3b c7 72
0x00007ffea2b5a31e:   1e 48 8d 04 c2 49 89 41 10 90 ff 43 10 48 8b c2
0x00007ffea2b5a32e:   4c 89 4b 08 48 8b 5c 24 30 48 83 c4 20 5f c3 33
0x00007ffea2b5a33e:   d2 90 ff 43 10 8b c2 4c 89 4b 08 48 8b 5c 24 30
0x00007ffea2b5a34e:   48 83 c4 20 5f c3 48 8b 5c 24 30 48 83 c4 20 5f
0x00007ffea2b5a35e:   c3 cc 48 89 5c 24 08 57 48 83 ec 20 48 8b 01 48
0x00007ffea2b5a36e:   8b fa 48 8b d9 ff 10 48 2b 7b 08 8b 4b 18 48 8b
0x00007ffea2b5a37e:   43 20 48 c1 ef 03 48 d3 ef 40 0f b6 cf 48 8b d7
0x00007ffea2b5a38e:   48 c1 ea 06 80 e1 3f 4c 8d 04 d0 ba 01 00 00 00
0x00007ffea2b5a39e:   49 8b 00 48 d3 e2 48 8b c8 48 0b ca 48 3b c8 74
0x00007ffea2b5a3ae:   13 90 f0 49 0f b1 08 74 18 48 8b c8 48 0b ca 48
0x00007ffea2b5a3be:   3b c8 75 ee 32 c0 48 8b 5c 24 30 48 83 c4 20 5f
0x00007ffea2b5a3ce:   c3 48 8b 5c 24 30 b0 01 48 83 c4 20 5f c3 cc cc
0x00007ffea2b5a3de:   cc cc 48 89 5c 24 08 57 48 83 ec 20 4c 8b 41 30
0x00007ffea2b5a3ee:   48 8b da 48 8b f9 45 8b 88 80 00 00 00 41 8b 80
0x00007ffea2b5a3fe:   00 01 00 00 41 8b d1 2b d0 81 e2 ff ff 01 00 81
0x00007ffea2b5a40e:   fa fe ff 01 00 73 26 49 8b 80 80 01 00 00 4a 89
0x00007ffea2b5a41e:   1c c8 41 8d 41 01 25 ff ff 01 00 41 89 80 80 00
0x00007ffea2b5a42e:   00 00 48 8b 5c 24 30 48 83 c4 20 5f c3 e8 e0 b1
0x00007ffea2b5a43e:   01 00 48 8b 57 30 44 8b 82 80 00 00 00 8b 82 00
0x00007ffea2b5a44e:   01 00 00 41 8b c8 2b c8 81 e1 ff ff 01 00 81 f9
0x00007ffea2b5a45e:   fe ff 01 00 73 1a 48 8b 82 80 01 00 00 4a 89 1c
0x00007ffea2b5a46e:   c0 41 8d 40 01 25 ff ff 01 00 89 82 80 00 00 00
0x00007ffea2b5a47e:   48 8b 5c 24 30 48 83 c4 20 5f c3 cc cc cc cc cc
0x00007ffea2b5a48e:   cc cc 48 89 5c 24 08 57 48 83 ec 20 48 8b 79 08 


Stack slot to memory mapping:

stack at sp + 0 slots: 0x00000000000000ac is an unknown value
stack at sp + 1 slots: 0x00007ffea2efc362 jvm.dll
stack at sp + 2 slots: 0x0000022111524980 points into unknown readable memory: 0x00000039a49ff3a0 | a0 f3 9f a4 39 00 00 00
stack at sp + 3 slots: 0x00007ffea2b81c02 jvm.dll
stack at sp + 4 slots: 0x00000039a6efd500 is pointing into the stack for thread: 0x000002211152abf0
stack at sp + 5 slots: 0x00007ffea2b81c99 jvm.dll
stack at sp + 6 slots: 0x00000039a6efd500 is pointing into the stack for thread: 0x000002211152abf0
stack at sp + 7 slots: 0x00000039a61fe6e0 points into unknown readable memory: 0x00000039a6efd4e8 | e8 d4 ef a6 39 00 00 00


---------------  P R O C E S S  ---------------

Threads class SMR info:
_java_thread_list=0x000002211176d450, length=31, elements={
0x00000220c7e34ba0, 0x00000220c7e355f0, 0x00000220c7e3aa00, 0x00000220c7e3b450,
0x00000220c7e3ceb0, 0x00000220c7e40320, 0x00000220c7e4c390, 0x00000220c83ab420,
0x00000220c83ff830, 0x00000220c8425390, 0x00000220c8425a10, 0x000002210e1889f0,
0x000002210e32a2c0, 0x000002210e32e3d0, 0x000002210e3bcea0, 0x000002210e890330,
0x000002210e930f60, 0x000002210e932310, 0x000002210e9329a0, 0x000002211034b550,
0x000002211034e9d0, 0x000002211034dcb0, 0x000002211152b280, 0x00000221115291b0,
0x000002211152abf0, 0x0000022111527e00, 0x0000022111528b20, 0x00000221103480d0,
0x0000022110348df0, 0x0000022111529ed0, 0x00000221115b3ca0
}

Java Threads: ( => current thread )
  0x00000220c7e34ba0 JavaThread "Reference Handler"          daemon [_thread_blocked, id=23708, stack(0x00000039a4a00000,0x00000039a4b00000) (1024K)]
  0x00000220c7e355f0 JavaThread "Finalizer"                  daemon [_thread_blocked, id=23276, stack(0x00000039a4b00000,0x00000039a4c00000) (1024K)]
  0x00000220c7e3aa00 JavaThread "Signal Dispatcher"          daemon [_thread_blocked, id=22016, stack(0x00000039a4c00000,0x00000039a4d00000) (1024K)]
  0x00000220c7e3b450 JavaThread "Attach Listener"            daemon [_thread_blocked, id=15352, stack(0x00000039a4d00000,0x00000039a4e00000) (1024K)]
  0x00000220c7e3ceb0 JavaThread "Service Thread"             daemon [_thread_blocked, id=7184, stack(0x00000039a4e00000,0x00000039a4f00000) (1024K)]
  0x00000220c7e40320 JavaThread "Monitor Deflation Thread"   daemon [_thread_blocked, id=15820, stack(0x00000039a4f00000,0x00000039a5000000) (1024K)]
  0x00000220c7e4c390 JavaThread "C1 CompilerThread0"         daemon [_thread_blocked, id=21332, stack(0x00000039a5000000,0x00000039a5100000) (1024K)]
  0x00000220c83ab420 JavaThread "Common-Cleaner"             daemon [_thread_blocked, id=23364, stack(0x00000039a5100000,0x00000039a5200000) (1024K)]
  0x00000220c83ff830 JavaThread "JDWP Transport Listener: dt_socket" daemon [_thread_blocked, id=16396, stack(0x00000039a5300000,0x00000039a5400000) (1024K)]
  0x00000220c8425390 JavaThread "JDWP Event Helper Thread"   daemon [_thread_blocked, id=7752, stack(0x00000039a5400000,0x00000039a5500000) (1024K)]
  0x00000220c8425a10 JavaThread "JDWP Command Reader"        daemon [_thread_in_native, id=18580, stack(0x00000039a5500000,0x00000039a5600000) (1024K)]
  0x000002210e1889f0 JavaThread "Notification Thread"        daemon [_thread_blocked, id=24944, stack(0x00000039a5600000,0x00000039a5700000) (1024K)]
  0x000002210e32a2c0 JavaThread "RMI TCP Accept-0"           daemon [_thread_in_native, id=5540, stack(0x00000039a5900000,0x00000039a5a00000) (1024K)]
  0x000002210e32e3d0 JavaThread "RMI TCP Accept-7238"        daemon [_thread_in_native, id=16632, stack(0x00000039a5a00000,0x00000039a5b00000) (1024K)]
  0x000002210e3bcea0 JavaThread "RMI TCP Accept-0"           daemon [_thread_in_native, id=21820, stack(0x00000039a6200000,0x00000039a6300000) (1024K)]
  0x000002210e890330 JavaThread "RMI Scheduler(0)"           daemon [_thread_blocked, id=2884, stack(0x00000039a6600000,0x00000039a6700000) (1024K)]
  0x000002210e930f60 JavaThread "RMI TCP Connection(108)-127.0.0.1" daemon [_thread_in_native, id=8780, stack(0x00000039a6700000,0x00000039a6800000) (1024K)]
  0x000002210e932310 JavaThread "JMX server connection timeout 41" daemon [_thread_blocked, id=8112, stack(0x00000039a6800000,0x00000039a6900000) (1024K)]
  0x000002210e9329a0 JavaThread "mysql-cj-abandoned-connection-cleanup" daemon [_thread_blocked, id=25228, stack(0x00000039a6d00000,0x00000039a6e00000) (1024K)]
  0x000002211034b550 JavaThread "Live Reload Server"         daemon [_thread_in_native, id=26584, stack(0x00000039a7300000,0x00000039a7400000) (1024K)]
  0x000002211034e9d0 JavaThread "DestroyJavaVM"                     [_thread_blocked, id=22004, stack(0x00000039a4200000,0x00000039a4300000) (1024K)]
  0x000002211034dcb0 JavaThread "http-nio-9090-exec-5"       daemon [_thread_blocked, id=21336, stack(0x00000039a7100000,0x00000039a7200000) (1024K)]
  0x000002211152b280 JavaThread "http-nio-9090-exec-4"       daemon [_thread_blocked, id=8944, stack(0x00000039a7400000,0x00000039a7500000) (1024K)]
  0x00000221115291b0 JavaThread "http-nio-9090-exec-2"       daemon [_thread_blocked, id=25032, stack(0x00000039a6b00000,0x00000039a6c00000) (1024K)]
  0x000002211152abf0 JavaThread "http-nio-9090-exec-3"       daemon [_thread_blocked, id=16988, stack(0x00000039a6e00000,0x00000039a6f00000) (1024K)]
  0x0000022111527e00 JavaThread "http-nio-9090-exec-6"       daemon [_thread_blocked, id=23884, stack(0x00000039a7600000,0x00000039a7700000) (1024K)]
  0x0000022111528b20 JavaThread "http-nio-9090-exec-1"       daemon [_thread_blocked, id=11100, stack(0x00000039a6c00000,0x00000039a6d00000) (1024K)]
  0x00000221103480d0 JavaThread "Catalina-utility-1"                [_thread_blocked, id=20524, stack(0x00000039a5200000,0x00000039a5300000) (1024K)]
  0x0000022110348df0 JavaThread "Catalina-utility-2"                [_thread_blocked, id=26536, stack(0x00000039a5700000,0x00000039a5800000) (1024K)]
  0x0000022111529ed0 JavaThread "Thread-135"                        [_thread_blocked, id=14152, stack(0x00000039a3f00000,0x00000039a4000000) (1024K)]
  0x00000221115b3ca0 JavaThread "C1 CompilerThread1"         daemon [_thread_blocked, id=352, stack(0x00000039a6300000,0x00000039a6400000) (1024K)]
Total: 31

Other Threads:
  0x00000220c7e17c30 VMThread "VM Thread"                           [id=23784, stack(0x00000039a4900000,0x00000039a4a00000) (1024K)]
  0x00000220c7e085f0 WatcherThread "VM Periodic Task Thread"        [id=26052, stack(0x00000039a4800000,0x00000039a4900000) (1024K)]
  0x00000220bc70f650 WorkerThread "GC Thread#0"                     [id=17428, stack(0x00000039a4300000,0x00000039a4400000) (1024K)]
  0x000002210e3698c0 WorkerThread "GC Thread#1"                     [id=21048, stack(0x00000039a5b00000,0x00000039a5c00000) (1024K)]
  0x000002210e378910 WorkerThread "GC Thread#2"                     [id=18608, stack(0x00000039a5c00000,0x00000039a5d00000) (1024K)]
  0x000002210e378cb0 WorkerThread "GC Thread#3"                     [id=18308, stack(0x00000039a5d00000,0x00000039a5e00000) (1024K)]
  0x000002210e379050 WorkerThread "GC Thread#4"                     [id=22048, stack(0x00000039a5e00000,0x00000039a5f00000) (1024K)]
  0x000002210e3793f0 WorkerThread "GC Thread#5"                     [id=11480, stack(0x00000039a5f00000,0x00000039a6000000) (1024K)]
  0x000002210e379790 WorkerThread "GC Thread#6"                     [id=8840, stack(0x00000039a6000000,0x00000039a6100000) (1024K)]
=>0x000002210e379b30 WorkerThread "GC Thread#7"                     [id=22860, stack(0x00000039a6100000,0x00000039a6200000) (1024K)]
  0x00000220bc71fcc0 ConcurrentGCThread "G1 Main Marker"            [id=15084, stack(0x00000039a4400000,0x00000039a4500000) (1024K)]
  0x00000220bc722500 WorkerThread "G1 Conc#0"                       [id=10064, stack(0x00000039a4500000,0x00000039a4600000) (1024K)]
  0x000002210e90d780 WorkerThread "G1 Conc#1"                       [id=16928, stack(0x00000039a6a00000,0x00000039a6b00000) (1024K)]
  0x00000220c7cd3460 ConcurrentGCThread "G1 Refine#0"               [id=24020, stack(0x00000039a4600000,0x00000039a4700000) (1024K)]
  0x00000220c7cd6ca0 ConcurrentGCThread "G1 Service"                [id=24096, stack(0x00000039a4700000,0x00000039a4800000) (1024K)]
Total: 15

Threads with active compile tasks:
Total: 0

VM state: at safepoint (normal execution)

VM Mutex/Monitor currently owned by a thread:  ([mutex/lock_event])
[0x00007ffea34ee308] Threads_lock - owner thread: 0x00000220c7e17c30
[0x00007ffea34ee408] Heap_lock - owner thread: 0x0000022111529ed0

Heap address: 0x0000000084400000, size: 1980 MB, Compressed Oops mode: 32-bit

CDS archive(s) mapped at: [0x00000220c9000000-0x00000220c9c80000-0x00000220c9c80000), size 13107200, SharedBaseAddress: 0x00000220c9000000, ArchiveRelocationMode: 1.
Compressed class space mapped at: 0x00000220ca000000-0x000002210a000000, reserved size: 1073741824
Narrow klass base: 0x00000220c9000000, Narrow klass shift: 0, Narrow klass range: 0x100000000

GC Precious Log:
 CardTable entry size: 512
 Card Set container configuration: InlinePtr #cards 5 size 8 Array Of Cards #cards 12 size 40 Howl #buckets 4 coarsen threshold 1843 Howl Bitmap #cards 512 size 80 coarsen threshold 460 Card regions per heap region 1 cards per card region 2048
 CPUs: 8 total, 8 available
 Memory: 7914M
 Large Page Support: Disabled
 NUMA Support: Disabled
 Compressed Oops: Enabled (32-bit)
 Heap Region Size: 1M
 Heap Min Capacity: 8M
 Heap Initial Capacity: 124M
 Heap Max Capacity: 1980M
 Pre-touch: Disabled
 Parallel Workers: 8
 Concurrent Workers: 2
 Concurrent Refinement Workers: 8
 Periodic GC: Disabled

Heap:
 garbage-first heap   total 106496K, used 75714K [0x0000000084400000, 0x0000000100000000)
  region size 1024K, 34 young (34816K), 6 survivors (6144K)
 Metaspace       used 86763K, committed 88000K, reserved 1179648K
  class space    used 11739K, committed 12288K, reserved 1048576K

Heap Regions: E=young(eden), S=young(survivor), O=old, HS=humongous(starts), HC=humongous(continues), CS=collection set, F=free, TAMS=top-at-mark-start, PB=parsable bottom
|   0|0x0000000084400000, 0x0000000084500000, 0x0000000084500000|100%|HS|  |TAMS 0x0000000084400000| PB 0x0000000084500000| Untracked 
|   1|0x0000000084500000, 0x0000000084600000, 0x0000000084600000|100%|HS|  |TAMS 0x0000000084500000| PB 0x0000000084600000| Untracked 
|   2|0x0000000084600000, 0x0000000084700000, 0x0000000084700000|100%| O|  |TAMS 0x0000000084600000| PB 0x0000000084700000| Untracked 
|   3|0x0000000084700000, 0x00000000847ffff0, 0x0000000084800000| 99%| O|  |TAMS 0x0000000084700000| PB 0x00000000847ffff0| Untracked 
|   4|0x0000000084800000, 0x00000000848fffe0, 0x0000000084900000| 99%| O|  |TAMS 0x0000000084800000| PB 0x00000000848fffe0| Untracked 
|   5|0x0000000084900000, 0x00000000849fffe0, 0x0000000084a00000| 99%| O|  |TAMS 0x0000000084900000| PB 0x00000000849fffe0| Untracked 
|   6|0x0000000084a00000, 0x0000000084b00000, 0x0000000084b00000|100%| O|  |TAMS 0x0000000084a00000| PB 0x0000000084b00000| Untracked 
|   7|0x0000000084b00000, 0x0000000084bfffb8, 0x0000000084c00000| 99%| O|  |TAMS 0x0000000084b00000| PB 0x0000000084bfffb8| Untracked 
|   8|0x0000000084c00000, 0x0000000084d00000, 0x0000000084d00000|100%| O|  |TAMS 0x0000000084c00000| PB 0x0000000084d00000| Untracked 
|   9|0x0000000084d00000, 0x0000000084dfffb8, 0x0000000084e00000| 99%| O|  |TAMS 0x0000000084d00000| PB 0x0000000084dfffb8| Untracked 
|  10|0x0000000084e00000, 0x0000000084efffb8, 0x0000000084f00000| 99%| O|  |TAMS 0x0000000084e00000| PB 0x0000000084efffb8| Untracked 
|  11|0x0000000084f00000, 0x0000000084fffff8, 0x0000000085000000| 99%| O|  |TAMS 0x0000000084f00000| PB 0x0000000084fffff8| Untracked 
|  12|0x0000000085000000, 0x00000000850ffff0, 0x0000000085100000| 99%| O|  |TAMS 0x0000000085000000| PB 0x00000000850ffff0| Untracked 
|  13|0x0000000085100000, 0x00000000851ff168, 0x0000000085200000| 99%| O|  |TAMS 0x0000000085100000| PB 0x00000000851ff168| Untracked 
|  14|0x0000000085200000, 0x00000000852ffff0, 0x0000000085300000| 99%| O|  |TAMS 0x0000000085200000| PB 0x00000000852ffff0| Untracked 
|  15|0x0000000085300000, 0x00000000853fffe0, 0x0000000085400000| 99%| O|  |TAMS 0x0000000085300000| PB 0x00000000853fffe0| Untracked 
|  16|0x0000000085400000, 0x00000000854fffd8, 0x0000000085500000| 99%| O|  |TAMS 0x0000000085400000| PB 0x00000000854fffd8| Untracked 
|  17|0x0000000085500000, 0x0000000085600000, 0x0000000085600000|100%| O|  |TAMS 0x0000000085500000| PB 0x0000000085600000| Untracked 
|  18|0x0000000085600000, 0x00000000856fffe8, 0x0000000085700000| 99%| O|  |TAMS 0x0000000085600000| PB 0x00000000856fffe8| Untracked 
|  19|0x0000000085700000, 0x0000000085800000, 0x0000000085800000|100%| O|  |TAMS 0x0000000085700000| PB 0x0000000085800000| Untracked 
|  20|0x0000000085800000, 0x00000000858fffe0, 0x0000000085900000| 99%| O|  |TAMS 0x0000000085800000| PB 0x00000000858fffe0| Untracked 
|  21|0x0000000085900000, 0x00000000859ffff0, 0x0000000085a00000| 99%| O|  |TAMS 0x0000000085900000| PB 0x00000000859ffff0| Untracked 
|  22|0x0000000085a00000, 0x0000000085affff0, 0x0000000085b00000| 99%| O|  |TAMS 0x0000000085a00000| PB 0x0000000085affff0| Untracked 
|  23|0x0000000085b00000, 0x0000000085bfffe0, 0x0000000085c00000| 99%| O|  |TAMS 0x0000000085b00000| PB 0x0000000085bfffe0| Untracked 
|  24|0x0000000085c00000, 0x0000000085cffff8, 0x0000000085d00000| 99%| O|  |TAMS 0x0000000085c00000| PB 0x0000000085cffff8| Untracked 
|  25|0x0000000085d00000, 0x0000000085dfffd8, 0x0000000085e00000| 99%| O|  |TAMS 0x0000000085d00000| PB 0x0000000085dfffd8| Untracked 
|  26|0x0000000085e00000, 0x0000000085efffe0, 0x0000000085f00000| 99%| O|  |TAMS 0x0000000085e00000| PB 0x0000000085efffe0| Untracked 
|  27|0x0000000085f00000, 0x0000000086000000, 0x0000000086000000|100%| O|  |TAMS 0x0000000085f00000| PB 0x0000000086000000| Untracked 
|  28|0x0000000086000000, 0x00000000860fffe8, 0x0000000086100000| 99%| O|  |TAMS 0x0000000086000000| PB 0x00000000860fffe8| Untracked 
|  29|0x0000000086100000, 0x00000000861ffff8, 0x0000000086200000| 99%| O|  |TAMS 0x0000000086100000| PB 0x00000000861ffff8| Untracked 
|  30|0x0000000086200000, 0x00000000862fffa8, 0x0000000086300000| 99%| O|  |TAMS 0x0000000086200000| PB 0x00000000862fffa8| Untracked 
|  31|0x0000000086300000, 0x00000000863ffff0, 0x0000000086400000| 99%| O|  |TAMS 0x0000000086300000| PB 0x00000000863ffff0| Untracked 
|  32|0x0000000086400000, 0x00000000864ffe58, 0x0000000086500000| 99%| O|  |TAMS 0x0000000086400000| PB 0x00000000864ffe58| Untracked 
|  33|0x0000000086500000, 0x00000000865ffff0, 0x0000000086600000| 99%| O|  |TAMS 0x0000000086500000| PB 0x00000000865ffff0| Untracked 
|  34|0x0000000086600000, 0x000000008664ce80, 0x0000000086700000| 30%| O|  |TAMS 0x0000000086600000| PB 0x000000008664ce80| Untracked 
|  35|0x0000000086700000, 0x00000000867fffe0, 0x0000000086800000| 99%| O|  |TAMS 0x0000000086700000| PB 0x00000000867fffe0| Untracked 
|  36|0x0000000086800000, 0x00000000868fde28, 0x0000000086900000| 99%| O|  |TAMS 0x0000000086800000| PB 0x00000000868fde28| Untracked 
|  37|0x0000000086900000, 0x0000000086a00000, 0x0000000086a00000|100%| O|  |TAMS 0x0000000086900000| PB 0x0000000086a00000| Untracked 
|  38|0x0000000086a00000, 0x0000000086affc28, 0x0000000086b00000| 99%| O|  |TAMS 0x0000000086a00000| PB 0x0000000086affc28| Untracked 
|  39|0x0000000086b00000, 0x0000000086bffff8, 0x0000000086c00000| 99%| O|  |TAMS 0x0000000086b00000| PB 0x0000000086bffff8| Untracked 
|  40|0x0000000086c00000, 0x0000000086c7ded8, 0x0000000086d00000| 49%| O|  |TAMS 0x0000000086c00000| PB 0x0000000086c7ded8| Untracked 
|  41|0x0000000086d00000, 0x0000000086d1c880, 0x0000000086e00000| 11%| O|  |TAMS 0x0000000086d00000| PB 0x0000000086d1c880| Untracked 
|  42|0x0000000086e00000, 0x0000000086e6fd28, 0x0000000086f00000| 43%| O|  |TAMS 0x0000000086e00000| PB 0x0000000086e6fd28| Untracked 
|  43|0x0000000086f00000, 0x0000000086f00000, 0x0000000087000000|  0%| F|  |TAMS 0x0000000086f00000| PB 0x0000000086f00000| Untracked 
|  44|0x0000000087000000, 0x000000008702e380, 0x0000000087100000| 18%| O|  |TAMS 0x0000000087000000| PB 0x000000008702e380| Untracked 
|  45|0x0000000087100000, 0x0000000087100000, 0x0000000087200000|  0%| F|  |TAMS 0x0000000087100000| PB 0x0000000087100000| Untracked 
|  46|0x0000000087200000, 0x0000000087200000, 0x0000000087300000|  0%| F|  |TAMS 0x0000000087200000| PB 0x0000000087200000| Untracked 
|  47|0x0000000087300000, 0x0000000087300000, 0x0000000087400000|  0%| F|  |TAMS 0x0000000087300000| PB 0x0000000087300000| Untracked 
|  48|0x0000000087400000, 0x0000000087400000, 0x0000000087500000|  0%| F|  |TAMS 0x0000000087400000| PB 0x0000000087400000| Untracked 
|  49|0x0000000087500000, 0x0000000087500000, 0x0000000087600000|  0%| F|  |TAMS 0x0000000087500000| PB 0x0000000087500000| Untracked 
|  50|0x0000000087600000, 0x00000000876fa7f0, 0x0000000087700000| 97%| S|  |TAMS 0x0000000087600000| PB 0x00000000876fa7f0| Complete 
|  51|0x0000000087700000, 0x0000000087800000, 0x0000000087800000|100%| S|  |TAMS 0x0000000087700000| PB 0x0000000087800000| Complete 
|  52|0x0000000087800000, 0x0000000087900000, 0x0000000087900000|100%| S|  |TAMS 0x0000000087800000| PB 0x0000000087900000| Complete 
|  53|0x0000000087900000, 0x0000000087a00000, 0x0000000087a00000|100%| S|  |TAMS 0x0000000087900000| PB 0x0000000087a00000| Complete 
|  54|0x0000000087a00000, 0x0000000087b00000, 0x0000000087b00000|100%| S|  |TAMS 0x0000000087a00000| PB 0x0000000087b00000| Complete 
|  55|0x0000000087b00000, 0x0000000087c00000, 0x0000000087c00000|100%| S|  |TAMS 0x0000000087b00000| PB 0x0000000087c00000| Complete 
|  56|0x0000000087c00000, 0x0000000087c00000, 0x0000000087d00000|  0%| F|  |TAMS 0x0000000087c00000| PB 0x0000000087c00000| Untracked 
|  57|0x0000000087d00000, 0x0000000087d00000, 0x0000000087e00000|  0%| F|  |TAMS 0x0000000087d00000| PB 0x0000000087d00000| Untracked 
|  58|0x0000000087e00000, 0x0000000087e00000, 0x0000000087f00000|  0%| F|  |TAMS 0x0000000087e00000| PB 0x0000000087e00000| Untracked 
|  59|0x0000000087f00000, 0x0000000087f00000, 0x0000000088000000|  0%| F|  |TAMS 0x0000000087f00000| PB 0x0000000087f00000| Untracked 
|  60|0x0000000088000000, 0x0000000088000000, 0x0000000088100000|  0%| F|  |TAMS 0x0000000088000000| PB 0x0000000088000000| Untracked 
|  61|0x0000000088100000, 0x0000000088100000, 0x0000000088200000|  0%| F|  |TAMS 0x0000000088100000| PB 0x0000000088100000| Untracked 
|  62|0x0000000088200000, 0x0000000088200000, 0x0000000088300000|  0%| F|  |TAMS 0x0000000088200000| PB 0x0000000088200000| Untracked 
|  63|0x0000000088300000, 0x0000000088300000, 0x0000000088400000|  0%| F|  |TAMS 0x0000000088300000| PB 0x0000000088300000| Untracked 
|  64|0x0000000088400000, 0x0000000088400000, 0x0000000088500000|  0%| F|  |TAMS 0x0000000088400000| PB 0x0000000088400000| Untracked 
|  65|0x0000000088500000, 0x0000000088500000, 0x0000000088600000|  0%| F|  |TAMS 0x0000000088500000| PB 0x0000000088500000| Untracked 
|  66|0x0000000088600000, 0x0000000088600000, 0x0000000088700000|  0%| F|  |TAMS 0x0000000088600000| PB 0x0000000088600000| Untracked 
|  67|0x0000000088700000, 0x0000000088700000, 0x0000000088800000|  0%| F|  |TAMS 0x0000000088700000| PB 0x0000000088700000| Untracked 
|  68|0x0000000088800000, 0x0000000088800000, 0x0000000088900000|  0%| F|  |TAMS 0x0000000088800000| PB 0x0000000088800000| Untracked 
|  69|0x0000000088900000, 0x0000000088900000, 0x0000000088a00000|  0%| F|  |TAMS 0x0000000088900000| PB 0x0000000088900000| Untracked 
|  70|0x0000000088a00000, 0x0000000088a00000, 0x0000000088b00000|  0%| F|  |TAMS 0x0000000088a00000| PB 0x0000000088a00000| Untracked 
|  71|0x0000000088b00000, 0x0000000088b00000, 0x0000000088c00000|  0%| F|  |TAMS 0x0000000088b00000| PB 0x0000000088b00000| Untracked 
|  72|0x0000000088c00000, 0x0000000088c00000, 0x0000000088d00000|  0%| F|  |TAMS 0x0000000088c00000| PB 0x0000000088c00000| Untracked 
|  73|0x0000000088d00000, 0x0000000088d00000, 0x0000000088e00000|  0%| F|  |TAMS 0x0000000088d00000| PB 0x0000000088d00000| Untracked 
|  74|0x0000000088e00000, 0x0000000088e00000, 0x0000000088f00000|  0%| F|  |TAMS 0x0000000088e00000| PB 0x0000000088e00000| Untracked 
|  75|0x0000000088f00000, 0x0000000088f00000, 0x0000000089000000|  0%| F|  |TAMS 0x0000000088f00000| PB 0x0000000088f00000| Untracked 
|  76|0x0000000089000000, 0x0000000089074310, 0x0000000089100000| 45%| E|  |TAMS 0x0000000089000000| PB 0x0000000089074310| Complete 
|  77|0x0000000089100000, 0x0000000089200000, 0x0000000089200000|100%| E|  |TAMS 0x0000000089100000| PB 0x0000000089200000| Complete 
|  78|0x0000000089200000, 0x0000000089300000, 0x0000000089300000|100%| E|  |TAMS 0x0000000089200000| PB 0x0000000089300000| Complete 
|  79|0x0000000089300000, 0x0000000089400000, 0x0000000089400000|100%| E|  |TAMS 0x0000000089300000| PB 0x0000000089400000| Complete 
|  80|0x0000000089400000, 0x0000000089500000, 0x0000000089500000|100%| E|  |TAMS 0x0000000089400000| PB 0x0000000089500000| Complete 
|  81|0x0000000089500000, 0x0000000089600000, 0x0000000089600000|100%| E|  |TAMS 0x0000000089500000| PB 0x0000000089600000| Complete 
|  82|0x0000000089600000, 0x0000000089700000, 0x0000000089700000|100%| E|  |TAMS 0x0000000089600000| PB 0x0000000089700000| Complete 
|  83|0x0000000089700000, 0x0000000089800000, 0x0000000089800000|100%| E|  |TAMS 0x0000000089700000| PB 0x0000000089800000| Complete 
|  84|0x0000000089800000, 0x0000000089900000, 0x0000000089900000|100%| E|  |TAMS 0x0000000089800000| PB 0x0000000089900000| Complete 
|  85|0x0000000089900000, 0x0000000089a00000, 0x0000000089a00000|100%| E|  |TAMS 0x0000000089900000| PB 0x0000000089a00000| Complete 
|  86|0x0000000089a00000, 0x0000000089b00000, 0x0000000089b00000|100%| E|  |TAMS 0x0000000089a00000| PB 0x0000000089b00000| Complete 
|  87|0x0000000089b00000, 0x0000000089c00000, 0x0000000089c00000|100%| E|  |TAMS 0x0000000089b00000| PB 0x0000000089c00000| Complete 
|  88|0x0000000089c00000, 0x0000000089d00000, 0x0000000089d00000|100%| E|  |TAMS 0x0000000089c00000| PB 0x0000000089d00000| Complete 
|  89|0x0000000089d00000, 0x0000000089e00000, 0x0000000089e00000|100%| E|  |TAMS 0x0000000089d00000| PB 0x0000000089e00000| Complete 
|  90|0x0000000089e00000, 0x0000000089f00000, 0x0000000089f00000|100%| E|  |TAMS 0x0000000089e00000| PB 0x0000000089f00000| Complete 
|  91|0x0000000089f00000, 0x000000008a000000, 0x000000008a000000|100%| E|  |TAMS 0x0000000089f00000| PB 0x000000008a000000| Complete 
|  92|0x000000008a000000, 0x000000008a100000, 0x000000008a100000|100%| E|  |TAMS 0x000000008a000000| PB 0x000000008a100000| Complete 
|  93|0x000000008a100000, 0x000000008a200000, 0x000000008a200000|100%| E|  |TAMS 0x000000008a100000| PB 0x000000008a200000| Complete 
|  94|0x000000008a200000, 0x000000008a300000, 0x000000008a300000|100%| E|  |TAMS 0x000000008a200000| PB 0x000000008a300000| Complete 
|  95|0x000000008a300000, 0x000000008a400000, 0x000000008a400000|100%| E|  |TAMS 0x000000008a300000| PB 0x000000008a400000| Complete 
|  96|0x000000008a400000, 0x000000008a500000, 0x000000008a500000|100%| E|  |TAMS 0x000000008a400000| PB 0x000000008a500000| Complete 
|  97|0x000000008a500000, 0x000000008a600000, 0x000000008a600000|100%| E|  |TAMS 0x000000008a500000| PB 0x000000008a600000| Complete 
|  98|0x000000008a600000, 0x000000008a700000, 0x000000008a700000|100%| E|  |TAMS 0x000000008a600000| PB 0x000000008a700000| Complete 
|  99|0x000000008a700000, 0x000000008a800000, 0x000000008a800000|100%| E|  |TAMS 0x000000008a700000| PB 0x000000008a800000| Complete 
| 100|0x000000008a800000, 0x000000008a900000, 0x000000008a900000|100%| E|  |TAMS 0x000000008a800000| PB 0x000000008a900000| Complete 
| 121|0x000000008bd00000, 0x000000008be00000, 0x000000008be00000|100%| E|  |TAMS 0x000000008bd00000| PB 0x000000008be00000| Complete 
| 122|0x000000008be00000, 0x000000008bf00000, 0x000000008bf00000|100%| E|  |TAMS 0x000000008be00000| PB 0x000000008bf00000| Complete 
| 123|0x000000008bf00000, 0x000000008c000000, 0x000000008c000000|100%| E|  |TAMS 0x000000008bf00000| PB 0x000000008c000000| Complete 

Card table byte_map: [0x00000220c3540000,0x00000220c3920000] _byte_map_base: 0x00000220c311e000

Marking Bits: (CMBitMap*) 0x00000220bc70fc60
 Bits: [0x00000220c3920000, 0x00000220c5810000)

Polling page: 0x00000220ba730000

Metaspace:

Usage:
  Non-class:     73.27 MB used.
      Class:     11.46 MB used.
       Both:     84.73 MB used.

Virtual space:
  Non-class space:      128.00 MB reserved,      73.94 MB ( 58%) committed,  2 nodes.
      Class space:        1.00 GB reserved,      12.00 MB (  1%) committed,  1 nodes.
             Both:        1.12 GB reserved,      85.94 MB (  7%) committed. 

Chunk freelists:
   Non-Class:  5.14 MB
       Class:  3.92 MB
        Both:  9.06 MB

MaxMetaspaceSize: unlimited
CompressedClassSpaceSize: 1.00 GB
Initial GC threshold: 21.00 MB
Current GC threshold: 143.44 MB
CDS: on
 - commit_granule_bytes: 65536.
 - commit_granule_words: 8192.
 - virtual_space_node_default_size: 8388608.
 - enlarge_chunks_in_place: 1.
 - use_allocation_guard: 0.


Internal statistics:

num_allocs_failed_limit: 6.
num_arena_births: 2970.
num_arena_deaths: 1554.
num_vsnodes_births: 3.
num_vsnodes_deaths: 0.
num_space_committed: 1399.
num_space_uncommitted: 16.
num_chunks_returned_to_freelist: 2201.
num_chunks_taken_from_freelist: 7337.
num_chunk_merges: 376.
num_chunk_splits: 4088.
num_chunks_enlarged: 2909.
num_inconsistent_stats: 0.

CodeCache: size=49152Kb used=27346Kb max_used=28250Kb free=21805Kb
 bounds [0x00000220c0050000, 0x00000220c1c50000, 0x00000220c3050000]
 total_blobs=13729 nmethods=12947 adapters=704
 compilation: enabled
              stopped_count=0, restarted_count=0
 full_count=0

Compilation events (20 events):
Event: 6302.168 Thread 0x00000221115b3ca0 nmethod 19319 0x00000220c18f0b10 code [0x00000220c18f0cc0, 0x00000220c18f0ef0]
Event: 6302.168 Thread 0x00000221115b3ca0 19320       1       sun.net.spi.DefaultProxySelector$3::run (5 bytes)
Event: 6302.168 Thread 0x00000221115b3ca0 nmethod 19320 0x00000220c18f0790 code [0x00000220c18f0940, 0x00000220c18f0a30]
Event: 6302.168 Thread 0x00000221115b3ca0 19321   !   1       sun.nio.ch.NioSocketImpl::connect (301 bytes)
Event: 6302.170 Thread 0x00000220c7e4c390 nmethod 19318 0x00000220c18ee910 code [0x00000220c18eece0, 0x00000220c18efc58]
Event: 6302.170 Thread 0x00000220c7e4c390 19322   !   1       sun.nio.ch.NioSocketImpl::beginConnect (151 bytes)
Event: 6302.170 Thread 0x00000221115b3ca0 nmethod 19321 0x00000220c18ecf10 code [0x00000220c18ed240, 0x00000220c18edd08]
Event: 6302.171 Thread 0x00000221115b3ca0 19323       1       sun.net.NetHooks::beforeTcpConnect (1 bytes)
Event: 6302.171 Thread 0x00000220c7e4c390 nmethod 19322 0x00000220c18ec210 code [0x00000220c18ec420, 0x00000220c18ecb18]
Event: 6302.171 Thread 0x00000220c7e4c390 19324       1       sun.nio.ch.Net::connect (10 bytes)
Event: 6302.171 Thread 0x00000221115b3ca0 nmethod 19323 0x00000220c18ebf10 code [0x00000220c18ec0a0, 0x00000220c18ec148]
Event: 6302.171 Thread 0x00000221115b3ca0 19325       1       sun.nio.ch.Net::connect (41 bytes)
Event: 6302.171 Thread 0x00000220c7e4c390 nmethod 19324 0x00000220c18ebc10 code [0x00000220c18ebdc0, 0x00000220c18ebea8]
Event: 6302.171 Thread 0x00000220c7e4c390 19326   !   1       sun.nio.ch.NioSocketImpl::endConnect (90 bytes)
Event: 6302.172 Thread 0x00000221115b3ca0 nmethod 19325 0x00000220c18eb810 code [0x00000220c18eb9e0, 0x00000220c18ebb60]
Event: 6302.172 Thread 0x00000221115b3ca0 19327       1       java.util.concurrent.CountDownLatch::countDown (10 bytes)
Event: 6302.172 Thread 0x00000220c7e4c390 nmethod 19326 0x00000220c18eae10 code [0x00000220c18eb000, 0x00000220c18eb4b8]
Event: 6302.172 Thread 0x00000221115b3ca0 nmethod 19327 0x00000220c18eaa10 code [0x00000220c18eabc0, 0x00000220c18ead20]
Event: 6302.183 Thread 0x00000220c7e4c390 19328   !   1       org.apache.tomcat.util.res.StringManager::getString (40 bytes)
Event: 6302.183 Thread 0x00000220c7e4c390 nmethod 19328 0x00000220c18ea490 code [0x00000220c18ea660, 0x00000220c18ea898]

GC Heap History (20 events):
Event: 5572.106 GC heap after
{Heap after GC invocations=94 (full 29):
 garbage-first heap   total 106496K, used 46368K [0x0000000084400000, 0x0000000100000000)
  region size 1024K, 5 young (5120K), 5 survivors (5120K)
 Metaspace       used 85969K, committed 87552K, reserved 1179648K
  class space    used 11621K, committed 12288K, reserved 1048576K
}
Event: 5579.748 GC heap before
{Heap before GC invocations=94 (full 29):
 garbage-first heap   total 106496K, used 64800K [0x0000000084400000, 0x0000000100000000)
  region size 1024K, 24 young (24576K), 5 survivors (5120K)
 Metaspace       used 86045K, committed 87552K, reserved 1179648K
  class space    used 11628K, committed 12288K, reserved 1048576K
}
Event: 5579.822 GC heap after
{Heap after GC invocations=95 (full 30):
 garbage-first heap   total 106496K, used 41775K [0x0000000084400000, 0x0000000100000000)
  region size 1024K, 0 young (0K), 0 survivors (0K)
 Metaspace       used 85702K, committed 87424K, reserved 1179648K
  class space    used 11594K, committed 12288K, reserved 1048576K
}
Event: 5580.503 GC heap before
{Heap before GC invocations=95 (full 30):
 garbage-first heap   total 106496K, used 90927K [0x0000000084400000, 0x0000000100000000)
  region size 1024K, 49 young (50176K), 0 survivors (0K)
 Metaspace       used 85925K, committed 87424K, reserved 1179648K
  class space    used 11615K, committed 12288K, reserved 1048576K
}
Event: 5580.507 GC heap after
{Heap after GC invocations=96 (full 30):
 garbage-first heap   total 106496K, used 46421K [0x0000000084400000, 0x0000000100000000)
  region size 1024K, 5 young (5120K), 5 survivors (5120K)
 Metaspace       used 85925K, committed 87424K, reserved 1179648K
  class space    used 11615K, committed 12288K, reserved 1048576K
}
Event: 5690.554 GC heap before
{Heap before GC invocations=96 (full 30):
 garbage-first heap   total 106496K, used 78165K [0x0000000084400000, 0x0000000100000000)
  region size 1024K, 38 young (38912K), 5 survivors (5120K)
 Metaspace       used 86153K, committed 87552K, reserved 1179648K
  class space    used 11645K, committed 12288K, reserved 1048576K
}
Event: 5690.662 GC heap after
{Heap after GC invocations=97 (full 31):
 garbage-first heap   total 106496K, used 43324K [0x0000000084400000, 0x0000000100000000)
  region size 1024K, 0 young (0K), 0 survivors (0K)
 Metaspace       used 86150K, committed 87552K, reserved 1179648K
  class space    used 11645K, committed 12288K, reserved 1048576K
}
Event: 5691.124 GC heap before
{Heap before GC invocations=97 (full 31):
 garbage-first heap   total 106496K, used 91452K [0x0000000084400000, 0x0000000100000000)
  region size 1024K, 48 young (49152K), 0 survivors (0K)
 Metaspace       used 86360K, committed 87616K, reserved 1179648K
  class space    used 11666K, committed 12288K, reserved 1048576K
}
Event: 5691.128 GC heap after
{Heap after GC invocations=98 (full 31):
 garbage-first heap   total 106496K, used 47963K [0x0000000084400000, 0x0000000100000000)
  region size 1024K, 5 young (5120K), 5 survivors (5120K)
 Metaspace       used 86360K, committed 87616K, reserved 1179648K
  class space    used 11666K, committed 12288K, reserved 1048576K
}
Event: 5692.698 GC heap before
{Heap before GC invocations=98 (full 31):
 garbage-first heap   total 106496K, used 67419K [0x0000000084400000, 0x0000000100000000)
  region size 1024K, 25 young (25600K), 5 survivors (5120K)
 Metaspace       used 86480K, committed 87744K, reserved 1179648K
  class space    used 11676K, committed 12288K, reserved 1048576K
}
Event: 5692.782 GC heap after
{Heap after GC invocations=99 (full 32):
 garbage-first heap   total 106496K, used 44221K [0x0000000084400000, 0x0000000100000000)
  region size 1024K, 0 young (0K), 0 survivors (0K)
 Metaspace       used 86124K, committed 87616K, reserved 1179648K
  class space    used 11639K, committed 12288K, reserved 1048576K
}
Event: 5693.628 GC heap before
{Heap before GC invocations=99 (full 32):
 garbage-first heap   total 106496K, used 93373K [0x0000000084400000, 0x0000000100000000)
  region size 1024K, 48 young (49152K), 0 survivors (0K)
 Metaspace       used 86351K, committed 87616K, reserved 1179648K
  class space    used 11661K, committed 12288K, reserved 1048576K
}
Event: 5693.632 GC heap after
{Heap after GC invocations=100 (full 32):
 garbage-first heap   total 106496K, used 48839K [0x0000000084400000, 0x0000000100000000)
  region size 1024K, 5 young (5120K), 5 survivors (5120K)
 Metaspace       used 86351K, committed 87616K, reserved 1179648K
  class space    used 11661K, committed 12288K, reserved 1048576K
}
Event: 5939.686 GC heap before
{Heap before GC invocations=100 (full 32):
 garbage-first heap   total 106496K, used 91847K [0x0000000084400000, 0x0000000100000000)
  region size 1024K, 48 young (49152K), 5 survivors (5120K)
 Metaspace       used 86629K, committed 87872K, reserved 1179648K
  class space    used 11705K, committed 12288K, reserved 1048576K
}
Event: 5939.728 GC heap after
{Heap after GC invocations=101 (full 32):
 garbage-first heap   total 106496K, used 51308K [0x0000000084400000, 0x0000000100000000)
  region size 1024K, 4 young (4096K), 4 survivors (4096K)
 Metaspace       used 86629K, committed 87872K, reserved 1179648K
  class space    used 11705K, committed 12288K, reserved 1048576K
}
Event: 6222.230 GC heap before
{Heap before GC invocations=101 (full 32):
 garbage-first heap   total 106496K, used 63596K [0x0000000084400000, 0x0000000100000000)
  region size 1024K, 18 young (18432K), 4 survivors (4096K)
 Metaspace       used 86632K, committed 87872K, reserved 1179648K
  class space    used 11705K, committed 12288K, reserved 1048576K
}
Event: 6222.648 GC heap after
{Heap after GC invocations=102 (full 33):
 garbage-first heap   total 106496K, used 41479K [0x0000000084400000, 0x0000000100000000)
  region size 1024K, 0 young (0K), 0 survivors (0K)
 Metaspace       used 86242K, committed 87680K, reserved 1179648K
  class space    used 11660K, committed 12288K, reserved 1048576K
}
Event: 6224.226 GC heap before
{Heap before GC invocations=102 (full 33):
 garbage-first heap   total 106496K, used 89607K [0x0000000084400000, 0x0000000100000000)
  region size 1024K, 48 young (49152K), 0 survivors (0K)
 Metaspace       used 86486K, committed 87744K, reserved 1179648K
  class space    used 11711K, committed 12288K, reserved 1048576K
}
Event: 6224.235 GC heap after
{Heap after GC invocations=103 (full 33):
 garbage-first heap   total 106496K, used 47601K [0x0000000084400000, 0x0000000100000000)
  region size 1024K, 6 young (6144K), 6 survivors (6144K)
 Metaspace       used 86486K, committed 87744K, reserved 1179648K
  class space    used 11711K, committed 12288K, reserved 1048576K
}
Event: 6302.187 GC heap before
{Heap before GC invocations=103 (full 33):
 garbage-first heap   total 106496K, used 75249K [0x0000000084400000, 0x0000000100000000)
  region size 1024K, 34 young (34816K), 6 survivors (6144K)
 Metaspace       used 86763K, committed 88000K, reserved 1179648K
  class space    used 11739K, committed 12288K, reserved 1048576K
}

Dll operation events (12 events):
Event: 0.017 Loaded shared library C:\Users\dell\.p2\pool\plugins\org.eclipse.justj.openjdk.hotspot.jre.full.win32.x86_64_21.0.7.v20250502-0916\jre\bin\java.dll
Event: 0.073 Loaded shared library C:\Users\dell\.p2\pool\plugins\org.eclipse.justj.openjdk.hotspot.jre.full.win32.x86_64_21.0.7.v20250502-0916\jre\bin\zip.dll
Event: 0.228 Loaded shared library C:\Users\dell\.p2\pool\plugins\org.eclipse.justj.openjdk.hotspot.jre.full.win32.x86_64_21.0.7.v20250502-0916\jre\bin\instrument.dll
Event: 0.233 Loaded shared library C:\Users\dell\.p2\pool\plugins\org.eclipse.justj.openjdk.hotspot.jre.full.win32.x86_64_21.0.7.v20250502-0916\jre\bin\net.dll
Event: 0.235 Loaded shared library C:\Users\dell\.p2\pool\plugins\org.eclipse.justj.openjdk.hotspot.jre.full.win32.x86_64_21.0.7.v20250502-0916\jre\bin\nio.dll
Event: 0.239 Loaded shared library C:\Users\dell\.p2\pool\plugins\org.eclipse.justj.openjdk.hotspot.jre.full.win32.x86_64_21.0.7.v20250502-0916\jre\bin\zip.dll
Event: 0.420 Loaded shared library C:\Users\dell\.p2\pool\plugins\org.eclipse.justj.openjdk.hotspot.jre.full.win32.x86_64_21.0.7.v20250502-0916\jre\bin\jimage.dll
Event: 0.492 Loaded shared library C:\Users\dell\.p2\pool\plugins\org.eclipse.justj.openjdk.hotspot.jre.full.win32.x86_64_21.0.7.v20250502-0916\jre\bin\management.dll
Event: 0.505 Loaded shared library C:\Users\dell\.p2\pool\plugins\org.eclipse.justj.openjdk.hotspot.jre.full.win32.x86_64_21.0.7.v20250502-0916\jre\bin\management_ext.dll
Event: 0.921 Loaded shared library C:\Users\dell\.p2\pool\plugins\org.eclipse.justj.openjdk.hotspot.jre.full.win32.x86_64_21.0.7.v20250502-0916\jre\bin\extnet.dll
Event: 0.948 Loaded shared library C:\Users\dell\.p2\pool\plugins\org.eclipse.justj.openjdk.hotspot.jre.full.win32.x86_64_21.0.7.v20250502-0916\jre\bin\verify.dll
Event: 2.666 Loaded shared library C:\Users\dell\.p2\pool\plugins\org.eclipse.justj.openjdk.hotspot.jre.full.win32.x86_64_21.0.7.v20250502-0916\jre\bin\sunmscapi.dll

Deoptimization events (20 events):
Event: 6302.185 Thread 0x0000022111529ed0 DEOPT PACKING pc=0x00000220c0856ae4 sp=0x00000039a3ffbc40
Event: 6302.185 Thread 0x0000022111529ed0 DEOPT UNPACKING pc=0x00000220c00a88e2 sp=0x00000039a3ffb1f0 mode 1
Event: 6302.185 Thread 0x0000022111529ed0 DEOPT PACKING pc=0x00000220c0853a14 sp=0x00000039a3ffbdb0
Event: 6302.185 Thread 0x0000022111529ed0 DEOPT UNPACKING pc=0x00000220c00a88e2 sp=0x00000039a3ffb370 mode 1
Event: 6302.185 Thread 0x0000022111529ed0 DEOPT PACKING pc=0x00000220c085545c sp=0x00000039a3ffbf10
Event: 6302.185 Thread 0x0000022111529ed0 DEOPT UNPACKING pc=0x00000220c00a88e2 sp=0x00000039a3ffb448 mode 1
Event: 6302.185 Thread 0x0000022111529ed0 DEOPT PACKING pc=0x00000220c0856ae4 sp=0x00000039a3ffc000
Event: 6302.185 Thread 0x0000022111529ed0 DEOPT UNPACKING pc=0x00000220c00a88e2 sp=0x00000039a3ffb5b0 mode 1
Event: 6302.185 Thread 0x0000022111529ed0 DEOPT PACKING pc=0x00000220c0853a14 sp=0x00000039a3ffc170
Event: 6302.185 Thread 0x0000022111529ed0 DEOPT UNPACKING pc=0x00000220c00a88e2 sp=0x00000039a3ffb730 mode 1
Event: 6302.185 Thread 0x00000221103480d0 DEOPT PACKING pc=0x00000220c0c160f4 sp=0x00000039a52fefe0
Event: 6302.185 Thread 0x000002211034d620 DEOPT PACKING pc=0x00000220c044d3b4 sp=0x00000039a58ff510
Event: 6302.185 Thread 0x000002211034d620 DEOPT UNPACKING pc=0x00000220c00a88e2 sp=0x00000039a58fe9f8 mode 1
Event: 6302.185 Thread 0x00000221103480d0 DEOPT UNPACKING pc=0x00000220c00a88e2 sp=0x00000039a52fe570 mode 1
Event: 6302.185 Thread 0x00000221103480d0 DEOPT PACKING pc=0x00000220c044176c sp=0x00000039a52ff170
Event: 6302.185 Thread 0x00000221103480d0 DEOPT UNPACKING pc=0x00000220c00a88e2 sp=0x00000039a52fe6c8 mode 1
Event: 6302.185 Thread 0x00000221103480d0 DEOPT PACKING pc=0x00000220c0440f8c sp=0x00000039a52ff2a0
Event: 6302.185 Thread 0x00000221103480d0 DEOPT UNPACKING pc=0x00000220c00a88e2 sp=0x00000039a52fe730 mode 1
Event: 6302.186 Thread 0x00000221103480d0 DEOPT PACKING pc=0x00000220c0443d14 sp=0x00000039a52ff2d0
Event: 6302.186 Thread 0x00000221103480d0 DEOPT UNPACKING pc=0x00000220c00a88e2 sp=0x00000039a52fe7c8 mode 1

Classes loaded (20 events):
Event: 2064.106 Loading class java/lang/invoke/MethodHandleImpl$CountingWrapper$1
Event: 2064.106 Loading class java/lang/invoke/MethodHandleImpl$CountingWrapper$1 done
Event: 2570.647 Loading class java/time/DurationEditor
Event: 2570.650 Loading class java/time/DurationEditor done
Event: 3056.099 Loading class java/time/DurationEditor
Event: 3056.099 Loading class java/time/DurationEditor done
Event: 3359.536 Loading class java/time/DurationEditor
Event: 3359.536 Loading class java/time/DurationEditor done
Event: 3435.403 Loading class java/util/Scanner
Event: 3435.408 Loading class java/util/Scanner done
Event: 3435.410 Loading class java/util/Scanner$PatternLRUCache
Event: 3435.410 Loading class java/util/Scanner$PatternLRUCache done
Event: 3435.416 Loading class java/util/regex/Matcher$ImmutableMatchResult
Event: 3435.417 Loading class java/util/regex/Matcher$ImmutableMatchResult done
Event: 3435.421 Loading class java/io/PrintWriter$1
Event: 3435.423 Loading class jdk/internal/access/JavaIOPrintWriterAccess
Event: 3435.423 Loading class jdk/internal/access/JavaIOPrintWriterAccess done
Event: 3435.423 Loading class java/io/PrintWriter$1 done
Event: 6224.348 Loading class java/time/DurationEditor
Event: 6224.349 Loading class java/time/DurationEditor done

Classes unloaded (20 events):
Event: 6222.330 Thread 0x00000220c7e17c30 Unloading class 0x00000220cab67000 'com/ecommerce/model/Product$HibernateProxy'
Event: 6222.330 Thread 0x00000220c7e17c30 Unloading class 0x00000220cab45ba0 'com/ecommerce/Configuration/WebMvcConfig$$SpringCGLIB$$0'
Event: 6222.330 Thread 0x00000220c7e17c30 Unloading class 0x00000220cab45838 'com/ecommerce/Configuration/CorsConfig$$SpringCGLIB$$0'
Event: 6222.330 Thread 0x00000220c7e17c30 Unloading class 0x00000220cab45648 'com/ecommerce/dto/UserProjection'
Event: 6222.330 Thread 0x00000220c7e17c30 Unloading class 0x00000220cab45458 'com/ecommerce/repository/UserRepository'
Event: 6222.330 Thread 0x00000220c7e17c30 Unloading class 0x00000220cab451f0 'com/ecommerce/model/Product'
Event: 6222.330 Thread 0x00000220c7e17c30 Unloading class 0x00000220cab45000 'com/ecommerce/repository/ProductRepository'
Event: 6222.330 Thread 0x00000220c7e17c30 Unloading class 0x00000220cab4ecd0 'com/ecommerce/model/User'
Event: 6222.331 Thread 0x00000220c7e17c30 Unloading class 0x00000220cab4ea70 'com/ecommerce/model/Cart'
Event: 6222.331 Thread 0x00000220c7e17c30 Unloading class 0x00000220cab4e880 'com/ecommerce/repository/CartRepository'
Event: 6222.331 Thread 0x00000220c7e17c30 Unloading class 0x00000220cab4e670 'com/ecommerce/services/UserService'
Event: 6222.331 Thread 0x00000220c7e17c30 Unloading class 0x00000220cab4e410 'com/ecommerce/services/ProductServiceImpl'
Event: 6222.331 Thread 0x00000220c7e17c30 Unloading class 0x00000220cab4e220 'com/ecommerce/services/ProductService'
Event: 6222.331 Thread 0x00000220c7e17c30 Unloading class 0x00000220cab4e000 'com/ecommerce/services/CartService'
Event: 6222.331 Thread 0x00000220c7e17c30 Unloading class 0x00000220cab63d60 'com/ecommerce/controller/UserController'
Event: 6222.331 Thread 0x00000220c7e17c30 Unloading class 0x00000220cab63b38 'com/ecommerce/controller/ProductController'
Event: 6222.331 Thread 0x00000220c7e17c30 Unloading class 0x00000220cab64d30 'com/ecommerce/controller/CartController'
Event: 6222.331 Thread 0x00000220c7e17c30 Unloading class 0x00000220cab63800 'com/ecommerce/Configuration/WebMvcConfig'
Event: 6222.331 Thread 0x00000220c7e17c30 Unloading class 0x00000220cab649f8 'com/ecommerce/Configuration/CorsConfig'
Event: 6222.331 Thread 0x00000220c7e17c30 Unloading class 0x00000220cab64800 'com/ecommerce/ECommerceApplication'

Classes redefined (20 events):
Event: 4415.978 Thread 0x00000220c7e17c30 redefined class name=com.ecommerce.controller.CartController, count=1
Event: 4415.978 Thread 0x00000220c7e17c30 redefined class name=com.ecommerce.controller.CartController, count=1
Event: 4415.978 Thread 0x00000220c7e17c30 redefined class name=com.ecommerce.controller.CartController, count=1
Event: 4415.978 Thread 0x00000220c7e17c30 redefined class name=com.ecommerce.controller.CartController, count=1
Event: 4415.978 Thread 0x00000220c7e17c30 redefined class name=com.ecommerce.controller.CartController, count=1
Event: 4415.979 Thread 0x00000220c7e17c30 redefined class name=com.ecommerce.controller.CartController, count=1
Event: 4415.979 Thread 0x00000220c7e17c30 redefined class name=com.ecommerce.controller.CartController, count=1
Event: 4415.979 Thread 0x00000220c7e17c30 redefined class name=com.ecommerce.controller.CartController, count=1
Event: 4415.979 Thread 0x00000220c7e17c30 redefined class name=com.ecommerce.controller.CartController, count=1
Event: 4415.979 Thread 0x00000220c7e17c30 redefined class name=com.ecommerce.controller.CartController, count=1
Event: 4415.979 Thread 0x00000220c7e17c30 redefined class name=com.ecommerce.controller.CartController, count=1
Event: 4415.979 Thread 0x00000220c7e17c30 redefined class name=com.ecommerce.controller.CartController, count=1
Event: 4415.980 Thread 0x00000220c7e17c30 redefined class name=com.ecommerce.controller.CartController, count=1
Event: 4415.980 Thread 0x00000220c7e17c30 redefined class name=com.ecommerce.controller.CartController, count=1
Event: 4415.980 Thread 0x00000220c7e17c30 redefined class name=com.ecommerce.controller.CartController, count=1
Event: 4415.981 Thread 0x00000220c7e17c30 redefined class name=com.ecommerce.controller.CartController, count=1
Event: 4415.981 Thread 0x00000220c7e17c30 redefined class name=com.ecommerce.controller.CartController, count=1
Event: 4415.981 Thread 0x00000220c7e17c30 redefined class name=com.ecommerce.controller.CartController, count=1
Event: 4415.981 Thread 0x00000220c7e17c30 redefined class name=com.ecommerce.controller.CartController, count=1
Event: 4415.982 Thread 0x00000220c7e17c30 redefined class name=com.ecommerce.controller.CartController, count=1

Internal exceptions (20 events):
Event: 5696.166 Thread 0x00000221115270e0 Exception <a 'java/lang/NoSuchMethodError'{0x00000000895cf8d8}: 'void java.lang.invoke.DelegatingMethodHandle$Holder.reinvoke_L(java.lang.Object, java.lang.Object, int)'> (0x00000000895cf8d8) 
thrown [s\src\hotspot\share\interpreter\linkResolver.cpp, line 773]
Event: 5696.192 Thread 0x00000221115270e0 Exception <a 'java/lang/NoSuchMethodError'{0x00000000894c2008}: 'int java.lang.invoke.DirectMethodHandle$Holder.invokeStatic(java.lang.Object, java.lang.Object, int, int)'> (0x00000000894c2008) 
thrown [s\src\hotspot\share\interpreter\linkResolver.cpp, line 773]
Event: 5701.679 Thread 0x000002210e930f60 Exception <a 'java/lang/NoSuchMethodError'{0x0000000088f1e7c0}: static [B.<clinit>()V> (0x0000000088f1e7c0) 
thrown [s\src\hotspot\share\prims\jni.cpp, line 1111]
Event: 6222.227 Thread 0x0000022111528490 Exception <a 'java/lang/InterruptedException'{0x0000000089e4b198}: sleep interrupted> (0x0000000089e4b198) 
thrown [s\src\hotspot\share\prims\jvm.cpp, line 3074]
Event: 6222.767 Thread 0x0000022110349b10 Exception <a 'sun/nio/fs/WindowsException'{0x000000008bfaed80}> (0x000000008bfaed80) 
thrown [s\src\hotspot\share\prims\jni.cpp, line 520]
Event: 6223.299 Thread 0x0000022110349b10 Exception <a 'java/lang/NoClassDefFoundError'{0x000000008915c820}: org/flywaydb/core/Flyway> (0x000000008915c820) 
thrown [s\src\hotspot\share\oops\constantPool.cpp, line 873]
Event: 6223.715 Thread 0x0000022110349b10 Exception <a 'java/lang/NoClassDefFoundError'{0x000000008915ce80}: liquibase/integration/spring/SpringLiquibase> (0x000000008915ce80) 
thrown [s\src\hotspot\share\oops\constantPool.cpp, line 873]
Event: 6223.719 Thread 0x0000022110349b10 Exception <a 'java/lang/NoClassDefFoundError'{0x00000000891888d8}: org/jooq/DSLContext> (0x00000000891888d8) 
thrown [s\src\hotspot\share\oops\constantPool.cpp, line 873]
Event: 6223.723 Thread 0x0000022110349b10 Exception <a 'java/lang/NoClassDefFoundError'{0x00000000891e2440}: org/springframework/batch/core/repository/JobRepository> (0x00000000891e2440) 
thrown [s\src\hotspot\share\oops\constantPool.cpp, line 873]
Event: 6223.724 Thread 0x0000022110349b10 Exception <a 'java/lang/NoClassDefFoundError'{0x00000000891e2a98}: org/quartz/Scheduler> (0x00000000891e2a98) 
thrown [s\src\hotspot\share\oops\constantPool.cpp, line 873]
Event: 6223.725 Thread 0x0000022110349b10 Exception <a 'java/lang/NoClassDefFoundError'{0x00000000891e3118}: org/springframework/session/jdbc/JdbcIndexedSessionRepository> (0x00000000891e3118) 
thrown [s\src\hotspot\share\oops\constantPool.cpp, line 873]
Event: 6223.739 Thread 0x0000022110349b10 Exception <a 'java/lang/NoSuchMethodError'{0x00000000890c4060}: 'void java.lang.invoke.DelegatingMethodHandle$Holder.reinvoke_L(java.lang.Object, java.lang.Object, int)'> (0x00000000890c4060) 
thrown [s\src\hotspot\share\interpreter\linkResolver.cpp, line 773]
Event: 6223.871 Thread 0x0000022110349b10 Exception <a 'java/lang/NoSuchMethodError'{0x0000000088a5aff0}: 'int java.lang.invoke.DirectMethodHandle$Holder.invokeVirtual(java.lang.Object, java.lang.Object, java.lang.Object, java.lang.Object)'> (0x0000000088a5aff0) 
thrown [s\src\hotspot\share\interpreter\linkResolver.cpp, line 773]
Event: 6223.871 Thread 0x0000022110349b10 Exception <a 'java/lang/NoSuchMethodError'{0x0000000088a5e5e8}: 'int java.lang.invoke.DelegatingMethodHandle$Holder.reinvoke_L(java.lang.Object, java.lang.Object, java.lang.Object, java.lang.Object)'> (0x0000000088a5e5e8) 
thrown [s\src\hotspot\share\interpreter\linkResolver.cpp, line 773]
Event: 6223.889 Thread 0x0000022110349b10 Exception <a 'java/io/FileNotFoundException'{0x0000000088aa1f80}> (0x0000000088aa1f80) 
thrown [s\src\hotspot\share\prims\jni.cpp, line 520]
Event: 6223.928 Thread 0x0000022110349b10 Exception <a 'java/io/FileNotFoundException'{0x000000008886aec8}> (0x000000008886aec8) 
thrown [s\src\hotspot\share\prims\jni.cpp, line 520]
Event: 6302.178 Thread 0x00000221115256a0 Exception <a 'java/io/IOException'{0x000000008903e5a8}> (0x000000008903e5a8) 
thrown [s\src\hotspot\share\prims\jni.cpp, line 520]
Event: 6302.180 Thread 0x00000221115256a0 Exception <a 'java/net/SocketException'{0x0000000089046590}: Connection reset by peer: shutdown> (0x0000000089046590) 
thrown [s\src\hotspot\share\prims\jni.cpp, line 539]
Event: 6302.181 Thread 0x00000221115256a0 Exception <a 'java/io/IOException'{0x0000000089047bb8}> (0x0000000089047bb8) 
thrown [s\src\hotspot\share\prims\jni.cpp, line 520]
Event: 6302.185 Thread 0x000002211034d620 Exception <a 'java/lang/InterruptedException'{0x0000000089062488}: sleep interrupted> (0x0000000089062488) 
thrown [s\src\hotspot\share\prims\jvm.cpp, line 3074]

ZGC Phase Switch (0 events):
No events

VM Operations (20 events):
Event: 6301.280 Executing VM operation: ChangeSingleStep done
Event: 6301.281 Executing VM operation: ChangeSingleStep
Event: 6301.281 Executing VM operation: ChangeSingleStep done
Event: 6301.282 Executing VM operation: ChangeSingleStep
Event: 6301.282 Executing VM operation: ChangeSingleStep done
Event: 6301.283 Executing VM operation: ChangeSingleStep
Event: 6301.283 Executing VM operation: ChangeSingleStep done
Event: 6301.284 Executing VM operation: ChangeSingleStep
Event: 6301.284 Executing VM operation: ChangeSingleStep done
Event: 6301.285 Executing VM operation: ChangeSingleStep
Event: 6301.285 Executing VM operation: ChangeSingleStep done
Event: 6301.286 Executing VM operation: ChangeSingleStep
Event: 6301.286 Executing VM operation: ChangeSingleStep done
Event: 6301.287 Executing VM operation: ChangeSingleStep
Event: 6301.287 Executing VM operation: ChangeSingleStep done
Event: 6301.288 Executing VM operation: ChangeSingleStep
Event: 6301.288 Executing VM operation: ChangeSingleStep done
Event: 6301.289 Executing VM operation: ChangeSingleStep
Event: 6301.289 Executing VM operation: ChangeSingleStep done
Event: 6302.186 Executing VM operation: G1CollectFull (System.gc())

Memory protections (0 events):
No events

Nmethod flushes (20 events):
Event: 6222.557 Thread 0x00000220c7e17c30 flushing  nmethod 0x00000220c1298090
Event: 6222.557 Thread 0x00000220c7e17c30 flushing  nmethod 0x00000220c1467d10
Event: 6222.557 Thread 0x00000220c7e17c30 flushing  nmethod 0x00000220c0763210
Event: 6222.557 Thread 0x00000220c7e17c30 flushing  nmethod 0x00000220c082a390
Event: 6222.557 Thread 0x00000220c7e17c30 flushing  nmethod 0x00000220c0b18610
Event: 6222.557 Thread 0x00000220c7e17c30 flushing  nmethod 0x00000220c0fb9810
Event: 6222.557 Thread 0x00000220c7e17c30 flushing  nmethod 0x00000220c0fb9b10
Event: 6222.557 Thread 0x00000220c7e17c30 flushing  nmethod 0x00000220c0fb9e10
Event: 6222.557 Thread 0x00000220c7e17c30 flushing  nmethod 0x00000220c1084790
Event: 6222.557 Thread 0x00000220c7e17c30 flushing  nmethod 0x00000220c1313e90
Event: 6222.558 Thread 0x00000220c7e17c30 flushing  nmethod 0x00000220c16d2d90
Event: 6222.558 Thread 0x00000220c7e17c30 flushing  nmethod 0x00000220c16d9310
Event: 6222.558 Thread 0x00000220c7e17c30 flushing  nmethod 0x00000220c14ef790
Event: 6222.558 Thread 0x00000220c7e17c30 flushing  nmethod 0x00000220c1681e90
Event: 6222.558 Thread 0x00000220c7e17c30 flushing  nmethod 0x00000220c01ee110
Event: 6222.558 Thread 0x00000220c7e17c30 flushing  nmethod 0x00000220c0239d90
Event: 6222.558 Thread 0x00000220c7e17c30 flushing  nmethod 0x00000220c023ea10
Event: 6222.558 Thread 0x00000220c7e17c30 flushing  nmethod 0x00000220c02c6110
Event: 6222.558 Thread 0x00000220c7e17c30 flushing  nmethod 0x00000220c0504a10
Event: 6222.558 Thread 0x00000220c7e17c30 flushing  nmethod 0x00000220c096d090

Events (20 events):
Event: 6302.155 Thread 0x000002211034f6f0 Thread exited: 0x000002211034f6f0
Event: 6302.160 Thread 0x0000022111529ed0 Thread added: 0x000002211152a560
Event: 6302.167 Thread 0x00000220c7e4c390 Thread added: 0x00000221115b3ca0
Event: 6302.168 Thread 0x000002211152b910 Thread exited: 0x000002211152b910
Event: 6302.168 Thread 0x000002211152a560 Thread exited: 0x000002211152a560
Event: 6302.169 Thread 0x000002211152bfa0 Thread exited: 0x000002211152bfa0
Event: 6302.169 Thread 0x0000022111526a50 Thread exited: 0x0000022111526a50
Event: 6302.169 Thread 0x00000221115256a0 Thread exited: 0x00000221115256a0
Event: 6302.170 Thread 0x00000221115270e0 Thread exited: 0x00000221115270e0
Event: 6302.170 Thread 0x0000022111527770 Thread exited: 0x0000022111527770
Event: 6302.170 Thread 0x0000022111529840 Thread exited: 0x0000022111529840
Event: 6302.171 Thread 0x0000022111525d30 Thread exited: 0x0000022111525d30
Event: 6302.171 Thread 0x0000022111524980 Thread exited: 0x0000022111524980
Event: 6302.171 Thread 0x0000022111528490 Thread exited: 0x0000022111528490
Event: 6302.171 Thread 0x0000022111525010 Thread exited: 0x0000022111525010
Event: 6302.172 Thread 0x00000221115263c0 Thread exited: 0x00000221115263c0
Event: 6302.174 Thread 0x0000022111529ed0 Thread added: 0x00000221115256a0
Event: 6302.175 Thread 0x000002211034aec0 Thread exited: 0x000002211034aec0
Event: 6302.182 Thread 0x00000221115256a0 Thread exited: 0x00000221115256a0
Event: 6302.185 Thread 0x000002211034d620 Thread exited: 0x000002211034d620


Dynamic libraries:
0x00007ff6511d0000 - 0x00007ff6511de000 	C:\Users\dell\.p2\pool\plugins\org.eclipse.justj.openjdk.hotspot.jre.full.win32.x86_64_21.0.7.v20250502-0916\jre\bin\javaw.exe
0x00007fff53ee0000 - 0x00007fff54147000 	C:\WINDOWS\SYSTEM32\ntdll.dll
0x00007fff52c40000 - 0x00007fff52d09000 	C:\WINDOWS\System32\KERNEL32.DLL
0x00007fff513f0000 - 0x00007fff517e0000 	C:\WINDOWS\System32\KERNELBASE.dll
0x00007fff510d0000 - 0x00007fff5121b000 	C:\WINDOWS\System32\ucrtbase.dll
0x00007fff2ee70000 - 0x00007fff2ee88000 	C:\Users\dell\.p2\pool\plugins\org.eclipse.justj.openjdk.hotspot.jre.full.win32.x86_64_21.0.7.v20250502-0916\jre\bin\jli.dll
0x00007fff38ea0000 - 0x00007fff38ebe000 	C:\Users\dell\.p2\pool\plugins\org.eclipse.justj.openjdk.hotspot.jre.full.win32.x86_64_21.0.7.v20250502-0916\jre\bin\VCRUNTIME140.dll
0x00007fff528b0000 - 0x00007fff52a75000 	C:\WINDOWS\System32\USER32.dll
0x00007fff51ba0000 - 0x00007fff51bc7000 	C:\WINDOWS\System32\win32u.dll
0x00007fff37400000 - 0x00007fff3769a000 	C:\WINDOWS\WinSxS\amd64_microsoft.windows.common-controls_6595b64144ccf1df_6.0.26100.4768_none_3e0c112ce331287c\COMCTL32.dll
0x00007fff51d90000 - 0x00007fff51dbb000 	C:\WINDOWS\System32\GDI32.dll
0x00007fff51220000 - 0x00007fff51358000 	C:\WINDOWS\System32\gdi32full.dll
0x00007fff52500000 - 0x00007fff525a9000 	C:\WINDOWS\System32\msvcrt.dll
0x00007fff51970000 - 0x00007fff51a13000 	C:\WINDOWS\System32\msvcp_win.dll
0x00007fff51dc0000 - 0x00007fff51def000 	C:\WINDOWS\System32\IMM32.DLL
0x00007fff3fa40000 - 0x00007fff3fa4c000 	C:\Users\dell\.p2\pool\plugins\org.eclipse.justj.openjdk.hotspot.jre.full.win32.x86_64_21.0.7.v20250502-0916\jre\bin\vcruntime140_1.dll
0x00007ffee5b00000 - 0x00007ffee5b8d000 	C:\Users\dell\.p2\pool\plugins\org.eclipse.justj.openjdk.hotspot.jre.full.win32.x86_64_21.0.7.v20250502-0916\jre\bin\msvcp140.dll
0x00007ffea2840000 - 0x00007ffea35d0000 	C:\Users\dell\.p2\pool\plugins\org.eclipse.justj.openjdk.hotspot.jre.full.win32.x86_64_21.0.7.v20250502-0916\jre\bin\server\jvm.dll
0x00007fff52a90000 - 0x00007fff52b44000 	C:\WINDOWS\System32\ADVAPI32.dll
0x00007fff52ff0000 - 0x00007fff53096000 	C:\WINDOWS\System32\sechost.dll
0x00007fff52790000 - 0x00007fff528a8000 	C:\WINDOWS\System32\RPCRT4.dll
0x00007fff51e00000 - 0x00007fff51e74000 	C:\WINDOWS\System32\WS2_32.dll
0x00007fff50e70000 - 0x00007fff50ece000 	C:\WINDOWS\SYSTEM32\POWRPROF.dll
0x00007fff4e950000 - 0x00007fff4e985000 	C:\WINDOWS\SYSTEM32\WINMM.dll
0x00007fff40150000 - 0x00007fff4015b000 	C:\WINDOWS\SYSTEM32\VERSION.dll
0x00007fff50e50000 - 0x00007fff50e64000 	C:\WINDOWS\SYSTEM32\UMPDC.dll
0x00007fff4fd90000 - 0x00007fff4fdab000 	C:\WINDOWS\SYSTEM32\kernel.appcore.dll
0x00007fff3fa00000 - 0x00007fff3fa0a000 	C:\Users\dell\.p2\pool\plugins\org.eclipse.justj.openjdk.hotspot.jre.full.win32.x86_64_21.0.7.v20250502-0916\jre\bin\jimage.dll
0x00007fff4e6b0000 - 0x00007fff4e8f1000 	C:\WINDOWS\SYSTEM32\DBGHELP.DLL
0x00007fff531a0000 - 0x00007fff53525000 	C:\WINDOWS\System32\combase.dll
0x00007fff52b50000 - 0x00007fff52c30000 	C:\WINDOWS\System32\OLEAUT32.dll
0x00007fff4e900000 - 0x00007fff4e943000 	C:\WINDOWS\SYSTEM32\dbgcore.DLL
0x00007fff51bd0000 - 0x00007fff51c69000 	C:\WINDOWS\System32\bcryptPrimitives.dll
0x00007fff2d100000 - 0x00007fff2d13c000 	C:\Users\dell\.p2\pool\plugins\org.eclipse.justj.openjdk.hotspot.jre.full.win32.x86_64_21.0.7.v20250502-0916\jre\bin\jdwp.dll
0x00007fff3fa90000 - 0x00007fff3fa9f000 	C:\Users\dell\.p2\pool\plugins\org.eclipse.justj.openjdk.hotspot.jre.full.win32.x86_64_21.0.7.v20250502-0916\jre\bin\instrument.dll
0x00007fff3a7e0000 - 0x00007fff3a7ff000 	C:\Users\dell\.p2\pool\plugins\org.eclipse.justj.openjdk.hotspot.jre.full.win32.x86_64_21.0.7.v20250502-0916\jre\bin\java.dll
0x00007fff536a0000 - 0x00007fff53ded000 	C:\WINDOWS\System32\SHELL32.dll
0x00007fff51a20000 - 0x00007fff51b93000 	C:\WINDOWS\System32\wintypes.dll
0x00007fff4ebc0000 - 0x00007fff4f420000 	C:\WINDOWS\SYSTEM32\windows.storage.dll
0x00007fff52d20000 - 0x00007fff52e15000 	C:\WINDOWS\System32\SHCORE.dll
0x00007fff53580000 - 0x00007fff535ea000 	C:\WINDOWS\System32\shlwapi.dll
0x00007fff50f30000 - 0x00007fff50f59000 	C:\WINDOWS\SYSTEM32\profapi.dll
0x00007fff3a0a0000 - 0x00007fff3a0b8000 	C:\Users\dell\.p2\pool\plugins\org.eclipse.justj.openjdk.hotspot.jre.full.win32.x86_64_21.0.7.v20250502-0916\jre\bin\zip.dll
0x00007fff3fa10000 - 0x00007fff3fa1b000 	C:\Users\dell\.p2\pool\plugins\org.eclipse.justj.openjdk.hotspot.jre.full.win32.x86_64_21.0.7.v20250502-0916\jre\bin\dt_socket.dll
0x00007fff4f7a0000 - 0x00007fff4f7d3000 	C:\WINDOWS\SYSTEM32\IPHLPAPI.DLL
0x00007fff50320000 - 0x00007fff5038b000 	C:\WINDOWS\system32\mswsock.dll
0x00007fff4f840000 - 0x00007fff4f966000 	C:\WINDOWS\SYSTEM32\DNSAPI.dll
0x00007fff535f0000 - 0x00007fff535fa000 	C:\WINDOWS\System32\NSI.dll
0x00007fff46250000 - 0x00007fff4625b000 	C:\Windows\System32\rasadhlp.dll
0x00007fff483e0000 - 0x00007fff48466000 	C:\WINDOWS\System32\fwpuclnt.dll
0x00007fff3ce80000 - 0x00007fff3ce90000 	C:\Users\dell\.p2\pool\plugins\org.eclipse.justj.openjdk.hotspot.jre.full.win32.x86_64_21.0.7.v20250502-0916\jre\bin\net.dll
0x00007fff40d60000 - 0x00007fff40e7e000 	C:\WINDOWS\SYSTEM32\WINHTTP.dll
0x00007fff36fc0000 - 0x00007fff36fd6000 	C:\Users\dell\.p2\pool\plugins\org.eclipse.justj.openjdk.hotspot.jre.full.win32.x86_64_21.0.7.v20250502-0916\jre\bin\nio.dll
0x00007fff3a840000 - 0x00007fff3a84a000 	C:\Users\dell\.p2\pool\plugins\org.eclipse.justj.openjdk.hotspot.jre.full.win32.x86_64_21.0.7.v20250502-0916\jre\bin\management.dll
0x00007fff38e70000 - 0x00007fff38e7b000 	C:\Users\dell\.p2\pool\plugins\org.eclipse.justj.openjdk.hotspot.jre.full.win32.x86_64_21.0.7.v20250502-0916\jre\bin\management_ext.dll
0x00007fff52d10000 - 0x00007fff52d18000 	C:\WINDOWS\System32\PSAPI.DLL
0x00007fff23dd0000 - 0x00007fff23de8000 	C:\WINDOWS\system32\napinsp.dll
0x00007fff23db0000 - 0x00007fff23dc2000 	C:\WINDOWS\System32\winrnr.dll
0x00007fff23d70000 - 0x00007fff23da0000 	C:\WINDOWS\system32\nlansp_c.dll
0x00007fff23d40000 - 0x00007fff23d60000 	C:\WINDOWS\system32\wshbth.dll
0x00007fff505e0000 - 0x00007fff505fb000 	C:\WINDOWS\SYSTEM32\CRYPTSP.dll
0x00007fff4fcf0000 - 0x00007fff4fd2b000 	C:\WINDOWS\system32\rsaenh.dll
0x00007fff503c0000 - 0x00007fff503eb000 	C:\WINDOWS\SYSTEM32\USERENV.dll
0x00007fff50f00000 - 0x00007fff50f26000 	C:\WINDOWS\SYSTEM32\bcrypt.dll
0x00007fff50600000 - 0x00007fff5060c000 	C:\WINDOWS\SYSTEM32\CRYPTBASE.dll
0x00007fff3e5f0000 - 0x00007fff3e5f9000 	C:\Users\dell\.p2\pool\plugins\org.eclipse.justj.openjdk.hotspot.jre.full.win32.x86_64_21.0.7.v20250502-0916\jre\bin\extnet.dll
0x00007fff3fa60000 - 0x00007fff3fa70000 	C:\Users\dell\.p2\pool\plugins\org.eclipse.justj.openjdk.hotspot.jre.full.win32.x86_64_21.0.7.v20250502-0916\jre\bin\verify.dll
0x00007fff3fa50000 - 0x00007fff3fa5e000 	C:\Users\dell\.p2\pool\plugins\org.eclipse.justj.openjdk.hotspot.jre.full.win32.x86_64_21.0.7.v20250502-0916\jre\bin\sunmscapi.dll
0x00007fff517f0000 - 0x00007fff51967000 	C:\WINDOWS\System32\CRYPT32.dll
0x00007fff50800000 - 0x00007fff50830000 	C:\WINDOWS\SYSTEM32\ncrypt.dll
0x00007fff507b0000 - 0x00007fff507ef000 	C:\WINDOWS\SYSTEM32\NTASN1.dll
0x00007ffeb8880000 - 0x00007ffeb8888000 	C:\WINDOWS\system32\wshunix.dll

dbghelp: loaded successfully - version: 4.0.5 - missing functions: none
symbol engine: initialized successfully - sym options: 0x614 - pdb path: .;C:\Users\dell\.p2\pool\plugins\org.eclipse.justj.openjdk.hotspot.jre.full.win32.x86_64_21.0.7.v20250502-0916\jre\bin;C:\WINDOWS\SYSTEM32;C:\WINDOWS\WinSxS\amd64_microsoft.windows.common-controls_6595b64144ccf1df_6.0.26100.4768_none_3e0c112ce331287c;C:\Users\dell\.p2\pool\plugins\org.eclipse.justj.openjdk.hotspot.jre.full.win32.x86_64_21.0.7.v20250502-0916\jre\bin\server

VM Arguments:
jvm_args: -XX:+ShowCodeDetailsInExceptionMessages -agentlib:jdwp=transport=dt_socket,suspend=y,address=localhost:7248 -Dcom.sun.management.jmxremote -Dcom.sun.management.jmxremote.port=7238 -Dcom.sun.management.jmxremote.authenticate=false -Dcom.sun.management.jmxremote.ssl=false -Djava.rmi.server.hostname=localhost -Dspring.jmx.enabled=true -Dmanagement.endpoints.jmx.exposure.include=* -Dspring.application.admin.enabled=true -Dspring.output.ansi.enabled=always -XX:TieredStopAtLevel=1 -Dspring.boot.project.name=E-Commerce -javaagent:D:\Sateesha\eclipse\configuration\org.eclipse.osgi\442\0\.cp\lib\javaagent-shaded.jar -Dfile.encoding=UTF-8 -Dstdout.encoding=UTF-8 -Dstderr.encoding=UTF-8 
java_command: com.ecommerce.ECommerceApplication
java_class_path (initial): D:\Sateesha\E-Commerce\target\classes;C:\Users\dell\.m2\repository\org\springframework\boot\spring-boot-starter-data-jpa\3.5.4\spring-boot-starter-data-jpa-3.5.4.jar;C:\Users\dell\.m2\repository\org\springframework\boot\spring-boot-starter\3.5.4\spring-boot-starter-3.5.4.jar;C:\Users\dell\.m2\repository\org\springframework\boot\spring-boot-starter-logging\3.5.4\spring-boot-starter-logging-3.5.4.jar;C:\Users\dell\.m2\repository\ch\qos\logback\logback-classic\1.5.18\logback-classic-1.5.18.jar;C:\Users\dell\.m2\repository\ch\qos\logback\logback-core\1.5.18\logback-core-1.5.18.jar;C:\Users\dell\.m2\repository\org\apache\logging\log4j\log4j-to-slf4j\2.24.3\log4j-to-slf4j-2.24.3.jar;C:\Users\dell\.m2\repository\org\apache\logging\log4j\log4j-api\2.24.3\log4j-api-2.24.3.jar;C:\Users\dell\.m2\repository\org\slf4j\jul-to-slf4j\2.0.17\jul-to-slf4j-2.0.17.jar;C:\Users\dell\.m2\repository\jakarta\annotation\jakarta.annotation-api\2.1.1\jakarta.annotation-api-2.1.1.jar;C:\Users\dell\.m2\repository\org\yaml\snakeyaml\2.4\snakeyaml-2.4.jar;C:\Users\dell\.m2\repository\org\springframework\boot\spring-boot-starter-jdbc\3.5.4\spring-boot-starter-jdbc-3.5.4.jar;C:\Users\dell\.m2\repository\com\zaxxer\HikariCP\6.3.1\HikariCP-6.3.1.jar;C:\Users\dell\.m2\repository\org\springframework\spring-jdbc\6.2.9\spring-jdbc-6.2.9.jar;C:\Users\dell\.m2\repository\org\hibernate\orm\hibernate-core\6.6.22.Final\hibernate-core-6.6.22.Final.jar;C:\Users\dell\.m2\repository\jakarta\persistence\jakarta.persistence-api\3.1.0\jakarta.persistence-api-3.1.0.jar;C:\Users\dell\.m2\repository\jakarta\transaction\jakarta.transaction-api\2.0.1\jakarta.transaction-api-2.0.1.jar;C:\Users\dell\.m2\repository\org\jboss\logging\jboss-logging\3.6.1.Final\jboss-logging-3.6.1.Final.jar;C:\Users\dell\.m2\repository\org\hibernate\common\hibernate-commons-annotations\7.0.3.Final\hibernate-commons-annotations-7.0.3.Final.jar;C:\Users\dell\.m2\repository\io\smallrye\jandex\3.2.0\jandex-3.2.0.jar;C:\Users\dell\.m2\repository\com\fasterxml\classmate\1.7.0\classmate-1.7.0.jar;C:\Users\dell\.m2\repository\net\bytebuddy\byte-buddy\1.17.6\byte-buddy-1.17.6.jar;C:\Users\dell\.m2\repository\org\glassfish\jaxb\jaxb-runtime\4.0.5\jaxb-runtime-4.0.5.jar;C:\Users\dell\.m2\repository\org\glassfish\jaxb\jaxb-core\4.0.5\jaxb-core-4.0.5.jar;C:\Users\dell\.m2\repository\org\eclipse\angus\angus-activation\2.0.2\angus-activation-2.0.2.jar;C:\Users\dell\.m2\repository\org\glassfish\jaxb\txw2\4.0.5\txw2-4.0.5.jar;C:\Users\dell\.m2\repository\com\sun\istack\istack-commons-runtime\4.1.2\istack-commons-runtime-4.1.2.jar;C:\Users\dell\.m2\repository\jakarta\inject\jakarta.inject-api\2.0.1\jakarta.inject-api-2.0.1.jar;C:\Users\dell\.m2\repository\org\antlr\antlr4-runtime\4.13.0\antlr4-runtime-4.13.0.jar;C:\Users\dell\.m2\repository\org\springframework\data\spring-data-jpa\3.5.2\spring-data-jpa-3.5.2.jar;C:\Users\dell\.m2\repository\org\springframework\data\spring-data-commons\3.5.2\spring-data-commons-3.5.2.jar;C:\Users\dell\.m2\repository\org\springframework\spring-orm\6.2.9\spring-orm-6.2.9.jar;C:\Users\dell\.m2\repository\org\springframework\spring-context\6.2.9\spring-context-6.2.9.jar;C:\Users\dell\.m2\repository\org\springframework\spring-aop\6.2.9\spring-aop-6.2.9.jar;C:\Users\dell\.m2\repository\org\springframework\spring-tx\6.2.9\spring-tx-6.2.9.jar;C:\Users\dell\.m2\repository\org\springframework\spring-beans\6.2.9\spring-beans-6.2.9.jar;C:\Users\dell\.m2\repository\org\slf4j\slf4j-api\2.0.17\slf4j-api-2.0.17.jar;C:\Users\dell\.m2\repository\org\springframework\spring-aspects\6.2.9\spring-aspects-6.2.9.jar;C:\Users\dell\.m2\repository\org\aspectj\aspectjweaver\1.9.24\aspectjweaver-1.9.24.jar;C:\Users\dell\.m2\repository\org\springframework\boot\spring-boot-starter-validation\3.5.4\spring-boot-starter-validation-3.5.4.jar;C:\Users\dell\.m2\repository\org\apache\tomcat\embed\tomcat-embed-el\10.1.43\tomcat-embed-el-10.1.43.jar;C:\Users\dell\.m2\repository\org\hibernate\validator\hibernate-validator\8.0.2.Final\hibernate-validator-8.0.2.Final.jar;C:\Users\dell\.m2\repository\jakarta\validation\jakarta.validation-api\3.0.2\jakarta.validation-api-3.0.2.jar;C:\Users\dell\.m2\repository\org\springframework\boot\spring-boot-starter-web\3.5.4\spring-boot-starter-web-3.5.4.jar;C:\Users\dell\.m2\repository\org\springframework\boot\spring-boot-starter-json\3.5.4\spring-boot-starter-json-3.5.4.jar;C:\Users\dell\.m2\repository\com\fasterxml\jackson\core\jackson-databind\2.19.2\jackson-databind-2.19.2.jar;C:\Users\dell\.m2\repository\com\fasterxml\jackson\core\jackson-annotations\2.19.2\jackson-annotations-2.19.2.jar;C:\Users\dell\.m2\repository\com\fasterxml\jackson\core\jackson-core\2.19.2\jackson-core-2.19.2.jar;C:\Users\dell\.m2\repository\com\fasterxml\jackson\datatype\jackson-datatype-jdk8\2.19.2\jackson-datatype-jdk8-2.19.2.jar;C:\Users\dell\.m2\repository\com\fasterxml\jackson\datatype\jackson-datatype-jsr310\2.19.2\jackson-datatype-jsr310-2.19.2.jar;C:\Users\dell\.m2\repository\com\fasterxml\jackson\module\jackson-module-parameter-names\2.19.2\jackson-module-parameter-names-2.19.2.jar;C:\Users\dell\.m2\repository\org\springframework\boot\spring-boot-starter-tomcat\3.5.4\spring-boot-starter-tomcat-3.5.4.jar;C:\Users\dell\.m2\repository\org\apache\tomcat\embed\tomcat-embed-core\10.1.43\tomcat-embed-core-10.1.43.jar;C:\Users\dell\.m2\repository\org\apache\tomcat\embed\tomcat-embed-websocket\10.1.43\tomcat-embed-websocket-10.1.43.jar;C:\Users\dell\.m2\repository\org\springframework\spring-web\6.2.9\spring-web-6.2.9.jar;C:\Users\dell\.m2\repository\io\micrometer\micrometer-observation\1.15.2\micrometer-observation-1.15.2.jar;C:\Users\dell\.m2\repository\io\micrometer\micrometer-commons\1.15.2\micrometer-commons-1.15.2.jar;C:\Users\dell\.m2\repository\org\springframework\spring-webmvc\6.2.9\spring-webmvc-6.2.9.jar;C:\Users\dell\.m2\repository\org\springframework\spring-expression\6.2.9\spring-expression-6.2.9.jar;C:\Users\dell\.m2\repository\org\springframework\boot\spring-boot-devtools\3.5.4\spring-boot-devtools-3.5.4.jar;C:\Users\dell\.m2\repository\org\springframework\boot\spring-boot\3.5.4\spring-boot-3.5.4.jar;C:\Users\dell\.m2\repository\org\springframework\boot\spring-boot-autoconfigure\3.5.4\spring-boot-autoconfigure-3.5.4.jar;C:\Users\dell\.m2\repository\com\mysql\mysql-connector-j\9.3.0\mysql-connector-j-9.3.0.jar;C:\Users\dell\.m2\repository\org\projectlombok\lombok\1.18.38\lombok-1.18.38.jar;C:\Users\dell\.m2\repository\jakarta\xml\bind\jakarta.xml.bind-api\4.0.2\jakarta.xml.bind-api-4.0.2.jar;C:\Users\dell\.m2\repository\jakarta\activation\jakarta.activation-api\2.1.3\jakarta.activation-api-2.1.3.jar;C:\Users\dell\.m2\repository\org\springframework\spring-core\6.2.9\spring-core-6.2.9.jar;C:\Users\dell\.m2\repository\org\springframework\spring-jcl\6.2.9\spring-jcl-6.2.9.jar
Launcher Type: SUN_STANDARD

[Global flags]
     intx CICompilerCount                          = 4                                         {product} {ergonomic}
     uint ConcGCThreads                            = 2                                         {product} {ergonomic}
     uint G1ConcRefinementThreads                  = 8                                         {product} {ergonomic}
   size_t G1HeapRegionSize                         = 1048576                                   {product} {ergonomic}
    uintx GCDrainStackTargetSize                   = 64                                        {product} {ergonomic}
   size_t InitialHeapSize                          = 130023424                                 {product} {ergonomic}
     bool ManagementServer                         = true                                      {product} {command line}
   size_t MarkStackSize                            = 4194304                                   {product} {ergonomic}
   size_t MaxHeapSize                              = 2076180480                                {product} {ergonomic}
   size_t MaxNewSize                               = 1245708288                                {product} {ergonomic}
   size_t MinHeapDeltaBytes                        = 1048576                                   {product} {ergonomic}
   size_t MinHeapSize                              = 8388608                                   {product} {ergonomic}
    uintx NonNMethodCodeHeapSize                   = 4096                                   {pd product} {ergonomic}
    uintx NonProfiledCodeHeapSize                  = 0                                      {pd product} {ergonomic}
     bool ProfileInterpreter                       = false                                  {pd product} {command line}
    uintx ProfiledCodeHeapSize                     = 0                                      {pd product} {ergonomic}
     bool ShowCodeDetailsInExceptionMessages       = true                                   {manageable} {command line}
   size_t SoftMaxHeapSize                          = 2076180480                             {manageable} {ergonomic}
     intx TieredStopAtLevel                        = 1                                         {product} {command line}
     bool UseCompressedOops                        = true                           {product lp64_product} {ergonomic}
     bool UseG1GC                                  = true                                      {product} {ergonomic}
     bool UseLargePagesIndividualAllocation        = false                                  {pd product} {ergonomic}

Logging:
Log output configuration:
 #0: stdout all=warning uptime,level,tags foldmultilines=false
 #1: stderr all=off uptime,level,tags foldmultilines=false

Environment Variables:
PATH=C:\Users\dell\.p2\pool\plugins\org.eclipse.justj.openjdk.hotspot.jre.full.win32.x86_64_21.0.7.v20250502-0916\jre\bin;C:/Users/dell/.p2/pool/plugins/org.eclipse.justj.openjdk.hotspot.jre.full.win32.x86_64_21.0.7.v20250502-0916/jre/bin/server;C:/Users/dell/.p2/pool/plugins/org.eclipse.justj.openjdk.hotspot.jre.full.win32.x86_64_21.0.7.v20250502-0916/jre/bin;C:\app\dell\product\11.2.0\dbhome_1\bin;C:\Program Files (x86)\Common Files\Oracle\Java\javapath;C:\Windows\system32;C:\Windows;C:\Windows\System32\Wbem;C:\Windows\System32\WindowsPowerShell\v1.0\;C:\Windows\System32\OpenSSH\;C:\Program Files\NVIDIA Corporation\NVIDIA NvDLISR;C:\WINDOWS\system32;C:\WINDOWS;C:\WINDOWS\System32\Wbem;C:\WINDOWS\System32\WindowsPowerShell\v1.0\;C:\WINDOWS\System32\OpenSSH\;C:\Program Files\dotnet\;C:\Program Files\Java\jdk1.8.0_202\bin;C:\Users\dell\Downloads\apache-maven-3.9.9-bin (1)\apache-maven-3.9.9\bin;C:\Program Files\Git\cmd;C:\ProgramData\chocolatey\bin;C:\Program Files\nodejs\;C:\Users\dell\AppData\Local\Microsoft\WindowsApps;C:\Program Files\JetBrains\PyCharm Community Edition 2021.3\bin;;C:\Users\dell\AppData\Local\Programs\Microsoft VS Code\bin;C:\Users\dell\AppData\Roaming\npm;C:\WINDOWS\system32;
USERNAME=dell
OS=Windows_NT
PROCESSOR_IDENTIFIER=Intel64 Family 6 Model 140 Stepping 1, GenuineIntel
TMP=C:\Users\dell\AppData\Local\Temp
TEMP=C:\Users\dell\AppData\Local\Temp




Periodic native trim disabled

---------------  S Y S T E M  ---------------

OS:
 Windows 11 , 64 bit Build 26100 (10.0.26100.4768)
OS uptime: 3 days 7:49 hours
Hyper-V role detected

CPU: total 8 (initial active 8) (4 cores per cpu, 2 threads per core) family 6 model 140 stepping 1 microcode 0xb8, cx8, cmov, fxsr, ht, mmx, 3dnowpref, sse, sse2, sse3, ssse3, sse4.1, sse4.2, popcnt, lzcnt, tsc, tscinvbit, avx, avx2, aes, erms, clmul, bmi1, bmi2, adx, avx512f, avx512dq, avx512cd, avx512bw, avx512vl, sha, fma, vzeroupper, avx512_vpopcntdq, avx512_vpclmulqdq, avx512_vaes, avx512_vnni, clflush, clflushopt, clwb, avx512_vbmi2, avx512_vbmi, hv, rdtscp, rdpid, fsrm, gfni, avx512_bitalg, f16c, cet_ibt, cet_ss, avx512_ifma
Processor Information for the first 8 processors :
  Max Mhz: 1382, Current Mhz: 1382, Mhz Limit: 1382

Memory: 4k page, system-wide physical 7914M (934M free)
TotalPageFile size 27370M (AvailPageFile size 6912M)
current process WorkingSet (physical memory assigned to process): 279M, peak: 279M
current process commit charge ("private bytes"): 372M, peak: 372M

vm_info: OpenJDK 64-Bit Server VM (21.0.7+6-LTS) for windows-amd64 JRE (21.0.7+6-LTS), built on 2025-04-15T00:00:00Z by "admin" with MS VC++ 17.7 (VS2022)

END.
