#
# A fatal error has been detected by the Java Runtime Environment:
#
#  EXCEPTION_ACCESS_VIOLATION (0xc0000005) at pc=0x00007ffea2b5a39e, pid=15304, tid=26176
#
# JRE version: OpenJDK Runtime Environment Temurin-21.0.7+6 (21.0.7+6) (build 21.0.7+6-LTS)
# Java VM: OpenJDK 64-Bit Server VM Temurin-21.0.7+6 (21.0.7+6-LTS, mixed mode, emulated-client, sharing, tiered, compressed oops, compressed class ptrs, g1 gc, windows-amd64)
# Problematic frame:
# V  [jvm.dll+0x31a39e]
#
# No core dump will be written. Minidumps are not enabled by default on client versions of Windows
#
# If you would like to submit a bug report, please visit:
#   https://github.com/adoptium/adoptium-support/issues
#

---------------  S U M M A R Y ------------

Command Line: -XX:+ShowCodeDetailsInExceptionMessages -agentlib:jdwp=transport=dt_socket,suspend=y,address=localhost:3728 -Dcom.sun.management.jmxremote -Dcom.sun.management.jmxremote.port=3727 -Dcom.sun.management.jmxremote.authenticate=false -Dcom.sun.management.jmxremote.ssl=false -Djava.rmi.server.hostname=localhost -Dspring.jmx.enabled=true -Dmanagement.endpoints.jmx.exposure.include=* -Dspring.application.admin.enabled=true -Dspring.output.ansi.enabled=always -XX:TieredStopAtLevel=1 -Dspring.boot.project.name=E-Commerce -javaagent:D:\Sateesha\eclipse\configuration\org.eclipse.osgi\442\0\.cp\lib\javaagent-shaded.jar -Dfile.encoding=UTF-8 -Dstdout.encoding=UTF-8 -Dstderr.encoding=UTF-8 com.ecommerce.ECommerceApplication

Host: 11th Gen Intel(R) Core(TM) i5-1135G7 @ 2.40GHz, 8 cores, 7G,  Windows 11 , 64 bit Build 26100 (10.0.26100.4768)
Time: Tue Aug 19 22:30:20 2025 India Standard Time elapsed time: 14681.280867 seconds (0d 4h 4m 41s)

---------------  T H R E A D  ---------------

Current thread (0x000001f1bc8fcf50):  WorkerThread "GC Thread#0"    [id=26176, stack(0x00000045a0900000,0x00000045a0a00000) (1024K)]

Stack: [0x00000045a0900000,0x00000045a0a00000],  sp=0x00000045a09fe0b0,  free space=1016k
Native frames: (J=compiled Java code, j=interpreted, Vv=VM code, C=native code)
V  [jvm.dll+0x31a39e]
V  [jvm.dll+0x341c99]
V  [jvm.dll+0x341c02]
V  [jvm.dll+0x314d7b]
V  [jvm.dll+0x3147cd]
V  [jvm.dll+0x3eef95]
V  [jvm.dll+0x8522b6]
V  [jvm.dll+0x85c111]
V  [jvm.dll+0x366bfa]
V  [jvm.dll+0x366cb4]
V  [jvm.dll+0x346553]
V  [jvm.dll+0x8d6377]
V  [jvm.dll+0x851f6b]
V  [jvm.dll+0x6cc7dd]
C  [ucrtbase.dll+0x37b0]
C  [KERNEL32.DLL+0x2e8d7]
C  [ntdll.dll+0x3c34c]

JavaThread 0x000001f2114e15a0 (nid = 14612) was being processed
Java frames: (J=compiled Java code, j=interpreted, Vv=VM code)
j  java.lang.invoke.LambdaForm$DMH+0x000001f1ca1d0800.invokeVirtual(Ljava/lang/Object;Ljava/lang/Object;Ljava/lang/Object;)Ljava/lang/Object;+11 java.base@21.0.7
J 9357 c1 java.lang.invoke.LambdaForm$MH+0x000001f1ca198c00.invoke(Ljava/lang/Object;Ljava/lang/Object;Ljava/lang/Object;)Ljava/lang/Object; java.base@21.0.7 (56 bytes) @ 0x000001f1c0ca8a4c [0x000001f1c0ca88e0+0x000000000000016c]
J 3875 c1 jdk.internal.reflect.DirectMethodHandleAccessor.invoke(Ljava/lang/Object;[Ljava/lang/Object;)Ljava/lang/Object; java.base@21.0.7 (92 bytes) @ 0x000001f1c0bba434 [0x000001f1c0bba120+0x0000000000000314]
J 3879 c1 java.lang.reflect.Method.invoke(Ljava/lang/Object;[Ljava/lang/Object;)Ljava/lang/Object; java.base@21.0.7 (108 bytes) @ 0x000001f1c0bb8674 [0x000001f1c0bb8480+0x00000000000001f4]
j  org.springframework.web.method.support.InvocableHandlerMethod.doInvoke([Ljava/lang/Object;)Ljava/lang/Object;+55
j  org.springframework.web.method.support.InvocableHandlerMethod.invokeForRequest(Lorg/springframework/web/context/request/NativeWebRequest;Lorg/springframework/web/method/support/ModelAndViewContainer;[Ljava/lang/Object;)Ljava/lang/Object;+82
j  org.springframework.web.servlet.mvc.method.annotation.ServletInvocableHandlerMethod.invokeAndHandle(Lorg/springframework/web/context/request/ServletWebRequest;Lorg/springframework/web/method/support/ModelAndViewContainer;[Ljava/lang/Object;)V+4
j  org.springframework.web.servlet.mvc.method.annotation.RequestMappingHandlerAdapter.invokeHandlerMethod(Ljakarta/servlet/http/HttpServletRequest;Ljakarta/servlet/http/HttpServletResponse;Lorg/springframework/web/method/HandlerMethod;)Lorg/springframework/web/servlet/ModelAndView;+309
j  org.springframework.web.servlet.mvc.method.annotation.RequestMappingHandlerAdapter.handleInternal(Ljakarta/servlet/http/HttpServletRequest;Ljakarta/servlet/http/HttpServletResponse;Lorg/springframework/web/method/HandlerMethod;)Lorg/springframework/web/servlet/ModelAndView;+81
j  org.springframework.web.servlet.mvc.method.AbstractHandlerMethodAdapter.handle(Ljakarta/servlet/http/HttpServletRequest;Ljakarta/servlet/http/HttpServletResponse;Ljava/lang/Object;)Lorg/springframework/web/servlet/ModelAndView;+7
j  org.springframework.web.servlet.DispatcherServlet.doDispatch(Ljakarta/servlet/http/HttpServletRequest;Ljakarta/servlet/http/HttpServletResponse;)V+304
j  org.springframework.web.servlet.DispatcherServlet.doService(Ljakarta/servlet/http/HttpServletRequest;Ljakarta/servlet/http/HttpServletResponse;)V+242
j  org.springframework.web.servlet.FrameworkServlet.processRequest(Ljakarta/servlet/http/HttpServletRequest;Ljakarta/servlet/http/HttpServletResponse;)V+70
j  org.springframework.web.servlet.FrameworkServlet.doGet(Ljakarta/servlet/http/HttpServletRequest;Ljakarta/servlet/http/HttpServletResponse;)V+3
j  jakarta.servlet.http.HttpServlet.service(Ljakarta/servlet/http/HttpServletRequest;Ljakarta/servlet/http/HttpServletResponse;)V+35
j  org.springframework.web.servlet.FrameworkServlet.service(Ljakarta/servlet/http/HttpServletRequest;Ljakarta/servlet/http/HttpServletResponse;)V+20
j  jakarta.servlet.http.HttpServlet.service(Ljakarta/servlet/ServletRequest;Ljakarta/servlet/ServletResponse;)V+37
j  org.apache.catalina.core.ApplicationFilterChain.internalDoFilter(Ljakarta/servlet/ServletRequest;Ljakarta/servlet/ServletResponse;)V+300
j  org.apache.catalina.core.ApplicationFilterChain.doFilter(Ljakarta/servlet/ServletRequest;Ljakarta/servlet/ServletResponse;)V+99
j  org.apache.tomcat.websocket.server.WsFilter.doFilter(Ljakarta/servlet/ServletRequest;Ljakarta/servlet/ServletResponse;Ljakarta/servlet/FilterChain;)V+21
j  org.apache.catalina.core.ApplicationFilterChain.internalDoFilter(Ljakarta/servlet/ServletRequest;Ljakarta/servlet/ServletResponse;)V+130
j  org.apache.catalina.core.ApplicationFilterChain.doFilter(Ljakarta/servlet/ServletRequest;Ljakarta/servlet/ServletResponse;)V+99
j  org.springframework.web.filter.RequestContextFilter.doFilterInternal(Ljakarta/servlet/http/HttpServletRequest;Ljakarta/servlet/http/HttpServletResponse;Ljakarta/servlet/FilterChain;)V+21
j  org.springframework.web.filter.OncePerRequestFilter.doFilter(Ljakarta/servlet/ServletRequest;Ljakarta/servlet/ServletResponse;Ljakarta/servlet/FilterChain;)V+150
j  org.apache.catalina.core.ApplicationFilterChain.internalDoFilter(Ljakarta/servlet/ServletRequest;Ljakarta/servlet/ServletResponse;)V+130
j  org.apache.catalina.core.ApplicationFilterChain.doFilter(Ljakarta/servlet/ServletRequest;Ljakarta/servlet/ServletResponse;)V+99
j  org.springframework.web.filter.FormContentFilter.doFilterInternal(Ljakarta/servlet/http/HttpServletRequest;Ljakarta/servlet/http/HttpServletResponse;Ljakarta/servlet/FilterChain;)V+38
j  org.springframework.web.filter.OncePerRequestFilter.doFilter(Ljakarta/servlet/ServletRequest;Ljakarta/servlet/ServletResponse;Ljakarta/servlet/FilterChain;)V+150
j  org.apache.catalina.core.ApplicationFilterChain.internalDoFilter(Ljakarta/servlet/ServletRequest;Ljakarta/servlet/ServletResponse;)V+130
j  org.apache.catalina.core.ApplicationFilterChain.doFilter(Ljakarta/servlet/ServletRequest;Ljakarta/servlet/ServletResponse;)V+99
j  org.springframework.web.filter.CharacterEncodingFilter.doFilterInternal(Ljakarta/servlet/http/HttpServletRequest;Ljakarta/servlet/http/HttpServletResponse;Ljakarta/servlet/FilterChain;)V+53
j  org.springframework.web.filter.OncePerRequestFilter.doFilter(Ljakarta/servlet/ServletRequest;Ljakarta/servlet/ServletResponse;Ljakarta/servlet/FilterChain;)V+150
j  org.apache.catalina.core.ApplicationFilterChain.internalDoFilter(Ljakarta/servlet/ServletRequest;Ljakarta/servlet/ServletResponse;)V+130
j  org.apache.catalina.core.ApplicationFilterChain.doFilter(Ljakarta/servlet/ServletRequest;Ljakarta/servlet/ServletResponse;)V+99
j  org.apache.catalina.core.StandardWrapperValve.invoke(Lorg/apache/catalina/connector/Request;Lorg/apache/catalina/connector/Response;)V+511
j  org.apache.catalina.core.StandardContextValve.invoke(Lorg/apache/catalina/connector/Request;Lorg/apache/catalina/connector/Response;)V+169
j  org.apache.catalina.authenticator.AuthenticatorBase.invoke(Lorg/apache/catalina/connector/Request;Lorg/apache/catalina/connector/Response;)V+221
j  org.apache.catalina.core.StandardHostValve.invoke(Lorg/apache/catalina/connector/Request;Lorg/apache/catalina/connector/Response;)V+131
j  org.apache.catalina.valves.ErrorReportValve.invoke(Lorg/apache/catalina/connector/Request;Lorg/apache/catalina/connector/Response;)V+6
j  org.apache.catalina.core.StandardEngineValve.invoke(Lorg/apache/catalina/connector/Request;Lorg/apache/catalina/connector/Response;)V+59
j  org.apache.catalina.connector.CoyoteAdapter.service(Lorg/apache/coyote/Request;Lorg/apache/coyote/Response;)V+188
j  org.apache.coyote.http11.Http11Processor.service(Lorg/apache/tomcat/util/net/SocketWrapperBase;)Lorg/apache/tomcat/util/net/AbstractEndpoint$Handler$SocketState;+796
j  org.apache.coyote.AbstractProcessorLight.process(Lorg/apache/tomcat/util/net/SocketWrapperBase;Lorg/apache/tomcat/util/net/SocketEvent;)Lorg/apache/tomcat/util/net/AbstractEndpoint$Handler$SocketState;+155
j  org.apache.coyote.AbstractProtocol$ConnectionHandler.process(Lorg/apache/tomcat/util/net/SocketWrapperBase;Lorg/apache/tomcat/util/net/SocketEvent;)Lorg/apache/tomcat/util/net/AbstractEndpoint$Handler$SocketState;+477
j  org.apache.tomcat.util.net.NioEndpoint$SocketProcessor.doRun()V+222
j  org.apache.tomcat.util.net.SocketProcessorBase.run()V+32
j  org.apache.tomcat.util.threads.ThreadPoolExecutor.runWorker(Lorg/apache/tomcat/util/threads/ThreadPoolExecutor$Worker;)V+92
j  org.apache.tomcat.util.threads.ThreadPoolExecutor$Worker.run()V+5
j  org.apache.tomcat.util.threads.TaskThread$WrappingRunnable.run()V+4
j  java.lang.Thread.runWith(Ljava/lang/Object;Ljava/lang/Runnable;)V+5 java.base@21.0.7
j  java.lang.Thread.run()V+19 java.base@21.0.7
v  ~StubRoutines::call_stub 0x000001f1c02410e7

siginfo: EXCEPTION_ACCESS_VIOLATION (0xc0000005), reading address 0x000001f2d82d7f48


Registers:
RAX=0x000001f1c3b10000, RBX=0x000001f1bc8fd560, RCX=0x0000000000000029, RDX=0x0000000000000001
RSP=0x00000045a09fe0b0, RBP=0x00000045a09fe240, RSI=0x000001f2110892d0, RDI=0x00000008a3e3fa69
R8 =0x000001f2d82d7f48, R9 =0x000001f20ac20038, R10=0x000001f1c0240000, R11=0x00000045a09fe2b8
R12=0x000001f1c9541870, R13=0x000001f1bc8b61b0, R14=0x000001f1bc8b86f0, R15=0x0000000000000000
RIP=0x00007ffea2b5a39e, EFLAGS=0x0000000000010202

XMM[0]=0x3b3b3b3b3b3b3b3b 0x3b3b3b3b3b3b3b3b
XMM[1]=0x00000000000000ff 0x0000000000000000
XMM[2]=0x0000000000000000 0x0000000000000000
XMM[3]=0x0000000000000000 0x0000000000000000
XMM[4]=0x0000000000000000 0x0000000000000000
XMM[5]=0x0000000000000000 0x0000000000000000
XMM[6]=0x0000000000000000 0x0000000000000000
XMM[7]=0x0000000000000000 0x0000000000000000
XMM[8]=0x0000000000000000 0x0000000000000000
XMM[9]=0x0000000000000000 0x0000000000000000
XMM[10]=0x0000000000000000 0x0000000000000000
XMM[11]=0x0000000000000000 0x0000000000000000
XMM[12]=0x0000000000000000 0x0000000000000000
XMM[13]=0x0000000000000000 0x0000000000000000
XMM[14]=0x0000000000000000 0x0000000000000000
XMM[15]=0x0000000000000000 0x0000000000000000
  MXCSR=0x00001fa0


Register to memory mapping:

RAX=0x000001f1c3b10000 points into unknown readable memory: 0x0000000000000001 | 01 00 00 00 00 00 00 00
RBX=0x000001f1bc8fd560 points into unknown readable memory: 0x00007ffea32676d8 | d8 76 26 a3 fe 7f 00 00
RCX=0x0000000000000029 is an unknown value
RDX=0x0000000000000001 is an unknown value
RSP=0x00000045a09fe0b0 points into unknown readable memory: 0x000000000000012f | 2f 01 00 00 00 00 00 00
RBP=0x00000045a09fe240 points into unknown readable memory: 0x0000004500000000 | 00 00 00 00 45 00 00 00
RSI=0x000001f2110892d0 points into unknown readable memory: 0x00000045a0fff520 | 20 f5 ff a0 45 00 00 00
RDI=0x00000008a3e3fa69 is an unknown value
R8 =0x000001f2d82d7f48 is an unknown value
R9 =0x000001f20ac20038 is pointing into metadata
R10=0x000001f1c0240000 points into unknown readable memory: 0x0000000000000006 | 06 00 00 00 00 00 00 00
R11=0x00000045a09fe2b8 points into unknown readable memory: 0x00007ffea2b547cd | cd 47 b5 a2 fe 7f 00 00
R12=0x000001f1c9541870 is pointing into metadata
R13=0x000001f1bc8b61b0 points into unknown readable memory: 0x0000000000000000 | 00 00 00 00 00 00 00 00
R14=0x000001f1bc8b86f0 points into unknown readable memory: 0x0000000000000002 | 02 00 00 00 00 00 00 00
R15=0x0 is null

Top of Stack: (sp=0x00000045a09fe0b0)
0x00000045a09fe0b0:   000000000000012f 00007ffea2efc362
0x00000045a09fe0c0:   000001f2110892d0 00007ffea2b81c02
0x00000045a09fe0d0:   00000045a35fd348 00007ffea2b81c99
0x00000045a09fe0e0:   00000045a35fd348 00000045a09fe410
0x00000045a09fe0f0:   0000000000000010 00007ffea2efc0b9
0x00000045a09fe100:   000001f2110892d0 00007ffea2b81c02
0x00000045a09fe110:   00000045a09fe1d0 00000045a09fe410
0x00000045a09fe120:   00000045a09fe410 0000000000000000
0x00000045a09fe130:   0000000000000002 00007ffea2b54d7b
0x00000045a09fe140:   000001f211089880 000001f20ac20280
0x00000045a09fe150:   000001f211089880 00000045a09fe410
0x00000045a09fe160:   0000000b00000001 000001f20ac20280
0x00000045a09fe170:   000001f1bc8fcf50 000001f200000004
0x00000045a09fe180:   00000000000003d8 000001f1bc8b61c0
0x00000045a09fe190:   000001f1bc8b6598 000001f20ac20273
0x00000045a09fe1a0:   000001f2000000b8 000001f20ac20280
0x00000045a09fe1b0:   00007ffea3263210 00000045a09fe410
0x00000045a09fe1c0:   000001f211089880 0000000400000003
0x00000045a09fe1d0:   000001f1c9541870 0000001300000001
0x00000045a09fe1e0:   0000000000000055 000000010000000c
0x00000045a09fe1f0:   000001f1c9480090 0000000000000000
0x00000045a09fe200:   000001f20ebb7734 0000000000000002
0x00000045a09fe210:   0000000300000001 0000ffff09c80000
0x00000045a09fe220:   0000000085a2f830 00007ffea2b81c99
0x00000045a09fe230:   0000000085a2f830 00000006bc8b0013
0x00000045a09fe240:   0000004500000000 0000000000000015
0x00000045a09fe250:   000001f2110892d0 00007ffea2b81c02
0x00000045a09fe260:   0000000000000000 0000004500000003
0x00000045a09fe270:   0000144eb081cc49 00007ffea29e7287
0x00000045a09fe280:   000001f211089880 00000000000003d8
0x00000045a09fe290:   000001f1bc8b6598 00000045a09fe410
0x00000045a09fe2a0:   00000045a09ff900 00007ffea309b100 

Instructions: (pc=0x00007ffea2b5a39e)
0x00007ffea2b5a29e:   38 f0 4c 01 04 c8 48 c7 42 08 00 00 00 00 44 89
0x00007ffea2b5a2ae:   12 49 ff 41 58 4c 01 5a 08 e9 4a ff ff ff 49 ff
0x00007ffea2b5a2be:   41 50 4c 01 5a 08 e9 3d ff ff ff cc cc cc cc cc
0x00007ffea2b5a2ce:   cc cc 48 89 5c 24 08 57 48 83 ec 20 48 8b 01 48
0x00007ffea2b5a2de:   8b fa 48 8b d9 ff 50 08 4c 8b c8 48 85 c0 74 66
0x00007ffea2b5a2ee:   4c 8b 40 10 4c 2b 00 48 c7 40 28 00 00 00 00 4c
0x00007ffea2b5a2fe:   89 43 18 48 8b 50 10 48 8b 48 08 48 8b c7 48 2b
0x00007ffea2b5a30e:   ca 48 c1 e9 03 48 3b cf 48 0f 42 c1 48 3b c7 72
0x00007ffea2b5a31e:   1e 48 8d 04 c2 49 89 41 10 90 ff 43 10 48 8b c2
0x00007ffea2b5a32e:   4c 89 4b 08 48 8b 5c 24 30 48 83 c4 20 5f c3 33
0x00007ffea2b5a33e:   d2 90 ff 43 10 8b c2 4c 89 4b 08 48 8b 5c 24 30
0x00007ffea2b5a34e:   48 83 c4 20 5f c3 48 8b 5c 24 30 48 83 c4 20 5f
0x00007ffea2b5a35e:   c3 cc 48 89 5c 24 08 57 48 83 ec 20 48 8b 01 48
0x00007ffea2b5a36e:   8b fa 48 8b d9 ff 10 48 2b 7b 08 8b 4b 18 48 8b
0x00007ffea2b5a37e:   43 20 48 c1 ef 03 48 d3 ef 40 0f b6 cf 48 8b d7
0x00007ffea2b5a38e:   48 c1 ea 06 80 e1 3f 4c 8d 04 d0 ba 01 00 00 00
0x00007ffea2b5a39e:   49 8b 00 48 d3 e2 48 8b c8 48 0b ca 48 3b c8 74
0x00007ffea2b5a3ae:   13 90 f0 49 0f b1 08 74 18 48 8b c8 48 0b ca 48
0x00007ffea2b5a3be:   3b c8 75 ee 32 c0 48 8b 5c 24 30 48 83 c4 20 5f
0x00007ffea2b5a3ce:   c3 48 8b 5c 24 30 b0 01 48 83 c4 20 5f c3 cc cc
0x00007ffea2b5a3de:   cc cc 48 89 5c 24 08 57 48 83 ec 20 4c 8b 41 30
0x00007ffea2b5a3ee:   48 8b da 48 8b f9 45 8b 88 80 00 00 00 41 8b 80
0x00007ffea2b5a3fe:   00 01 00 00 41 8b d1 2b d0 81 e2 ff ff 01 00 81
0x00007ffea2b5a40e:   fa fe ff 01 00 73 26 49 8b 80 80 01 00 00 4a 89
0x00007ffea2b5a41e:   1c c8 41 8d 41 01 25 ff ff 01 00 41 89 80 80 00
0x00007ffea2b5a42e:   00 00 48 8b 5c 24 30 48 83 c4 20 5f c3 e8 e0 b1
0x00007ffea2b5a43e:   01 00 48 8b 57 30 44 8b 82 80 00 00 00 8b 82 00
0x00007ffea2b5a44e:   01 00 00 41 8b c8 2b c8 81 e1 ff ff 01 00 81 f9
0x00007ffea2b5a45e:   fe ff 01 00 73 1a 48 8b 82 80 01 00 00 4a 89 1c
0x00007ffea2b5a46e:   c0 41 8d 40 01 25 ff ff 01 00 89 82 80 00 00 00
0x00007ffea2b5a47e:   48 8b 5c 24 30 48 83 c4 20 5f c3 cc cc cc cc cc
0x00007ffea2b5a48e:   cc cc 48 89 5c 24 08 57 48 83 ec 20 48 8b 79 08 


Stack slot to memory mapping:

stack at sp + 0 slots: 0x000000000000012f is an unknown value
stack at sp + 1 slots: 0x00007ffea2efc362 jvm.dll
stack at sp + 2 slots: 0x000001f2110892d0 points into unknown readable memory: 0x00000045a0fff520 | 20 f5 ff a0 45 00 00 00
stack at sp + 3 slots: 0x00007ffea2b81c02 jvm.dll
stack at sp + 4 slots: 0x00000045a35fd348 is pointing into the stack for thread: 0x000001f2114e15a0
stack at sp + 5 slots: 0x00007ffea2b81c99 jvm.dll
stack at sp + 6 slots: 0x00000045a35fd348 is pointing into the stack for thread: 0x000001f2114e15a0
stack at sp + 7 slots: 0x00000045a09fe410 points into unknown readable memory: 0x00000045a35fd338 | 38 d3 5f a3 45 00 00 00


---------------  P R O C E S S  ---------------

Threads class SMR info:
_java_thread_list=0x000001f20e405af0, length=23, elements={
0x000001f1c84761b0, 0x000001f1c8476c00, 0x000001f1c8479000, 0x000001f1c8479a50,
0x000001f1c847b4b0, 0x000001f1c847c030, 0x000001f1c84820c0, 0x000001f1c8518960,
0x000001f1c86174b0, 0x000001f1c8619b40, 0x000001f1c861e1e0, 0x000001f20e18d0e0,
0x000001f20e34ed20, 0x000001f20e3721f0, 0x000001f20e3bb780, 0x000001f20e666b20,
0x000001f20e873840, 0x000001f21108c0c0, 0x000001f2110a6a80, 0x000001f20e875910,
0x000001f2110a7110, 0x000001f2114e15a0, 0x000001f21108c750
}

Java Threads: ( => current thread )
  0x000001f1c84761b0 JavaThread "Reference Handler"          daemon [_thread_blocked, id=20200, stack(0x00000045a1000000,0x00000045a1100000) (1024K)]
  0x000001f1c8476c00 JavaThread "Finalizer"                  daemon [_thread_blocked, id=11796, stack(0x00000045a1100000,0x00000045a1200000) (1024K)]
  0x000001f1c8479000 JavaThread "Signal Dispatcher"          daemon [_thread_blocked, id=17768, stack(0x00000045a1200000,0x00000045a1300000) (1024K)]
  0x000001f1c8479a50 JavaThread "Attach Listener"            daemon [_thread_blocked, id=21480, stack(0x00000045a1300000,0x00000045a1400000) (1024K)]
  0x000001f1c847b4b0 JavaThread "Service Thread"             daemon [_thread_blocked, id=24972, stack(0x00000045a1400000,0x00000045a1500000) (1024K)]
  0x000001f1c847c030 JavaThread "Monitor Deflation Thread"   daemon [_thread_blocked, id=19364, stack(0x00000045a1500000,0x00000045a1600000) (1024K)]
  0x000001f1c84820c0 JavaThread "C1 CompilerThread0"         daemon [_thread_blocked, id=26268, stack(0x00000045a1600000,0x00000045a1700000) (1024K)]
  0x000001f1c8518960 JavaThread "Common-Cleaner"             daemon [_thread_blocked, id=19064, stack(0x00000045a1700000,0x00000045a1800000) (1024K)]
  0x000001f1c86174b0 JavaThread "JDWP Transport Listener: dt_socket" daemon [_thread_blocked, id=23208, stack(0x00000045a1b00000,0x00000045a1c00000) (1024K)]
  0x000001f1c8619b40 JavaThread "JDWP Event Helper Thread"   daemon [_thread_blocked, id=24708, stack(0x00000045a1c00000,0x00000045a1d00000) (1024K)]
  0x000001f1c861e1e0 JavaThread "JDWP Command Reader"        daemon [_thread_in_native, id=11968, stack(0x00000045a1d00000,0x00000045a1e00000) (1024K)]
  0x000001f20e18d0e0 JavaThread "Notification Thread"        daemon [_thread_blocked, id=25668, stack(0x00000045a1e00000,0x00000045a1f00000) (1024K)]
  0x000001f20e34ed20 JavaThread "RMI TCP Accept-0"           daemon [_thread_in_native, id=3556, stack(0x00000045a1f00000,0x00000045a2000000) (1024K)]
  0x000001f20e3721f0 JavaThread "RMI TCP Accept-3727"        daemon [_thread_in_native, id=14020, stack(0x00000045a2000000,0x00000045a2100000) (1024K)]
  0x000001f20e3bb780 JavaThread "RMI TCP Accept-0"           daemon [_thread_in_native, id=19800, stack(0x00000045a2800000,0x00000045a2900000) (1024K)]
  0x000001f20e666b20 JavaThread "RMI Scheduler(0)"           daemon [_thread_blocked, id=24468, stack(0x00000045a2a00000,0x00000045a2b00000) (1024K)]
  0x000001f20e873840 JavaThread "mysql-cj-abandoned-connection-cleanup" daemon [_thread_blocked, id=5632, stack(0x00000045a3300000,0x00000045a3400000) (1024K)]
  0x000001f21108c0c0 JavaThread "Live Reload Server"         daemon [_thread_in_native, id=24740, stack(0x00000045a3900000,0x00000045a3a00000) (1024K)]
  0x000001f2110a6a80 JavaThread "DestroyJavaVM"                     [_thread_blocked, id=2100, stack(0x00000045a0800000,0x00000045a0900000) (1024K)]
  0x000001f20e875910 JavaThread "RMI TCP Connection(133)-127.0.0.1" daemon [_thread_in_native, id=23080, stack(0x00000045a2900000,0x00000045a2a00000) (1024K)]
  0x000001f2110a7110 JavaThread "JMX server connection timeout 122" daemon [_thread_blocked, id=8656, stack(0x00000045a0600000,0x00000045a0700000) (1024K)]
  0x000001f2114e15a0 JavaThread "http-nio-9090-exec-1"       daemon [_thread_blocked, id=14612, stack(0x00000045a3500000,0x00000045a3600000) (1024K)]
  0x000001f21108c750 JavaThread "Thread-39"                         [_thread_blocked, id=22912, stack(0x00000045a0500000,0x00000045a0600000) (1024K)]
Total: 23

Other Threads:
  0x000001f1c8458330 VMThread "VM Thread"                           [id=23076, stack(0x00000045a0f00000,0x00000045a1000000) (1024K)]
  0x000001f1c84484a0 WatcherThread "VM Periodic Task Thread"        [id=5464, stack(0x00000045a0e00000,0x00000045a0f00000) (1024K)]
=>0x000001f1bc8fcf50 WorkerThread "GC Thread#0"                     [id=26176, stack(0x00000045a0900000,0x00000045a0a00000) (1024K)]
  0x000001f20e3d8870 WorkerThread "GC Thread#1"                     [id=12456, stack(0x00000045a2100000,0x00000045a2200000) (1024K)]
  0x000001f20e395880 WorkerThread "GC Thread#2"                     [id=3712, stack(0x00000045a2200000,0x00000045a2300000) (1024K)]
  0x000001f20e395c20 WorkerThread "GC Thread#3"                     [id=3332, stack(0x00000045a2300000,0x00000045a2400000) (1024K)]
  0x000001f20e39da20 WorkerThread "GC Thread#4"                     [id=16884, stack(0x00000045a2400000,0x00000045a2500000) (1024K)]
  0x000001f20e39ddc0 WorkerThread "GC Thread#5"                     [id=20252, stack(0x00000045a2500000,0x00000045a2600000) (1024K)]
  0x000001f20e39e160 WorkerThread "GC Thread#6"                     [id=22864, stack(0x00000045a2600000,0x00000045a2700000) (1024K)]
  0x000001f20e39ef10 WorkerThread "GC Thread#7"                     [id=24320, stack(0x00000045a2700000,0x00000045a2800000) (1024K)]
  0x000001f1bc90d5c0 ConcurrentGCThread "G1 Main Marker"            [id=12544, stack(0x00000045a0a00000,0x00000045a0b00000) (1024K)]
  0x000001f1bc90fe00 WorkerThread "G1 Conc#0"                       [id=22216, stack(0x00000045a0b00000,0x00000045a0c00000) (1024K)]
  0x000001f20ea5c6d0 WorkerThread "G1 Conc#1"                       [id=19520, stack(0x00000045a3000000,0x00000045a3100000) (1024K)]
  0x000001f1c83013b0 ConcurrentGCThread "G1 Refine#0"               [id=24600, stack(0x00000045a0c00000,0x00000045a0d00000) (1024K)]
  0x000001f1c8304cf0 ConcurrentGCThread "G1 Service"                [id=21584, stack(0x00000045a0d00000,0x00000045a0e00000) (1024K)]
Total: 15

Threads with active compile tasks:
C1 CompilerThread0  14681364 14120  s!   1       org.apache.catalina.util.LifecycleBase::stop (361 bytes)
Total: 1

VM state: at safepoint (normal execution)

VM Mutex/Monitor currently owned by a thread:  ([mutex/lock_event])
[0x00007ffea34ee308] Threads_lock - owner thread: 0x000001f1c8458330
[0x00007ffea34ee408] Heap_lock - owner thread: 0x000001f21108c750

Heap address: 0x0000000084400000, size: 1980 MB, Compressed Oops mode: 32-bit

CDS archive(s) mapped at: [0x000001f1c9000000-0x000001f1c9c80000-0x000001f1c9c80000), size 13107200, SharedBaseAddress: 0x000001f1c9000000, ArchiveRelocationMode: 1.
Compressed class space mapped at: 0x000001f1ca000000-0x000001f20a000000, reserved size: 1073741824
Narrow klass base: 0x000001f1c9000000, Narrow klass shift: 0, Narrow klass range: 0x100000000

GC Precious Log:
 CardTable entry size: 512
 Card Set container configuration: InlinePtr #cards 5 size 8 Array Of Cards #cards 12 size 40 Howl #buckets 4 coarsen threshold 1843 Howl Bitmap #cards 512 size 80 coarsen threshold 460 Card regions per heap region 1 cards per card region 2048
 CPUs: 8 total, 8 available
 Memory: 7914M
 Large Page Support: Disabled
 NUMA Support: Disabled
 Compressed Oops: Enabled (32-bit)
 Heap Region Size: 1M
 Heap Min Capacity: 8M
 Heap Initial Capacity: 124M
 Heap Max Capacity: 1980M
 Pre-touch: Disabled
 Parallel Workers: 8
 Concurrent Workers: 2
 Concurrent Refinement Workers: 8
 Periodic GC: Disabled

Heap:
 garbage-first heap   total 89088K, used 61069K [0x0000000084400000, 0x0000000100000000)
  region size 1024K, 28 young (28672K), 4 survivors (4096K)
 Metaspace       used 82375K, committed 83200K, reserved 1179648K
  class space    used 11286K, committed 11648K, reserved 1048576K

Heap Regions: E=young(eden), S=young(survivor), O=old, HS=humongous(starts), HC=humongous(continues), CS=collection set, F=free, TAMS=top-at-mark-start, PB=parsable bottom
|   0|0x0000000084400000, 0x0000000084500000, 0x0000000084500000|100%|HS|  |TAMS 0x0000000084400000| PB 0x0000000084500000| Complete 
|   1|0x0000000084500000, 0x0000000084600000, 0x0000000084600000|100%|HS|  |TAMS 0x0000000084500000| PB 0x0000000084600000| Complete 
|   2|0x0000000084600000, 0x0000000084700000, 0x0000000084700000|100%| O|  |TAMS 0x0000000084600000| PB 0x0000000084700000| Untracked 
|   3|0x0000000084700000, 0x00000000847ffff0, 0x0000000084800000| 99%| O|  |TAMS 0x0000000084700000| PB 0x00000000847ffff0| Untracked 
|   4|0x0000000084800000, 0x00000000848ffff8, 0x0000000084900000| 99%| O|  |TAMS 0x0000000084800000| PB 0x00000000848ffff8| Untracked 
|   5|0x0000000084900000, 0x00000000849ffff8, 0x0000000084a00000| 99%| O|  |TAMS 0x0000000084900000| PB 0x00000000849ffff8| Untracked 
|   6|0x0000000084a00000, 0x0000000084afffb0, 0x0000000084b00000| 99%| O|  |TAMS 0x0000000084a00000| PB 0x0000000084afffb0| Untracked 
|   7|0x0000000084b00000, 0x0000000084bfffc0, 0x0000000084c00000| 99%| O|  |TAMS 0x0000000084b00000| PB 0x0000000084bfffc0| Untracked 
|   8|0x0000000084c00000, 0x0000000084cffff8, 0x0000000084d00000| 99%| O|  |TAMS 0x0000000084c00000| PB 0x0000000084cffff8| Untracked 
|   9|0x0000000084d00000, 0x0000000084e00000, 0x0000000084e00000|100%| O|  |TAMS 0x0000000084d00000| PB 0x0000000084e00000| Untracked 
|  10|0x0000000084e00000, 0x0000000084efffe8, 0x0000000084f00000| 99%| O|  |TAMS 0x0000000084e00000| PB 0x0000000084efffe8| Untracked 
|  11|0x0000000084f00000, 0x0000000084ffff90, 0x0000000085000000| 99%| O|  |TAMS 0x0000000084f00000| PB 0x0000000084ffff90| Untracked 
|  12|0x0000000085000000, 0x00000000850fffe8, 0x0000000085100000| 99%| O|  |TAMS 0x0000000085000000| PB 0x00000000850fffe8| Untracked 
|  13|0x0000000085100000, 0x00000000851fffb8, 0x0000000085200000| 99%| O|  |TAMS 0x0000000085100000| PB 0x00000000851fffb8| Untracked 
|  14|0x0000000085200000, 0x0000000085300000, 0x0000000085300000|100%| O|  |TAMS 0x0000000085200000| PB 0x0000000085300000| Untracked 
|  15|0x0000000085300000, 0x00000000853ffff0, 0x0000000085400000| 99%| O|  |TAMS 0x0000000085300000| PB 0x00000000853ffff0| Untracked 
|  16|0x0000000085400000, 0x00000000854fffe0, 0x0000000085500000| 99%| O|  |TAMS 0x0000000085400000| PB 0x00000000854fffe0| Untracked 
|  17|0x0000000085500000, 0x00000000855fffe0, 0x0000000085600000| 99%| O|  |TAMS 0x0000000085500000| PB 0x00000000855fffe0| Untracked 
|  18|0x0000000085600000, 0x00000000856ffff8, 0x0000000085700000| 99%| O|  |TAMS 0x0000000085600000| PB 0x00000000856ffff8| Untracked 
|  19|0x0000000085700000, 0x00000000857fffe8, 0x0000000085800000| 99%| O|  |TAMS 0x0000000085700000| PB 0x00000000857fffe8| Untracked 
|  20|0x0000000085800000, 0x00000000858ffff0, 0x0000000085900000| 99%| O|  |TAMS 0x0000000085800000| PB 0x00000000858ffff0| Untracked 
|  21|0x0000000085900000, 0x00000000859fffd0, 0x0000000085a00000| 99%| O|  |TAMS 0x0000000085900000| PB 0x00000000859fffd0| Untracked 
|  22|0x0000000085a00000, 0x0000000085afffc0, 0x0000000085b00000| 99%| O|  |TAMS 0x0000000085a00000| PB 0x0000000085afffc0| Untracked 
|  23|0x0000000085b00000, 0x0000000085bffca0, 0x0000000085c00000| 99%| O|  |TAMS 0x0000000085b00000| PB 0x0000000085bffca0| Untracked 
|  24|0x0000000085c00000, 0x0000000085cf7088, 0x0000000085d00000| 96%| O|  |TAMS 0x0000000085c00000| PB 0x0000000085cf7088| Untracked 
|  25|0x0000000085d00000, 0x0000000085df9ca8, 0x0000000085e00000| 97%| O|  |TAMS 0x0000000085d00000| PB 0x0000000085df9ca8| Untracked 
|  26|0x0000000085e00000, 0x0000000085efffc8, 0x0000000085f00000| 99%| O|  |TAMS 0x0000000085e00000| PB 0x0000000085efffc8| Untracked 
|  27|0x0000000085f00000, 0x0000000085ffffd0, 0x0000000086000000| 99%| O|  |TAMS 0x0000000085f00000| PB 0x0000000085ffffd0| Untracked 
|  28|0x0000000086000000, 0x00000000860c1920, 0x0000000086100000| 75%| O|  |TAMS 0x0000000086000000| PB 0x00000000860c1920| Untracked 
|  29|0x0000000086100000, 0x0000000086200000, 0x0000000086200000|100%| O|  |TAMS 0x0000000086100000| PB 0x0000000086200000| Untracked 
|  30|0x0000000086200000, 0x0000000086300000, 0x0000000086300000|100%| O|  |TAMS 0x0000000086200000| PB 0x0000000086300000| Untracked 
|  31|0x0000000086300000, 0x00000000863476b0, 0x0000000086400000| 27%| O|  |TAMS 0x0000000086300000| PB 0x00000000863476b0| Untracked 
|  32|0x0000000086400000, 0x0000000086429028, 0x0000000086500000| 16%| O|  |TAMS 0x0000000086400000| PB 0x0000000086429028| Complete 
|  33|0x0000000086500000, 0x00000000865f9f00, 0x0000000086600000| 97%| O|  |TAMS 0x0000000086500000| PB 0x00000000865f9f00| Untracked 
|  34|0x0000000086600000, 0x0000000086600000, 0x0000000086700000|  0%| F|  |TAMS 0x0000000086600000| PB 0x0000000086600000| Untracked 
|  35|0x0000000086700000, 0x0000000086700000, 0x0000000086800000|  0%| F|  |TAMS 0x0000000086700000| PB 0x0000000086700000| Untracked 
|  36|0x0000000086800000, 0x0000000086800000, 0x0000000086900000|  0%| F|  |TAMS 0x0000000086800000| PB 0x0000000086800000| Untracked 
|  37|0x0000000086900000, 0x00000000869da448, 0x0000000086a00000| 85%| S|  |TAMS 0x0000000086900000| PB 0x00000000869da448| Complete 
|  38|0x0000000086a00000, 0x0000000086a00000, 0x0000000086b00000|  0%| F|  |TAMS 0x0000000086a00000| PB 0x0000000086a00000| Untracked 
|  39|0x0000000086b00000, 0x0000000086b00000, 0x0000000086c00000|  0%| F|  |TAMS 0x0000000086b00000| PB 0x0000000086b00000| Untracked 
|  40|0x0000000086c00000, 0x0000000086c00000, 0x0000000086d00000|  0%| F|  |TAMS 0x0000000086c00000| PB 0x0000000086c00000| Untracked 
|  41|0x0000000086d00000, 0x0000000086d00000, 0x0000000086e00000|  0%| F|  |TAMS 0x0000000086d00000| PB 0x0000000086d00000| Untracked 
|  42|0x0000000086e00000, 0x0000000086e00000, 0x0000000086f00000|  0%| F|  |TAMS 0x0000000086e00000| PB 0x0000000086e00000| Untracked 
|  43|0x0000000086f00000, 0x0000000087000000, 0x0000000087000000|100%| S|  |TAMS 0x0000000086f00000| PB 0x0000000087000000| Complete 
|  44|0x0000000087000000, 0x0000000087100000, 0x0000000087100000|100%| S|  |TAMS 0x0000000087000000| PB 0x0000000087100000| Complete 
|  45|0x0000000087100000, 0x0000000087200000, 0x0000000087200000|100%| S|  |TAMS 0x0000000087100000| PB 0x0000000087200000| Complete 
|  46|0x0000000087200000, 0x0000000087200000, 0x0000000087300000|  0%| F|  |TAMS 0x0000000087200000| PB 0x0000000087200000| Untracked 
|  47|0x0000000087300000, 0x0000000087300000, 0x0000000087400000|  0%| F|  |TAMS 0x0000000087300000| PB 0x0000000087300000| Untracked 
|  48|0x0000000087400000, 0x0000000087400000, 0x0000000087500000|  0%| F|  |TAMS 0x0000000087400000| PB 0x0000000087400000| Untracked 
|  49|0x0000000087500000, 0x0000000087500000, 0x0000000087600000|  0%| F|  |TAMS 0x0000000087500000| PB 0x0000000087500000| Untracked 
|  50|0x0000000087600000, 0x0000000087600000, 0x0000000087700000|  0%| F|  |TAMS 0x0000000087600000| PB 0x0000000087600000| Untracked 
|  51|0x0000000087700000, 0x0000000087700000, 0x0000000087800000|  0%| F|  |TAMS 0x0000000087700000| PB 0x0000000087700000| Untracked 
|  52|0x0000000087800000, 0x0000000087800000, 0x0000000087900000|  0%| F|  |TAMS 0x0000000087800000| PB 0x0000000087800000| Untracked 
|  53|0x0000000087900000, 0x0000000087900000, 0x0000000087a00000|  0%| F|  |TAMS 0x0000000087900000| PB 0x0000000087900000| Untracked 
|  54|0x0000000087a00000, 0x0000000087a00000, 0x0000000087b00000|  0%| F|  |TAMS 0x0000000087a00000| PB 0x0000000087a00000| Untracked 
|  55|0x0000000087b00000, 0x0000000087b00000, 0x0000000087c00000|  0%| F|  |TAMS 0x0000000087b00000| PB 0x0000000087b00000| Untracked 
|  56|0x0000000087c00000, 0x0000000087c00000, 0x0000000087d00000|  0%| F|  |TAMS 0x0000000087c00000| PB 0x0000000087c00000| Untracked 
|  57|0x0000000087d00000, 0x0000000087d00000, 0x0000000087e00000|  0%| F|  |TAMS 0x0000000087d00000| PB 0x0000000087d00000| Untracked 
|  58|0x0000000087e00000, 0x0000000087e00000, 0x0000000087f00000|  0%| F|  |TAMS 0x0000000087e00000| PB 0x0000000087e00000| Untracked 
|  59|0x0000000087f00000, 0x0000000087f00000, 0x0000000088000000|  0%| F|  |TAMS 0x0000000087f00000| PB 0x0000000087f00000| Untracked 
|  60|0x0000000088000000, 0x0000000088000000, 0x0000000088100000|  0%| F|  |TAMS 0x0000000088000000| PB 0x0000000088000000| Untracked 
|  61|0x0000000088100000, 0x0000000088100000, 0x0000000088200000|  0%| F|  |TAMS 0x0000000088100000| PB 0x0000000088100000| Untracked 
|  62|0x0000000088200000, 0x0000000088200000, 0x0000000088300000|  0%| F|  |TAMS 0x0000000088200000| PB 0x0000000088200000| Untracked 
|  63|0x0000000088300000, 0x00000000883aca00, 0x0000000088400000| 67%| E|  |TAMS 0x0000000088300000| PB 0x00000000883aca00| Complete 
|  64|0x0000000088400000, 0x0000000088500000, 0x0000000088500000|100%| E|  |TAMS 0x0000000088400000| PB 0x0000000088500000| Complete 
|  65|0x0000000088500000, 0x0000000088600000, 0x0000000088600000|100%| E|  |TAMS 0x0000000088500000| PB 0x0000000088600000| Complete 
|  66|0x0000000088600000, 0x0000000088700000, 0x0000000088700000|100%| E|  |TAMS 0x0000000088600000| PB 0x0000000088700000| Complete 
|  67|0x0000000088700000, 0x0000000088800000, 0x0000000088800000|100%| E|  |TAMS 0x0000000088700000| PB 0x0000000088800000| Complete 
|  68|0x0000000088800000, 0x0000000088900000, 0x0000000088900000|100%| E|  |TAMS 0x0000000088800000| PB 0x0000000088900000| Complete 
|  69|0x0000000088900000, 0x0000000088a00000, 0x0000000088a00000|100%| E|  |TAMS 0x0000000088900000| PB 0x0000000088a00000| Complete 
|  70|0x0000000088a00000, 0x0000000088b00000, 0x0000000088b00000|100%| E|  |TAMS 0x0000000088a00000| PB 0x0000000088b00000| Complete 
|  71|0x0000000088b00000, 0x0000000088c00000, 0x0000000088c00000|100%| E|  |TAMS 0x0000000088b00000| PB 0x0000000088c00000| Complete 
|  72|0x0000000088c00000, 0x0000000088d00000, 0x0000000088d00000|100%| E|  |TAMS 0x0000000088c00000| PB 0x0000000088d00000| Complete 
|  73|0x0000000088d00000, 0x0000000088e00000, 0x0000000088e00000|100%| E|  |TAMS 0x0000000088d00000| PB 0x0000000088e00000| Complete 
|  74|0x0000000088e00000, 0x0000000088f00000, 0x0000000088f00000|100%| E|  |TAMS 0x0000000088e00000| PB 0x0000000088f00000| Complete 
|  75|0x0000000088f00000, 0x0000000089000000, 0x0000000089000000|100%| E|  |TAMS 0x0000000088f00000| PB 0x0000000089000000| Complete 
|  76|0x0000000089000000, 0x0000000089100000, 0x0000000089100000|100%| E|  |TAMS 0x0000000089000000| PB 0x0000000089100000| Complete 
|  77|0x0000000089100000, 0x0000000089200000, 0x0000000089200000|100%| E|  |TAMS 0x0000000089100000| PB 0x0000000089200000| Complete 
|  78|0x0000000089200000, 0x0000000089300000, 0x0000000089300000|100%| E|  |TAMS 0x0000000089200000| PB 0x0000000089300000| Complete 
|  79|0x0000000089300000, 0x0000000089400000, 0x0000000089400000|100%| E|  |TAMS 0x0000000089300000| PB 0x0000000089400000| Complete 
|  80|0x0000000089400000, 0x0000000089500000, 0x0000000089500000|100%| E|  |TAMS 0x0000000089400000| PB 0x0000000089500000| Complete 
|  81|0x0000000089500000, 0x0000000089600000, 0x0000000089600000|100%| E|  |TAMS 0x0000000089500000| PB 0x0000000089600000| Complete 
|  82|0x0000000089600000, 0x0000000089700000, 0x0000000089700000|100%| E|  |TAMS 0x0000000089600000| PB 0x0000000089700000| Complete 
|  83|0x0000000089700000, 0x0000000089800000, 0x0000000089800000|100%| E|  |TAMS 0x0000000089700000| PB 0x0000000089800000| Complete 
|  84|0x0000000089800000, 0x0000000089900000, 0x0000000089900000|100%| E|  |TAMS 0x0000000089800000| PB 0x0000000089900000| Complete 
|  85|0x0000000089900000, 0x0000000089a00000, 0x0000000089a00000|100%| E|  |TAMS 0x0000000089900000| PB 0x0000000089a00000| Complete 
|  86|0x0000000089a00000, 0x0000000089b00000, 0x0000000089b00000|100%| E|  |TAMS 0x0000000089a00000| PB 0x0000000089b00000| Complete 

Card table byte_map: [0x000001f1c3730000,0x000001f1c3b10000] _byte_map_base: 0x000001f1c330e000

Marking Bits: (CMBitMap*) 0x000001f1bc8fd560
 Bits: [0x000001f1c3b10000, 0x000001f1c5a00000)

Polling page: 0x000001f1ba5f0000

Metaspace:

Usage:
  Non-class:     69.42 MB used.
      Class:     11.02 MB used.
       Both:     80.44 MB used.

Virtual space:
  Non-class space:      128.00 MB reserved,      69.88 MB ( 55%) committed,  2 nodes.
      Class space:        1.00 GB reserved,      11.38 MB (  1%) committed,  1 nodes.
             Both:        1.12 GB reserved,      81.25 MB (  7%) committed. 

Chunk freelists:
   Non-Class:  9.73 MB
       Class:  4.52 MB
        Both:  14.25 MB

MaxMetaspaceSize: unlimited
CompressedClassSpaceSize: 1.00 GB
Initial GC threshold: 21.00 MB
Current GC threshold: 135.00 MB
CDS: on
 - commit_granule_bytes: 65536.
 - commit_granule_words: 8192.
 - virtual_space_node_default_size: 8388608.
 - enlarge_chunks_in_place: 1.
 - use_allocation_guard: 0.


Internal statistics:

num_allocs_failed_limit: 6.
num_arena_births: 2372.
num_arena_deaths: 1382.
num_vsnodes_births: 3.
num_vsnodes_deaths: 0.
num_space_committed: 1300.
num_space_uncommitted: 0.
num_chunks_returned_to_freelist: 1627.
num_chunks_taken_from_freelist: 6018.
num_chunk_merges: 287.
num_chunk_splits: 3499.
num_chunks_enlarged: 2600.
num_inconsistent_stats: 0.

CodeCache: size=49152Kb used=20421Kb max_used=22006Kb free=28730Kb
 bounds [0x000001f1c0240000, 0x000001f1c17d0000, 0x000001f1c3240000]
 total_blobs=10954 nmethods=10168 adapters=706
 compilation: enabled
              stopped_count=0, restarted_count=0
 full_count=0

Compilation events (20 events):
Event: 14678.882 Thread 0x000001f1c84820c0 14111       1       java.util.concurrent.LinkedBlockingQueue::size (8 bytes)
Event: 14678.883 Thread 0x000001f1c84820c0 nmethod 14111 0x000001f1c1660610 code [0x000001f1c16607a0, 0x000001f1c1660870]
Event: 14678.885 Thread 0x000001f1c84820c0 14112       1       com.mysql.cj.protocol.AbstractSocketConnection::getNetworkResources (20 bytes)
Event: 14678.889 Thread 0x000001f1c84820c0 nmethod 14112 0x000001f1c1660190 code [0x000001f1c1660340, 0x000001f1c1660580]
Event: 14678.889 Thread 0x000001f1c84820c0 14116   !   1       sun.security.ssl.TransportContext::warning (82 bytes)
Event: 14678.891 Thread 0x000001f1c84820c0 nmethod 14116 0x000001f1c165fd10 code [0x000001f1c165fec0, 0x000001f1c1660048]
Event: 14678.891 Thread 0x000001f1c84820c0 14117   !   1       sun.security.ssl.SSLSocketOutputRecord::encodeAlert (281 bytes)
Event: 14678.897 Thread 0x000001f1c84820c0 nmethod 14117 0x000001f1c165ea10 code [0x000001f1c165ece0, 0x000001f1c165f5a8]
Event: 14678.897 Thread 0x000001f1c84820c0 14113       1       com.mysql.cj.protocol.NetworkResources::<init> (20 bytes)
Event: 14678.898 Thread 0x000001f1c84820c0 nmethod 14113 0x000001f1c165e610 code [0x000001f1c165e7c0, 0x000001f1c165e998]
Event: 14678.898 Thread 0x000001f1c84820c0 14114       1       sun.security.ssl.BaseSSLSocketImpl::isConnected (21 bytes)
Event: 14678.899 Thread 0x000001f1c84820c0 nmethod 14114 0x000001f1c165e290 code [0x000001f1c165e440, 0x000001f1c165e590]
Event: 14678.899 Thread 0x000001f1c84820c0 14115       1       sun.security.ssl.SSLSocketImpl::isOutputShutdown (37 bytes)
Event: 14678.900 Thread 0x000001f1c84820c0 nmethod 14115 0x000001f1c165de10 code [0x000001f1c165dfc0, 0x000001f1c165e160]
Event: 14678.900 Thread 0x000001f1c84820c0 14118       1       com.mysql.cj.NativeSession::setForceClosedReason (6 bytes)
Event: 14678.900 Thread 0x000001f1c84820c0 nmethod 14118 0x000001f1c165db10 code [0x000001f1c165dca0, 0x000001f1c165ddb0]
Event: 14681.228 Thread 0x000001f1c84820c0 14119       1       org.apache.tomcat.util.modeler.NoDescriptorRegistry::unregisterComponent (1 bytes)
Event: 14681.229 Thread 0x000001f1c84820c0 nmethod 14119 0x000001f1c165d810 code [0x000001f1c165d9a0, 0x000001f1c165da68]
Event: 14681.229 Thread 0x000001f1c84820c0 14120  s!   1       org.apache.catalina.util.LifecycleBase::stop (361 bytes)
Event: 14681.238 Thread 0x000001f1c84820c0 nmethod 14120 0x000001f1c165ba90 code [0x000001f1c165be20, 0x000001f1c165cf48]

GC Heap History (20 events):
Event: 13045.389 GC heap after
{Heap after GC invocations=50 (full 5):
 garbage-first heap   total 89088K, used 35453K [0x0000000084400000, 0x0000000100000000)
  region size 1024K, 1 young (1024K), 1 survivors (1024K)
 Metaspace       used 80922K, committed 81600K, reserved 1179648K
  class space    used 11146K, committed 11456K, reserved 1048576K
}
Event: 13198.960 GC heap before
{Heap before GC invocations=50 (full 5):
 garbage-first heap   total 89088K, used 39549K [0x0000000084400000, 0x0000000100000000)
  region size 1024K, 6 young (6144K), 1 survivors (1024K)
 Metaspace       used 80965K, committed 81728K, reserved 1179648K
  class space    used 11157K, committed 11520K, reserved 1048576K
}
Event: 13199.220 GC heap after
{Heap after GC invocations=51 (full 6):
 garbage-first heap   total 89088K, used 26318K [0x0000000084400000, 0x0000000100000000)
  region size 1024K, 0 young (0K), 0 survivors (0K)
 Metaspace       used 80901K, committed 81728K, reserved 1179648K
  class space    used 11141K, committed 11520K, reserved 1048576K
}
Event: 13200.675 GC heap before
{Heap before GC invocations=51 (full 6):
 garbage-first heap   total 89088K, used 74446K [0x0000000084400000, 0x0000000100000000)
  region size 1024K, 48 young (49152K), 0 survivors (0K)
 Metaspace       used 81155K, committed 81984K, reserved 1179648K
  class space    used 11196K, committed 11584K, reserved 1048576K
}
Event: 13200.686 GC heap after
{Heap after GC invocations=52 (full 6):
 garbage-first heap   total 89088K, used 32005K [0x0000000084400000, 0x0000000100000000)
  region size 1024K, 6 young (6144K), 6 survivors (6144K)
 Metaspace       used 81155K, committed 81984K, reserved 1179648K
  class space    used 11196K, committed 11584K, reserved 1048576K
}
Event: 13404.649 GC heap before
{Heap before GC invocations=53 (full 6):
 garbage-first heap   total 89088K, used 63749K [0x0000000084400000, 0x0000000100000000)
  region size 1024K, 38 young (38912K), 6 survivors (6144K)
 Metaspace       used 81414K, committed 82240K, reserved 1179648K
  class space    used 11220K, committed 11584K, reserved 1048576K
}
Event: 13404.735 GC heap after
{Heap after GC invocations=54 (full 7):
 garbage-first heap   total 89088K, used 31643K [0x0000000084400000, 0x0000000100000000)
  region size 1024K, 0 young (0K), 0 survivors (0K)
 Metaspace       used 81407K, committed 82240K, reserved 1179648K
  class space    used 11218K, committed 11584K, reserved 1048576K
}
Event: 13405.279 GC heap before
{Heap before GC invocations=54 (full 7):
 garbage-first heap   total 89088K, used 75675K [0x0000000084400000, 0x0000000100000000)
  region size 1024K, 44 young (45056K), 0 survivors (0K)
 Metaspace       used 81520K, committed 82304K, reserved 1179648K
  class space    used 11235K, committed 11584K, reserved 1048576K
}
Event: 13405.285 GC heap after
{Heap after GC invocations=55 (full 7):
 garbage-first heap   total 89088K, used 35947K [0x0000000084400000, 0x0000000100000000)
  region size 1024K, 5 young (5120K), 5 survivors (5120K)
 Metaspace       used 81520K, committed 82304K, reserved 1179648K
  class space    used 11235K, committed 11584K, reserved 1048576K
}
Event: 13502.382 GC heap before
{Heap before GC invocations=56 (full 7):
 garbage-first heap   total 89088K, used 62571K [0x0000000084400000, 0x0000000100000000)
  region size 1024K, 32 young (32768K), 5 survivors (5120K)
 Metaspace       used 81672K, committed 82560K, reserved 1179648K
  class space    used 11229K, committed 11648K, reserved 1048576K
}
Event: 13502.442 GC heap after
{Heap after GC invocations=57 (full 8):
 garbage-first heap   total 89088K, used 31738K [0x0000000084400000, 0x0000000100000000)
  region size 1024K, 0 young (0K), 0 survivors (0K)
 Metaspace       used 81662K, committed 82560K, reserved 1179648K
  class space    used 11226K, committed 11648K, reserved 1048576K
}
Event: 13502.895 GC heap before
{Heap before GC invocations=57 (full 8):
 garbage-first heap   total 89088K, used 74746K [0x0000000084400000, 0x0000000100000000)
  region size 1024K, 43 young (44032K), 0 survivors (0K)
 Metaspace       used 81766K, committed 82624K, reserved 1179648K
  class space    used 11243K, committed 11648K, reserved 1048576K
}
Event: 13502.900 GC heap after
{Heap after GC invocations=58 (full 8):
 garbage-first heap   total 89088K, used 36132K [0x0000000084400000, 0x0000000100000000)
  region size 1024K, 5 young (5120K), 5 survivors (5120K)
 Metaspace       used 81766K, committed 82624K, reserved 1179648K
  class space    used 11243K, committed 11648K, reserved 1048576K
}
Event: 13695.665 GC heap before
{Heap before GC invocations=59 (full 8):
 garbage-first heap   total 89088K, used 66852K [0x0000000084400000, 0x0000000100000000)
  region size 1024K, 37 young (37888K), 5 survivors (5120K)
 Metaspace       used 82084K, committed 82944K, reserved 1179648K
  class space    used 11267K, committed 11648K, reserved 1048576K
}
Event: 13695.795 GC heap after
{Heap after GC invocations=60 (full 9):
 garbage-first heap   total 89088K, used 29833K [0x0000000084400000, 0x0000000100000000)
  region size 1024K, 0 young (0K), 0 survivors (0K)
 Metaspace       used 81981K, committed 82944K, reserved 1179648K
  class space    used 11242K, committed 11648K, reserved 1048576K
}
Event: 13696.804 GC heap before
{Heap before GC invocations=60 (full 9):
 garbage-first heap   total 89088K, used 73865K [0x0000000084400000, 0x0000000100000000)
  region size 1024K, 44 young (45056K), 0 survivors (0K)
 Metaspace       used 82106K, committed 82944K, reserved 1179648K
  class space    used 11262K, committed 11648K, reserved 1048576K
}
Event: 13696.810 GC heap after
{Heap after GC invocations=61 (full 9):
 garbage-first heap   total 89088K, used 34222K [0x0000000084400000, 0x0000000100000000)
  region size 1024K, 5 young (5120K), 5 survivors (5120K)
 Metaspace       used 82106K, committed 82944K, reserved 1179648K
  class space    used 11262K, committed 11648K, reserved 1048576K
}
Event: 14014.235 GC heap before
{Heap before GC invocations=62 (full 9):
 garbage-first heap   total 89088K, used 75182K [0x0000000084400000, 0x0000000100000000)
  region size 1024K, 46 young (47104K), 5 survivors (5120K)
 Metaspace       used 82356K, committed 83200K, reserved 1179648K
  class space    used 11282K, committed 11648K, reserved 1048576K
}
Event: 14014.268 GC heap after
{Heap after GC invocations=63 (full 9):
 garbage-first heap   total 89088K, used 36826K [0x0000000084400000, 0x0000000100000000)
  region size 1024K, 4 young (4096K), 4 survivors (4096K)
 Metaspace       used 82356K, committed 83200K, reserved 1179648K
  class space    used 11282K, committed 11648K, reserved 1048576K
}
Event: 14681.238 GC heap before
{Heap before GC invocations=63 (full 9):
 garbage-first heap   total 89088K, used 59354K [0x0000000084400000, 0x0000000100000000)
  region size 1024K, 28 young (28672K), 4 survivors (4096K)
 Metaspace       used 82375K, committed 83200K, reserved 1179648K
  class space    used 11286K, committed 11648K, reserved 1048576K
}

Dll operation events (12 events):
Event: 0.015 Loaded shared library C:\Users\dell\.p2\pool\plugins\org.eclipse.justj.openjdk.hotspot.jre.full.win32.x86_64_21.0.7.v20250502-0916\jre\bin\java.dll
Event: 0.049 Loaded shared library C:\Users\dell\.p2\pool\plugins\org.eclipse.justj.openjdk.hotspot.jre.full.win32.x86_64_21.0.7.v20250502-0916\jre\bin\zip.dll
Event: 0.357 Loaded shared library C:\Users\dell\.p2\pool\plugins\org.eclipse.justj.openjdk.hotspot.jre.full.win32.x86_64_21.0.7.v20250502-0916\jre\bin\instrument.dll
Event: 0.362 Loaded shared library C:\Users\dell\.p2\pool\plugins\org.eclipse.justj.openjdk.hotspot.jre.full.win32.x86_64_21.0.7.v20250502-0916\jre\bin\net.dll
Event: 0.364 Loaded shared library C:\Users\dell\.p2\pool\plugins\org.eclipse.justj.openjdk.hotspot.jre.full.win32.x86_64_21.0.7.v20250502-0916\jre\bin\nio.dll
Event: 0.368 Loaded shared library C:\Users\dell\.p2\pool\plugins\org.eclipse.justj.openjdk.hotspot.jre.full.win32.x86_64_21.0.7.v20250502-0916\jre\bin\zip.dll
Event: 0.513 Loaded shared library C:\Users\dell\.p2\pool\plugins\org.eclipse.justj.openjdk.hotspot.jre.full.win32.x86_64_21.0.7.v20250502-0916\jre\bin\jimage.dll
Event: 0.554 Loaded shared library C:\Users\dell\.p2\pool\plugins\org.eclipse.justj.openjdk.hotspot.jre.full.win32.x86_64_21.0.7.v20250502-0916\jre\bin\management.dll
Event: 0.563 Loaded shared library C:\Users\dell\.p2\pool\plugins\org.eclipse.justj.openjdk.hotspot.jre.full.win32.x86_64_21.0.7.v20250502-0916\jre\bin\management_ext.dll
Event: 0.912 Loaded shared library C:\Users\dell\.p2\pool\plugins\org.eclipse.justj.openjdk.hotspot.jre.full.win32.x86_64_21.0.7.v20250502-0916\jre\bin\extnet.dll
Event: 0.945 Loaded shared library C:\Users\dell\.p2\pool\plugins\org.eclipse.justj.openjdk.hotspot.jre.full.win32.x86_64_21.0.7.v20250502-0916\jre\bin\verify.dll
Event: 2.457 Loaded shared library C:\Users\dell\.p2\pool\plugins\org.eclipse.justj.openjdk.hotspot.jre.full.win32.x86_64_21.0.7.v20250502-0916\jre\bin\sunmscapi.dll

Deoptimization events (20 events):
Event: 14681.214 Thread 0x000001f21108c750 DEOPT PACKING pc=0x000001f1c0a44d94 sp=0x00000045a05fc490
Event: 14681.214 Thread 0x000001f21108c750 DEOPT UNPACKING pc=0x000001f1c02988e2 sp=0x00000045a05fba50 mode 1
Event: 14681.229 Thread 0x000001f2114de7b0 DEOPT PACKING pc=0x000001f1c03ac6e4 sp=0x00000045a18fecf0
Event: 14681.229 Thread 0x000001f2114de7b0 DEOPT UNPACKING pc=0x000001f1c02988e2 sp=0x00000045a18fe280 mode 1
Event: 14681.229 Thread 0x000001f2114de7b0 DEOPT PACKING pc=0x000001f1c094836c sp=0x00000045a18fee80
Event: 14681.229 Thread 0x000001f2114de7b0 DEOPT UNPACKING pc=0x000001f1c02988e2 sp=0x00000045a18fe3d8 mode 1
Event: 14681.229 Thread 0x000001f2114de7b0 DEOPT PACKING pc=0x000001f1c07cbc8c sp=0x00000045a18fefb0
Event: 14681.229 Thread 0x000001f2114de7b0 DEOPT UNPACKING pc=0x000001f1c02988e2 sp=0x00000045a18fe440 mode 1
Event: 14681.229 Thread 0x000001f2114de7b0 DEOPT PACKING pc=0x000001f1c09e6214 sp=0x00000045a18fefe0
Event: 14681.229 Thread 0x000001f2114de7b0 DEOPT UNPACKING pc=0x000001f1c02988e2 sp=0x00000045a18fe4e0 mode 1
Event: 14681.229 Thread 0x000001f2114de120 DEOPT PACKING pc=0x000001f1c0949fa4 sp=0x00000045a19fee40
Event: 14681.229 Thread 0x000001f2114de120 DEOPT UNPACKING pc=0x000001f1c02988e2 sp=0x00000045a19fe3e0 mode 1
Event: 14681.229 Thread 0x000001f2114de120 DEOPT PACKING pc=0x000001f1c09482c4 sp=0x00000045a19fefb0
Event: 14681.229 Thread 0x000001f2114de120 DEOPT UNPACKING pc=0x000001f1c02988e2 sp=0x00000045a19fe508 mode 1
Event: 14681.229 Thread 0x000001f2114de120 DEOPT PACKING pc=0x000001f1c07cbc8c sp=0x00000045a19ff0e0
Event: 14681.229 Thread 0x000001f2114de120 DEOPT UNPACKING pc=0x000001f1c02988e2 sp=0x00000045a19fe570 mode 1
Event: 14681.229 Thread 0x000001f2114de120 DEOPT PACKING pc=0x000001f1c09e6214 sp=0x00000045a19ff110
Event: 14681.230 Thread 0x000001f2114de120 DEOPT UNPACKING pc=0x000001f1c02988e2 sp=0x00000045a19fe610 mode 1
Event: 14681.230 Thread 0x000001f2114dfb60 DEOPT PACKING pc=0x000001f1c03b0eb4 sp=0x00000045a1aff230
Event: 14681.230 Thread 0x000001f2114dfb60 DEOPT UNPACKING pc=0x000001f1c02988e2 sp=0x00000045a1afe718 mode 1

Classes loaded (20 events):
Event: 11596.378 Loading class java/time/DurationEditor
Event: 11596.378 Loading class java/time/DurationEditor done
Event: 11679.808 Loading class java/time/DurationEditor
Event: 11679.808 Loading class java/time/DurationEditor done
Event: 11895.943 Loading class java/time/DurationEditor
Event: 11895.943 Loading class java/time/DurationEditor done
Event: 13201.227 Loading class java/time/DurationEditor
Event: 13201.228 Loading class java/time/DurationEditor done
Event: 13406.427 Loading class java/time/DurationEditor
Event: 13406.427 Loading class java/time/DurationEditor done
Event: 13503.337 Loading class java/time/DurationEditor
Event: 13503.337 Loading class java/time/DurationEditor done
Event: 13542.298 Loading class java/util/Scanner
Event: 13542.304 Loading class java/util/Scanner done
Event: 13542.307 Loading class java/util/Scanner$PatternLRUCache
Event: 13542.307 Loading class java/util/Scanner$PatternLRUCache done
Event: 13542.313 Loading class java/util/regex/Matcher$ImmutableMatchResult
Event: 13542.314 Loading class java/util/regex/Matcher$ImmutableMatchResult done
Event: 13697.289 Loading class java/time/DurationEditor
Event: 13697.290 Loading class java/time/DurationEditor done

Classes unloaded (20 events):
Event: 13696.852 Thread 0x000001f1c8458330 Unloading class 0x000001f1cab5a800 'java/lang/invoke/LambdaForm$MH+0x000001f1cab5a800'
Event: 13696.852 Thread 0x000001f1c8458330 Unloading class 0x000001f1ca468400 'java/lang/invoke/LambdaForm$MH+0x000001f1ca468400'
Event: 13696.852 Thread 0x000001f1c8458330 Unloading class 0x000001f1ca1e8000 'java/lang/invoke/LambdaForm$MH+0x000001f1ca1e8000'
Event: 13696.852 Thread 0x000001f1c8458330 Unloading class 0x000001f1ca454400 'java/lang/invoke/LambdaForm$MH+0x000001f1ca454400'
Event: 13696.852 Thread 0x000001f1c8458330 Unloading class 0x000001f1ca7d8000 'java/lang/invoke/LambdaForm$MH+0x000001f1ca7d8000'
Event: 13696.852 Thread 0x000001f1c8458330 Unloading class 0x000001f1ca8e4000 'java/lang/invoke/LambdaForm$MH+0x000001f1ca8e4000'
Event: 13696.852 Thread 0x000001f1c8458330 Unloading class 0x000001f1cab54800 'java/lang/invoke/LambdaForm$MH+0x000001f1cab54800'
Event: 13696.852 Thread 0x000001f1c8458330 Unloading class 0x000001f1ca2a4400 'jdk/internal/reflect/GeneratedSerializationConstructorAccessor52'
Event: 13696.852 Thread 0x000001f1c8458330 Unloading class 0x000001f1cab6bc00 'java/lang/invoke/LambdaForm$MH+0x000001f1cab6bc00'
Event: 13696.852 Thread 0x000001f1c8458330 Unloading class 0x000001f1cab6ac00 'java/lang/invoke/LambdaForm$MH+0x000001f1cab6ac00'
Event: 13696.852 Thread 0x000001f1c8458330 Unloading class 0x000001f1cab68c00 'java/lang/invoke/LambdaForm$MH+0x000001f1cab68c00'
Event: 13696.852 Thread 0x000001f1c8458330 Unloading class 0x000001f1cab62c00 'java/lang/invoke/LambdaForm$MH+0x000001f1cab62c00'
Event: 13696.852 Thread 0x000001f1c8458330 Unloading class 0x000001f1ca108c00 'java/lang/invoke/LambdaForm$MH+0x000001f1ca108c00'
Event: 13696.852 Thread 0x000001f1c8458330 Unloading class 0x000001f1cab40800 'java/lang/invoke/LambdaForm$MH+0x000001f1cab40800'
Event: 13696.852 Thread 0x000001f1c8458330 Unloading class 0x000001f1cab52000 'java/lang/invoke/LambdaForm$MH+0x000001f1cab52000'
Event: 13696.852 Thread 0x000001f1c8458330 Unloading class 0x000001f1cab53000 'java/lang/invoke/LambdaForm$BMH+0x000001f1cab53000'
Event: 13696.852 Thread 0x000001f1c8458330 Unloading class 0x000001f1cab5a000 'java/lang/invoke/LambdaForm$MH+0x000001f1cab5a000'
Event: 13696.852 Thread 0x000001f1c8458330 Unloading class 0x000001f1cab56c00 'java/lang/invoke/LambdaForm$MH+0x000001f1cab56c00'
Event: 13696.852 Thread 0x000001f1c8458330 Unloading class 0x000001f1cab55c00 'java/lang/invoke/LambdaForm$MH+0x000001f1cab55c00'
Event: 13696.852 Thread 0x000001f1c8458330 Unloading class 0x000001f1ca103c00 'java/lang/invoke/LambdaForm$MH+0x000001f1ca103c00'

Classes redefined (1 events):
Event: 146.502 Thread 0x000001f1c8458330 redefined class name=com.ecommerce.services.CartService, count=1

Internal exceptions (20 events):
Event: 13693.327 Thread 0x000001f2114dee40 Exception <a 'java/io/IOException'{0x0000000087b40750}> (0x0000000087b40750) 
thrown [s\src\hotspot\share\prims\jni.cpp, line 520]
Event: 13693.330 Thread 0x000001f2114dee40 Exception <a 'java/net/SocketException'{0x0000000087b460f0}: Connection reset by peer: shutdown> (0x0000000087b460f0) 
thrown [s\src\hotspot\share\prims\jni.cpp, line 539]
Event: 13695.663 Thread 0x000001f21108a680 Exception <a 'java/lang/InterruptedException'{0x0000000087b74ca0}: sleep interrupted> (0x0000000087b74ca0) 
thrown [s\src\hotspot\share\prims\jvm.cpp, line 3074]
Event: 13695.811 Thread 0x000001f2114dee40 Exception <a 'sun/nio/fs/WindowsException'{0x0000000089a6b250}> (0x0000000089a6b250) 
thrown [s\src\hotspot\share\prims\jni.cpp, line 520]
Event: 13696.169 Thread 0x000001f2114dee40 Exception <a 'java/lang/NoClassDefFoundError'{0x0000000088104640}: org/flywaydb/core/Flyway> (0x0000000088104640) 
thrown [s\src\hotspot\share\oops\constantPool.cpp, line 873]
Event: 13696.488 Thread 0x000001f2114dee40 Exception <a 'java/lang/NoClassDefFoundError'{0x0000000088104ca0}: liquibase/integration/spring/SpringLiquibase> (0x0000000088104ca0) 
thrown [s\src\hotspot\share\oops\constantPool.cpp, line 873]
Event: 13696.491 Thread 0x000001f2114dee40 Exception <a 'java/lang/NoClassDefFoundError'{0x000000008812eed8}: org/jooq/DSLContext> (0x000000008812eed8) 
thrown [s\src\hotspot\share\oops\constantPool.cpp, line 873]
Event: 13696.495 Thread 0x000001f2114dee40 Exception <a 'java/lang/NoClassDefFoundError'{0x000000008817be80}: org/springframework/batch/core/repository/JobRepository> (0x000000008817be80) 
thrown [s\src\hotspot\share\oops\constantPool.cpp, line 873]
Event: 13696.496 Thread 0x000001f2114dee40 Exception <a 'java/lang/NoClassDefFoundError'{0x000000008817c4d8}: org/quartz/Scheduler> (0x000000008817c4d8) 
thrown [s\src\hotspot\share\oops\constantPool.cpp, line 873]
Event: 13696.497 Thread 0x000001f2114dee40 Exception <a 'java/lang/NoClassDefFoundError'{0x000000008817cb58}: org/springframework/session/jdbc/JdbcIndexedSessionRepository> (0x000000008817cb58) 
thrown [s\src\hotspot\share\oops\constantPool.cpp, line 873]
Event: 13696.549 Thread 0x000001f2114dee40 Exception <a 'java/io/FileNotFoundException'{0x0000000087b0f730}> (0x0000000087b0f730) 
thrown [s\src\hotspot\share\prims\jni.cpp, line 520]
Event: 13696.582 Thread 0x000001f2114dee40 Exception <a 'java/io/FileNotFoundException'{0x0000000087ad3dc0}> (0x0000000087ad3dc0) 
thrown [s\src\hotspot\share\prims\jni.cpp, line 520]
Event: 13697.291 Thread 0x000001f2114dee40 Exception <a 'java/lang/NoSuchMethodError'{0x0000000088c75200}: 'void java.lang.invoke.DelegatingMethodHandle$Holder.reinvoke_L(java.lang.Object, java.lang.Object, int)'> (0x0000000088c75200) 
thrown [s\src\hotspot\share\interpreter\linkResolver.cpp, line 773]
Event: 13701.257 Thread 0x000001f2114e15a0 Exception <a 'java/lang/NoSuchMethodError'{0x00000000882b3d50}: 'double java.lang.invoke.DelegatingMethodHandle$Holder.reinvoke_L(java.lang.Object, java.lang.Object)'> (0x00000000882b3d50) 
thrown [s\src\hotspot\share\interpreter\linkResolver.cpp, line 773]
Event: 13701.258 Thread 0x000001f2114e15a0 Exception <a 'java/lang/NoSuchMethodError'{0x00000000882ba960}: 'void java.lang.invoke.DelegatingMethodHandle$Holder.reinvoke_L(java.lang.Object, java.lang.Object, double)'> (0x00000000882ba960) 
thrown [s\src\hotspot\share\interpreter\linkResolver.cpp, line 773]
Event: 13701.278 Thread 0x000001f2114e15a0 Exception <a 'java/lang/NoSuchMethodError'{0x00000000882eb190}: 'double java.lang.invoke.DirectMethodHandle$Holder.invokeVirtual(java.lang.Object, java.lang.Object)'> (0x00000000882eb190) 
thrown [s\src\hotspot\share\interpreter\linkResolver.cpp, line 773]
Event: 13772.522 Thread 0x000001f20e875910 Exception <a 'java/lang/NoSuchMethodError'{0x0000000087934ac0}: static [B.<clinit>()V> (0x0000000087934ac0) 
thrown [s\src\hotspot\share\prims\jni.cpp, line 1111]
Event: 13836.248 Thread 0x000001f2114e2fe0 Exception <a 'java/io/IOException'{0x00000000877681d8}> (0x00000000877681d8) 
thrown [s\src\hotspot\share\prims\jni.cpp, line 520]
Event: 14088.880 Thread 0x000001f2114e0880 Exception <a 'java/lang/NoSuchMethodError'{0x00000000894030a0}: 'void java.lang.invoke.DirectMethodHandle$Holder.invokeVirtual(java.lang.Object, java.lang.Object, double)'> (0x00000000894030a0) 
thrown [s\src\hotspot\share\interpreter\linkResolver.cpp, line 773]
Event: 14681.230 Thread 0x000001f2114dfb60 Exception <a 'java/lang/InterruptedException'{0x0000000088394be8}: sleep interrupted> (0x0000000088394be8) 
thrown [s\src\hotspot\share\prims\jvm.cpp, line 3074]

ZGC Phase Switch (0 events):
No events

VM Operations (20 events):
Event: 14640.620 Executing VM operation: get/set locals done
Event: 14640.621 Executing VM operation: get/set locals
Event: 14640.621 Executing VM operation: get/set locals done
Event: 14640.622 Executing VM operation: get/set locals
Event: 14640.622 Executing VM operation: get/set locals done
Event: 14640.623 Executing VM operation: get/set locals
Event: 14640.623 Executing VM operation: get/set locals done
Event: 14640.624 Executing VM operation: get/set locals
Event: 14640.624 Executing VM operation: get/set locals done
Event: 14640.624 Executing VM operation: get/set locals
Event: 14640.624 Executing VM operation: get/set locals done
Event: 14640.624 Executing VM operation: get/set locals
Event: 14640.624 Executing VM operation: get/set locals done
Event: 14641.638 Executing VM operation: Cleanup
Event: 14641.638 Executing VM operation: Cleanup done
Event: 14673.951 Executing VM operation: Cleanup
Event: 14673.951 Executing VM operation: Cleanup done
Event: 14678.981 Executing VM operation: Cleanup
Event: 14678.981 Executing VM operation: Cleanup done
Event: 14681.237 Executing VM operation: G1CollectFull (System.gc())

Memory protections (0 events):
No events

Nmethod flushes (20 events):
Event: 13695.762 Thread 0x000001f1c8458330 flushing  nmethod 0x000001f1c0df9190
Event: 13695.762 Thread 0x000001f1c8458330 flushing  nmethod 0x000001f1c0ffb590
Event: 13695.762 Thread 0x000001f1c8458330 flushing  nmethod 0x000001f1c1030610
Event: 13695.762 Thread 0x000001f1c8458330 flushing  nmethod 0x000001f1c1094310
Event: 13695.762 Thread 0x000001f1c8458330 flushing  nmethod 0x000001f1c111c410
Event: 13695.762 Thread 0x000001f1c8458330 flushing  nmethod 0x000001f1c126be10
Event: 13695.762 Thread 0x000001f1c8458330 flushing  nmethod 0x000001f1c12cb490
Event: 13695.762 Thread 0x000001f1c8458330 flushing  nmethod 0x000001f1c135a790
Event: 13695.762 Thread 0x000001f1c8458330 flushing  nmethod 0x000001f1c1507c90
Event: 13695.762 Thread 0x000001f1c8458330 flushing  nmethod 0x000001f1c1523890
Event: 13695.762 Thread 0x000001f1c8458330 flushing  nmethod 0x000001f1c1525c90
Event: 13695.762 Thread 0x000001f1c8458330 flushing  nmethod 0x000001f1c1526790
Event: 13695.762 Thread 0x000001f1c8458330 flushing  nmethod 0x000001f1c1526a90
Event: 13695.762 Thread 0x000001f1c8458330 flushing  nmethod 0x000001f1c1526d90
Event: 13695.762 Thread 0x000001f1c8458330 flushing  nmethod 0x000001f1c1527090
Event: 13695.762 Thread 0x000001f1c8458330 flushing  nmethod 0x000001f1c1527390
Event: 13695.762 Thread 0x000001f1c8458330 flushing  nmethod 0x000001f1c1527690
Event: 13695.762 Thread 0x000001f1c8458330 flushing  nmethod 0x000001f1c1527990
Event: 13695.762 Thread 0x000001f1c8458330 flushing  nmethod 0x000001f1c1527d90
Event: 13695.762 Thread 0x000001f1c8458330 flushing  nmethod 0x000001f1c154b590

Events (20 events):
Event: 14641.462 Thread 0x000001f211089960 Thread exited: 0x000001f211089960
Event: 14673.719 Thread 0x000001f211089ff0 Thread exited: 0x000001f211089ff0
Event: 14673.737 Thread 0x000001f2114e4390 Thread exited: 0x000001f2114e4390
Event: 14673.746 Thread 0x000001f2114e01f0 Thread exited: 0x000001f2114e01f0
Event: 14673.746 Thread 0x000001f2114e4a20 Thread exited: 0x000001f2114e4a20
Event: 14673.746 Thread 0x000001f2114e3670 Thread exited: 0x000001f2114e3670
Event: 14673.746 Thread 0x000001f2114e22c0 Thread exited: 0x000001f2114e22c0
Event: 14673.746 Thread 0x000001f2114e1c30 Thread exited: 0x000001f2114e1c30
Event: 14673.746 Thread 0x000001f2114e0880 Thread exited: 0x000001f2114e0880
Event: 14673.747 Thread 0x000001f2114e3d00 Thread exited: 0x000001f2114e3d00
Event: 14673.747 Thread 0x000001f2114df4d0 Thread exited: 0x000001f2114df4d0
Event: 14673.747 Thread 0x000001f2114e2fe0 Thread exited: 0x000001f2114e2fe0
Event: 14678.871 Thread 0x000001f21108c750 Thread added: 0x000001f211089960
Event: 14678.874 Thread 0x000001f2114dda90 Thread exited: 0x000001f2114dda90
Event: 14678.877 Thread 0x000001f21108c750 Thread added: 0x000001f211089ff0
Event: 14678.882 Thread 0x000001f211089ff0 Thread exited: 0x000001f211089ff0
Event: 14678.888 Thread 0x000001f211089960 Thread exited: 0x000001f211089960
Event: 14681.230 Thread 0x000001f2114de7b0 Thread exited: 0x000001f2114de7b0
Event: 14681.230 Thread 0x000001f2114dfb60 Thread exited: 0x000001f2114dfb60
Event: 14681.231 Thread 0x000001f2114de120 Thread exited: 0x000001f2114de120


Dynamic libraries:
0x00007ff6511d0000 - 0x00007ff6511de000 	C:\Users\dell\.p2\pool\plugins\org.eclipse.justj.openjdk.hotspot.jre.full.win32.x86_64_21.0.7.v20250502-0916\jre\bin\javaw.exe
0x00007fff53ee0000 - 0x00007fff54147000 	C:\WINDOWS\SYSTEM32\ntdll.dll
0x00007fff52c40000 - 0x00007fff52d09000 	C:\WINDOWS\System32\KERNEL32.DLL
0x00007fff513f0000 - 0x00007fff517e0000 	C:\WINDOWS\System32\KERNELBASE.dll
0x00007fff510d0000 - 0x00007fff5121b000 	C:\WINDOWS\System32\ucrtbase.dll
0x00007fff38ea0000 - 0x00007fff38ebe000 	C:\Users\dell\.p2\pool\plugins\org.eclipse.justj.openjdk.hotspot.jre.full.win32.x86_64_21.0.7.v20250502-0916\jre\bin\VCRUNTIME140.dll
0x00007fff2ee70000 - 0x00007fff2ee88000 	C:\Users\dell\.p2\pool\plugins\org.eclipse.justj.openjdk.hotspot.jre.full.win32.x86_64_21.0.7.v20250502-0916\jre\bin\jli.dll
0x00007fff528b0000 - 0x00007fff52a75000 	C:\WINDOWS\System32\USER32.dll
0x00007fff37400000 - 0x00007fff3769a000 	C:\WINDOWS\WinSxS\amd64_microsoft.windows.common-controls_6595b64144ccf1df_6.0.26100.4768_none_3e0c112ce331287c\COMCTL32.dll
0x00007fff51ba0000 - 0x00007fff51bc7000 	C:\WINDOWS\System32\win32u.dll
0x00007fff51d90000 - 0x00007fff51dbb000 	C:\WINDOWS\System32\GDI32.dll
0x00007fff52500000 - 0x00007fff525a9000 	C:\WINDOWS\System32\msvcrt.dll
0x00007fff51220000 - 0x00007fff51358000 	C:\WINDOWS\System32\gdi32full.dll
0x00007fff51970000 - 0x00007fff51a13000 	C:\WINDOWS\System32\msvcp_win.dll
0x00007fff51dc0000 - 0x00007fff51def000 	C:\WINDOWS\System32\IMM32.DLL
0x00007fff3fa40000 - 0x00007fff3fa4c000 	C:\Users\dell\.p2\pool\plugins\org.eclipse.justj.openjdk.hotspot.jre.full.win32.x86_64_21.0.7.v20250502-0916\jre\bin\vcruntime140_1.dll
0x00007ffee5b00000 - 0x00007ffee5b8d000 	C:\Users\dell\.p2\pool\plugins\org.eclipse.justj.openjdk.hotspot.jre.full.win32.x86_64_21.0.7.v20250502-0916\jre\bin\msvcp140.dll
0x00007ffea2840000 - 0x00007ffea35d0000 	C:\Users\dell\.p2\pool\plugins\org.eclipse.justj.openjdk.hotspot.jre.full.win32.x86_64_21.0.7.v20250502-0916\jre\bin\server\jvm.dll
0x00007fff52a90000 - 0x00007fff52b44000 	C:\WINDOWS\System32\ADVAPI32.dll
0x00007fff52ff0000 - 0x00007fff53096000 	C:\WINDOWS\System32\sechost.dll
0x00007fff52790000 - 0x00007fff528a8000 	C:\WINDOWS\System32\RPCRT4.dll
0x00007fff51e00000 - 0x00007fff51e74000 	C:\WINDOWS\System32\WS2_32.dll
0x00007fff50e70000 - 0x00007fff50ece000 	C:\WINDOWS\SYSTEM32\POWRPROF.dll
0x00007fff4e950000 - 0x00007fff4e985000 	C:\WINDOWS\SYSTEM32\WINMM.dll
0x00007fff40150000 - 0x00007fff4015b000 	C:\WINDOWS\SYSTEM32\VERSION.dll
0x00007fff50e50000 - 0x00007fff50e64000 	C:\WINDOWS\SYSTEM32\UMPDC.dll
0x00007fff4fd90000 - 0x00007fff4fdab000 	C:\WINDOWS\SYSTEM32\kernel.appcore.dll
0x00007fff3fa00000 - 0x00007fff3fa0a000 	C:\Users\dell\.p2\pool\plugins\org.eclipse.justj.openjdk.hotspot.jre.full.win32.x86_64_21.0.7.v20250502-0916\jre\bin\jimage.dll
0x00007fff4e6b0000 - 0x00007fff4e8f1000 	C:\WINDOWS\SYSTEM32\DBGHELP.DLL
0x00007fff531a0000 - 0x00007fff53525000 	C:\WINDOWS\System32\combase.dll
0x00007fff52b50000 - 0x00007fff52c30000 	C:\WINDOWS\System32\OLEAUT32.dll
0x00007fff4e900000 - 0x00007fff4e943000 	C:\WINDOWS\SYSTEM32\dbgcore.DLL
0x00007fff51bd0000 - 0x00007fff51c69000 	C:\WINDOWS\System32\bcryptPrimitives.dll
0x00007fff24a10000 - 0x00007fff24a4c000 	C:\Users\dell\.p2\pool\plugins\org.eclipse.justj.openjdk.hotspot.jre.full.win32.x86_64_21.0.7.v20250502-0916\jre\bin\jdwp.dll
0x00007fff3fa90000 - 0x00007fff3fa9f000 	C:\Users\dell\.p2\pool\plugins\org.eclipse.justj.openjdk.hotspot.jre.full.win32.x86_64_21.0.7.v20250502-0916\jre\bin\instrument.dll
0x00007fff3a7e0000 - 0x00007fff3a7ff000 	C:\Users\dell\.p2\pool\plugins\org.eclipse.justj.openjdk.hotspot.jre.full.win32.x86_64_21.0.7.v20250502-0916\jre\bin\java.dll
0x00007fff536a0000 - 0x00007fff53ded000 	C:\WINDOWS\System32\SHELL32.dll
0x00007fff51a20000 - 0x00007fff51b93000 	C:\WINDOWS\System32\wintypes.dll
0x00007fff4ebc0000 - 0x00007fff4f420000 	C:\WINDOWS\SYSTEM32\windows.storage.dll
0x00007fff52d20000 - 0x00007fff52e15000 	C:\WINDOWS\System32\SHCORE.dll
0x00007fff53580000 - 0x00007fff535ea000 	C:\WINDOWS\System32\shlwapi.dll
0x00007fff50f30000 - 0x00007fff50f59000 	C:\WINDOWS\SYSTEM32\profapi.dll
0x00007fff3a0a0000 - 0x00007fff3a0b8000 	C:\Users\dell\.p2\pool\plugins\org.eclipse.justj.openjdk.hotspot.jre.full.win32.x86_64_21.0.7.v20250502-0916\jre\bin\zip.dll
0x00007fff3fa10000 - 0x00007fff3fa1b000 	C:\Users\dell\.p2\pool\plugins\org.eclipse.justj.openjdk.hotspot.jre.full.win32.x86_64_21.0.7.v20250502-0916\jre\bin\dt_socket.dll
0x00007fff4f7a0000 - 0x00007fff4f7d3000 	C:\WINDOWS\SYSTEM32\IPHLPAPI.DLL
0x00007fff50320000 - 0x00007fff5038b000 	C:\WINDOWS\system32\mswsock.dll
0x00007fff4f840000 - 0x00007fff4f966000 	C:\WINDOWS\SYSTEM32\DNSAPI.dll
0x00007fff535f0000 - 0x00007fff535fa000 	C:\WINDOWS\System32\NSI.dll
0x00007fff46250000 - 0x00007fff4625b000 	C:\Windows\System32\rasadhlp.dll
0x00007fff483e0000 - 0x00007fff48466000 	C:\WINDOWS\System32\fwpuclnt.dll
0x00007fff3ce80000 - 0x00007fff3ce90000 	C:\Users\dell\.p2\pool\plugins\org.eclipse.justj.openjdk.hotspot.jre.full.win32.x86_64_21.0.7.v20250502-0916\jre\bin\net.dll
0x00007fff40d60000 - 0x00007fff40e7e000 	C:\WINDOWS\SYSTEM32\WINHTTP.dll
0x00007fff36fc0000 - 0x00007fff36fd6000 	C:\Users\dell\.p2\pool\plugins\org.eclipse.justj.openjdk.hotspot.jre.full.win32.x86_64_21.0.7.v20250502-0916\jre\bin\nio.dll
0x00007fff3a840000 - 0x00007fff3a84a000 	C:\Users\dell\.p2\pool\plugins\org.eclipse.justj.openjdk.hotspot.jre.full.win32.x86_64_21.0.7.v20250502-0916\jre\bin\management.dll
0x00007fff38e70000 - 0x00007fff38e7b000 	C:\Users\dell\.p2\pool\plugins\org.eclipse.justj.openjdk.hotspot.jre.full.win32.x86_64_21.0.7.v20250502-0916\jre\bin\management_ext.dll
0x00007fff52d10000 - 0x00007fff52d18000 	C:\WINDOWS\System32\PSAPI.DLL
0x00007fff23dd0000 - 0x00007fff23de8000 	C:\WINDOWS\system32\napinsp.dll
0x00007fff23db0000 - 0x00007fff23dc2000 	C:\WINDOWS\System32\winrnr.dll
0x00007fff23d70000 - 0x00007fff23da0000 	C:\WINDOWS\system32\nlansp_c.dll
0x00007fff23d40000 - 0x00007fff23d60000 	C:\WINDOWS\system32\wshbth.dll
0x00007fff505e0000 - 0x00007fff505fb000 	C:\WINDOWS\SYSTEM32\CRYPTSP.dll
0x00007fff4fcf0000 - 0x00007fff4fd2b000 	C:\WINDOWS\system32\rsaenh.dll
0x00007fff503c0000 - 0x00007fff503eb000 	C:\WINDOWS\SYSTEM32\USERENV.dll
0x00007fff50f00000 - 0x00007fff50f26000 	C:\WINDOWS\SYSTEM32\bcrypt.dll
0x00007fff50600000 - 0x00007fff5060c000 	C:\WINDOWS\SYSTEM32\CRYPTBASE.dll
0x00007fff3e5f0000 - 0x00007fff3e5f9000 	C:\Users\dell\.p2\pool\plugins\org.eclipse.justj.openjdk.hotspot.jre.full.win32.x86_64_21.0.7.v20250502-0916\jre\bin\extnet.dll
0x00007fff3fa60000 - 0x00007fff3fa70000 	C:\Users\dell\.p2\pool\plugins\org.eclipse.justj.openjdk.hotspot.jre.full.win32.x86_64_21.0.7.v20250502-0916\jre\bin\verify.dll
0x00007fff3fa50000 - 0x00007fff3fa5e000 	C:\Users\dell\.p2\pool\plugins\org.eclipse.justj.openjdk.hotspot.jre.full.win32.x86_64_21.0.7.v20250502-0916\jre\bin\sunmscapi.dll
0x00007fff517f0000 - 0x00007fff51967000 	C:\WINDOWS\System32\CRYPT32.dll
0x00007fff50800000 - 0x00007fff50830000 	C:\WINDOWS\SYSTEM32\ncrypt.dll
0x00007fff507b0000 - 0x00007fff507ef000 	C:\WINDOWS\SYSTEM32\NTASN1.dll
0x00007ffeb8880000 - 0x00007ffeb8888000 	C:\WINDOWS\system32\wshunix.dll

dbghelp: loaded successfully - version: 4.0.5 - missing functions: none
symbol engine: initialized successfully - sym options: 0x614 - pdb path: .;C:\Users\dell\.p2\pool\plugins\org.eclipse.justj.openjdk.hotspot.jre.full.win32.x86_64_21.0.7.v20250502-0916\jre\bin;C:\WINDOWS\SYSTEM32;C:\WINDOWS\WinSxS\amd64_microsoft.windows.common-controls_6595b64144ccf1df_6.0.26100.4768_none_3e0c112ce331287c;C:\Users\dell\.p2\pool\plugins\org.eclipse.justj.openjdk.hotspot.jre.full.win32.x86_64_21.0.7.v20250502-0916\jre\bin\server

VM Arguments:
jvm_args: -XX:+ShowCodeDetailsInExceptionMessages -agentlib:jdwp=transport=dt_socket,suspend=y,address=localhost:3728 -Dcom.sun.management.jmxremote -Dcom.sun.management.jmxremote.port=3727 -Dcom.sun.management.jmxremote.authenticate=false -Dcom.sun.management.jmxremote.ssl=false -Djava.rmi.server.hostname=localhost -Dspring.jmx.enabled=true -Dmanagement.endpoints.jmx.exposure.include=* -Dspring.application.admin.enabled=true -Dspring.output.ansi.enabled=always -XX:TieredStopAtLevel=1 -Dspring.boot.project.name=E-Commerce -javaagent:D:\Sateesha\eclipse\configuration\org.eclipse.osgi\442\0\.cp\lib\javaagent-shaded.jar -Dfile.encoding=UTF-8 -Dstdout.encoding=UTF-8 -Dstderr.encoding=UTF-8 
java_command: com.ecommerce.ECommerceApplication
java_class_path (initial): D:\Sateesha\E-Commerce\target\classes;C:\Users\dell\.m2\repository\org\springframework\boot\spring-boot-starter-data-jpa\3.5.4\spring-boot-starter-data-jpa-3.5.4.jar;C:\Users\dell\.m2\repository\org\springframework\boot\spring-boot-starter\3.5.4\spring-boot-starter-3.5.4.jar;C:\Users\dell\.m2\repository\org\springframework\boot\spring-boot-starter-logging\3.5.4\spring-boot-starter-logging-3.5.4.jar;C:\Users\dell\.m2\repository\ch\qos\logback\logback-classic\1.5.18\logback-classic-1.5.18.jar;C:\Users\dell\.m2\repository\ch\qos\logback\logback-core\1.5.18\logback-core-1.5.18.jar;C:\Users\dell\.m2\repository\org\apache\logging\log4j\log4j-to-slf4j\2.24.3\log4j-to-slf4j-2.24.3.jar;C:\Users\dell\.m2\repository\org\apache\logging\log4j\log4j-api\2.24.3\log4j-api-2.24.3.jar;C:\Users\dell\.m2\repository\org\slf4j\jul-to-slf4j\2.0.17\jul-to-slf4j-2.0.17.jar;C:\Users\dell\.m2\repository\jakarta\annotation\jakarta.annotation-api\2.1.1\jakarta.annotation-api-2.1.1.jar;C:\Users\dell\.m2\repository\org\yaml\snakeyaml\2.4\snakeyaml-2.4.jar;C:\Users\dell\.m2\repository\org\springframework\boot\spring-boot-starter-jdbc\3.5.4\spring-boot-starter-jdbc-3.5.4.jar;C:\Users\dell\.m2\repository\com\zaxxer\HikariCP\6.3.1\HikariCP-6.3.1.jar;C:\Users\dell\.m2\repository\org\springframework\spring-jdbc\6.2.9\spring-jdbc-6.2.9.jar;C:\Users\dell\.m2\repository\org\hibernate\orm\hibernate-core\6.6.22.Final\hibernate-core-6.6.22.Final.jar;C:\Users\dell\.m2\repository\jakarta\persistence\jakarta.persistence-api\3.1.0\jakarta.persistence-api-3.1.0.jar;C:\Users\dell\.m2\repository\jakarta\transaction\jakarta.transaction-api\2.0.1\jakarta.transaction-api-2.0.1.jar;C:\Users\dell\.m2\repository\org\jboss\logging\jboss-logging\3.6.1.Final\jboss-logging-3.6.1.Final.jar;C:\Users\dell\.m2\repository\org\hibernate\common\hibernate-commons-annotations\7.0.3.Final\hibernate-commons-annotations-7.0.3.Final.jar;C:\Users\dell\.m2\repository\io\smallrye\jandex\3.2.0\jandex-3.2.0.jar;C:\Users\dell\.m2\repository\com\fasterxml\classmate\1.7.0\classmate-1.7.0.jar;C:\Users\dell\.m2\repository\net\bytebuddy\byte-buddy\1.17.6\byte-buddy-1.17.6.jar;C:\Users\dell\.m2\repository\org\glassfish\jaxb\jaxb-runtime\4.0.5\jaxb-runtime-4.0.5.jar;C:\Users\dell\.m2\repository\org\glassfish\jaxb\jaxb-core\4.0.5\jaxb-core-4.0.5.jar;C:\Users\dell\.m2\repository\org\eclipse\angus\angus-activation\2.0.2\angus-activation-2.0.2.jar;C:\Users\dell\.m2\repository\org\glassfish\jaxb\txw2\4.0.5\txw2-4.0.5.jar;C:\Users\dell\.m2\repository\com\sun\istack\istack-commons-runtime\4.1.2\istack-commons-runtime-4.1.2.jar;C:\Users\dell\.m2\repository\jakarta\inject\jakarta.inject-api\2.0.1\jakarta.inject-api-2.0.1.jar;C:\Users\dell\.m2\repository\org\antlr\antlr4-runtime\4.13.0\antlr4-runtime-4.13.0.jar;C:\Users\dell\.m2\repository\org\springframework\data\spring-data-jpa\3.5.2\spring-data-jpa-3.5.2.jar;C:\Users\dell\.m2\repository\org\springframework\data\spring-data-commons\3.5.2\spring-data-commons-3.5.2.jar;C:\Users\dell\.m2\repository\org\springframework\spring-orm\6.2.9\spring-orm-6.2.9.jar;C:\Users\dell\.m2\repository\org\springframework\spring-context\6.2.9\spring-context-6.2.9.jar;C:\Users\dell\.m2\repository\org\springframework\spring-aop\6.2.9\spring-aop-6.2.9.jar;C:\Users\dell\.m2\repository\org\springframework\spring-tx\6.2.9\spring-tx-6.2.9.jar;C:\Users\dell\.m2\repository\org\springframework\spring-beans\6.2.9\spring-beans-6.2.9.jar;C:\Users\dell\.m2\repository\org\slf4j\slf4j-api\2.0.17\slf4j-api-2.0.17.jar;C:\Users\dell\.m2\repository\org\springframework\spring-aspects\6.2.9\spring-aspects-6.2.9.jar;C:\Users\dell\.m2\repository\org\aspectj\aspectjweaver\1.9.24\aspectjweaver-1.9.24.jar;C:\Users\dell\.m2\repository\org\springframework\boot\spring-boot-starter-validation\3.5.4\spring-boot-starter-validation-3.5.4.jar;C:\Users\dell\.m2\repository\org\apache\tomcat\embed\tomcat-embed-el\10.1.43\tomcat-embed-el-10.1.43.jar;C:\Users\dell\.m2\repository\org\hibernate\validator\hibernate-validator\8.0.2.Final\hibernate-validator-8.0.2.Final.jar;C:\Users\dell\.m2\repository\jakarta\validation\jakarta.validation-api\3.0.2\jakarta.validation-api-3.0.2.jar;C:\Users\dell\.m2\repository\org\springframework\boot\spring-boot-starter-web\3.5.4\spring-boot-starter-web-3.5.4.jar;C:\Users\dell\.m2\repository\org\springframework\boot\spring-boot-starter-json\3.5.4\spring-boot-starter-json-3.5.4.jar;C:\Users\dell\.m2\repository\com\fasterxml\jackson\core\jackson-databind\2.19.2\jackson-databind-2.19.2.jar;C:\Users\dell\.m2\repository\com\fasterxml\jackson\core\jackson-annotations\2.19.2\jackson-annotations-2.19.2.jar;C:\Users\dell\.m2\repository\com\fasterxml\jackson\core\jackson-core\2.19.2\jackson-core-2.19.2.jar;C:\Users\dell\.m2\repository\com\fasterxml\jackson\datatype\jackson-datatype-jdk8\2.19.2\jackson-datatype-jdk8-2.19.2.jar;C:\Users\dell\.m2\repository\com\fasterxml\jackson\datatype\jackson-datatype-jsr310\2.19.2\jackson-datatype-jsr310-2.19.2.jar;C:\Users\dell\.m2\repository\com\fasterxml\jackson\module\jackson-module-parameter-names\2.19.2\jackson-module-parameter-names-2.19.2.jar;C:\Users\dell\.m2\repository\org\springframework\boot\spring-boot-starter-tomcat\3.5.4\spring-boot-starter-tomcat-3.5.4.jar;C:\Users\dell\.m2\repository\org\apache\tomcat\embed\tomcat-embed-core\10.1.43\tomcat-embed-core-10.1.43.jar;C:\Users\dell\.m2\repository\org\apache\tomcat\embed\tomcat-embed-websocket\10.1.43\tomcat-embed-websocket-10.1.43.jar;C:\Users\dell\.m2\repository\org\springframework\spring-web\6.2.9\spring-web-6.2.9.jar;C:\Users\dell\.m2\repository\io\micrometer\micrometer-observation\1.15.2\micrometer-observation-1.15.2.jar;C:\Users\dell\.m2\repository\io\micrometer\micrometer-commons\1.15.2\micrometer-commons-1.15.2.jar;C:\Users\dell\.m2\repository\org\springframework\spring-webmvc\6.2.9\spring-webmvc-6.2.9.jar;C:\Users\dell\.m2\repository\org\springframework\spring-expression\6.2.9\spring-expression-6.2.9.jar;C:\Users\dell\.m2\repository\org\springframework\boot\spring-boot-devtools\3.5.4\spring-boot-devtools-3.5.4.jar;C:\Users\dell\.m2\repository\org\springframework\boot\spring-boot\3.5.4\spring-boot-3.5.4.jar;C:\Users\dell\.m2\repository\org\springframework\boot\spring-boot-autoconfigure\3.5.4\spring-boot-autoconfigure-3.5.4.jar;C:\Users\dell\.m2\repository\com\mysql\mysql-connector-j\9.3.0\mysql-connector-j-9.3.0.jar;C:\Users\dell\.m2\repository\org\projectlombok\lombok\1.18.38\lombok-1.18.38.jar;C:\Users\dell\.m2\repository\jakarta\xml\bind\jakarta.xml.bind-api\4.0.2\jakarta.xml.bind-api-4.0.2.jar;C:\Users\dell\.m2\repository\jakarta\activation\jakarta.activation-api\2.1.3\jakarta.activation-api-2.1.3.jar;C:\Users\dell\.m2\repository\org\springframework\spring-core\6.2.9\spring-core-6.2.9.jar;C:\Users\dell\.m2\repository\org\springframework\spring-jcl\6.2.9\spring-jcl-6.2.9.jar
Launcher Type: SUN_STANDARD

[Global flags]
     intx CICompilerCount                          = 4                                         {product} {ergonomic}
     uint ConcGCThreads                            = 2                                         {product} {ergonomic}
     uint G1ConcRefinementThreads                  = 8                                         {product} {ergonomic}
   size_t G1HeapRegionSize                         = 1048576                                   {product} {ergonomic}
    uintx GCDrainStackTargetSize                   = 64                                        {product} {ergonomic}
   size_t InitialHeapSize                          = 130023424                                 {product} {ergonomic}
     bool ManagementServer                         = true                                      {product} {command line}
   size_t MarkStackSize                            = 4194304                                   {product} {ergonomic}
   size_t MaxHeapSize                              = 2076180480                                {product} {ergonomic}
   size_t MaxNewSize                               = 1245708288                                {product} {ergonomic}
   size_t MinHeapDeltaBytes                        = 1048576                                   {product} {ergonomic}
   size_t MinHeapSize                              = 8388608                                   {product} {ergonomic}
    uintx NonNMethodCodeHeapSize                   = 4096                                   {pd product} {ergonomic}
    uintx NonProfiledCodeHeapSize                  = 0                                      {pd product} {ergonomic}
     bool ProfileInterpreter                       = false                                  {pd product} {command line}
    uintx ProfiledCodeHeapSize                     = 0                                      {pd product} {ergonomic}
     bool ShowCodeDetailsInExceptionMessages       = true                                   {manageable} {command line}
   size_t SoftMaxHeapSize                          = 2076180480                             {manageable} {ergonomic}
     intx TieredStopAtLevel                        = 1                                         {product} {command line}
     bool UseCompressedOops                        = true                           {product lp64_product} {ergonomic}
     bool UseG1GC                                  = true                                      {product} {ergonomic}
     bool UseLargePagesIndividualAllocation        = false                                  {pd product} {ergonomic}

Logging:
Log output configuration:
 #0: stdout all=warning uptime,level,tags foldmultilines=false
 #1: stderr all=off uptime,level,tags foldmultilines=false

Environment Variables:
PATH=C:\Users\dell\.p2\pool\plugins\org.eclipse.justj.openjdk.hotspot.jre.full.win32.x86_64_21.0.7.v20250502-0916\jre\bin;C:/Users/dell/.p2/pool/plugins/org.eclipse.justj.openjdk.hotspot.jre.full.win32.x86_64_21.0.7.v20250502-0916/jre/bin/server;C:/Users/dell/.p2/pool/plugins/org.eclipse.justj.openjdk.hotspot.jre.full.win32.x86_64_21.0.7.v20250502-0916/jre/bin;C:\app\dell\product\11.2.0\dbhome_1\bin;C:\Program Files (x86)\Common Files\Oracle\Java\javapath;C:\Windows\system32;C:\Windows;C:\Windows\System32\Wbem;C:\Windows\System32\WindowsPowerShell\v1.0\;C:\Windows\System32\OpenSSH\;C:\Program Files\NVIDIA Corporation\NVIDIA NvDLISR;C:\WINDOWS\system32;C:\WINDOWS;C:\WINDOWS\System32\Wbem;C:\WINDOWS\System32\WindowsPowerShell\v1.0\;C:\WINDOWS\System32\OpenSSH\;C:\Program Files\dotnet\;C:\Program Files\Java\jdk1.8.0_202\bin;C:\Users\dell\Downloads\apache-maven-3.9.9-bin (1)\apache-maven-3.9.9\bin;C:\Program Files\Git\cmd;C:\ProgramData\chocolatey\bin;C:\Program Files\nodejs\;C:\Users\dell\AppData\Local\Microsoft\WindowsApps;C:\Program Files\JetBrains\PyCharm Community Edition 2021.3\bin;;C:\Users\dell\AppData\Local\Programs\Microsoft VS Code\bin;C:\Users\dell\AppData\Roaming\npm;C:\WINDOWS\system32;
USERNAME=dell
OS=Windows_NT
PROCESSOR_IDENTIFIER=Intel64 Family 6 Model 140 Stepping 1, GenuineIntel
TMP=C:\Users\dell\AppData\Local\Temp
TEMP=C:\Users\dell\AppData\Local\Temp




Periodic native trim disabled

---------------  S Y S T E M  ---------------

OS:
 Windows 11 , 64 bit Build 26100 (10.0.26100.4768)
OS uptime: 3 days 12:05 hours
Hyper-V role detected

CPU: total 8 (initial active 8) (4 cores per cpu, 2 threads per core) family 6 model 140 stepping 1 microcode 0xb8, cx8, cmov, fxsr, ht, mmx, 3dnowpref, sse, sse2, sse3, ssse3, sse4.1, sse4.2, popcnt, lzcnt, tsc, tscinvbit, avx, avx2, aes, erms, clmul, bmi1, bmi2, adx, avx512f, avx512dq, avx512cd, avx512bw, avx512vl, sha, fma, vzeroupper, avx512_vpopcntdq, avx512_vpclmulqdq, avx512_vaes, avx512_vnni, clflush, clflushopt, clwb, avx512_vbmi2, avx512_vbmi, hv, rdtscp, rdpid, fsrm, gfni, avx512_bitalg, f16c, cet_ibt, cet_ss, avx512_ifma
Processor Information for the first 8 processors :
  Max Mhz: 1382, Current Mhz: 1382, Mhz Limit: 1382

Memory: 4k page, system-wide physical 7914M (684M free)
TotalPageFile size 27370M (AvailPageFile size 6953M)
current process WorkingSet (physical memory assigned to process): 102M, peak: 292M
current process commit charge ("private bytes"): 338M, peak: 338M

vm_info: OpenJDK 64-Bit Server VM (21.0.7+6-LTS) for windows-amd64 JRE (21.0.7+6-LTS), built on 2025-04-15T00:00:00Z by "admin" with MS VC++ 17.7 (VS2022)

END.
