#
# A fatal error has been detected by the Java Runtime Environment:
#
#  EXCEPTION_ACCESS_VIOLATION (0xc0000005) at pc=0x00007ffed491a39e, pid=3976, tid=25188
#
# JRE version: OpenJDK Runtime Environment Temurin-21.0.7+6 (21.0.7+6) (build 21.0.7+6-LTS)
# Java VM: OpenJDK 64-Bit Server VM Temurin-21.0.7+6 (21.0.7+6-LTS, mixed mode, emulated-client, sharing, tiered, compressed oops, compressed class ptrs, g1 gc, windows-amd64)
# Problematic frame:
# V  [jvm.dll+0x31a39e]
#
# No core dump will be written. Minidumps are not enabled by default on client versions of Windows
#
# If you would like to submit a bug report, please visit:
#   https://github.com/adoptium/adoptium-support/issues
#

---------------  S U M M A R Y ------------

Command Line: -XX:+ShowCodeDetailsInExceptionMessages -agentlib:jdwp=transport=dt_socket,suspend=y,address=localhost:9152 -Dcom.sun.management.jmxremote -Dcom.sun.management.jmxremote.port=9150 -Dcom.sun.management.jmxremote.authenticate=false -Dcom.sun.management.jmxremote.ssl=false -Djava.rmi.server.hostname=localhost -Dspring.jmx.enabled=true -Dmanagement.endpoints.jmx.exposure.include=* -Dspring.application.admin.enabled=true -Dspring.output.ansi.enabled=always -XX:TieredStopAtLevel=1 -Dspring.boot.project.name=E-Commerce -javaagent:D:\Sateesha\eclipse\configuration\org.eclipse.osgi\442\0\.cp\lib\javaagent-shaded.jar -Dfile.encoding=UTF-8 -Dstdout.encoding=UTF-8 -Dstderr.encoding=UTF-8 com.ecommerce.ECommerceApplication

Host: 11th Gen Intel(R) Core(TM) i5-1135G7 @ 2.40GHz, 8 cores, 7G,  Windows 11 , 64 bit Build 26100 (10.0.26100.4484)
Time: Mon Aug  4 13:22:11 2025 India Standard Time elapsed time: 1308.583789 seconds (0d 0h 21m 48s)

---------------  T H R E A D  ---------------

Current thread (0x0000021a533bc6a0):  WorkerThread "GC Thread#7"    [id=25188, stack(0x000000dad7b00000,0x000000dad7c00000) (1024K)]

Stack: [0x000000dad7b00000,0x000000dad7c00000],  sp=0x000000dad7bfe1f0,  free space=1016k
Native frames: (J=compiled Java code, j=interpreted, Vv=VM code, C=native code)
V  [jvm.dll+0x31a39e]
V  [jvm.dll+0x341c99]
V  [jvm.dll+0x341c02]
V  [jvm.dll+0x314d7b]
V  [jvm.dll+0x3147cd]
V  [jvm.dll+0x3eef95]
V  [jvm.dll+0x8522b6]
V  [jvm.dll+0x85c111]
V  [jvm.dll+0x366bfa]
V  [jvm.dll+0x366cb4]
V  [jvm.dll+0x346553]
V  [jvm.dll+0x8d6377]
V  [jvm.dll+0x851f6b]
V  [jvm.dll+0x6cc7dd]
C  [ucrtbase.dll+0x37b0]
C  [KERNEL32.DLL+0x2e8d7]
C  [ntdll.dll+0x3c34c]

JavaThread 0x0000021a554d7820 (nid = 11536) was being processed
Java frames: (J=compiled Java code, j=interpreted, Vv=VM code)
j  java.lang.invoke.DirectMethodHandle$Holder.invokeVirtual(Ljava/lang/Object;Ljava/lang/Object;)Ljava/lang/Object;+10 java.base@21.0.7
J 2741 c1 java.lang.invoke.LambdaForm$MH+0x0000021a0f001c00.invoke(Ljava/lang/Object;Ljava/lang/Object;)Ljava/lang/Object; java.base@21.0.7 (35 bytes) @ 0x0000021a0545c064 [0x0000021a0545bf60+0x0000000000000104]
J 3859 c1 jdk.internal.reflect.DirectMethodHandleAccessor.invoke(Ljava/lang/Object;[Ljava/lang/Object;)Ljava/lang/Object; java.base@21.0.7 (92 bytes) @ 0x0000021a0566b374 [0x0000021a0566b0a0+0x00000000000002d4]
J 3863 c1 java.lang.reflect.Method.invoke(Ljava/lang/Object;[Ljava/lang/Object;)Ljava/lang/Object; java.base@21.0.7 (108 bytes) @ 0x0000021a056695f4 [0x0000021a05669400+0x00000000000001f4]
j  org.springframework.web.method.support.InvocableHandlerMethod.doInvoke([Ljava/lang/Object;)Ljava/lang/Object;+55
j  org.springframework.web.method.support.InvocableHandlerMethod.invokeForRequest(Lorg/springframework/web/context/request/NativeWebRequest;Lorg/springframework/web/method/support/ModelAndViewContainer;[Ljava/lang/Object;)Ljava/lang/Object;+82
j  org.springframework.web.servlet.mvc.method.annotation.ServletInvocableHandlerMethod.invokeAndHandle(Lorg/springframework/web/context/request/ServletWebRequest;Lorg/springframework/web/method/support/ModelAndViewContainer;[Ljava/lang/Object;)V+4
j  org.springframework.web.servlet.mvc.method.annotation.RequestMappingHandlerAdapter.invokeHandlerMethod(Ljakarta/servlet/http/HttpServletRequest;Ljakarta/servlet/http/HttpServletResponse;Lorg/springframework/web/method/HandlerMethod;)Lorg/springframework/web/servlet/ModelAndView;+309
j  org.springframework.web.servlet.mvc.method.annotation.RequestMappingHandlerAdapter.handleInternal(Ljakarta/servlet/http/HttpServletRequest;Ljakarta/servlet/http/HttpServletResponse;Lorg/springframework/web/method/HandlerMethod;)Lorg/springframework/web/servlet/ModelAndView;+81
j  org.springframework.web.servlet.mvc.method.AbstractHandlerMethodAdapter.handle(Ljakarta/servlet/http/HttpServletRequest;Ljakarta/servlet/http/HttpServletResponse;Ljava/lang/Object;)Lorg/springframework/web/servlet/ModelAndView;+7
j  org.springframework.web.servlet.DispatcherServlet.doDispatch(Ljakarta/servlet/http/HttpServletRequest;Ljakarta/servlet/http/HttpServletResponse;)V+304
j  org.springframework.web.servlet.DispatcherServlet.doService(Ljakarta/servlet/http/HttpServletRequest;Ljakarta/servlet/http/HttpServletResponse;)V+242
j  org.springframework.web.servlet.FrameworkServlet.processRequest(Ljakarta/servlet/http/HttpServletRequest;Ljakarta/servlet/http/HttpServletResponse;)V+70
j  org.springframework.web.servlet.FrameworkServlet.doGet(Ljakarta/servlet/http/HttpServletRequest;Ljakarta/servlet/http/HttpServletResponse;)V+3
j  jakarta.servlet.http.HttpServlet.service(Ljakarta/servlet/http/HttpServletRequest;Ljakarta/servlet/http/HttpServletResponse;)V+35
j  org.springframework.web.servlet.FrameworkServlet.service(Ljakarta/servlet/http/HttpServletRequest;Ljakarta/servlet/http/HttpServletResponse;)V+20
j  jakarta.servlet.http.HttpServlet.service(Ljakarta/servlet/ServletRequest;Ljakarta/servlet/ServletResponse;)V+37
j  org.apache.catalina.core.ApplicationFilterChain.internalDoFilter(Ljakarta/servlet/ServletRequest;Ljakarta/servlet/ServletResponse;)V+300
j  org.apache.catalina.core.ApplicationFilterChain.doFilter(Ljakarta/servlet/ServletRequest;Ljakarta/servlet/ServletResponse;)V+99
j  org.apache.tomcat.websocket.server.WsFilter.doFilter(Ljakarta/servlet/ServletRequest;Ljakarta/servlet/ServletResponse;Ljakarta/servlet/FilterChain;)V+21
j  org.apache.catalina.core.ApplicationFilterChain.internalDoFilter(Ljakarta/servlet/ServletRequest;Ljakarta/servlet/ServletResponse;)V+130
j  org.apache.catalina.core.ApplicationFilterChain.doFilter(Ljakarta/servlet/ServletRequest;Ljakarta/servlet/ServletResponse;)V+99
j  org.springframework.web.filter.RequestContextFilter.doFilterInternal(Ljakarta/servlet/http/HttpServletRequest;Ljakarta/servlet/http/HttpServletResponse;Ljakarta/servlet/FilterChain;)V+21
j  org.springframework.web.filter.OncePerRequestFilter.doFilter(Ljakarta/servlet/ServletRequest;Ljakarta/servlet/ServletResponse;Ljakarta/servlet/FilterChain;)V+150
j  org.apache.catalina.core.ApplicationFilterChain.internalDoFilter(Ljakarta/servlet/ServletRequest;Ljakarta/servlet/ServletResponse;)V+130
j  org.apache.catalina.core.ApplicationFilterChain.doFilter(Ljakarta/servlet/ServletRequest;Ljakarta/servlet/ServletResponse;)V+99
j  org.springframework.web.filter.FormContentFilter.doFilterInternal(Ljakarta/servlet/http/HttpServletRequest;Ljakarta/servlet/http/HttpServletResponse;Ljakarta/servlet/FilterChain;)V+38
j  org.springframework.web.filter.OncePerRequestFilter.doFilter(Ljakarta/servlet/ServletRequest;Ljakarta/servlet/ServletResponse;Ljakarta/servlet/FilterChain;)V+150
j  org.apache.catalina.core.ApplicationFilterChain.internalDoFilter(Ljakarta/servlet/ServletRequest;Ljakarta/servlet/ServletResponse;)V+130
j  org.apache.catalina.core.ApplicationFilterChain.doFilter(Ljakarta/servlet/ServletRequest;Ljakarta/servlet/ServletResponse;)V+99
j  org.springframework.web.filter.CharacterEncodingFilter.doFilterInternal(Ljakarta/servlet/http/HttpServletRequest;Ljakarta/servlet/http/HttpServletResponse;Ljakarta/servlet/FilterChain;)V+53
j  org.springframework.web.filter.OncePerRequestFilter.doFilter(Ljakarta/servlet/ServletRequest;Ljakarta/servlet/ServletResponse;Ljakarta/servlet/FilterChain;)V+150
j  org.apache.catalina.core.ApplicationFilterChain.internalDoFilter(Ljakarta/servlet/ServletRequest;Ljakarta/servlet/ServletResponse;)V+130
j  org.apache.catalina.core.ApplicationFilterChain.doFilter(Ljakarta/servlet/ServletRequest;Ljakarta/servlet/ServletResponse;)V+99
j  org.apache.catalina.core.StandardWrapperValve.invoke(Lorg/apache/catalina/connector/Request;Lorg/apache/catalina/connector/Response;)V+511
j  org.apache.catalina.core.StandardContextValve.invoke(Lorg/apache/catalina/connector/Request;Lorg/apache/catalina/connector/Response;)V+169
j  org.apache.catalina.authenticator.AuthenticatorBase.invoke(Lorg/apache/catalina/connector/Request;Lorg/apache/catalina/connector/Response;)V+221
j  org.apache.catalina.core.StandardHostValve.invoke(Lorg/apache/catalina/connector/Request;Lorg/apache/catalina/connector/Response;)V+131
j  org.apache.catalina.valves.ErrorReportValve.invoke(Lorg/apache/catalina/connector/Request;Lorg/apache/catalina/connector/Response;)V+6
j  org.apache.catalina.core.StandardEngineValve.invoke(Lorg/apache/catalina/connector/Request;Lorg/apache/catalina/connector/Response;)V+59
j  org.apache.catalina.connector.CoyoteAdapter.service(Lorg/apache/coyote/Request;Lorg/apache/coyote/Response;)V+188
j  org.apache.coyote.http11.Http11Processor.service(Lorg/apache/tomcat/util/net/SocketWrapperBase;)Lorg/apache/tomcat/util/net/AbstractEndpoint$Handler$SocketState;+796
j  org.apache.coyote.AbstractProcessorLight.process(Lorg/apache/tomcat/util/net/SocketWrapperBase;Lorg/apache/tomcat/util/net/SocketEvent;)Lorg/apache/tomcat/util/net/AbstractEndpoint$Handler$SocketState;+155
j  org.apache.coyote.AbstractProtocol$ConnectionHandler.process(Lorg/apache/tomcat/util/net/SocketWrapperBase;Lorg/apache/tomcat/util/net/SocketEvent;)Lorg/apache/tomcat/util/net/AbstractEndpoint$Handler$SocketState;+477
j  org.apache.tomcat.util.net.NioEndpoint$SocketProcessor.doRun()V+222
j  org.apache.tomcat.util.net.SocketProcessorBase.run()V+32
j  org.apache.tomcat.util.threads.ThreadPoolExecutor.runWorker(Lorg/apache/tomcat/util/threads/ThreadPoolExecutor$Worker;)V+92
j  org.apache.tomcat.util.threads.ThreadPoolExecutor$Worker.run()V+5
j  org.apache.tomcat.util.threads.TaskThread$WrappingRunnable.run()V+4
j  java.lang.Thread.runWith(Ljava/lang/Object;Ljava/lang/Runnable;)V+5 java.base@21.0.7
j  java.lang.Thread.run()V+19 java.base@21.0.7
v  ~StubRoutines::call_stub 0x0000021a04cf10e7

siginfo: EXCEPTION_ACCESS_VIOLATION (0xc0000005), reading address 0x0000021d71e0ff50


Registers:
RAX=0x0000021a088f0000, RBX=0x0000021a7faef630, RCX=0x000000000000001c, RDX=0x0000000000000001
RSP=0x000000dad7bfe1f0, RBP=0x000000dad7bfe380, RSI=0x0000021a554d7190, RDI=0x0000001b4a8ffa9c
R8 =0x0000021d71e0ff50, R9 =0x0000021a0e725430, R10=0x0000021a04cf0000, R11=0x000000dad7bfe3f8
R12=0x0000021a0e542798, R13=0x0000021a0d481b60, R14=0x0000021a53293cc0, R15=0x0000000000000000
RIP=0x00007ffed491a39e, EFLAGS=0x0000000000010202

XMM[0]=0x3b3b3b3b3b3b3b3b 0x3b3b3b3b3b3b3b3b
XMM[1]=0x0000000000000000 0x00000000000000ff
XMM[2]=0x0000000000000000 0x0000000000000000
XMM[3]=0x0000000000000000 0x0000000000000000
XMM[4]=0x0000000000000000 0x0000000000000000
XMM[5]=0x0000000000000000 0x0000000000000000
XMM[6]=0x0000000000000000 0x0000000000000000
XMM[7]=0x0000000000000000 0x0000000000000000
XMM[8]=0x0000000000000000 0x0000000000000000
XMM[9]=0x0000000000000000 0x0000000000000000
XMM[10]=0x0000000000000000 0x0000000000000000
XMM[11]=0x0000000000000000 0x0000000000000000
XMM[12]=0x0000000000000000 0x0000000000000000
XMM[13]=0x0000000000000000 0x0000000000000000
XMM[14]=0x0000000000000000 0x0000000000000000
XMM[15]=0x0000000000000000 0x0000000000000000
  MXCSR=0x00001fa0


Register to memory mapping:

RAX=0x0000021a088f0000 points into unknown readable memory: 0x0000000000000000 | 00 00 00 00 00 00 00 00
RBX=0x0000021a7faef630 points into unknown readable memory: 0x00007ffed50276d8 | d8 76 02 d5 fe 7f 00 00
RCX=0x000000000000001c is an unknown value
RDX=0x0000000000000001 is an unknown value
RSP=0x000000dad7bfe1f0 points into unknown readable memory: 0x000000000000012f | 2f 01 00 00 00 00 00 00
RBP=0x000000dad7bfe380 points into unknown readable memory: 0x0000f02f00000000 | 00 00 00 00 2f f0 00 00
RSI=0x0000021a554d7190 points into unknown readable memory: 0x000000dad64ff3e0 | e0 f3 4f d6 da 00 00 00
RDI=0x0000001b4a8ffa9c is an unknown value
R8 =0x0000021d71e0ff50 is an unknown value
R9 =0x0000021a0e725430 is pointing into metadata
R10=0x0000021a04cf0000 points into unknown readable memory: 0x0000000000000006 | 06 00 00 00 00 00 00 00
R11=0x000000dad7bfe3f8 points into unknown readable memory: 0x00007ffed49147cd | cd 47 91 d4 fe 7f 00 00
R12=0x0000021a0e542798 is pointing into metadata
R13=0x0000021a0d481b60 points into unknown readable memory: 0x0000000000000000 | 00 00 00 00 00 00 00 00
R14=0x0000021a53293cc0 points into unknown readable memory: 0x0000000000000002 | 02 00 00 00 00 00 00 00
R15=0x0 is null

Top of Stack: (sp=0x000000dad7bfe1f0)
0x000000dad7bfe1f0:   000000000000012f 00007ffed4cbc362
0x000000dad7bfe200:   0000021a554d7190 00007ffed4941c02
0x000000dad7bfe210:   000000dad8bfd4e0 00007ffed4941c99
0x000000dad7bfe220:   000000dad8bfd4e0 000000dad7bfe550
0x000000dad7bfe230:   0000000000000010 00007ffed4cbc0b9
0x000000dad7bfe240:   0000021a554d7190 00007ffed4941c02
0x000000dad7bfe250:   000000dad7bfe310 000000dad7bfe550
0x000000dad7bfe260:   000000dad7bfe550 0000000000000000
0x000000dad7bfe270:   0000000000000001 00007ffed4914d7b
0x000000dad7bfe280:   0000021a554d7740 0000021a0e0b3bd8
0x000000dad7bfe290:   0000021a554d7740 000000dad7bfe550
0x000000dad7bfe2a0:   0000000a554d7701 0000021a0e0b3bd8
0x000000dad7bfe2b0:   0000021a533bc6a0 0000021a00000003
0x000000dad7bfe2c0:   00000000000003d8 0000021a0d481b70
0x000000dad7bfe2d0:   0000021a0d481f48 0000021a0e728d6a
0x000000dad7bfe2e0:   0000021a000000b8 0000021a0e0b3bd8
0x000000dad7bfe2f0:   00007ffed5023210 000000dad7bfe550
0x000000dad7bfe300:   0000021a554d7740 0000000400000003
0x000000dad7bfe310:   0000021a0e542798 0000001300000001
0x000000dad7bfe320:   0000000000000043 000000010000000c
0x000000dad7bfe330:   0000021a0e480090 0000000000000000
0x000000dad7bfe340:   0000021a04f616a0 0000021a04f61b60
0x000000dad7bfe350:   0000021a04f61bd8 00007ffed5010bf0
0x000000dad7bfe360:   0000000084d039c8 00007ffed4941c99
0x000000dad7bfe370:   0000000084d039c8 000000060d480013
0x000000dad7bfe380:   0000f02f00000000 0000000000000015
0x000000dad7bfe390:   0000021a554d7190 00007ffed4941c02
0x000000dad7bfe3a0:   0000000000000000 0000021a00000003
0x000000dad7bfe3b0:   0000f02f6a2e726a 000000dad7bffa40
0x000000dad7bfe3c0:   0000021a554d7740 00000000000003d8
0x000000dad7bfe3d0:   0000021a0d481f48 000000dad7bfe550
0x000000dad7bfe3e0:   000000dad7bffa40 00007ffed4e5b100 

Instructions: (pc=0x00007ffed491a39e)
0x00007ffed491a29e:   38 f0 4c 01 04 c8 48 c7 42 08 00 00 00 00 44 89
0x00007ffed491a2ae:   12 49 ff 41 58 4c 01 5a 08 e9 4a ff ff ff 49 ff
0x00007ffed491a2be:   41 50 4c 01 5a 08 e9 3d ff ff ff cc cc cc cc cc
0x00007ffed491a2ce:   cc cc 48 89 5c 24 08 57 48 83 ec 20 48 8b 01 48
0x00007ffed491a2de:   8b fa 48 8b d9 ff 50 08 4c 8b c8 48 85 c0 74 66
0x00007ffed491a2ee:   4c 8b 40 10 4c 2b 00 48 c7 40 28 00 00 00 00 4c
0x00007ffed491a2fe:   89 43 18 48 8b 50 10 48 8b 48 08 48 8b c7 48 2b
0x00007ffed491a30e:   ca 48 c1 e9 03 48 3b cf 48 0f 42 c1 48 3b c7 72
0x00007ffed491a31e:   1e 48 8d 04 c2 49 89 41 10 90 ff 43 10 48 8b c2
0x00007ffed491a32e:   4c 89 4b 08 48 8b 5c 24 30 48 83 c4 20 5f c3 33
0x00007ffed491a33e:   d2 90 ff 43 10 8b c2 4c 89 4b 08 48 8b 5c 24 30
0x00007ffed491a34e:   48 83 c4 20 5f c3 48 8b 5c 24 30 48 83 c4 20 5f
0x00007ffed491a35e:   c3 cc 48 89 5c 24 08 57 48 83 ec 20 48 8b 01 48
0x00007ffed491a36e:   8b fa 48 8b d9 ff 10 48 2b 7b 08 8b 4b 18 48 8b
0x00007ffed491a37e:   43 20 48 c1 ef 03 48 d3 ef 40 0f b6 cf 48 8b d7
0x00007ffed491a38e:   48 c1 ea 06 80 e1 3f 4c 8d 04 d0 ba 01 00 00 00
0x00007ffed491a39e:   49 8b 00 48 d3 e2 48 8b c8 48 0b ca 48 3b c8 74
0x00007ffed491a3ae:   13 90 f0 49 0f b1 08 74 18 48 8b c8 48 0b ca 48
0x00007ffed491a3be:   3b c8 75 ee 32 c0 48 8b 5c 24 30 48 83 c4 20 5f
0x00007ffed491a3ce:   c3 48 8b 5c 24 30 b0 01 48 83 c4 20 5f c3 cc cc
0x00007ffed491a3de:   cc cc 48 89 5c 24 08 57 48 83 ec 20 4c 8b 41 30
0x00007ffed491a3ee:   48 8b da 48 8b f9 45 8b 88 80 00 00 00 41 8b 80
0x00007ffed491a3fe:   00 01 00 00 41 8b d1 2b d0 81 e2 ff ff 01 00 81
0x00007ffed491a40e:   fa fe ff 01 00 73 26 49 8b 80 80 01 00 00 4a 89
0x00007ffed491a41e:   1c c8 41 8d 41 01 25 ff ff 01 00 41 89 80 80 00
0x00007ffed491a42e:   00 00 48 8b 5c 24 30 48 83 c4 20 5f c3 e8 e0 b1
0x00007ffed491a43e:   01 00 48 8b 57 30 44 8b 82 80 00 00 00 8b 82 00
0x00007ffed491a44e:   01 00 00 41 8b c8 2b c8 81 e1 ff ff 01 00 81 f9
0x00007ffed491a45e:   fe ff 01 00 73 1a 48 8b 82 80 01 00 00 4a 89 1c
0x00007ffed491a46e:   c0 41 8d 40 01 25 ff ff 01 00 89 82 80 00 00 00
0x00007ffed491a47e:   48 8b 5c 24 30 48 83 c4 20 5f c3 cc cc cc cc cc
0x00007ffed491a48e:   cc cc 48 89 5c 24 08 57 48 83 ec 20 48 8b 79 08 


Stack slot to memory mapping:

stack at sp + 0 slots: 0x000000000000012f is an unknown value
stack at sp + 1 slots: 0x00007ffed4cbc362 jvm.dll
stack at sp + 2 slots: 0x0000021a554d7190 points into unknown readable memory: 0x000000dad64ff3e0 | e0 f3 4f d6 da 00 00 00
stack at sp + 3 slots: 0x00007ffed4941c02 jvm.dll
stack at sp + 4 slots: 0x000000dad8bfd4e0 is pointing into the stack for thread: 0x0000021a554d7820
stack at sp + 5 slots: 0x00007ffed4941c99 jvm.dll
stack at sp + 6 slots: 0x000000dad8bfd4e0 is pointing into the stack for thread: 0x0000021a554d7820
stack at sp + 7 slots: 0x000000dad7bfe550 points into unknown readable memory: 0x000000dad8bfd4d8 | d8 d4 bf d8 da 00 00 00


---------------  P R O C E S S  ---------------

Threads class SMR info:
_java_thread_list=0x0000021a55e208f0, length=29, elements={
0x0000021a0cd6f8a0, 0x0000021a0cd72e70, 0x0000021a0cd766d0, 0x0000021a0cd77120,
0x0000021a0cd786e0, 0x0000021a0cd79dd0, 0x0000021a0cd7d3a0, 0x0000021a0d3d67d0,
0x0000021a0d461f80, 0x0000021a0d46e4f0, 0x0000021a0d46eb70, 0x0000021a53174aa0,
0x0000021a53370900, 0x0000021a5337b930, 0x0000021a533e1200, 0x0000021a537588a0,
0x0000021a5378d000, 0x0000021a537d0260, 0x0000021a5383b610, 0x0000021a554d3d10,
0x0000021a554d7eb0, 0x0000021a554d8bd0, 0x0000021a554d6470, 0x0000021a554d4a30,
0x0000021a554d7820, 0x0000021a554d98f0, 0x0000021a554db330, 0x0000021a554da610,
0x0000021a5383bca0
}

Java Threads: ( => current thread )
  0x0000021a0cd6f8a0 JavaThread "Reference Handler"          daemon [_thread_blocked, id=22724, stack(0x000000dad6500000,0x000000dad6600000) (1024K)]
  0x0000021a0cd72e70 JavaThread "Finalizer"                  daemon [_thread_blocked, id=25316, stack(0x000000dad6600000,0x000000dad6700000) (1024K)]
  0x0000021a0cd766d0 JavaThread "Signal Dispatcher"          daemon [_thread_blocked, id=20952, stack(0x000000dad6700000,0x000000dad6800000) (1024K)]
  0x0000021a0cd77120 JavaThread "Attach Listener"            daemon [_thread_blocked, id=21508, stack(0x000000dad6800000,0x000000dad6900000) (1024K)]
  0x0000021a0cd786e0 JavaThread "Service Thread"             daemon [_thread_blocked, id=7604, stack(0x000000dad6900000,0x000000dad6a00000) (1024K)]
  0x0000021a0cd79dd0 JavaThread "Monitor Deflation Thread"   daemon [_thread_blocked, id=13160, stack(0x000000dad6a00000,0x000000dad6b00000) (1024K)]
  0x0000021a0cd7d3a0 JavaThread "C1 CompilerThread0"         daemon [_thread_blocked, id=21120, stack(0x000000dad6b00000,0x000000dad6c00000) (1024K)]
  0x0000021a0d3d67d0 JavaThread "Common-Cleaner"             daemon [_thread_blocked, id=15104, stack(0x000000dad6c00000,0x000000dad6d00000) (1024K)]
  0x0000021a0d461f80 JavaThread "JDWP Transport Listener: dt_socket" daemon [_thread_blocked, id=3108, stack(0x000000dad6f00000,0x000000dad7000000) (1024K)]
  0x0000021a0d46e4f0 JavaThread "JDWP Event Helper Thread"   daemon [_thread_blocked, id=20708, stack(0x000000dad7000000,0x000000dad7100000) (1024K)]
  0x0000021a0d46eb70 JavaThread "JDWP Command Reader"        daemon [_thread_in_native, id=24256, stack(0x000000dad7100000,0x000000dad7200000) (1024K)]
  0x0000021a53174aa0 JavaThread "Notification Thread"        daemon [_thread_blocked, id=11424, stack(0x000000dad7200000,0x000000dad7300000) (1024K)]
  0x0000021a53370900 JavaThread "RMI TCP Accept-0"           daemon [_thread_in_native, id=23964, stack(0x000000dad7300000,0x000000dad7400000) (1024K)]
  0x0000021a5337b930 JavaThread "RMI TCP Accept-9150"        daemon [_thread_in_native, id=8472, stack(0x000000dad7400000,0x000000dad7500000) (1024K)]
  0x0000021a533e1200 JavaThread "RMI TCP Accept-0"           daemon [_thread_in_native, id=14600, stack(0x000000dad7c00000,0x000000dad7d00000) (1024K)]
  0x0000021a537588a0 JavaThread "RMI Scheduler(0)"           daemon [_thread_blocked, id=4588, stack(0x000000dad7f00000,0x000000dad8000000) (1024K)]
  0x0000021a5378d000 JavaThread "RMI TCP Connection(idle)"   daemon [_thread_blocked, id=21792, stack(0x000000dad8000000,0x000000dad8100000) (1024K)]
  0x0000021a537d0260 JavaThread "JMX server connection timeout 38" daemon [_thread_blocked, id=21372, stack(0x000000dad8100000,0x000000dad8200000) (1024K)]
  0x0000021a5383b610 JavaThread "mysql-cj-abandoned-connection-cleanup" daemon [_thread_blocked, id=21752, stack(0x000000dad8800000,0x000000dad8900000) (1024K)]
  0x0000021a554d3d10 JavaThread "Live Reload Server"         daemon [_thread_in_native, id=19512, stack(0x000000dad8e00000,0x000000dad8f00000) (1024K)]
  0x0000021a554d7eb0 JavaThread "DestroyJavaVM"                     [_thread_blocked, id=16732, stack(0x000000dad5d00000,0x000000dad5e00000) (1024K)]
  0x0000021a554d8bd0 JavaThread "http-nio-9090-exec-1"       daemon [_thread_blocked, id=6696, stack(0x000000dad8d00000,0x000000dad8e00000) (1024K)]
  0x0000021a554d6470 JavaThread "http-nio-9090-exec-1"       daemon [_thread_blocked, id=16840, stack(0x000000dad8700000,0x000000dad8800000) (1024K)]
  0x0000021a554d4a30 JavaThread "http-nio-9090-exec-2"       daemon [_thread_blocked, id=4844, stack(0x000000dad8900000,0x000000dad8a00000) (1024K)]
  0x0000021a554d7820 JavaThread "http-nio-9090-exec-4"       daemon [_thread_blocked, id=11536, stack(0x000000dad8b00000,0x000000dad8c00000) (1024K)]
  0x0000021a554d98f0 JavaThread "http-nio-9090-exec-1"       daemon [_thread_blocked, id=11660, stack(0x000000dad8600000,0x000000dad8700000) (1024K)]
  0x0000021a554db330 JavaThread "http-nio-9090-exec-2"       daemon [_thread_blocked, id=23224, stack(0x000000dad8a00000,0x000000dad8b00000) (1024K)]
  0x0000021a554da610 JavaThread "http-nio-9090-exec-4"       daemon [_thread_blocked, id=19828, stack(0x000000dad8f00000,0x000000dad9000000) (1024K)]
  0x0000021a5383bca0 JavaThread "Thread-27"                         [_thread_blocked, id=21152, stack(0x000000dad5a00000,0x000000dad5b00000) (1024K)]
Total: 29

Other Threads:
  0x0000021a0cd4d5b0 VMThread "VM Thread"                           [id=17896, stack(0x000000dad6400000,0x000000dad6500000) (1024K)]
  0x0000021a0cd3d7c0 WatcherThread "VM Periodic Task Thread"        [id=11028, stack(0x000000dad6300000,0x000000dad6400000) (1024K)]
  0x0000021a7faef020 WorkerThread "GC Thread#0"                     [id=23916, stack(0x000000dad5e00000,0x000000dad5f00000) (1024K)]
  0x0000021a53396a50 WorkerThread "GC Thread#1"                     [id=23280, stack(0x000000dad7500000,0x000000dad7600000) (1024K)]
  0x0000021a533fc520 WorkerThread "GC Thread#2"                     [id=21856, stack(0x000000dad7600000,0x000000dad7700000) (1024K)]
  0x0000021a533fd140 WorkerThread "GC Thread#3"                     [id=9584, stack(0x000000dad7700000,0x000000dad7800000) (1024K)]
  0x0000021a533b7790 WorkerThread "GC Thread#4"                     [id=12580, stack(0x000000dad7800000,0x000000dad7900000) (1024K)]
  0x0000021a533b7f40 WorkerThread "GC Thread#5"                     [id=20448, stack(0x000000dad7900000,0x000000dad7a00000) (1024K)]
  0x0000021a533b82e0 WorkerThread "GC Thread#6"                     [id=18332, stack(0x000000dad7a00000,0x000000dad7b00000) (1024K)]
=>0x0000021a533bc6a0 WorkerThread "GC Thread#7"                     [id=25188, stack(0x000000dad7b00000,0x000000dad7c00000) (1024K)]
  0x0000021a7faff690 ConcurrentGCThread "G1 Main Marker"            [id=10760, stack(0x000000dad5f00000,0x000000dad6000000) (1024K)]
  0x0000021a7fb01ed0 WorkerThread "G1 Conc#0"                       [id=9876, stack(0x000000dad6000000,0x000000dad6100000) (1024K)]
  0x0000021a5394dad0 WorkerThread "G1 Conc#1"                       [id=16928, stack(0x000000dad8500000,0x000000dad8600000) (1024K)]
  0x0000021a7fb4eba0 ConcurrentGCThread "G1 Refine#0"               [id=21652, stack(0x000000dad6100000,0x000000dad6200000) (1024K)]
  0x0000021a0cc0b520 ConcurrentGCThread "G1 Service"                [id=5564, stack(0x000000dad6200000,0x000000dad6300000) (1024K)]
Total: 15

Threads with active compile tasks:
C1 CompilerThread0  1308662 9963   !   1       java.util.concurrent.ThreadPoolExecutor::tryTerminate (177 bytes)
Total: 1

VM state: at safepoint (normal execution)

VM Mutex/Monitor currently owned by a thread:  ([mutex/lock_event])
[0x00007ffed52ae308] Threads_lock - owner thread: 0x0000021a0cd4d5b0
[0x00007ffed52ae408] Heap_lock - owner thread: 0x0000021a5383bca0

Heap address: 0x0000000084400000, size: 1980 MB, Compressed Oops mode: 32-bit

CDS archive(s) mapped at: [0x0000021a0e000000-0x0000021a0ec80000-0x0000021a0ec80000), size 13107200, SharedBaseAddress: 0x0000021a0e000000, ArchiveRelocationMode: 1.
Compressed class space mapped at: 0x0000021a0f000000-0x0000021a4f000000, reserved size: 1073741824
Narrow klass base: 0x0000021a0e000000, Narrow klass shift: 0, Narrow klass range: 0x100000000

GC Precious Log:
 CardTable entry size: 512
 Card Set container configuration: InlinePtr #cards 5 size 8 Array Of Cards #cards 12 size 40 Howl #buckets 4 coarsen threshold 1843 Howl Bitmap #cards 512 size 80 coarsen threshold 460 Card regions per heap region 1 cards per card region 2048
 CPUs: 8 total, 8 available
 Memory: 7914M
 Large Page Support: Disabled
 NUMA Support: Disabled
 Compressed Oops: Enabled (32-bit)
 Heap Region Size: 1M
 Heap Min Capacity: 8M
 Heap Initial Capacity: 124M
 Heap Max Capacity: 1980M
 Pre-touch: Disabled
 Parallel Workers: 8
 Concurrent Workers: 2
 Concurrent Refinement Workers: 8
 Periodic GC: Disabled

Heap:
 garbage-first heap   total 92160K, used 60070K [0x0000000084400000, 0x0000000100000000)
  region size 1024K, 27 young (27648K), 5 survivors (5120K)
 Metaspace       used 75263K, committed 76032K, reserved 1114112K
  class space    used 10324K, committed 10688K, reserved 1048576K

Heap Regions: E=young(eden), S=young(survivor), O=old, HS=humongous(starts), HC=humongous(continues), CS=collection set, F=free, TAMS=top-at-mark-start, PB=parsable bottom
|   0|0x0000000084400000, 0x0000000084500000, 0x0000000084500000|100%|HS|  |TAMS 0x0000000084400000| PB 0x0000000084500000| Untracked 
|   1|0x0000000084500000, 0x0000000084600000, 0x0000000084600000|100%|HS|  |TAMS 0x0000000084500000| PB 0x0000000084600000| Untracked 
|   2|0x0000000084600000, 0x0000000084700000, 0x0000000084700000|100%| O|  |TAMS 0x0000000084600000| PB 0x0000000084700000| Untracked 
|   3|0x0000000084700000, 0x00000000847fffe8, 0x0000000084800000| 99%| O|  |TAMS 0x0000000084700000| PB 0x00000000847fffe8| Untracked 
|   4|0x0000000084800000, 0x00000000848ffff8, 0x0000000084900000| 99%| O|  |TAMS 0x0000000084800000| PB 0x00000000848ffff8| Untracked 
|   5|0x0000000084900000, 0x00000000849fffa8, 0x0000000084a00000| 99%| O|  |TAMS 0x0000000084900000| PB 0x00000000849fffa8| Untracked 
|   6|0x0000000084a00000, 0x0000000084afffc0, 0x0000000084b00000| 99%| O|  |TAMS 0x0000000084a00000| PB 0x0000000084afffc0| Untracked 
|   7|0x0000000084b00000, 0x0000000084bfffd0, 0x0000000084c00000| 99%| O|  |TAMS 0x0000000084b00000| PB 0x0000000084bfffd0| Untracked 
|   8|0x0000000084c00000, 0x0000000084d00000, 0x0000000084d00000|100%| O|  |TAMS 0x0000000084c00000| PB 0x0000000084d00000| Untracked 
|   9|0x0000000084d00000, 0x0000000084dff7c0, 0x0000000084e00000| 99%| O|  |TAMS 0x0000000084d00000| PB 0x0000000084dff7c0| Untracked 
|  10|0x0000000084e00000, 0x0000000084effff8, 0x0000000084f00000| 99%| O|  |TAMS 0x0000000084e00000| PB 0x0000000084effff8| Untracked 
|  11|0x0000000084f00000, 0x0000000084fffff0, 0x0000000085000000| 99%| O|  |TAMS 0x0000000084f00000| PB 0x0000000084fffff0| Untracked 
|  12|0x0000000085000000, 0x0000000085100000, 0x0000000085100000|100%| O|  |TAMS 0x0000000085000000| PB 0x0000000085100000| Untracked 
|  13|0x0000000085100000, 0x00000000851fff38, 0x0000000085200000| 99%| O|  |TAMS 0x0000000085100000| PB 0x00000000851fff38| Untracked 
|  14|0x0000000085200000, 0x0000000085300000, 0x0000000085300000|100%| O|  |TAMS 0x0000000085200000| PB 0x0000000085300000| Untracked 
|  15|0x0000000085300000, 0x00000000853ffff8, 0x0000000085400000| 99%| O|  |TAMS 0x0000000085300000| PB 0x00000000853ffff8| Untracked 
|  16|0x0000000085400000, 0x0000000085500000, 0x0000000085500000|100%| O|  |TAMS 0x0000000085400000| PB 0x0000000085500000| Untracked 
|  17|0x0000000085500000, 0x00000000855f70e8, 0x0000000085600000| 96%| O|  |TAMS 0x0000000085500000| PB 0x00000000855f70e8| Untracked 
|  18|0x0000000085600000, 0x00000000856ffff0, 0x0000000085700000| 99%| O|  |TAMS 0x0000000085600000| PB 0x00000000856ffff0| Untracked 
|  19|0x0000000085700000, 0x00000000857fffe8, 0x0000000085800000| 99%| O|  |TAMS 0x0000000085700000| PB 0x00000000857fffe8| Untracked 
|  20|0x0000000085800000, 0x00000000858ffff8, 0x0000000085900000| 99%| O|  |TAMS 0x0000000085800000| PB 0x00000000858ffff8| Untracked 
|  21|0x0000000085900000, 0x00000000859ffff0, 0x0000000085a00000| 99%| O|  |TAMS 0x0000000085900000| PB 0x00000000859ffff0| Untracked 
|  22|0x0000000085a00000, 0x0000000085afffc8, 0x0000000085b00000| 99%| O|  |TAMS 0x0000000085a00000| PB 0x0000000085afffc8| Untracked 
|  23|0x0000000085b00000, 0x0000000085bfffd8, 0x0000000085c00000| 99%| O|  |TAMS 0x0000000085b00000| PB 0x0000000085bfffd8| Untracked 
|  24|0x0000000085c00000, 0x0000000085cfffb8, 0x0000000085d00000| 99%| O|  |TAMS 0x0000000085c00000| PB 0x0000000085cfffb8| Untracked 
|  25|0x0000000085d00000, 0x0000000085dffff8, 0x0000000085e00000| 99%| O|  |TAMS 0x0000000085d00000| PB 0x0000000085dffff8| Untracked 
|  26|0x0000000085e00000, 0x0000000085f00000, 0x0000000085f00000|100%| O|  |TAMS 0x0000000085e00000| PB 0x0000000085f00000| Untracked 
|  27|0x0000000085f00000, 0x0000000085ffffe0, 0x0000000086000000| 99%| O|  |TAMS 0x0000000085f00000| PB 0x0000000085ffffe0| Untracked 
|  28|0x0000000086000000, 0x00000000860fffe8, 0x0000000086100000| 99%| O|  |TAMS 0x0000000086000000| PB 0x00000000860fffe8| Untracked 
|  29|0x0000000086100000, 0x00000000861ffff8, 0x0000000086200000| 99%| O|  |TAMS 0x0000000086100000| PB 0x00000000861ffff8| Untracked 
|  30|0x0000000086200000, 0x0000000086300000, 0x0000000086300000|100%| O|  |TAMS 0x0000000086200000| PB 0x0000000086300000| Untracked 
|  31|0x0000000086300000, 0x0000000086348bb0, 0x0000000086400000| 28%| O|  |TAMS 0x0000000086300000| PB 0x0000000086348bb0| Untracked 
|  32|0x0000000086400000, 0x00000000864670e8, 0x0000000086500000| 40%| O|  |TAMS 0x0000000086400000| PB 0x00000000864670e8| Untracked 
|  33|0x0000000086500000, 0x000000008658ebf8, 0x0000000086600000| 55%| O|  |TAMS 0x0000000086500000| PB 0x000000008658ebf8| Untracked 
|  34|0x0000000086600000, 0x000000008669ffd0, 0x0000000086700000| 62%| O|  |TAMS 0x0000000086600000| PB 0x000000008669ffd0| Untracked 
|  35|0x0000000086700000, 0x0000000086753f08, 0x0000000086800000| 32%| O|  |TAMS 0x0000000086700000| PB 0x0000000086753f08| Untracked 
|  36|0x0000000086800000, 0x0000000086800810, 0x0000000086900000|  0%| O|  |TAMS 0x0000000086800000| PB 0x0000000086800810| Untracked 
|  37|0x0000000086900000, 0x0000000086900000, 0x0000000086a00000|  0%| F|  |TAMS 0x0000000086900000| PB 0x0000000086900000| Untracked 
|  38|0x0000000086a00000, 0x0000000086a00000, 0x0000000086b00000|  0%| F|  |TAMS 0x0000000086a00000| PB 0x0000000086a00000| Untracked 
|  39|0x0000000086b00000, 0x0000000086b00000, 0x0000000086c00000|  0%| F|  |TAMS 0x0000000086b00000| PB 0x0000000086b00000| Untracked 
|  40|0x0000000086c00000, 0x0000000086c00000, 0x0000000086d00000|  0%| F|  |TAMS 0x0000000086c00000| PB 0x0000000086c00000| Untracked 
|  41|0x0000000086d00000, 0x0000000086d00000, 0x0000000086e00000|  0%| F|  |TAMS 0x0000000086d00000| PB 0x0000000086d00000| Untracked 
|  42|0x0000000086e00000, 0x0000000086e328a0, 0x0000000086f00000| 19%| S|  |TAMS 0x0000000086e00000| PB 0x0000000086e328a0| Complete 
|  43|0x0000000086f00000, 0x0000000087000000, 0x0000000087000000|100%| S|  |TAMS 0x0000000086f00000| PB 0x0000000087000000| Complete 
|  44|0x0000000087000000, 0x0000000087100000, 0x0000000087100000|100%| S|  |TAMS 0x0000000087000000| PB 0x0000000087100000| Complete 
|  45|0x0000000087100000, 0x0000000087200000, 0x0000000087200000|100%| S|  |TAMS 0x0000000087100000| PB 0x0000000087200000| Complete 
|  46|0x0000000087200000, 0x0000000087300000, 0x0000000087300000|100%| S|  |TAMS 0x0000000087200000| PB 0x0000000087300000| Complete 
|  47|0x0000000087300000, 0x0000000087300000, 0x0000000087400000|  0%| F|  |TAMS 0x0000000087300000| PB 0x0000000087300000| Untracked 
|  48|0x0000000087400000, 0x0000000087400000, 0x0000000087500000|  0%| F|  |TAMS 0x0000000087400000| PB 0x0000000087400000| Untracked 
|  49|0x0000000087500000, 0x0000000087500000, 0x0000000087600000|  0%| F|  |TAMS 0x0000000087500000| PB 0x0000000087500000| Untracked 
|  50|0x0000000087600000, 0x0000000087600000, 0x0000000087700000|  0%| F|  |TAMS 0x0000000087600000| PB 0x0000000087600000| Untracked 
|  51|0x0000000087700000, 0x0000000087700000, 0x0000000087800000|  0%| F|  |TAMS 0x0000000087700000| PB 0x0000000087700000| Untracked 
|  52|0x0000000087800000, 0x0000000087800000, 0x0000000087900000|  0%| F|  |TAMS 0x0000000087800000| PB 0x0000000087800000| Untracked 
|  53|0x0000000087900000, 0x0000000087900000, 0x0000000087a00000|  0%| F|  |TAMS 0x0000000087900000| PB 0x0000000087900000| Untracked 
|  54|0x0000000087a00000, 0x0000000087a00000, 0x0000000087b00000|  0%| F|  |TAMS 0x0000000087a00000| PB 0x0000000087a00000| Untracked 
|  55|0x0000000087b00000, 0x0000000087b00000, 0x0000000087c00000|  0%| F|  |TAMS 0x0000000087b00000| PB 0x0000000087b00000| Untracked 
|  56|0x0000000087c00000, 0x0000000087c00000, 0x0000000087d00000|  0%| F|  |TAMS 0x0000000087c00000| PB 0x0000000087c00000| Untracked 
|  57|0x0000000087d00000, 0x0000000087d00000, 0x0000000087e00000|  0%| F|  |TAMS 0x0000000087d00000| PB 0x0000000087d00000| Untracked 
|  58|0x0000000087e00000, 0x0000000087e00000, 0x0000000087f00000|  0%| F|  |TAMS 0x0000000087e00000| PB 0x0000000087e00000| Untracked 
|  59|0x0000000087f00000, 0x0000000087f00000, 0x0000000088000000|  0%| F|  |TAMS 0x0000000087f00000| PB 0x0000000087f00000| Untracked 
|  60|0x0000000088000000, 0x0000000088000000, 0x0000000088100000|  0%| F|  |TAMS 0x0000000088000000| PB 0x0000000088000000| Untracked 
|  61|0x0000000088100000, 0x0000000088100000, 0x0000000088200000|  0%| F|  |TAMS 0x0000000088100000| PB 0x0000000088100000| Untracked 
|  62|0x0000000088200000, 0x0000000088200000, 0x0000000088300000|  0%| F|  |TAMS 0x0000000088200000| PB 0x0000000088200000| Untracked 
|  63|0x0000000088300000, 0x0000000088300000, 0x0000000088400000|  0%| F|  |TAMS 0x0000000088300000| PB 0x0000000088300000| Untracked 
|  64|0x0000000088400000, 0x0000000088400000, 0x0000000088500000|  0%| F|  |TAMS 0x0000000088400000| PB 0x0000000088400000| Untracked 
|  65|0x0000000088500000, 0x0000000088500000, 0x0000000088600000|  0%| F|  |TAMS 0x0000000088500000| PB 0x0000000088500000| Untracked 
|  66|0x0000000088600000, 0x0000000088600000, 0x0000000088700000|  0%| F|  |TAMS 0x0000000088600000| PB 0x0000000088600000| Untracked 
|  67|0x0000000088700000, 0x0000000088700000, 0x0000000088800000|  0%| F|  |TAMS 0x0000000088700000| PB 0x0000000088700000| Untracked 
|  68|0x0000000088800000, 0x000000008884ddc8, 0x0000000088900000| 30%| E|  |TAMS 0x0000000088800000| PB 0x000000008884ddc8| Complete 
|  69|0x0000000088900000, 0x0000000088a00000, 0x0000000088a00000|100%| E|  |TAMS 0x0000000088900000| PB 0x0000000088a00000| Complete 
|  70|0x0000000088a00000, 0x0000000088b00000, 0x0000000088b00000|100%| E|  |TAMS 0x0000000088a00000| PB 0x0000000088b00000| Complete 
|  71|0x0000000088b00000, 0x0000000088c00000, 0x0000000088c00000|100%| E|  |TAMS 0x0000000088b00000| PB 0x0000000088c00000| Complete 
|  72|0x0000000088c00000, 0x0000000088d00000, 0x0000000088d00000|100%| E|  |TAMS 0x0000000088c00000| PB 0x0000000088d00000| Complete 
|  73|0x0000000088d00000, 0x0000000088e00000, 0x0000000088e00000|100%| E|  |TAMS 0x0000000088d00000| PB 0x0000000088e00000| Complete 
|  74|0x0000000088e00000, 0x0000000088f00000, 0x0000000088f00000|100%| E|  |TAMS 0x0000000088e00000| PB 0x0000000088f00000| Complete 
|  75|0x0000000088f00000, 0x0000000089000000, 0x0000000089000000|100%| E|  |TAMS 0x0000000088f00000| PB 0x0000000089000000| Complete 
|  76|0x0000000089000000, 0x0000000089100000, 0x0000000089100000|100%| E|  |TAMS 0x0000000089000000| PB 0x0000000089100000| Complete 
|  77|0x0000000089100000, 0x0000000089200000, 0x0000000089200000|100%| E|  |TAMS 0x0000000089100000| PB 0x0000000089200000| Complete 
|  78|0x0000000089200000, 0x0000000089300000, 0x0000000089300000|100%| E|  |TAMS 0x0000000089200000| PB 0x0000000089300000| Complete 
|  79|0x0000000089300000, 0x0000000089400000, 0x0000000089400000|100%| E|  |TAMS 0x0000000089300000| PB 0x0000000089400000| Complete 
|  80|0x0000000089400000, 0x0000000089500000, 0x0000000089500000|100%| E|  |TAMS 0x0000000089400000| PB 0x0000000089500000| Complete 
|  81|0x0000000089500000, 0x0000000089600000, 0x0000000089600000|100%| E|  |TAMS 0x0000000089500000| PB 0x0000000089600000| Complete 
|  82|0x0000000089600000, 0x0000000089700000, 0x0000000089700000|100%| E|  |TAMS 0x0000000089600000| PB 0x0000000089700000| Complete 
|  83|0x0000000089700000, 0x0000000089800000, 0x0000000089800000|100%| E|  |TAMS 0x0000000089700000| PB 0x0000000089800000| Complete 
|  84|0x0000000089800000, 0x0000000089900000, 0x0000000089900000|100%| E|  |TAMS 0x0000000089800000| PB 0x0000000089900000| Complete 
|  85|0x0000000089900000, 0x0000000089a00000, 0x0000000089a00000|100%| E|  |TAMS 0x0000000089900000| PB 0x0000000089a00000| Complete 
|  86|0x0000000089a00000, 0x0000000089b00000, 0x0000000089b00000|100%| E|  |TAMS 0x0000000089a00000| PB 0x0000000089b00000| Complete 
|  87|0x0000000089b00000, 0x0000000089c00000, 0x0000000089c00000|100%| E|  |TAMS 0x0000000089b00000| PB 0x0000000089c00000| Complete 
|  88|0x0000000089c00000, 0x0000000089d00000, 0x0000000089d00000|100%| E|  |TAMS 0x0000000089c00000| PB 0x0000000089d00000| Complete 
|  89|0x0000000089d00000, 0x0000000089e00000, 0x0000000089e00000|100%| E|  |TAMS 0x0000000089d00000| PB 0x0000000089e00000| Complete 

Card table byte_map: [0x0000021a08510000,0x0000021a088f0000] _byte_map_base: 0x0000021a080ee000

Marking Bits: (CMBitMap*) 0x0000021a7faef630
 Bits: [0x0000021a088f0000, 0x0000021a0a7e0000)

Polling page: 0x0000021a7f700000

Metaspace:

Usage:
  Non-class:     63.42 MB used.
      Class:     10.08 MB used.
       Both:     73.50 MB used.

Virtual space:
  Non-class space:       64.00 MB reserved,      63.81 MB (>99%) committed,  1 nodes.
      Class space:        1.00 GB reserved,      10.44 MB (  1%) committed,  1 nodes.
             Both:        1.06 GB reserved,      74.25 MB (  7%) committed. 

Chunk freelists:
   Non-Class:  108.00 KB
       Class:  5.49 MB
        Both:  5.59 MB

MaxMetaspaceSize: unlimited
CompressedClassSpaceSize: 1.00 GB
Initial GC threshold: 21.00 MB
Current GC threshold: 123.25 MB
CDS: on
 - commit_granule_bytes: 65536.
 - commit_granule_words: 8192.
 - virtual_space_node_default_size: 8388608.
 - enlarge_chunks_in_place: 1.
 - use_allocation_guard: 0.


Internal statistics:

num_allocs_failed_limit: 6.
num_arena_births: 1436.
num_arena_deaths: 600.
num_vsnodes_births: 2.
num_vsnodes_deaths: 0.
num_space_committed: 1188.
num_space_uncommitted: 0.
num_chunks_returned_to_freelist: 745.
num_chunks_taken_from_freelist: 4306.
num_chunk_merges: 167.
num_chunk_splits: 2816.
num_chunks_enlarged: 2103.
num_inconsistent_stats: 0.

CodeCache: size=49152Kb used=15700Kb max_used=17381Kb free=33451Kb
 bounds [0x0000021a04cf0000, 0x0000021a05e60000, 0x0000021a07cf0000]
 total_blobs=8408 nmethods=7667 adapters=663
 compilation: enabled
              stopped_count=0, restarted_count=0
 full_count=0

Compilation events (20 events):
Event: 1281.634 Thread 0x0000021a0d4c3d30 nmethod 9952 0x0000021a05579090 code [0x0000021a05579220, 0x0000021a055792f0]
Event: 1281.673 Thread 0x0000021a0d4c3d30 9953       1       com.sun.jmx.mbeanserver.DefaultMXBeanMappingFactory$IdentityMapping::isIdentity (2 bytes)
Event: 1281.674 Thread 0x0000021a0d4c3d30 nmethod 9953 0x0000021a055b4490 code [0x0000021a055b4620, 0x0000021a055b46e8]
Event: 1281.674 Thread 0x0000021a0d4c3d30 9954       1       com.sun.jmx.mbeanserver.ConvertingMethod::getDescriptor (8 bytes)
Event: 1281.674 Thread 0x0000021a0d4c3d30 nmethod 9954 0x0000021a058dc310 code [0x0000021a058dc4e0, 0x0000021a058dc6f0]
Event: 1308.535 Thread 0x0000021a0cd7d3a0 9955       1       java.net.NetworkInterface::isPointToPoint (12 bytes)
Event: 1308.536 Thread 0x0000021a0cd7d3a0 nmethod 9955 0x0000021a058dc010 code [0x0000021a058dc1c0, 0x0000021a058dc2b0]
Event: 1308.540 Thread 0x0000021a0cd7d3a0 9957       1       java.util.concurrent.FutureTask::finishCompletion (71 bytes)
Event: 1308.540 Thread 0x0000021a0cd7d3a0 nmethod 9957 0x0000021a05b24110 code [0x0000021a05b24300, 0x0000021a05b24690]
Event: 1308.540 Thread 0x0000021a0cd7d3a0 9958       1       java.util.concurrent.FutureTask::done (1 bytes)
Event: 1308.541 Thread 0x0000021a0cd7d3a0 nmethod 9958 0x0000021a057a2e10 code [0x0000021a057a2fa0, 0x0000021a057a3068]
Event: 1308.544 Thread 0x0000021a0cd7d3a0 9959       1       java.util.ArrayList$ListItr::hasPrevious (13 bytes)
Event: 1308.544 Thread 0x0000021a0cd7d3a0 nmethod 9959 0x0000021a057dbe90 code [0x0000021a057dc020, 0x0000021a057dc0f8]
Event: 1308.544 Thread 0x0000021a0cd7d3a0 9960       1       java.util.concurrent.ConcurrentHashMap$BaseIterator::remove (37 bytes)
Event: 1308.544 Thread 0x0000021a0cd7d3a0 nmethod 9960 0x0000021a05856610 code [0x0000021a058567e0, 0x0000021a058569c8]
Event: 1308.544 Thread 0x0000021a0cd7d3a0 9961       1       java.lang.Integer::toHexString (6 bytes)
Event: 1308.545 Thread 0x0000021a0cd7d3a0 nmethod 9961 0x0000021a0585f390 code [0x0000021a0585f540, 0x0000021a0585f610]
Event: 1308.547 Thread 0x0000021a0cd7d3a0 9962       1       com.mysql.cj.CoreSession::getSessionLock (5 bytes)
Event: 1308.547 Thread 0x0000021a0cd7d3a0 nmethod 9962 0x0000021a05885390 code [0x0000021a05885520, 0x0000021a058855e8]
Event: 1308.551 Thread 0x0000021a0cd7d3a0 9963   !   1       java.util.concurrent.ThreadPoolExecutor::tryTerminate (177 bytes)

GC Heap History (20 events):
Event: 521.979 GC heap after
{Heap after GC invocations=28 (full 2):
 garbage-first heap   total 92160K, used 24510K [0x0000000084400000, 0x0000000100000000)
  region size 1024K, 0 young (0K), 0 survivors (0K)
 Metaspace       used 73666K, committed 74944K, reserved 1114112K
  class space    used 10173K, committed 10688K, reserved 1048576K
}
Event: 524.279 GC heap before
{Heap before GC invocations=28 (full 2):
 garbage-first heap   total 92160K, used 78782K [0x0000000084400000, 0x0000000100000000)
  region size 1024K, 54 young (55296K), 0 survivors (0K)
 Metaspace       used 74078K, committed 75008K, reserved 1114112K
  class space    used 10238K, committed 10688K, reserved 1048576K
}
Event: 524.286 GC heap after
{Heap after GC invocations=29 (full 2):
 garbage-first heap   total 92160K, used 31352K [0x0000000084400000, 0x0000000100000000)
  region size 1024K, 7 young (7168K), 7 survivors (7168K)
 Metaspace       used 74078K, committed 75008K, reserved 1114112K
  class space    used 10238K, committed 10688K, reserved 1048576K
}
Event: 977.032 GC heap before
{Heap before GC invocations=29 (full 2):
 garbage-first heap   total 92160K, used 57976K [0x0000000084400000, 0x0000000100000000)
  region size 1024K, 35 young (35840K), 7 survivors (7168K)
 Metaspace       used 74188K, committed 75008K, reserved 1114112K
  class space    used 10257K, committed 10688K, reserved 1048576K
}
Event: 977.124 GC heap after
{Heap after GC invocations=30 (full 3):
 garbage-first heap   total 92160K, used 30971K [0x0000000084400000, 0x0000000100000000)
  region size 1024K, 0 young (0K), 0 survivors (0K)
 Metaspace       used 74188K, committed 75008K, reserved 1114112K
  class space    used 10257K, committed 10688K, reserved 1048576K
}
Event: 977.921 GC heap before
{Heap before GC invocations=30 (full 3):
 garbage-first heap   total 92160K, used 77051K [0x0000000084400000, 0x0000000100000000)
  region size 1024K, 46 young (47104K), 0 survivors (0K)
 Metaspace       used 74380K, committed 75136K, reserved 1114112K
  class space    used 10278K, committed 10688K, reserved 1048576K
}
Event: 977.929 GC heap after
{Heap after GC invocations=31 (full 3):
 garbage-first heap   total 92160K, used 35707K [0x0000000084400000, 0x0000000100000000)
  region size 1024K, 5 young (5120K), 5 survivors (5120K)
 Metaspace       used 74380K, committed 75136K, reserved 1114112K
  class space    used 10278K, committed 10688K, reserved 1048576K
}
Event: 1101.475 GC heap before
{Heap before GC invocations=32 (full 3):
 garbage-first heap   total 92160K, used 56187K [0x0000000084400000, 0x0000000100000000)
  region size 1024K, 26 young (26624K), 5 survivors (5120K)
 Metaspace       used 74321K, committed 75200K, reserved 1114112K
  class space    used 10245K, committed 10688K, reserved 1048576K
}
Event: 1101.525 GC heap after
{Heap after GC invocations=33 (full 4):
 garbage-first heap   total 92160K, used 32556K [0x0000000084400000, 0x0000000100000000)
  region size 1024K, 0 young (0K), 0 survivors (0K)
 Metaspace       used 74321K, committed 75200K, reserved 1114112K
  class space    used 10245K, committed 10688K, reserved 1048576K
}
Event: 1101.994 GC heap before
{Heap before GC invocations=33 (full 4):
 garbage-first heap   total 92160K, used 76588K [0x0000000084400000, 0x0000000100000000)
  region size 1024K, 44 young (45056K), 0 survivors (0K)
 Metaspace       used 74435K, committed 75264K, reserved 1114112K
  class space    used 10261K, committed 10688K, reserved 1048576K
}
Event: 1101.998 GC heap after
{Heap after GC invocations=34 (full 4):
 garbage-first heap   total 92160K, used 37310K [0x0000000084400000, 0x0000000100000000)
  region size 1024K, 5 young (5120K), 5 survivors (5120K)
 Metaspace       used 74435K, committed 75264K, reserved 1114112K
  class space    used 10261K, committed 10688K, reserved 1048576K
}
Event: 1127.988 GC heap before
{Heap before GC invocations=34 (full 4):
 garbage-first heap   total 92160K, used 57790K [0x0000000084400000, 0x0000000100000000)
  region size 1024K, 26 young (26624K), 5 survivors (5120K)
 Metaspace       used 74628K, committed 75456K, reserved 1114112K
  class space    used 10271K, committed 10688K, reserved 1048576K
}
Event: 1128.033 GC heap after
{Heap after GC invocations=35 (full 5):
 garbage-first heap   total 92160K, used 32667K [0x0000000084400000, 0x0000000100000000)
  region size 1024K, 0 young (0K), 0 survivors (0K)
 Metaspace       used 74617K, committed 75456K, reserved 1114112K
  class space    used 10268K, committed 10688K, reserved 1048576K
}
Event: 1128.624 GC heap before
{Heap before GC invocations=35 (full 5):
 garbage-first heap   total 92160K, used 76699K [0x0000000084400000, 0x0000000100000000)
  region size 1024K, 44 young (45056K), 0 survivors (0K)
 Metaspace       used 74741K, committed 75520K, reserved 1114112K
  class space    used 10286K, committed 10688K, reserved 1048576K
}
Event: 1128.629 GC heap after
{Heap after GC invocations=36 (full 5):
 garbage-first heap   total 92160K, used 37079K [0x0000000084400000, 0x0000000100000000)
  region size 1024K, 5 young (5120K), 5 survivors (5120K)
 Metaspace       used 74741K, committed 75520K, reserved 1114112K
  class space    used 10286K, committed 10688K, reserved 1048576K
}
Event: 1280.111 GC heap before
{Heap before GC invocations=36 (full 5):
 garbage-first heap   total 92160K, used 59607K [0x0000000084400000, 0x0000000100000000)
  region size 1024K, 29 young (29696K), 5 survivors (5120K)
 Metaspace       used 74945K, committed 75712K, reserved 1114112K
  class space    used 10300K, committed 10688K, reserved 1048576K
}
Event: 1280.211 GC heap after
{Heap after GC invocations=37 (full 6):
 garbage-first heap   total 92160K, used 33955K [0x0000000084400000, 0x0000000100000000)
  region size 1024K, 0 young (0K), 0 survivors (0K)
 Metaspace       used 74942K, committed 75712K, reserved 1114112K
  class space    used 10300K, committed 10688K, reserved 1048576K
}
Event: 1281.304 GC heap before
{Heap before GC invocations=37 (full 6):
 garbage-first heap   total 92160K, used 76963K [0x0000000084400000, 0x0000000100000000)
  region size 1024K, 43 young (44032K), 0 survivors (0K)
 Metaspace       used 75048K, committed 75776K, reserved 1114112K
  class space    used 10314K, committed 10688K, reserved 1048576K
}
Event: 1281.308 GC heap after
{Heap after GC invocations=38 (full 6):
 garbage-first heap   total 92160K, used 38255K [0x0000000084400000, 0x0000000100000000)
  region size 1024K, 5 young (5120K), 5 survivors (5120K)
 Metaspace       used 75048K, committed 75776K, reserved 1114112K
  class space    used 10314K, committed 10688K, reserved 1048576K
}
Event: 1308.552 GC heap before
{Heap before GC invocations=38 (full 6):
 garbage-first heap   total 92160K, used 59759K [0x0000000084400000, 0x0000000100000000)
  region size 1024K, 27 young (27648K), 5 survivors (5120K)
 Metaspace       used 75263K, committed 76032K, reserved 1114112K
  class space    used 10324K, committed 10688K, reserved 1048576K
}

Dll operation events (12 events):
Event: 0.009 Loaded shared library C:\Users\dell\.p2\pool\plugins\org.eclipse.justj.openjdk.hotspot.jre.full.win32.x86_64_21.0.7.v20250502-0916\jre\bin\java.dll
Event: 0.041 Loaded shared library C:\Users\dell\.p2\pool\plugins\org.eclipse.justj.openjdk.hotspot.jre.full.win32.x86_64_21.0.7.v20250502-0916\jre\bin\zip.dll
Event: 0.319 Loaded shared library C:\Users\dell\.p2\pool\plugins\org.eclipse.justj.openjdk.hotspot.jre.full.win32.x86_64_21.0.7.v20250502-0916\jre\bin\instrument.dll
Event: 0.323 Loaded shared library C:\Users\dell\.p2\pool\plugins\org.eclipse.justj.openjdk.hotspot.jre.full.win32.x86_64_21.0.7.v20250502-0916\jre\bin\net.dll
Event: 0.324 Loaded shared library C:\Users\dell\.p2\pool\plugins\org.eclipse.justj.openjdk.hotspot.jre.full.win32.x86_64_21.0.7.v20250502-0916\jre\bin\nio.dll
Event: 0.328 Loaded shared library C:\Users\dell\.p2\pool\plugins\org.eclipse.justj.openjdk.hotspot.jre.full.win32.x86_64_21.0.7.v20250502-0916\jre\bin\zip.dll
Event: 0.451 Loaded shared library C:\Users\dell\.p2\pool\plugins\org.eclipse.justj.openjdk.hotspot.jre.full.win32.x86_64_21.0.7.v20250502-0916\jre\bin\jimage.dll
Event: 0.493 Loaded shared library C:\Users\dell\.p2\pool\plugins\org.eclipse.justj.openjdk.hotspot.jre.full.win32.x86_64_21.0.7.v20250502-0916\jre\bin\management.dll
Event: 0.502 Loaded shared library C:\Users\dell\.p2\pool\plugins\org.eclipse.justj.openjdk.hotspot.jre.full.win32.x86_64_21.0.7.v20250502-0916\jre\bin\management_ext.dll
Event: 0.767 Loaded shared library C:\Users\dell\.p2\pool\plugins\org.eclipse.justj.openjdk.hotspot.jre.full.win32.x86_64_21.0.7.v20250502-0916\jre\bin\extnet.dll
Event: 0.789 Loaded shared library C:\Users\dell\.p2\pool\plugins\org.eclipse.justj.openjdk.hotspot.jre.full.win32.x86_64_21.0.7.v20250502-0916\jre\bin\verify.dll
Event: 2.330 Loaded shared library C:\Users\dell\.p2\pool\plugins\org.eclipse.justj.openjdk.hotspot.jre.full.win32.x86_64_21.0.7.v20250502-0916\jre\bin\sunmscapi.dll

Deoptimization events (20 events):
Event: 1308.551 Thread 0x0000021a5383bca0 DEOPT PACKING pc=0x0000021a054f0494 sp=0x000000dad5afc780
Event: 1308.551 Thread 0x0000021a5383bca0 DEOPT UNPACKING pc=0x0000021a04d488e2 sp=0x000000dad5afbd40 mode 1
Event: 1308.551 Thread 0x0000021a0d642840 DEOPT PACKING pc=0x0000021a04f62ce4 sp=0x000000dad6efedb0
Event: 1308.551 Thread 0x0000021a0d642840 DEOPT UNPACKING pc=0x0000021a04d488e2 sp=0x000000dad6efe340 mode 1
Event: 1308.551 Thread 0x0000021a0d642840 DEOPT PACKING pc=0x0000021a04f5d76c sp=0x000000dad6efef40
Event: 1308.551 Thread 0x0000021a0d642840 DEOPT UNPACKING pc=0x0000021a04d488e2 sp=0x000000dad6efe498 mode 1
Event: 1308.551 Thread 0x0000021a0d642840 DEOPT PACKING pc=0x0000021a04f5cf8c sp=0x000000dad6eff070
Event: 1308.551 Thread 0x0000021a0d642840 DEOPT UNPACKING pc=0x0000021a04d488e2 sp=0x000000dad6efe500 mode 1
Event: 1308.551 Thread 0x0000021a0d644280 DEOPT PACKING pc=0x0000021a04f71fb4 sp=0x000000dad7dff150
Event: 1308.551 Thread 0x0000021a0d642840 DEOPT PACKING pc=0x0000021a04f61914 sp=0x000000dad6eff0a0
Event: 1308.551 Thread 0x0000021a0d642840 DEOPT UNPACKING pc=0x0000021a04d488e2 sp=0x000000dad6efe5a0 mode 1
Event: 1308.551 Thread 0x0000021a0d643bf0 DEOPT PACKING pc=0x0000021a04f589a4 sp=0x000000dad6dfef00
Event: 1308.551 Thread 0x0000021a0d644280 DEOPT UNPACKING pc=0x0000021a04d488e2 sp=0x000000dad7dfe638 mode 1
Event: 1308.551 Thread 0x0000021a0d643bf0 DEOPT UNPACKING pc=0x0000021a04d488e2 sp=0x000000dad6dfe4a0 mode 1
Event: 1308.551 Thread 0x0000021a0d643bf0 DEOPT PACKING pc=0x0000021a04f5d6c4 sp=0x000000dad6dff070
Event: 1308.551 Thread 0x0000021a0d643bf0 DEOPT UNPACKING pc=0x0000021a04d488e2 sp=0x000000dad6dfe5c8 mode 1
Event: 1308.551 Thread 0x0000021a0d643bf0 DEOPT PACKING pc=0x0000021a04f5cf8c sp=0x000000dad6dff1a0
Event: 1308.551 Thread 0x0000021a0d643bf0 DEOPT UNPACKING pc=0x0000021a04d488e2 sp=0x000000dad6dfe630 mode 1
Event: 1308.551 Thread 0x0000021a0d643bf0 DEOPT PACKING pc=0x0000021a04f61914 sp=0x000000dad6dff1d0
Event: 1308.551 Thread 0x0000021a0d643bf0 DEOPT UNPACKING pc=0x0000021a04d488e2 sp=0x000000dad6dfe6d0 mode 1

Classes loaded (20 events):
Event: 481.475 Loading class java/lang/invoke/ConstantBootstraps
Event: 481.511 Loading class java/lang/invoke/ConstantBootstraps done
Event: 482.247 Loading class sun/nio/cs/ThreadLocalCoders
Event: 482.249 Loading class sun/nio/cs/ThreadLocalCoders done
Event: 482.249 Loading class sun/nio/cs/ThreadLocalCoders$1
Event: 482.250 Loading class sun/nio/cs/ThreadLocalCoders$Cache
Event: 482.250 Loading class sun/nio/cs/ThreadLocalCoders$Cache done
Event: 482.250 Loading class sun/nio/cs/ThreadLocalCoders$1 done
Event: 482.250 Loading class sun/nio/cs/ThreadLocalCoders$2
Event: 482.251 Loading class sun/nio/cs/ThreadLocalCoders$2 done
Event: 483.125 Loading class java/time/format/DateTimeFormatterBuilder$ZoneTextPrinterParser
Event: 483.126 Loading class java/time/format/DateTimeFormatterBuilder$ZoneTextPrinterParser done
Event: 483.132 Loading class java/time/format/DateTimeFormatterBuilder$ReducedPrinterParser
Event: 483.134 Loading class java/time/format/DateTimeFormatterBuilder$ReducedPrinterParser done
Event: 484.314 Loading class jdk/internal/reflect/MethodHandleDoubleFieldAccessorImpl
Event: 484.316 Loading class jdk/internal/reflect/MethodHandleDoubleFieldAccessorImpl done
Event: 524.291 Loading class java/time/DurationEditor
Event: 524.291 Loading class java/time/DurationEditor done
Event: 978.007 Loading class java/time/DurationEditor
Event: 978.009 Loading class java/time/DurationEditor done

Classes unloaded (20 events):
Event: 977.961 Thread 0x0000021a0cd4d5b0 Unloading class 0x0000021a0fa7a400 'java/lang/invoke/LambdaForm$MH+0x0000021a0fa7a400'
Event: 977.961 Thread 0x0000021a0cd4d5b0 Unloading class 0x0000021a0fa7a000 'java/lang/invoke/LambdaForm$MH+0x0000021a0fa7a000'
Event: 977.961 Thread 0x0000021a0cd4d5b0 Unloading class 0x0000021a0fa79c00 'java/lang/invoke/LambdaForm$MH+0x0000021a0fa79c00'
Event: 977.961 Thread 0x0000021a0cd4d5b0 Unloading class 0x0000021a0fa79000 'java/lang/invoke/LambdaForm$BMH+0x0000021a0fa79000'
Event: 977.961 Thread 0x0000021a0cd4d5b0 Unloading class 0x0000021a0fa78400 'java/lang/invoke/LambdaForm$BMH+0x0000021a0fa78400'
Event: 977.961 Thread 0x0000021a0cd4d5b0 Unloading class 0x0000021a0f35d000 'java/lang/invoke/LambdaForm$MH+0x0000021a0f35d000'
Event: 977.961 Thread 0x0000021a0cd4d5b0 Unloading class 0x0000021a0f35c800 'java/lang/invoke/LambdaForm$MH+0x0000021a0f35c800'
Event: 977.961 Thread 0x0000021a0cd4d5b0 Unloading class 0x0000021a0f35c000 'java/lang/invoke/LambdaForm$MH+0x0000021a0f35c000'
Event: 977.961 Thread 0x0000021a0cd4d5b0 Unloading class 0x0000021a0f0e0c00 'java/lang/invoke/LambdaForm$MH+0x0000021a0f0e0c00'
Event: 977.961 Thread 0x0000021a0cd4d5b0 Unloading class 0x0000021a0f007400 'java/lang/invoke/LambdaForm$MH+0x0000021a0f007400'
Event: 977.961 Thread 0x0000021a0cd4d5b0 Unloading class 0x0000021a0f006c00 'java/lang/invoke/LambdaForm$MH+0x0000021a0f006c00'
Event: 977.961 Thread 0x0000021a0cd4d5b0 Unloading class 0x0000021a0f006400 'java/lang/invoke/LambdaForm$MH+0x0000021a0f006400'
Event: 977.961 Thread 0x0000021a0cd4d5b0 Unloading class 0x0000021a0f005c00 'java/lang/invoke/LambdaForm$MH+0x0000021a0f005c00'
Event: 977.961 Thread 0x0000021a0cd4d5b0 Unloading class 0x0000021a0f005400 'java/lang/invoke/LambdaForm$MH+0x0000021a0f005400'
Event: 1128.002 Thread 0x0000021a0cd4d5b0 Unloading class 0x0000021a0f0c1000 'jdk/internal/reflect/GeneratedSerializationConstructorAccessor23'
Event: 1128.002 Thread 0x0000021a0cd4d5b0 Unloading class 0x0000021a0f6ad000 'java/lang/invoke/LambdaForm$MH+0x0000021a0f6ad000'
Event: 1128.002 Thread 0x0000021a0cd4d5b0 Unloading class 0x0000021a0f6ac800 'java/lang/invoke/LambdaForm$MH+0x0000021a0f6ac800'
Event: 1128.002 Thread 0x0000021a0cd4d5b0 Unloading class 0x0000021a0f578400 'java/lang/invoke/LambdaForm$BMH+0x0000021a0f578400'
Event: 1128.002 Thread 0x0000021a0cd4d5b0 Unloading class 0x0000021a0f4f1000 'org/apache/catalina/loader/JdbcLeakPrevention'
Event: 1280.138 Thread 0x0000021a0cd4d5b0 Unloading class 0x0000021a0f3e6000 'org/apache/catalina/loader/JdbcLeakPrevention'

Classes redefined (9 events):
Event: 48.085 Thread 0x0000021a0cd4d5b0 redefined class name=com.ecommerce.services.ProductServiceImpl, count=1
Event: 938.849 Thread 0x0000021a0cd4d5b0 redefined class name=com.ecommerce.services.ProductServiceImpl, count=1
Event: 938.850 Thread 0x0000021a0cd4d5b0 redefined class name=com.ecommerce.services.ProductServiceImpl, count=2
Event: 938.851 Thread 0x0000021a0cd4d5b0 redefined class name=com.ecommerce.services.ProductServiceImpl, count=1
Event: 1127.060 Thread 0x0000021a0cd4d5b0 redefined class name=com.ecommerce.services.ProductServiceImpl, count=1
Event: 1127.060 Thread 0x0000021a0cd4d5b0 redefined class name=com.ecommerce.services.ProductServiceImpl, count=1
Event: 1127.060 Thread 0x0000021a0cd4d5b0 redefined class name=com.ecommerce.services.ProductServiceImpl, count=3
Event: 1127.060 Thread 0x0000021a0cd4d5b0 redefined class name=com.ecommerce.services.ProductServiceImpl, count=2
Event: 1127.060 Thread 0x0000021a0cd4d5b0 redefined class name=com.ecommerce.services.ProductServiceImpl, count=2

Internal exceptions (20 events):
Event: 1128.334 Thread 0x0000021a554d5de0 Exception <a 'java/lang/NoClassDefFoundError'{0x00000000885d8168}: org/springframework/batch/core/repository/JobRepository> (0x00000000885d8168) 
thrown [s\src\hotspot\share\oops\constantPool.cpp, line 873]
Event: 1128.335 Thread 0x0000021a554d5de0 Exception <a 'java/lang/NoClassDefFoundError'{0x00000000885d87c0}: org/quartz/Scheduler> (0x00000000885d87c0) 
thrown [s\src\hotspot\share\oops\constantPool.cpp, line 873]
Event: 1128.335 Thread 0x0000021a554d5de0 Exception <a 'java/lang/NoClassDefFoundError'{0x00000000885d8e40}: org/springframework/session/jdbc/JdbcIndexedSessionRepository> (0x00000000885d8e40) 
thrown [s\src\hotspot\share\oops\constantPool.cpp, line 873]
Event: 1128.406 Thread 0x0000021a554d5de0 Exception <a 'java/io/FileNotFoundException'{0x0000000087f7cb38}> (0x0000000087f7cb38) 
thrown [s\src\hotspot\share\prims\jni.cpp, line 520]
Event: 1128.428 Thread 0x0000021a554d5de0 Exception <a 'java/io/FileNotFoundException'{0x0000000087d3c4a0}> (0x0000000087d3c4a0) 
thrown [s\src\hotspot\share\prims\jni.cpp, line 520]
Event: 1130.936 Thread 0x0000021a554d98f0 Exception <a 'java/lang/NoSuchMethodError'{0x0000000088a82f80}: 'double java.lang.invoke.DelegatingMethodHandle$Holder.reinvoke_L(java.lang.Object, java.lang.Object)'> (0x0000000088a82f80) 
thrown [s\src\hotspot\share\interpreter\linkResolver.cpp, line 773]
Event: 1130.937 Thread 0x0000021a554d98f0 Exception <a 'java/lang/NoSuchMethodError'{0x0000000088a89b90}: 'void java.lang.invoke.DelegatingMethodHandle$Holder.reinvoke_L(java.lang.Object, java.lang.Object, double)'> (0x0000000088a89b90) 
thrown [s\src\hotspot\share\interpreter\linkResolver.cpp, line 773]
Event: 1201.085 Thread 0x0000021a5378d000 Exception <a 'java/lang/NoSuchMethodError'{0x00000000888964d8}: static [B.<clinit>()V> (0x00000000888964d8) 
thrown [s\src\hotspot\share\prims\jni.cpp, line 1111]
Event: 1277.892 Thread 0x0000021a0d641490 Exception <a 'java/io/IOException'{0x0000000088669798}> (0x0000000088669798) 
thrown [s\src\hotspot\share\prims\jni.cpp, line 520]
Event: 1280.111 Thread 0x0000021a554d8540 Exception <a 'java/lang/InterruptedException'{0x00000000886e9a80}: sleep interrupted> (0x00000000886e9a80) 
thrown [s\src\hotspot\share\prims\jvm.cpp, line 3074]
Event: 1280.228 Thread 0x0000021a0d643560 Exception <a 'sun/nio/fs/WindowsException'{0x0000000089d6e0d8}> (0x0000000089d6e0d8) 
thrown [s\src\hotspot\share\prims\jni.cpp, line 520]
Event: 1280.790 Thread 0x0000021a0d643560 Exception <a 'java/lang/NoClassDefFoundError'{0x000000008856a7b0}: org/flywaydb/core/Flyway> (0x000000008856a7b0) 
thrown [s\src\hotspot\share\oops\constantPool.cpp, line 873]
Event: 1280.793 Thread 0x0000021a0d643560 Exception <a 'java/lang/NoClassDefFoundError'{0x000000008856ae10}: liquibase/integration/spring/SpringLiquibase> (0x000000008856ae10) 
thrown [s\src\hotspot\share\oops\constantPool.cpp, line 873]
Event: 1280.800 Thread 0x0000021a0d643560 Exception <a 'java/lang/NoClassDefFoundError'{0x0000000088592e08}: org/jooq/DSLContext> (0x0000000088592e08) 
thrown [s\src\hotspot\share\oops\constantPool.cpp, line 873]
Event: 1280.808 Thread 0x0000021a0d643560 Exception <a 'java/lang/NoClassDefFoundError'{0x00000000885d95d0}: org/springframework/batch/core/repository/JobRepository> (0x00000000885d95d0) 
thrown [s\src\hotspot\share\oops\constantPool.cpp, line 873]
Event: 1280.809 Thread 0x0000021a0d643560 Exception <a 'java/lang/NoClassDefFoundError'{0x00000000885d9c28}: org/quartz/Scheduler> (0x00000000885d9c28) 
thrown [s\src\hotspot\share\oops\constantPool.cpp, line 873]
Event: 1280.810 Thread 0x0000021a0d643560 Exception <a 'java/lang/NoClassDefFoundError'{0x00000000885da2a8}: org/springframework/session/jdbc/JdbcIndexedSessionRepository> (0x00000000885da2a8) 
thrown [s\src\hotspot\share\oops\constantPool.cpp, line 873]
Event: 1280.917 Thread 0x0000021a0d643560 Exception <a 'java/io/FileNotFoundException'{0x0000000087f65930}> (0x0000000087f65930) 
thrown [s\src\hotspot\share\prims\jni.cpp, line 520]
Event: 1280.951 Thread 0x0000021a0d643560 Exception <a 'java/io/FileNotFoundException'{0x0000000087d25610}> (0x0000000087d25610) 
thrown [s\src\hotspot\share\prims\jni.cpp, line 520]
Event: 1308.551 Thread 0x0000021a0d644280 Exception <a 'java/lang/InterruptedException'{0x000000008883a6a8}: sleep interrupted> (0x000000008883a6a8) 
thrown [s\src\hotspot\share\prims\jvm.cpp, line 3074]

ZGC Phase Switch (0 events):
No events

VM Operations (20 events):
Event: 1307.229 Executing VM operation: ChangeSingleStep done
Event: 1307.230 Executing VM operation: ChangeSingleStep
Event: 1307.230 Executing VM operation: ChangeSingleStep done
Event: 1307.231 Executing VM operation: ChangeSingleStep
Event: 1307.231 Executing VM operation: ChangeSingleStep done
Event: 1307.232 Executing VM operation: ChangeSingleStep
Event: 1307.232 Executing VM operation: ChangeSingleStep done
Event: 1307.233 Executing VM operation: ChangeSingleStep
Event: 1307.233 Executing VM operation: ChangeSingleStep done
Event: 1307.234 Executing VM operation: ChangeSingleStep
Event: 1307.234 Executing VM operation: ChangeSingleStep done
Event: 1307.235 Executing VM operation: ChangeSingleStep
Event: 1307.235 Executing VM operation: ChangeSingleStep done
Event: 1307.236 Executing VM operation: ChangeSingleStep
Event: 1307.236 Executing VM operation: ChangeSingleStep done
Event: 1307.237 Executing VM operation: ChangeSingleStep
Event: 1307.237 Executing VM operation: ChangeSingleStep done
Event: 1307.237 Executing VM operation: ChangeSingleStep
Event: 1307.237 Executing VM operation: ChangeSingleStep done
Event: 1308.552 Executing VM operation: G1CollectFull (System.gc())

Memory protections (0 events):
No events

Nmethod flushes (20 events):
Event: 1280.179 Thread 0x0000021a0cd4d5b0 flushing  nmethod 0x0000021a05770890
Event: 1280.179 Thread 0x0000021a0cd4d5b0 flushing  nmethod 0x0000021a05772590
Event: 1280.179 Thread 0x0000021a0cd4d5b0 flushing  nmethod 0x0000021a05773c90
Event: 1280.179 Thread 0x0000021a0cd4d5b0 flushing  nmethod 0x0000021a05790890
Event: 1280.179 Thread 0x0000021a0cd4d5b0 flushing  nmethod 0x0000021a05791e10
Event: 1280.179 Thread 0x0000021a0cd4d5b0 flushing  nmethod 0x0000021a057be690
Event: 1280.179 Thread 0x0000021a0cd4d5b0 flushing  nmethod 0x0000021a057c5c90
Event: 1280.179 Thread 0x0000021a0cd4d5b0 flushing  nmethod 0x0000021a057c6f10
Event: 1280.179 Thread 0x0000021a0cd4d5b0 flushing  nmethod 0x0000021a057e9d10
Event: 1280.179 Thread 0x0000021a0cd4d5b0 flushing  nmethod 0x0000021a0585f390
Event: 1280.179 Thread 0x0000021a0cd4d5b0 flushing  nmethod 0x0000021a05885390
Event: 1280.179 Thread 0x0000021a0cd4d5b0 flushing  nmethod 0x0000021a058dc010
Event: 1280.179 Thread 0x0000021a0cd4d5b0 flushing  nmethod 0x0000021a058dc410
Event: 1280.179 Thread 0x0000021a0cd4d5b0 flushing  nmethod 0x0000021a059e7e10
Event: 1280.179 Thread 0x0000021a0cd4d5b0 flushing  nmethod 0x0000021a05aece90
Event: 1280.179 Thread 0x0000021a0cd4d5b0 flushing  nmethod 0x0000021a05aed190
Event: 1280.179 Thread 0x0000021a0cd4d5b0 flushing  nmethod 0x0000021a05b49e90
Event: 1280.179 Thread 0x0000021a0cd4d5b0 flushing  nmethod 0x0000021a05b4a490
Event: 1280.179 Thread 0x0000021a0cd4d5b0 flushing  nmethod 0x0000021a05b4aa90
Event: 1280.179 Thread 0x0000021a0cd4d5b0 flushing  nmethod 0x0000021a05b4e110

Events (20 events):
Event: 1308.530 Thread 0x0000021a5383bca0 Thread added: 0x0000021a5383a260
Event: 1308.539 Thread 0x0000021a53839bd0 Thread exited: 0x0000021a53839bd0
Event: 1308.540 Thread 0x0000021a5383a260 Thread exited: 0x0000021a5383a260
Event: 1308.540 Thread 0x0000021a554daca0 Thread exited: 0x0000021a554daca0
Event: 1308.541 Thread 0x0000021a554d5de0 Thread exited: 0x0000021a554d5de0
Event: 1308.541 Thread 0x0000021a554d43a0 Thread exited: 0x0000021a554d43a0
Event: 1308.541 Thread 0x0000021a554d9260 Thread exited: 0x0000021a554d9260
Event: 1308.541 Thread 0x0000021a554d9f80 Thread exited: 0x0000021a554d9f80
Event: 1308.541 Thread 0x0000021a0d6421b0 Thread exited: 0x0000021a0d6421b0
Event: 1308.541 Thread 0x0000021a554d5750 Thread exited: 0x0000021a554d5750
Event: 1308.541 Thread 0x0000021a554d50c0 Thread exited: 0x0000021a554d50c0
Event: 1308.541 Thread 0x0000021a554d8540 Thread exited: 0x0000021a554d8540
Event: 1308.541 Thread 0x0000021a554d6b00 Thread exited: 0x0000021a554d6b00
Event: 1308.542 Thread 0x0000021a554d7190 Thread exited: 0x0000021a554d7190
Event: 1308.544 Thread 0x0000021a5383bca0 Thread added: 0x0000021a5383d050
Event: 1308.545 Thread 0x0000021a0d641490 Thread exited: 0x0000021a0d641490
Event: 1308.548 Thread 0x0000021a5383d050 Thread exited: 0x0000021a5383d050
Event: 1308.551 Thread 0x0000021a0d642840 Thread exited: 0x0000021a0d642840
Event: 1308.551 Thread 0x0000021a0d644280 Thread exited: 0x0000021a0d644280
Event: 1308.551 Thread 0x0000021a0d643bf0 Thread exited: 0x0000021a0d643bf0


Dynamic libraries:
0x00007ff70a930000 - 0x00007ff70a93e000 	C:\Users\dell\.p2\pool\plugins\org.eclipse.justj.openjdk.hotspot.jre.full.win32.x86_64_21.0.7.v20250502-0916\jre\bin\javaw.exe
0x00007fff493a0000 - 0x00007fff49608000 	C:\WINDOWS\SYSTEM32\ntdll.dll
0x00007fff48520000 - 0x00007fff485e9000 	C:\WINDOWS\System32\KERNEL32.DLL
0x00007fff46930000 - 0x00007fff46d1d000 	C:\WINDOWS\System32\KERNELBASE.dll
0x00007fff464f0000 - 0x00007fff4663b000 	C:\WINDOWS\System32\ucrtbase.dll
0x00007fff2ef10000 - 0x00007fff2ef2e000 	C:\Users\dell\.p2\pool\plugins\org.eclipse.justj.openjdk.hotspot.jre.full.win32.x86_64_21.0.7.v20250502-0916\jre\bin\VCRUNTIME140.dll
0x00007fff125a0000 - 0x00007fff125b8000 	C:\Users\dell\.p2\pool\plugins\org.eclipse.justj.openjdk.hotspot.jre.full.win32.x86_64_21.0.7.v20250502-0916\jre\bin\jli.dll
0x00007fff47200000 - 0x00007fff473cc000 	C:\WINDOWS\System32\USER32.dll
0x00007fff28610000 - 0x00007fff288aa000 	C:\WINDOWS\WinSxS\amd64_microsoft.windows.common-controls_6595b64144ccf1df_6.0.26100.4484_none_3e0e6d4ce32ef3b3\COMCTL32.dll
0x00007fff46640000 - 0x00007fff46667000 	C:\WINDOWS\System32\win32u.dll
0x00007fff48d50000 - 0x00007fff48df9000 	C:\WINDOWS\System32\msvcrt.dll
0x00007fff475c0000 - 0x00007fff475eb000 	C:\WINDOWS\System32\GDI32.dll
0x00007fff467f0000 - 0x00007fff46927000 	C:\WINDOWS\System32\gdi32full.dll
0x00007fff47090000 - 0x00007fff47133000 	C:\WINDOWS\System32\msvcp_win.dll
0x00007fff49300000 - 0x00007fff4932f000 	C:\WINDOWS\System32\IMM32.DLL
0x00007fff35830000 - 0x00007fff3583c000 	C:\Users\dell\.p2\pool\plugins\org.eclipse.justj.openjdk.hotspot.jre.full.win32.x86_64_21.0.7.v20250502-0916\jre\bin\vcruntime140_1.dll
0x00007ffedec40000 - 0x00007ffedeccd000 	C:\Users\dell\.p2\pool\plugins\org.eclipse.justj.openjdk.hotspot.jre.full.win32.x86_64_21.0.7.v20250502-0916\jre\bin\msvcp140.dll
0x00007ffed4600000 - 0x00007ffed5390000 	C:\Users\dell\.p2\pool\plugins\org.eclipse.justj.openjdk.hotspot.jre.full.win32.x86_64_21.0.7.v20250502-0916\jre\bin\server\jvm.dll
0x00007fff47140000 - 0x00007fff471f4000 	C:\WINDOWS\System32\ADVAPI32.dll
0x00007fff48e70000 - 0x00007fff48f16000 	C:\WINDOWS\System32\sechost.dll
0x00007fff47eb0000 - 0x00007fff47fc8000 	C:\WINDOWS\System32\RPCRT4.dll
0x00007fff485f0000 - 0x00007fff48664000 	C:\WINDOWS\System32\WS2_32.dll
0x00007fff46340000 - 0x00007fff4639e000 	C:\WINDOWS\SYSTEM32\POWRPROF.dll
0x00007fff3b3f0000 - 0x00007fff3b3fb000 	C:\WINDOWS\SYSTEM32\VERSION.dll
0x00007fff43d00000 - 0x00007fff43d35000 	C:\WINDOWS\SYSTEM32\WINMM.dll
0x00007fff46320000 - 0x00007fff46334000 	C:\WINDOWS\SYSTEM32\UMPDC.dll
0x00007fff45290000 - 0x00007fff452ab000 	C:\WINDOWS\SYSTEM32\kernel.appcore.dll
0x00007fff359a0000 - 0x00007fff359aa000 	C:\Users\dell\.p2\pool\plugins\org.eclipse.justj.openjdk.hotspot.jre.full.win32.x86_64_21.0.7.v20250502-0916\jre\bin\jimage.dll
0x00007fff43a60000 - 0x00007fff43ca1000 	C:\WINDOWS\SYSTEM32\DBGHELP.DLL
0x00007fff48920000 - 0x00007fff48ca6000 	C:\WINDOWS\System32\combase.dll
0x00007fff48f20000 - 0x00007fff49000000 	C:\WINDOWS\System32\OLEAUT32.dll
0x00007fff43cb0000 - 0x00007fff43cf3000 	C:\WINDOWS\SYSTEM32\dbgcore.DLL
0x00007fff46ea0000 - 0x00007fff46f39000 	C:\WINDOWS\System32\bcryptPrimitives.dll
0x00007fff2f0d0000 - 0x00007fff2f10c000 	C:\Users\dell\.p2\pool\plugins\org.eclipse.justj.openjdk.hotspot.jre.full.win32.x86_64_21.0.7.v20250502-0916\jre\bin\jdwp.dll
0x00007fff30a60000 - 0x00007fff30a6f000 	C:\Users\dell\.p2\pool\plugins\org.eclipse.justj.openjdk.hotspot.jre.full.win32.x86_64_21.0.7.v20250502-0916\jre\bin\instrument.dll
0x00007fff35980000 - 0x00007fff3599f000 	C:\Users\dell\.p2\pool\plugins\org.eclipse.justj.openjdk.hotspot.jre.full.win32.x86_64_21.0.7.v20250502-0916\jre\bin\java.dll
0x00007fff476e0000 - 0x00007fff47e2a000 	C:\WINDOWS\System32\SHELL32.dll
0x00007fff46670000 - 0x00007fff467e4000 	C:\WINDOWS\System32\wintypes.dll
0x00007fff44100000 - 0x00007fff4495b000 	C:\WINDOWS\SYSTEM32\windows.storage.dll
0x00007fff48820000 - 0x00007fff48915000 	C:\WINDOWS\System32\SHCORE.dll
0x00007fff48e00000 - 0x00007fff48e6a000 	C:\WINDOWS\System32\shlwapi.dll
0x00007fff46400000 - 0x00007fff4642f000 	C:\WINDOWS\SYSTEM32\profapi.dll
0x00007fff35960000 - 0x00007fff35978000 	C:\Users\dell\.p2\pool\plugins\org.eclipse.justj.openjdk.hotspot.jre.full.win32.x86_64_21.0.7.v20250502-0916\jre\bin\zip.dll
0x00007fff2fd80000 - 0x00007fff2fd8b000 	C:\Users\dell\.p2\pool\plugins\org.eclipse.justj.openjdk.hotspot.jre.full.win32.x86_64_21.0.7.v20250502-0916\jre\bin\dt_socket.dll
0x00007fff44cc0000 - 0x00007fff44cf3000 	C:\WINDOWS\SYSTEM32\IPHLPAPI.DLL
0x00007fff45820000 - 0x00007fff4588a000 	C:\WINDOWS\system32\mswsock.dll
0x00007fff44d60000 - 0x00007fff44e86000 	C:\WINDOWS\SYSTEM32\DNSAPI.dll
0x00007fff48cb0000 - 0x00007fff48cba000 	C:\WINDOWS\System32\NSI.dll
0x00007fff343b0000 - 0x00007fff343bb000 	C:\Windows\System32\rasadhlp.dll
0x00007fff3b460000 - 0x00007fff3b4e6000 	C:\WINDOWS\System32\fwpuclnt.dll
0x00007fff35950000 - 0x00007fff35960000 	C:\Users\dell\.p2\pool\plugins\org.eclipse.justj.openjdk.hotspot.jre.full.win32.x86_64_21.0.7.v20250502-0916\jre\bin\net.dll
0x00007fff35220000 - 0x00007fff3533e000 	C:\WINDOWS\SYSTEM32\WINHTTP.dll
0x00007fff35930000 - 0x00007fff35946000 	C:\Users\dell\.p2\pool\plugins\org.eclipse.justj.openjdk.hotspot.jre.full.win32.x86_64_21.0.7.v20250502-0916\jre\bin\nio.dll
0x00007fff2f1e0000 - 0x00007fff2f1ea000 	C:\Users\dell\.p2\pool\plugins\org.eclipse.justj.openjdk.hotspot.jre.full.win32.x86_64_21.0.7.v20250502-0916\jre\bin\management.dll
0x00007fff1a9e0000 - 0x00007fff1a9eb000 	C:\Users\dell\.p2\pool\plugins\org.eclipse.justj.openjdk.hotspot.jre.full.win32.x86_64_21.0.7.v20250502-0916\jre\bin\management_ext.dll
0x00007fff475f0000 - 0x00007fff475f8000 	C:\WINDOWS\System32\PSAPI.DLL
0x00007fff17520000 - 0x00007fff17538000 	C:\WINDOWS\system32\napinsp.dll
0x00007fff17500000 - 0x00007fff17512000 	C:\WINDOWS\System32\winrnr.dll
0x00007fff16fc0000 - 0x00007fff16ff0000 	C:\WINDOWS\system32\nlansp_c.dll
0x00007fff16f90000 - 0x00007fff16fb0000 	C:\WINDOWS\system32\wshbth.dll
0x00007fff45ad0000 - 0x00007fff45aeb000 	C:\WINDOWS\SYSTEM32\CRYPTSP.dll
0x00007fff451f0000 - 0x00007fff4522b000 	C:\WINDOWS\system32\rsaenh.dll
0x00007fff458c0000 - 0x00007fff458eb000 	C:\WINDOWS\SYSTEM32\USERENV.dll
0x00007fff463d0000 - 0x00007fff463f6000 	C:\WINDOWS\SYSTEM32\bcrypt.dll
0x00007fff45af0000 - 0x00007fff45afc000 	C:\WINDOWS\SYSTEM32\CRYPTBASE.dll
0x00007fff3e080000 - 0x00007fff3e089000 	C:\Users\dell\.p2\pool\plugins\org.eclipse.justj.openjdk.hotspot.jre.full.win32.x86_64_21.0.7.v20250502-0916\jre\bin\extnet.dll
0x00007fff3e070000 - 0x00007fff3e080000 	C:\Users\dell\.p2\pool\plugins\org.eclipse.justj.openjdk.hotspot.jre.full.win32.x86_64_21.0.7.v20250502-0916\jre\bin\verify.dll
0x00007fff35840000 - 0x00007fff3584e000 	C:\Users\dell\.p2\pool\plugins\org.eclipse.justj.openjdk.hotspot.jre.full.win32.x86_64_21.0.7.v20250502-0916\jre\bin\sunmscapi.dll
0x00007fff46d20000 - 0x00007fff46e97000 	C:\WINDOWS\System32\CRYPT32.dll
0x00007fff45cf0000 - 0x00007fff45d20000 	C:\WINDOWS\SYSTEM32\ncrypt.dll
0x00007fff45ca0000 - 0x00007fff45cdf000 	C:\WINDOWS\SYSTEM32\NTASN1.dll
0x00007ffeaaaf0000 - 0x00007ffeaaaf8000 	C:\WINDOWS\system32\wshunix.dll

dbghelp: loaded successfully - version: 4.0.5 - missing functions: none
symbol engine: initialized successfully - sym options: 0x614 - pdb path: .;C:\Users\dell\.p2\pool\plugins\org.eclipse.justj.openjdk.hotspot.jre.full.win32.x86_64_21.0.7.v20250502-0916\jre\bin;C:\WINDOWS\SYSTEM32;C:\WINDOWS\WinSxS\amd64_microsoft.windows.common-controls_6595b64144ccf1df_6.0.26100.4484_none_3e0e6d4ce32ef3b3;C:\Users\dell\.p2\pool\plugins\org.eclipse.justj.openjdk.hotspot.jre.full.win32.x86_64_21.0.7.v20250502-0916\jre\bin\server

VM Arguments:
jvm_args: -XX:+ShowCodeDetailsInExceptionMessages -agentlib:jdwp=transport=dt_socket,suspend=y,address=localhost:9152 -Dcom.sun.management.jmxremote -Dcom.sun.management.jmxremote.port=9150 -Dcom.sun.management.jmxremote.authenticate=false -Dcom.sun.management.jmxremote.ssl=false -Djava.rmi.server.hostname=localhost -Dspring.jmx.enabled=true -Dmanagement.endpoints.jmx.exposure.include=* -Dspring.application.admin.enabled=true -Dspring.output.ansi.enabled=always -XX:TieredStopAtLevel=1 -Dspring.boot.project.name=E-Commerce -javaagent:D:\Sateesha\eclipse\configuration\org.eclipse.osgi\442\0\.cp\lib\javaagent-shaded.jar -Dfile.encoding=UTF-8 -Dstdout.encoding=UTF-8 -Dstderr.encoding=UTF-8 
java_command: com.ecommerce.ECommerceApplication
java_class_path (initial): D:\Sateesha\E-Commerce\target\classes;C:\Users\dell\.m2\repository\org\springframework\boot\spring-boot-starter-data-jpa\3.5.4\spring-boot-starter-data-jpa-3.5.4.jar;C:\Users\dell\.m2\repository\org\springframework\boot\spring-boot-starter\3.5.4\spring-boot-starter-3.5.4.jar;C:\Users\dell\.m2\repository\org\springframework\boot\spring-boot-starter-logging\3.5.4\spring-boot-starter-logging-3.5.4.jar;C:\Users\dell\.m2\repository\ch\qos\logback\logback-classic\1.5.18\logback-classic-1.5.18.jar;C:\Users\dell\.m2\repository\ch\qos\logback\logback-core\1.5.18\logback-core-1.5.18.jar;C:\Users\dell\.m2\repository\org\apache\logging\log4j\log4j-to-slf4j\2.24.3\log4j-to-slf4j-2.24.3.jar;C:\Users\dell\.m2\repository\org\apache\logging\log4j\log4j-api\2.24.3\log4j-api-2.24.3.jar;C:\Users\dell\.m2\repository\org\slf4j\jul-to-slf4j\2.0.17\jul-to-slf4j-2.0.17.jar;C:\Users\dell\.m2\repository\jakarta\annotation\jakarta.annotation-api\2.1.1\jakarta.annotation-api-2.1.1.jar;C:\Users\dell\.m2\repository\org\yaml\snakeyaml\2.4\snakeyaml-2.4.jar;C:\Users\dell\.m2\repository\org\springframework\boot\spring-boot-starter-jdbc\3.5.4\spring-boot-starter-jdbc-3.5.4.jar;C:\Users\dell\.m2\repository\com\zaxxer\HikariCP\6.3.1\HikariCP-6.3.1.jar;C:\Users\dell\.m2\repository\org\springframework\spring-jdbc\6.2.9\spring-jdbc-6.2.9.jar;C:\Users\dell\.m2\repository\org\hibernate\orm\hibernate-core\6.6.22.Final\hibernate-core-6.6.22.Final.jar;C:\Users\dell\.m2\repository\jakarta\persistence\jakarta.persistence-api\3.1.0\jakarta.persistence-api-3.1.0.jar;C:\Users\dell\.m2\repository\jakarta\transaction\jakarta.transaction-api\2.0.1\jakarta.transaction-api-2.0.1.jar;C:\Users\dell\.m2\repository\org\jboss\logging\jboss-logging\3.6.1.Final\jboss-logging-3.6.1.Final.jar;C:\Users\dell\.m2\repository\org\hibernate\common\hibernate-commons-annotations\7.0.3.Final\hibernate-commons-annotations-7.0.3.Final.jar;C:\Users\dell\.m2\repository\io\smallrye\jandex\3.2.0\jandex-3.2.0.jar;C:\Users\dell\.m2\repository\com\fasterxml\classmate\1.7.0\classmate-1.7.0.jar;C:\Users\dell\.m2\repository\net\bytebuddy\byte-buddy\1.17.6\byte-buddy-1.17.6.jar;C:\Users\dell\.m2\repository\org\glassfish\jaxb\jaxb-runtime\4.0.5\jaxb-runtime-4.0.5.jar;C:\Users\dell\.m2\repository\org\glassfish\jaxb\jaxb-core\4.0.5\jaxb-core-4.0.5.jar;C:\Users\dell\.m2\repository\org\eclipse\angus\angus-activation\2.0.2\angus-activation-2.0.2.jar;C:\Users\dell\.m2\repository\org\glassfish\jaxb\txw2\4.0.5\txw2-4.0.5.jar;C:\Users\dell\.m2\repository\com\sun\istack\istack-commons-runtime\4.1.2\istack-commons-runtime-4.1.2.jar;C:\Users\dell\.m2\repository\jakarta\inject\jakarta.inject-api\2.0.1\jakarta.inject-api-2.0.1.jar;C:\Users\dell\.m2\repository\org\antlr\antlr4-runtime\4.13.0\antlr4-runtime-4.13.0.jar;C:\Users\dell\.m2\repository\org\springframework\data\spring-data-jpa\3.5.2\spring-data-jpa-3.5.2.jar;C:\Users\dell\.m2\repository\org\springframework\data\spring-data-commons\3.5.2\spring-data-commons-3.5.2.jar;C:\Users\dell\.m2\repository\org\springframework\spring-orm\6.2.9\spring-orm-6.2.9.jar;C:\Users\dell\.m2\repository\org\springframework\spring-context\6.2.9\spring-context-6.2.9.jar;C:\Users\dell\.m2\repository\org\springframework\spring-aop\6.2.9\spring-aop-6.2.9.jar;C:\Users\dell\.m2\repository\org\springframework\spring-tx\6.2.9\spring-tx-6.2.9.jar;C:\Users\dell\.m2\repository\org\springframework\spring-beans\6.2.9\spring-beans-6.2.9.jar;C:\Users\dell\.m2\repository\org\slf4j\slf4j-api\2.0.17\slf4j-api-2.0.17.jar;C:\Users\dell\.m2\repository\org\springframework\spring-aspects\6.2.9\spring-aspects-6.2.9.jar;C:\Users\dell\.m2\repository\org\aspectj\aspectjweaver\1.9.24\aspectjweaver-1.9.24.jar;C:\Users\dell\.m2\repository\org\springframework\boot\spring-boot-starter-validation\3.5.4\spring-boot-starter-validation-3.5.4.jar;C:\Users\dell\.m2\repository\org\apache\tomcat\embed\tomcat-embed-el\10.1.43\tomcat-embed-el-10.1.43.jar;C:\Users\dell\.m2\repository\org\hibernate\validator\hibernate-validator\8.0.2.Final\hibernate-validator-8.0.2.Final.jar;C:\Users\dell\.m2\repository\jakarta\validation\jakarta.validation-api\3.0.2\jakarta.validation-api-3.0.2.jar;C:\Users\dell\.m2\repository\org\springframework\boot\spring-boot-starter-web\3.5.4\spring-boot-starter-web-3.5.4.jar;C:\Users\dell\.m2\repository\org\springframework\boot\spring-boot-starter-json\3.5.4\spring-boot-starter-json-3.5.4.jar;C:\Users\dell\.m2\repository\com\fasterxml\jackson\core\jackson-databind\2.19.2\jackson-databind-2.19.2.jar;C:\Users\dell\.m2\repository\com\fasterxml\jackson\core\jackson-annotations\2.19.2\jackson-annotations-2.19.2.jar;C:\Users\dell\.m2\repository\com\fasterxml\jackson\core\jackson-core\2.19.2\jackson-core-2.19.2.jar;C:\Users\dell\.m2\repository\com\fasterxml\jackson\datatype\jackson-datatype-jdk8\2.19.2\jackson-datatype-jdk8-2.19.2.jar;C:\Users\dell\.m2\repository\com\fasterxml\jackson\datatype\jackson-datatype-jsr310\2.19.2\jackson-datatype-jsr310-2.19.2.jar;C:\Users\dell\.m2\repository\com\fasterxml\jackson\module\jackson-module-parameter-names\2.19.2\jackson-module-parameter-names-2.19.2.jar;C:\Users\dell\.m2\repository\org\springframework\boot\spring-boot-starter-tomcat\3.5.4\spring-boot-starter-tomcat-3.5.4.jar;C:\Users\dell\.m2\repository\org\apache\tomcat\embed\tomcat-embed-core\10.1.43\tomcat-embed-core-10.1.43.jar;C:\Users\dell\.m2\repository\org\apache\tomcat\embed\tomcat-embed-websocket\10.1.43\tomcat-embed-websocket-10.1.43.jar;C:\Users\dell\.m2\repository\org\springframework\spring-web\6.2.9\spring-web-6.2.9.jar;C:\Users\dell\.m2\repository\io\micrometer\micrometer-observation\1.15.2\micrometer-observation-1.15.2.jar;C:\Users\dell\.m2\repository\io\micrometer\micrometer-commons\1.15.2\micrometer-commons-1.15.2.jar;C:\Users\dell\.m2\repository\org\springframework\spring-webmvc\6.2.9\spring-webmvc-6.2.9.jar;C:\Users\dell\.m2\repository\org\springframework\spring-expression\6.2.9\spring-expression-6.2.9.jar;C:\Users\dell\.m2\repository\org\springframework\boot\spring-boot-devtools\3.5.4\spring-boot-devtools-3.5.4.jar;C:\Users\dell\.m2\repository\org\springframework\boot\spring-boot\3.5.4\spring-boot-3.5.4.jar;C:\Users\dell\.m2\repository\org\springframework\boot\spring-boot-autoconfigure\3.5.4\spring-boot-autoconfigure-3.5.4.jar;C:\Users\dell\.m2\repository\com\mysql\mysql-connector-j\9.3.0\mysql-connector-j-9.3.0.jar;C:\Users\dell\.m2\repository\org\projectlombok\lombok\1.18.38\lombok-1.18.38.jar;C:\Users\dell\.m2\repository\jakarta\xml\bind\jakarta.xml.bind-api\4.0.2\jakarta.xml.bind-api-4.0.2.jar;C:\Users\dell\.m2\repository\jakarta\activation\jakarta.activation-api\2.1.3\jakarta.activation-api-2.1.3.jar;C:\Users\dell\.m2\repository\org\springframework\spring-core\6.2.9\spring-core-6.2.9.jar;C:\Users\dell\.m2\repository\org\springframework\spring-jcl\6.2.9\spring-jcl-6.2.9.jar
Launcher Type: SUN_STANDARD

[Global flags]
     intx CICompilerCount                          = 4                                         {product} {ergonomic}
     uint ConcGCThreads                            = 2                                         {product} {ergonomic}
     uint G1ConcRefinementThreads                  = 8                                         {product} {ergonomic}
   size_t G1HeapRegionSize                         = 1048576                                   {product} {ergonomic}
    uintx GCDrainStackTargetSize                   = 64                                        {product} {ergonomic}
   size_t InitialHeapSize                          = 130023424                                 {product} {ergonomic}
     bool ManagementServer                         = true                                      {product} {command line}
   size_t MarkStackSize                            = 4194304                                   {product} {ergonomic}
   size_t MaxHeapSize                              = 2076180480                                {product} {ergonomic}
   size_t MaxNewSize                               = 1245708288                                {product} {ergonomic}
   size_t MinHeapDeltaBytes                        = 1048576                                   {product} {ergonomic}
   size_t MinHeapSize                              = 8388608                                   {product} {ergonomic}
    uintx NonNMethodCodeHeapSize                   = 4096                                   {pd product} {ergonomic}
    uintx NonProfiledCodeHeapSize                  = 0                                      {pd product} {ergonomic}
     bool ProfileInterpreter                       = false                                  {pd product} {command line}
    uintx ProfiledCodeHeapSize                     = 0                                      {pd product} {ergonomic}
     bool ShowCodeDetailsInExceptionMessages       = true                                   {manageable} {command line}
   size_t SoftMaxHeapSize                          = 2076180480                             {manageable} {ergonomic}
     intx TieredStopAtLevel                        = 1                                         {product} {command line}
     bool UseCompressedOops                        = true                           {product lp64_product} {ergonomic}
     bool UseG1GC                                  = true                                      {product} {ergonomic}
     bool UseLargePagesIndividualAllocation        = false                                  {pd product} {ergonomic}

Logging:
Log output configuration:
 #0: stdout all=warning uptime,level,tags foldmultilines=false
 #1: stderr all=off uptime,level,tags foldmultilines=false

Environment Variables:
PATH=C:\Users\dell\.p2\pool\plugins\org.eclipse.justj.openjdk.hotspot.jre.full.win32.x86_64_21.0.7.v20250502-0916\jre\bin;C:/Users/dell/.p2/pool/plugins/org.eclipse.justj.openjdk.hotspot.jre.full.win32.x86_64_21.0.7.v20250502-0916/jre/bin/server;C:/Users/dell/.p2/pool/plugins/org.eclipse.justj.openjdk.hotspot.jre.full.win32.x86_64_21.0.7.v20250502-0916/jre/bin;C:\Python313\Scripts\;C:\Python313\;C:\app\dell\product\11.2.0\dbhome_1\bin;C:\Program Files (x86)\Common Files\Oracle\Java\javapath;C:\Windows\system32;C:\Windows;C:\Windows\System32\Wbem;C:\Windows\System32\WindowsPowerShell\v1.0\;C:\Windows\System32\OpenSSH\;C:\Program Files\NVIDIA Corporation\NVIDIA NvDLISR;C:\WINDOWS\system32;C:\WINDOWS;C:\WINDOWS\System32\Wbem;C:\WINDOWS\System32\WindowsPowerShell\v1.0\;C:\WINDOWS\System32\OpenSSH\;C:\Program Files\dotnet\;C:\Program Files\Java\jdk1.8.0_202\bin;C:\Users\dell\Downloads\apache-maven-3.9.9-bin (1)\apache-maven-3.9.9\bin;C:\Program Files\Git\cmd;C:\ProgramData\chocolatey\bin;C:\Program Files\nodejs\;C:\Users\dell\AppData\Local\Programs\Python\Python311\Scripts\;C:\Users\dell\AppData\Local\Programs\Python\Python311\;C:\Users\dell\AppData\Local\Microsoft\WindowsApps;C:\Program Files\JetBrains\PyCharm Community Edition 2021.3\bin;;C:\Users\dell\AppData\Local\Programs\Microsoft VS Code\bin;C:\Users\dell\AppData\Roaming\npm;C:\WINDOWS\System32;
USERNAME=dell
OS=Windows_NT
PROCESSOR_IDENTIFIER=Intel64 Family 6 Model 140 Stepping 1, GenuineIntel
TMP=C:\Users\dell\AppData\Local\Temp
TEMP=C:\Users\dell\AppData\Local\Temp




Periodic native trim disabled

---------------  S Y S T E M  ---------------

OS:
 Windows 11 , 64 bit Build 26100 (10.0.26100.4484)
OS uptime: 1 days 23:46 hours
Hyper-V role detected

CPU: total 8 (initial active 8) (4 cores per cpu, 2 threads per core) family 6 model 140 stepping 1 microcode 0xb8, cx8, cmov, fxsr, ht, mmx, 3dnowpref, sse, sse2, sse3, ssse3, sse4.1, sse4.2, popcnt, lzcnt, tsc, tscinvbit, avx, avx2, aes, erms, clmul, bmi1, bmi2, adx, avx512f, avx512dq, avx512cd, avx512bw, avx512vl, sha, fma, vzeroupper, avx512_vpopcntdq, avx512_vpclmulqdq, avx512_vaes, avx512_vnni, clflush, clflushopt, clwb, avx512_vbmi2, avx512_vbmi, hv, rdtscp, rdpid, fsrm, gfni, avx512_bitalg, f16c, cet_ibt, cet_ss, avx512_ifma
Processor Information for the first 8 processors :
  Max Mhz: 1382, Current Mhz: 1382, Mhz Limit: 1382

Memory: 4k page, system-wide physical 7914M (714M free)
TotalPageFile size 25395M (AvailPageFile size 7619M)
current process WorkingSet (physical memory assigned to process): 237M, peak: 274M
current process commit charge ("private bytes"): 329M, peak: 329M

vm_info: OpenJDK 64-Bit Server VM (21.0.7+6-LTS) for windows-amd64 JRE (21.0.7+6-LTS), built on 2025-04-15T00:00:00Z by "admin" with MS VC++ 17.7 (VS2022)

END.
